[0.213s] DEBUG:colcon:Command line arguments: ['/usr/bin/colcon', 'build', '--packages-select', 'enigma_machine']
[0.213s] DEBUG:colcon:Parsed command line arguments: Namespace(log_base=None, log_level=None, verb_name='build', build_base='build', install_base='install', merge_install=False, symlink_install=False, test_result_base=None, continue_on_error=False, executor='parallel', parallel_workers=12, event_handlers=None, ignore_user_meta=False, metas=['./colcon.meta'], base_paths=['.'], packages_ignore=None, packages_ignore_regex=None, paths=None, packages_up_to=None, packages_up_to_regex=None, packages_above=None, packages_above_and_dependencies=None, packages_above_depth=None, packages_select_by_dep=None, packages_skip_by_dep=None, packages_skip_up_to=None, packages_select_build_failed=False, packages_skip_build_finished=False, packages_select_test_failures=False, packages_skip_test_passed=False, packages_select=['enigma_machine'], packages_skip=None, packages_select_regex=None, packages_skip_regex=None, packages_start=None, packages_end=None, allow_overriding=[], cmake_args=None, cmake_target=None, cmake_target_skip_unavailable=False, cmake_clean_cache=False, cmake_clean_first=False, cmake_force_configure=False, ament_cmake_args=None, catkin_cmake_args=None, catkin_skip_building_tests=False, mixin_files=None, mixin=None, verb_parser=<colcon_mixin.mixin.mixin_argument.MixinArgumentDecorator object at 0x7c19aa7a0d60>, verb_extension=<colcon_core.verb.build.BuildVerb object at 0x7c19aa7a06d0>, main=<bound method BuildVerb.main of <colcon_core.verb.build.BuildVerb object at 0x7c19aa7a06d0>>, mixin_verb=('build',))
[0.458s] Level 1:colcon.colcon_core.package_discovery:discover_packages(colcon_meta) check parameters
[0.458s] Level 1:colcon.colcon_core.package_discovery:discover_packages(recursive) check parameters
[0.459s] Level 1:colcon.colcon_core.package_discovery:discover_packages(ignore) check parameters
[0.459s] Level 1:colcon.colcon_core.package_discovery:discover_packages(path) check parameters
[0.459s] Level 1:colcon.colcon_core.package_discovery:discover_packages(colcon_meta) discover
[0.459s] Level 1:colcon.colcon_core.package_discovery:discover_packages(recursive) discover
[0.459s] INFO:colcon.colcon_core.package_discovery:Crawling recursively for packages in '/home/isaac/D.A.V.E./ros2_ws'
[0.459s] Level 1:colcon.colcon_core.package_identification:_identify(.) by extensions ['ignore', 'ignore_ament_install']
[0.459s] Level 1:colcon.colcon_core.package_identification:_identify(.) by extension 'ignore'
[0.459s] Level 1:colcon.colcon_core.package_identification:_identify(.) by extension 'ignore_ament_install'
[0.459s] Level 1:colcon.colcon_core.package_identification:_identify(.) by extensions ['colcon_pkg']
[0.459s] Level 1:colcon.colcon_core.package_identification:_identify(.) by extension 'colcon_pkg'
[0.459s] Level 1:colcon.colcon_core.package_identification:_identify(.) by extensions ['colcon_meta']
[0.459s] Level 1:colcon.colcon_core.package_identification:_identify(.) by extension 'colcon_meta'
[0.459s] Level 1:colcon.colcon_core.package_identification:_identify(.) by extensions ['ros']
[0.459s] Level 1:colcon.colcon_core.package_identification:_identify(.) by extension 'ros'
[0.469s] Level 1:colcon.colcon_core.package_identification:_identify(.) by extensions ['cmake', 'python']
[0.469s] Level 1:colcon.colcon_core.package_identification:_identify(.) by extension 'cmake'
[0.469s] Level 1:colcon.colcon_core.package_identification:_identify(.) by extension 'python'
[0.469s] Level 1:colcon.colcon_core.package_identification:_identify(.) by extensions ['python_setup_py']
[0.469s] Level 1:colcon.colcon_core.package_identification:_identify(.) by extension 'python_setup_py'
[0.470s] Level 1:colcon.colcon_core.package_identification:_identify(build) by extensions ['ignore', 'ignore_ament_install']
[0.470s] Level 1:colcon.colcon_core.package_identification:_identify(build) by extension 'ignore'
[0.470s] Level 1:colcon.colcon_core.package_identification:_identify(build) ignored
[0.470s] Level 1:colcon.colcon_core.package_identification:_identify(install) by extensions ['ignore', 'ignore_ament_install']
[0.470s] Level 1:colcon.colcon_core.package_identification:_identify(install) by extension 'ignore'
[0.470s] Level 1:colcon.colcon_core.package_identification:_identify(install) ignored
[0.470s] Level 1:colcon.colcon_core.package_identification:_identify(log) by extensions ['ignore', 'ignore_ament_install']
[0.470s] Level 1:colcon.colcon_core.package_identification:_identify(log) by extension 'ignore'
[0.470s] Level 1:colcon.colcon_core.package_identification:_identify(log) ignored
[0.470s] Level 1:colcon.colcon_core.package_identification:_identify(src) by extensions ['ignore', 'ignore_ament_install']
[0.470s] Level 1:colcon.colcon_core.package_identification:_identify(src) by extension 'ignore'
[0.470s] Level 1:colcon.colcon_core.package_identification:_identify(src) by extension 'ignore_ament_install'
[0.470s] Level 1:colcon.colcon_core.package_identification:_identify(src) by extensions ['colcon_pkg']
[0.470s] Level 1:colcon.colcon_core.package_identification:_identify(src) by extension 'colcon_pkg'
[0.471s] Level 1:colcon.colcon_core.package_identification:_identify(src) by extensions ['colcon_meta']
[0.471s] Level 1:colcon.colcon_core.package_identification:_identify(src) by extension 'colcon_meta'
[0.471s] Level 1:colcon.colcon_core.package_identification:_identify(src) by extensions ['ros']
[0.471s] Level 1:colcon.colcon_core.package_identification:_identify(src) by extension 'ros'
[0.471s] Level 1:colcon.colcon_core.package_identification:_identify(src) by extensions ['cmake', 'python']
[0.471s] Level 1:colcon.colcon_core.package_identification:_identify(src) by extension 'cmake'
[0.471s] Level 1:colcon.colcon_core.package_identification:_identify(src) by extension 'python'
[0.471s] Level 1:colcon.colcon_core.package_identification:_identify(src) by extensions ['python_setup_py']
[0.471s] Level 1:colcon.colcon_core.package_identification:_identify(src) by extension 'python_setup_py'
[0.471s] Level 1:colcon.colcon_core.package_identification:_identify(src/drive_package) by extensions ['ignore', 'ignore_ament_install']
[0.471s] Level 1:colcon.colcon_core.package_identification:_identify(src/drive_package) by extension 'ignore'
[0.471s] Level 1:colcon.colcon_core.package_identification:_identify(src/drive_package) by extension 'ignore_ament_install'
[0.471s] Level 1:colcon.colcon_core.package_identification:_identify(src/drive_package) by extensions ['colcon_pkg']
[0.471s] Level 1:colcon.colcon_core.package_identification:_identify(src/drive_package) by extension 'colcon_pkg'
[0.471s] Level 1:colcon.colcon_core.package_identification:_identify(src/drive_package) by extensions ['colcon_meta']
[0.471s] Level 1:colcon.colcon_core.package_identification:_identify(src/drive_package) by extension 'colcon_meta'
[0.471s] Level 1:colcon.colcon_core.package_identification:_identify(src/drive_package) by extensions ['ros']
[0.471s] Level 1:colcon.colcon_core.package_identification:_identify(src/drive_package) by extension 'ros'
[0.474s] DEBUG:colcon.colcon_core.package_identification:Package 'src/drive_package' with type 'ros.ament_cmake' and name 'drive_package'
[0.474s] Level 1:colcon.colcon_core.package_identification:_identify(src/enigma_machine) by extensions ['ignore', 'ignore_ament_install']
[0.474s] Level 1:colcon.colcon_core.package_identification:_identify(src/enigma_machine) by extension 'ignore'
[0.474s] Level 1:colcon.colcon_core.package_identification:_identify(src/enigma_machine) by extension 'ignore_ament_install'
[0.474s] Level 1:colcon.colcon_core.package_identification:_identify(src/enigma_machine) by extensions ['colcon_pkg']
[0.474s] Level 1:colcon.colcon_core.package_identification:_identify(src/enigma_machine) by extension 'colcon_pkg'
[0.474s] Level 1:colcon.colcon_core.package_identification:_identify(src/enigma_machine) by extensions ['colcon_meta']
[0.474s] Level 1:colcon.colcon_core.package_identification:_identify(src/enigma_machine) by extension 'colcon_meta'
[0.474s] Level 1:colcon.colcon_core.package_identification:_identify(src/enigma_machine) by extensions ['ros']
[0.474s] Level 1:colcon.colcon_core.package_identification:_identify(src/enigma_machine) by extension 'ros'
[0.475s] DEBUG:colcon.colcon_core.package_identification:Package 'src/enigma_machine' with type 'ros.ament_cmake' and name 'enigma_machine'
[0.475s] Level 1:colcon.colcon_core.package_discovery:discover_packages(recursive) using defaults
[0.475s] Level 1:colcon.colcon_core.package_discovery:discover_packages(ignore) discover
[0.475s] Level 1:colcon.colcon_core.package_discovery:discover_packages(ignore) using defaults
[0.475s] Level 1:colcon.colcon_core.package_discovery:discover_packages(path) discover
[0.475s] Level 1:colcon.colcon_core.package_discovery:discover_packages(path) using defaults
[0.514s] INFO:colcon.colcon_core.package_selection:Skipping not selected package 'drive_package' in 'src/drive_package'
[0.514s] Level 1:colcon.colcon_core.package_discovery:discover_packages(prefix_path) check parameters
[0.514s] Level 1:colcon.colcon_core.package_discovery:discover_packages(prefix_path) discover
[0.527s] DEBUG:colcon.colcon_installed_package_information.package_discovery:Found 0 installed packages in /home/isaac/D.A.V.E./ros2_ws/install
[0.534s] DEBUG:colcon.colcon_installed_package_information.package_discovery:Found 348 installed packages in /home/isaac/ros2_humble/install
[0.536s] Level 1:colcon.colcon_core.package_discovery:discover_packages(prefix_path) using defaults
[0.861s] Level 5:colcon.colcon_core.verb:set package 'enigma_machine' build argument 'cmake_args' from command line to 'None'
[0.861s] Level 5:colcon.colcon_core.verb:set package 'enigma_machine' build argument 'cmake_target' from command line to 'None'
[0.861s] Level 5:colcon.colcon_core.verb:set package 'enigma_machine' build argument 'cmake_target_skip_unavailable' from command line to 'False'
[0.861s] Level 5:colcon.colcon_core.verb:set package 'enigma_machine' build argument 'cmake_clean_cache' from command line to 'False'
[0.861s] Level 5:colcon.colcon_core.verb:set package 'enigma_machine' build argument 'cmake_clean_first' from command line to 'False'
[0.861s] Level 5:colcon.colcon_core.verb:set package 'enigma_machine' build argument 'cmake_force_configure' from command line to 'False'
[0.861s] Level 5:colcon.colcon_core.verb:set package 'enigma_machine' build argument 'ament_cmake_args' from command line to 'None'
[0.861s] Level 5:colcon.colcon_core.verb:set package 'enigma_machine' build argument 'catkin_cmake_args' from command line to 'None'
[0.861s] Level 5:colcon.colcon_core.verb:set package 'enigma_machine' build argument 'catkin_skip_building_tests' from command line to 'False'
[0.861s] DEBUG:colcon.colcon_core.verb:Building package 'enigma_machine' with the following arguments: {'ament_cmake_args': None, 'build_base': '/home/isaac/D.A.V.E./ros2_ws/build/enigma_machine', 'catkin_cmake_args': None, 'catkin_skip_building_tests': False, 'cmake_args': None, 'cmake_clean_cache': False, 'cmake_clean_first': False, 'cmake_force_configure': False, 'cmake_target': None, 'cmake_target_skip_unavailable': False, 'install_base': '/home/isaac/D.A.V.E./ros2_ws/install/enigma_machine', 'merge_install': False, 'path': '/home/isaac/D.A.V.E./ros2_ws/src/enigma_machine', 'symlink_install': False, 'test_result_base': None}
[0.861s] INFO:colcon.colcon_core.executor:Executing jobs using 'parallel' executor
[0.862s] DEBUG:colcon.colcon_parallel_executor.executor.parallel:run_until_complete
[0.863s] INFO:colcon.colcon_ros.task.ament_cmake.build:Building ROS package in '/home/isaac/D.A.V.E./ros2_ws/src/enigma_machine' with build type 'ament_cmake'
[0.863s] INFO:colcon.colcon_cmake.task.cmake.build:Building CMake package in '/home/isaac/D.A.V.E./ros2_ws/src/enigma_machine'
[0.869s] INFO:colcon.colcon_core.plugin_system:Skipping extension 'colcon_core.shell.bat': Not used on non-Windows systems
[0.869s] INFO:colcon.colcon_core.shell:Skip shell extension 'powershell' for command environment: Not usable outside of PowerShell
[0.869s] DEBUG:colcon.colcon_core.shell:Skip shell extension 'dsv' for command environment
[0.895s] DEBUG:colcon.colcon_core.event_handler.log_command:Invoking command in '/home/isaac/D.A.V.E./ros2_ws/build/enigma_machine': CMAKE_PREFIX_PATH=${CMAKE_PREFIX_PATH}:/home/isaac/ros2_humble/install/rqt_bag_plugins:/home/isaac/ros2_humble/install/rqt_bag:/home/isaac/ros2_humble/install/launch_testing_examples:/home/isaac/ros2_humble/install/ros2bag:/home/isaac/ros2_humble/install/tracetools_test:/home/isaac/ros2_humble/install/tracetools_launch:/home/isaac/ros2_humble/install/topic_monitor:/home/isaac/ros2_humble/install/tf2_tools:/home/isaac/ros2_humble/install/examples_tf2_py:/home/isaac/ros2_humble/install/tf2_ros_py:/home/isaac/ros2_humble/install/sros2:/home/isaac/ros2_humble/install/rqt_topic:/home/isaac/ros2_humble/install/rqt_srv:/home/isaac/ros2_humble/install/rqt_shell:/home/isaac/ros2_humble/install/rqt_service_caller:/home/isaac/ros2_humble/install/rqt_reconfigure:/home/isaac/ros2_humble/install/rqt_py_console:/home/isaac/ros2_humble/install/rqt_publisher:/home/isaac/ros2_humble/install/rqt_plot:/home/isaac/ros2_humble/install/rqt_action:/home/isaac/ros2_humble/install/rqt_msg:/home/isaac/ros2_humble/install/rqt_console:/home/isaac/ros2_humble/install/rqt:/home/isaac/ros2_humble/install/rqt_graph:/home/isaac/ros2_humble/install/rqt_gui_py:/home/isaac/ros2_humble/install/rqt_gui:/home/isaac/ros2_humble/install/ros2trace:/home/isaac/ros2_humble/install/ros2topic:/home/isaac/ros2_humble/install/ros2test:/home/isaac/ros2_humble/install/ros2component:/home/isaac/ros2_humble/install/ros2param:/home/isaac/ros2_humble/install/ros2lifecycle:/home/isaac/ros2_humble/install/ros2service:/home/isaac/ros2_humble/install/ros2run:/home/isaac/ros2_humble/install/ros2plugin:/home/isaac/ros2_humble/install/ros2launch:/home/isaac/ros2_humble/install/ros2pkg:/home/isaac/ros2_humble/install/ros2node:/home/isaac/ros2_humble/install/ros2multicast:/home/isaac/ros2_humble/install/ros2interface:/home/isaac/ros2_humble/install/ros2doctor:/home/isaac/ros2_humble/install/ros2action:/home/isaac/ros2_humble/install/ros2cli:/home/isaac/ros2_humble/install/quality_of_service_demo_py:/home/isaac/ros2_humble/install/lifecycle_py:/home/isaac/ros2_humble/install/launch_testing_ros:/home/isaac/ros2_humble/install/launch_ros:/home/isaac/ros2_humble/install/examples_rclpy_pointcloud_publisher:/home/isaac/ros2_humble/install/examples_rclpy_minimal_subscriber:/home/isaac/ros2_humble/install/examples_rclpy_minimal_service:/home/isaac/ros2_humble/install/examples_rclpy_minimal_publisher:/home/isaac/ros2_humble/install/examples_rclpy_minimal_client:/home/isaac/ros2_humble/install/examples_rclpy_minimal_action_server:/home/isaac/ros2_humble/install/examples_rclpy_minimal_action_client:/home/isaac/ros2_humble/install/examples_rclpy_guard_conditions:/home/isaac/ros2_humble/install/examples_rclpy_executors:/home/isaac/ros2_humble/install/demo_nodes_py:/home/isaac/ros2_humble/install/camera_info_manager_py:/home/isaac/ros2_humble/install/action_tutorials_py:/home/isaac/ros2_humble/install/ament_uncrustify:/home/isaac/ros2_humble/install/tracetools_trace:/home/isaac/ros2_humble/install/tracetools_read:/home/isaac/ros2_humble/install/test_tracetools_launch:/home/isaac/ros2_humble/install/test_launch_ros:/home/isaac/ros2_humble/install/sensor_msgs_py:/home/isaac/ros2_humble/install/rpyutils:/home/isaac/ros2_humble/install/rosidl_runtime_py:/home/isaac/ros2_humble/install/rosidl_cli:/home/isaac/ros2_humble/install/launch_pytest:/home/isaac/ros2_humble/install/launch_testing:/home/isaac/ros2_humble/install/launch_yaml:/home/isaac/ros2_humble/install/launch_xml:/home/isaac/ros2_humble/install/launch:/home/isaac/ros2_humble/install/osrf_pycommon:/home/isaac/ros2_humble/install/domain_coordinator:/home/isaac/ros2_humble/install/ament_xmllint:/home/isaac/ros2_humble/install/ament_pyflakes:/home/isaac/ros2_humble/install/ament_pycodestyle:/home/isaac/ros2_humble/install/ament_pep257:/home/isaac/ros2_humble/install/ament_pclint:/home/isaac/ros2_humble/install/ament_package:/home/isaac/ros2_humble/install/ament_mypy:/home/isaac/ros2_humble/install/ament_lint_cmake:/home/isaac/ros2_humble/install/ament_flake8:/home/isaac/ros2_humble/install/ament_copyright:/home/isaac/ros2_humble/install/ament_lint:/home/isaac/ros2_humble/install/ament_index_python:/home/isaac/ros2_humble/install/ament_cpplint:/home/isaac/ros2_humble/install/ament_cppcheck:/home/isaac/ros2_humble/install/ament_clang_tidy:/home/isaac/ros2_humble/install/ament_clang_format /usr/bin/cmake /home/isaac/D.A.V.E./ros2_ws/src/enigma_machine -DCMAKE_INSTALL_PREFIX=/home/isaac/D.A.V.E./ros2_ws/install/enigma_machine
[3.520s] DEBUG:colcon.colcon_core.event_handler.log_command:Invoked command in '/home/isaac/D.A.V.E./ros2_ws/build/enigma_machine' returned '1': CMAKE_PREFIX_PATH=${CMAKE_PREFIX_PATH}:/home/isaac/ros2_humble/install/rqt_bag_plugins:/home/isaac/ros2_humble/install/rqt_bag:/home/isaac/ros2_humble/install/launch_testing_examples:/home/isaac/ros2_humble/install/ros2bag:/home/isaac/ros2_humble/install/tracetools_test:/home/isaac/ros2_humble/install/tracetools_launch:/home/isaac/ros2_humble/install/topic_monitor:/home/isaac/ros2_humble/install/tf2_tools:/home/isaac/ros2_humble/install/examples_tf2_py:/home/isaac/ros2_humble/install/tf2_ros_py:/home/isaac/ros2_humble/install/sros2:/home/isaac/ros2_humble/install/rqt_topic:/home/isaac/ros2_humble/install/rqt_srv:/home/isaac/ros2_humble/install/rqt_shell:/home/isaac/ros2_humble/install/rqt_service_caller:/home/isaac/ros2_humble/install/rqt_reconfigure:/home/isaac/ros2_humble/install/rqt_py_console:/home/isaac/ros2_humble/install/rqt_publisher:/home/isaac/ros2_humble/install/rqt_plot:/home/isaac/ros2_humble/install/rqt_action:/home/isaac/ros2_humble/install/rqt_msg:/home/isaac/ros2_humble/install/rqt_console:/home/isaac/ros2_humble/install/rqt:/home/isaac/ros2_humble/install/rqt_graph:/home/isaac/ros2_humble/install/rqt_gui_py:/home/isaac/ros2_humble/install/rqt_gui:/home/isaac/ros2_humble/install/ros2trace:/home/isaac/ros2_humble/install/ros2topic:/home/isaac/ros2_humble/install/ros2test:/home/isaac/ros2_humble/install/ros2component:/home/isaac/ros2_humble/install/ros2param:/home/isaac/ros2_humble/install/ros2lifecycle:/home/isaac/ros2_humble/install/ros2service:/home/isaac/ros2_humble/install/ros2run:/home/isaac/ros2_humble/install/ros2plugin:/home/isaac/ros2_humble/install/ros2launch:/home/isaac/ros2_humble/install/ros2pkg:/home/isaac/ros2_humble/install/ros2node:/home/isaac/ros2_humble/install/ros2multicast:/home/isaac/ros2_humble/install/ros2interface:/home/isaac/ros2_humble/install/ros2doctor:/home/isaac/ros2_humble/install/ros2action:/home/isaac/ros2_humble/install/ros2cli:/home/isaac/ros2_humble/install/quality_of_service_demo_py:/home/isaac/ros2_humble/install/lifecycle_py:/home/isaac/ros2_humble/install/launch_testing_ros:/home/isaac/ros2_humble/install/launch_ros:/home/isaac/ros2_humble/install/examples_rclpy_pointcloud_publisher:/home/isaac/ros2_humble/install/examples_rclpy_minimal_subscriber:/home/isaac/ros2_humble/install/examples_rclpy_minimal_service:/home/isaac/ros2_humble/install/examples_rclpy_minimal_publisher:/home/isaac/ros2_humble/install/examples_rclpy_minimal_client:/home/isaac/ros2_humble/install/examples_rclpy_minimal_action_server:/home/isaac/ros2_humble/install/examples_rclpy_minimal_action_client:/home/isaac/ros2_humble/install/examples_rclpy_guard_conditions:/home/isaac/ros2_humble/install/examples_rclpy_executors:/home/isaac/ros2_humble/install/demo_nodes_py:/home/isaac/ros2_humble/install/camera_info_manager_py:/home/isaac/ros2_humble/install/action_tutorials_py:/home/isaac/ros2_humble/install/ament_uncrustify:/home/isaac/ros2_humble/install/tracetools_trace:/home/isaac/ros2_humble/install/tracetools_read:/home/isaac/ros2_humble/install/test_tracetools_launch:/home/isaac/ros2_humble/install/test_launch_ros:/home/isaac/ros2_humble/install/sensor_msgs_py:/home/isaac/ros2_humble/install/rpyutils:/home/isaac/ros2_humble/install/rosidl_runtime_py:/home/isaac/ros2_humble/install/rosidl_cli:/home/isaac/ros2_humble/install/launch_pytest:/home/isaac/ros2_humble/install/launch_testing:/home/isaac/ros2_humble/install/launch_yaml:/home/isaac/ros2_humble/install/launch_xml:/home/isaac/ros2_humble/install/launch:/home/isaac/ros2_humble/install/osrf_pycommon:/home/isaac/ros2_humble/install/domain_coordinator:/home/isaac/ros2_humble/install/ament_xmllint:/home/isaac/ros2_humble/install/ament_pyflakes:/home/isaac/ros2_humble/install/ament_pycodestyle:/home/isaac/ros2_humble/install/ament_pep257:/home/isaac/ros2_humble/install/ament_pclint:/home/isaac/ros2_humble/install/ament_package:/home/isaac/ros2_humble/install/ament_mypy:/home/isaac/ros2_humble/install/ament_lint_cmake:/home/isaac/ros2_humble/install/ament_flake8:/home/isaac/ros2_humble/install/ament_copyright:/home/isaac/ros2_humble/install/ament_lint:/home/isaac/ros2_humble/install/ament_index_python:/home/isaac/ros2_humble/install/ament_cpplint:/home/isaac/ros2_humble/install/ament_cppcheck:/home/isaac/ros2_humble/install/ament_clang_tidy:/home/isaac/ros2_humble/install/ament_clang_format /usr/bin/cmake /home/isaac/D.A.V.E./ros2_ws/src/enigma_machine -DCMAKE_INSTALL_PREFIX=/home/isaac/D.A.V.E./ros2_ws/install/enigma_machine
[3.537s] Level 1:colcon.colcon_core.environment:create_environment_scripts_only(enigma_machine)
[3.544s] Level 1:colcon.colcon_core.environment:checking '/home/isaac/D.A.V.E./ros2_ws/install/enigma_machine' for CMake module files
[3.544s] Level 1:colcon.colcon_core.environment:checking '/home/isaac/D.A.V.E./ros2_ws/install/enigma_machine' for CMake config files
[3.544s] Level 1:colcon.colcon_core.environment:checking '/home/isaac/D.A.V.E./ros2_ws/install/enigma_machine/bin'
[3.544s] Level 1:colcon.colcon_core.environment:checking '/home/isaac/D.A.V.E./ros2_ws/install/enigma_machine/lib/pkgconfig/enigma_machine.pc'
[3.547s] Level 1:colcon.colcon_core.environment:checking '/home/isaac/D.A.V.E./ros2_ws/install/enigma_machine/lib/python3.10/site-packages'
[3.547s] Level 1:colcon.colcon_core.environment:checking '/home/isaac/D.A.V.E./ros2_ws/install/enigma_machine/bin'
[3.547s] INFO:colcon.colcon_core.shell:Creating package script '/home/isaac/D.A.V.E./ros2_ws/install/enigma_machine/share/enigma_machine/package.ps1'
[3.548s] INFO:colcon.colcon_core.shell:Creating package descriptor '/home/isaac/D.A.V.E./ros2_ws/install/enigma_machine/share/enigma_machine/package.dsv'
[3.548s] INFO:colcon.colcon_core.shell:Creating package script '/home/isaac/D.A.V.E./ros2_ws/install/enigma_machine/share/enigma_machine/package.sh'
[3.549s] INFO:colcon.colcon_core.shell:Creating package script '/home/isaac/D.A.V.E./ros2_ws/install/enigma_machine/share/enigma_machine/package.bash'
[3.550s] INFO:colcon.colcon_core.shell:Creating package script '/home/isaac/D.A.V.E./ros2_ws/install/enigma_machine/share/enigma_machine/package.zsh'
[3.550s] Level 1:colcon.colcon_core.environment:create_file_with_runtime_dependencies(/home/isaac/D.A.V.E./ros2_ws/install/enigma_machine/share/colcon-core/packages/enigma_machine)
[3.561s] DEBUG:colcon.colcon_parallel_executor.executor.parallel:closing loop
[3.561s] DEBUG:colcon.colcon_parallel_executor.executor.parallel:loop closed
[3.561s] DEBUG:colcon.colcon_parallel_executor.executor.parallel:run_until_complete finished with '1'
[3.561s] DEBUG:colcon.colcon_core.event_reactor:joining thread
[3.571s] INFO:colcon.colcon_core.plugin_system:Skipping extension 'colcon_notification.desktop_notification.terminal_notifier': Not used on non-Darwin systems
[3.571s] INFO:colcon.colcon_core.plugin_system:Skipping extension 'colcon_notification.desktop_notification.win32': Not used on non-Windows systems
[3.571s] INFO:colcon.colcon_notification.desktop_notification:Sending desktop notification using 'notify2'
[3.583s] DEBUG:colcon.colcon_core.event_reactor:joined thread
[3.583s] INFO:colcon.colcon_core.shell:Creating prefix script '/home/isaac/D.A.V.E./ros2_ws/install/local_setup.ps1'
[3.584s] INFO:colcon.colcon_core.shell:Creating prefix util module '/home/isaac/D.A.V.E./ros2_ws/install/_local_setup_util_ps1.py'
[3.585s] INFO:colcon.colcon_core.shell:Creating prefix chain script '/home/isaac/D.A.V.E./ros2_ws/install/setup.ps1'
[3.595s] INFO:colcon.colcon_core.shell:Creating prefix script '/home/isaac/D.A.V.E./ros2_ws/install/local_setup.sh'
[3.596s] INFO:colcon.colcon_core.shell:Creating prefix util module '/home/isaac/D.A.V.E./ros2_ws/install/_local_setup_util_sh.py'
[3.596s] INFO:colcon.colcon_core.shell:Creating prefix chain script '/home/isaac/D.A.V.E./ros2_ws/install/setup.sh'
[3.606s] INFO:colcon.colcon_core.shell:Creating prefix script '/home/isaac/D.A.V.E./ros2_ws/install/local_setup.bash'
[3.607s] INFO:colcon.colcon_core.shell:Creating prefix chain script '/home/isaac/D.A.V.E./ros2_ws/install/setup.bash'
[3.616s] INFO:colcon.colcon_core.shell:Creating prefix script '/home/isaac/D.A.V.E./ros2_ws/install/local_setup.zsh'
[3.617s] INFO:colcon.colcon_core.shell:Creating prefix chain script '/home/isaac/D.A.V.E./ros2_ws/install/setup.zsh'
