[0.009s] Invoking command in '/home/isaac/Documents/D.A.V.E./ros2_ws/build/navigation_interfaces': CMAKE_PREFIX_PATH=${CMAKE_PREFIX_PATH}:/opt/ros/humble /usr/bin/cmake /home/isaac/Documents/D.A.V.E./ros2_ws/src/navigation_interfaces -DCMAKE_INSTALL_PREFIX=/home/isaac/Documents/D.A.V.E./ros2_ws/install/navigation_interfaces
[0.061s] -- The C compiler identification is GNU 11.4.0
[0.118s] -- The CXX compiler identification is GNU 11.4.0
[0.127s] -- Detecting C compiler ABI info
[0.203s] -- Detecting C compiler ABI info - done
[0.209s] -- Check for working C compiler: /usr/bin/cc - skipped
[0.209s] -- Detecting C compile features
[0.209s] -- Detecting C compile features - done
[0.211s] -- Detecting CXX compiler ABI info
[0.290s] -- Detecting CXX compiler ABI info - done
[0.295s] -- Check for working CXX compiler: /usr/bin/c++ - skipped
[0.295s] -- Detecting CXX compile features
[0.296s] -- Detecting CXX compile features - done
[0.298s] -- Found ament_cmake: 1.3.13 (/opt/ros/humble/share/ament_cmake/cmake)
[0.422s] -- Found Python3: /usr/bin/python3 (found version "3.10.12") found components: Interpreter 
[0.499s] -- Found rosidl_default_generators: 1.2.0 (/opt/ros/humble/share/rosidl_default_generators/cmake)
[0.501s] -- Using all available rosidl_typesupport_c: rosidl_typesupport_fastrtps_c;rosidl_typesupport_introspection_c
[0.506s] -- Found rosidl_adapter: 3.1.8 (/opt/ros/humble/share/rosidl_adapter/cmake)
[0.536s] -- Using all available rosidl_typesupport_cpp: rosidl_typesupport_fastrtps_cpp;rosidl_typesupport_introspection_cpp
[0.764s] -- Found ament_cmake_ros: 0.10.0 (/opt/ros/humble/share/ament_cmake_ros/cmake)
[0.901s] -- Using all available rosidl_typesupport_c: rosidl_typesupport_fastrtps_c;rosidl_typesupport_introspection_c
[1.100s] -- Using all available rosidl_typesupport_cpp: rosidl_typesupport_fastrtps_cpp;rosidl_typesupport_introspection_cpp
[1.120s] -- Found PythonInterp: /usr/bin/python3 (found suitable version "3.10.12", minimum required is "3.6") 
[1.121s] -- Found python_cmake_module: 0.10.0 (/opt/ros/humble/share/python_cmake_module/cmake)
[1.145s] -- Found PythonLibs: /usr/lib/x86_64-linux-gnu/libpython3.10.so (found suitable version "3.10.12", minimum required is "3.5") 
[1.145s] -- Using PYTHON_EXECUTABLE: /usr/bin/python3
[1.145s] -- Using PYTHON_INCLUDE_DIRS: /usr/include/python3.10
[1.145s] -- Using PYTHON_LIBRARIES: /usr/lib/x86_64-linux-gnu/libpython3.10.so
[1.161s] -- Found PythonExtra: .so  
[1.191s] -- Configuring done
[1.222s] -- Generating done
[1.231s] -- Build files have been written to: /home/isaac/Documents/D.A.V.E./ros2_ws/build/navigation_interfaces
[1.243s] Invoked command in '/home/isaac/Documents/D.A.V.E./ros2_ws/build/navigation_interfaces' returned '0': CMAKE_PREFIX_PATH=${CMAKE_PREFIX_PATH}:/opt/ros/humble /usr/bin/cmake /home/isaac/Documents/D.A.V.E./ros2_ws/src/navigation_interfaces -DCMAKE_INSTALL_PREFIX=/home/isaac/Documents/D.A.V.E./ros2_ws/install/navigation_interfaces
[1.245s] Invoking command in '/home/isaac/Documents/D.A.V.E./ros2_ws/build/navigation_interfaces': CMAKE_PREFIX_PATH=${CMAKE_PREFIX_PATH}:/opt/ros/humble /usr/bin/cmake --build /home/isaac/Documents/D.A.V.E./ros2_ws/build/navigation_interfaces -- -j16 -l16
[1.290s] [  2%] [34m[1mGenerating C code for ROS interfaces[0m
[1.300s] [  4%] [34m[1mGenerating C++ code for ROS interfaces[0m
[1.309s] [  4%] Built target ament_cmake_python_copy_navigation_interfaces
[1.492s] running egg_info
[1.492s] creating navigation_interfaces.egg-info
[1.492s] writing navigation_interfaces.egg-info/PKG-INFO
[1.492s] writing dependency_links to navigation_interfaces.egg-info/dependency_links.txt
[1.493s] writing top-level names to navigation_interfaces.egg-info/top_level.txt
[1.493s] writing manifest file 'navigation_interfaces.egg-info/SOURCES.txt'
[1.494s] reading manifest file 'navigation_interfaces.egg-info/SOURCES.txt'
[1.494s] writing manifest file 'navigation_interfaces.egg-info/SOURCES.txt'
[1.531s] [  4%] Built target ament_cmake_python_build_navigation_interfaces_egg
[1.553s] [  4%] Built target navigation_interfaces__cpp
[1.564s] [ 10%] [34m[1mGenerating C++ type support dispatch for ROS interfaces[0m
[1.564s] [ 10%] [34m[1mGenerating C++ introspection for ROS interfaces[0m
[1.564s] [ 10%] [34m[1mGenerating C++ type support for eProsima Fast-RTPS[0m
[1.575s] [ 12%] [32mBuilding C object CMakeFiles/navigation_interfaces__rosidl_generator_c.dir/rosidl_generator_c/navigation_interfaces/msg/detail/position__functions.c.o[0m
[1.576s] [ 17%] [32mBuilding C object CMakeFiles/navigation_interfaces__rosidl_generator_c.dir/rosidl_generator_c/navigation_interfaces/srv/detail/get_set_nav__functions.c.o[0m
[1.576s] [ 17%] [32mBuilding C object CMakeFiles/navigation_interfaces__rosidl_generator_c.dir/rosidl_generator_c/navigation_interfaces/msg/detail/bearing__functions.c.o[0m
[1.626s] [ 19%] [32m[1mLinking C shared library libnavigation_interfaces__rosidl_generator_c.so[0m
[1.663s] [ 19%] Built target navigation_interfaces__rosidl_generator_c
[1.673s] [ 25%] [34m[1mGenerating C type support dispatch for ROS interfaces[0m
[1.673s] [ 25%] [34m[1mGenerating C introspection for ROS interfaces[0m
[1.673s] [ 25%] [34m[1mGenerating C type support for eProsima Fast-RTPS[0m
[1.773s] [ 31%] [32mBuilding CXX object CMakeFiles/navigation_interfaces__rosidl_typesupport_cpp.dir/rosidl_typesupport_cpp/navigation_interfaces/srv/get_set_nav__type_support.cpp.o[0m
[1.773s] [ 31%] [32mBuilding CXX object CMakeFiles/navigation_interfaces__rosidl_typesupport_cpp.dir/rosidl_typesupport_cpp/navigation_interfaces/msg/bearing__type_support.cpp.o[0m
[1.773s] [ 31%] [32mBuilding CXX object CMakeFiles/navigation_interfaces__rosidl_typesupport_cpp.dir/rosidl_typesupport_cpp/navigation_interfaces/msg/position__type_support.cpp.o[0m
[1.803s] [ 38%] [32mBuilding CXX object CMakeFiles/navigation_interfaces__rosidl_typesupport_introspection_cpp.dir/rosidl_typesupport_introspection_cpp/navigation_interfaces/srv/detail/get_set_nav__type_support.cpp.o[0m
[1.804s] [ 38%] [32mBuilding CXX object CMakeFiles/navigation_interfaces__rosidl_typesupport_introspection_cpp.dir/rosidl_typesupport_introspection_cpp/navigation_interfaces/msg/detail/bearing__type_support.cpp.o[0m
[1.804s] [ 38%] [32mBuilding CXX object CMakeFiles/navigation_interfaces__rosidl_typesupport_introspection_cpp.dir/rosidl_typesupport_introspection_cpp/navigation_interfaces/msg/detail/position__type_support.cpp.o[0m
[1.849s] [ 40%] [32mBuilding CXX object CMakeFiles/navigation_interfaces__rosidl_typesupport_fastrtps_cpp.dir/rosidl_typesupport_fastrtps_cpp/navigation_interfaces/msg/detail/dds_fastrtps/bearing__type_support.cpp.o[0m
[1.849s] [ 42%] [32mBuilding CXX object CMakeFiles/navigation_interfaces__rosidl_typesupport_fastrtps_cpp.dir/rosidl_typesupport_fastrtps_cpp/navigation_interfaces/msg/detail/dds_fastrtps/position__type_support.cpp.o[0m
[1.851s] [ 44%] [32mBuilding CXX object CMakeFiles/navigation_interfaces__rosidl_typesupport_fastrtps_cpp.dir/rosidl_typesupport_fastrtps_cpp/navigation_interfaces/srv/detail/dds_fastrtps/get_set_nav__type_support.cpp.o[0m
[1.972s] [ 46%] [32mBuilding CXX object CMakeFiles/navigation_interfaces__rosidl_typesupport_c.dir/rosidl_typesupport_c/navigation_interfaces/msg/bearing__type_support.cpp.o[0m
[1.976s] [ 48%] [32mBuilding CXX object CMakeFiles/navigation_interfaces__rosidl_typesupport_c.dir/rosidl_typesupport_c/navigation_interfaces/msg/position__type_support.cpp.o[0m
[1.982s] [ 51%] [32mBuilding CXX object CMakeFiles/navigation_interfaces__rosidl_typesupport_c.dir/rosidl_typesupport_c/navigation_interfaces/srv/get_set_nav__type_support.cpp.o[0m
[2.035s] [ 53%] [32m[1mLinking CXX shared library libnavigation_interfaces__rosidl_typesupport_c.so[0m
[2.063s] [ 57%] [32mBuilding C object CMakeFiles/navigation_interfaces__rosidl_typesupport_introspection_c.dir/rosidl_typesupport_introspection_c/navigation_interfaces/msg/detail/position__type_support.c.o[0m
[2.063s] [ 57%] [32mBuilding C object CMakeFiles/navigation_interfaces__rosidl_typesupport_introspection_c.dir/rosidl_typesupport_introspection_c/navigation_interfaces/srv/detail/get_set_nav__type_support.c.o[0m
[2.063s] [ 59%] [32mBuilding C object CMakeFiles/navigation_interfaces__rosidl_typesupport_introspection_c.dir/rosidl_typesupport_introspection_c/navigation_interfaces/msg/detail/bearing__type_support.c.o[0m
[2.083s] [ 63%] [32mBuilding CXX object CMakeFiles/navigation_interfaces__rosidl_typesupport_fastrtps_c.dir/rosidl_typesupport_fastrtps_c/navigation_interfaces/msg/detail/position__type_support_c.cpp.o[0m
[2.083s] [ 63%] [32mBuilding CXX object CMakeFiles/navigation_interfaces__rosidl_typesupport_fastrtps_c.dir/rosidl_typesupport_fastrtps_c/navigation_interfaces/msg/detail/bearing__type_support_c.cpp.o[0m
[2.084s] [ 65%] [32mBuilding CXX object CMakeFiles/navigation_interfaces__rosidl_typesupport_fastrtps_c.dir/rosidl_typesupport_fastrtps_c/navigation_interfaces/srv/detail/get_set_nav__type_support_c.cpp.o[0m
[2.106s] [ 65%] Built target navigation_interfaces__rosidl_typesupport_c
[2.128s] [ 68%] [32m[1mLinking C shared library libnavigation_interfaces__rosidl_typesupport_introspection_c.so[0m
[2.179s] [ 68%] Built target navigation_interfaces__rosidl_typesupport_introspection_c
[2.200s] [ 70%] [32m[1mLinking CXX shared library libnavigation_interfaces__rosidl_typesupport_cpp.so[0m
[2.253s] [ 70%] Built target navigation_interfaces__rosidl_typesupport_cpp
[2.332s] [ 72%] [32m[1mLinking CXX shared library libnavigation_interfaces__rosidl_typesupport_introspection_cpp.so[0m
[2.368s] [ 74%] [32m[1mLinking CXX shared library libnavigation_interfaces__rosidl_typesupport_fastrtps_cpp.so[0m
[2.398s] [ 74%] Built target navigation_interfaces__rosidl_typesupport_introspection_cpp
[2.436s] [ 74%] Built target navigation_interfaces__rosidl_typesupport_fastrtps_cpp
[2.450s] [ 76%] [32m[1mLinking CXX shared library libnavigation_interfaces__rosidl_typesupport_fastrtps_c.so[0m
[2.510s] [ 76%] Built target navigation_interfaces__rosidl_typesupport_fastrtps_c
[2.530s] [ 76%] Built target navigation_interfaces
[2.550s] [ 78%] [34m[1mGenerating Python code for ROS interfaces[0m
[2.862s] [ 78%] Built target navigation_interfaces__py
[2.882s] [ 85%] [32mBuilding C object CMakeFiles/navigation_interfaces__rosidl_generator_py.dir/rosidl_generator_py/navigation_interfaces/msg/_bearing_s.c.o[0m
[2.882s] [ 85%] [32mBuilding C object CMakeFiles/navigation_interfaces__rosidl_generator_py.dir/rosidl_generator_py/navigation_interfaces/msg/_position_s.c.o[0m
[2.882s] [ 85%] [32mBuilding C object CMakeFiles/navigation_interfaces__rosidl_generator_py.dir/rosidl_generator_py/navigation_interfaces/srv/_get_set_nav_s.c.o[0m
[2.958s] [ 87%] [32m[1mLinking C shared library rosidl_generator_py/navigation_interfaces/libnavigation_interfaces__rosidl_generator_py.so[0m
[2.994s] [ 87%] Built target navigation_interfaces__rosidl_generator_py
[3.013s] [ 91%] [32mBuilding C object CMakeFiles/navigation_interfaces__rosidl_typesupport_introspection_c__pyext.dir/rosidl_generator_py/navigation_interfaces/_navigation_interfaces_s.ep.rosidl_typesupport_introspection_c.c.o[0m
[3.013s] [ 91%] [32mBuilding C object CMakeFiles/navigation_interfaces__rosidl_typesupport_fastrtps_c__pyext.dir/rosidl_generator_py/navigation_interfaces/_navigation_interfaces_s.ep.rosidl_typesupport_fastrtps_c.c.o[0m
[3.013s] [ 93%] [32mBuilding C object CMakeFiles/navigation_interfaces__rosidl_typesupport_c__pyext.dir/rosidl_generator_py/navigation_interfaces/_navigation_interfaces_s.ep.rosidl_typesupport_c.c.o[0m
[3.083s] [ 95%] [32m[1mLinking C shared library rosidl_generator_py/navigation_interfaces/navigation_interfaces_s__rosidl_typesupport_c.cpython-310-x86_64-linux-gnu.so[0m
[3.084s] [ 97%] [32m[1mLinking C shared library rosidl_generator_py/navigation_interfaces/navigation_interfaces_s__rosidl_typesupport_introspection_c.cpython-310-x86_64-linux-gnu.so[0m
[3.089s] [100%] [32m[1mLinking C shared library rosidl_generator_py/navigation_interfaces/navigation_interfaces_s__rosidl_typesupport_fastrtps_c.cpython-310-x86_64-linux-gnu.so[0m
[3.111s] [100%] Built target navigation_interfaces__rosidl_typesupport_c__pyext
[3.113s] [100%] Built target navigation_interfaces__rosidl_typesupport_introspection_c__pyext
[3.119s] [100%] Built target navigation_interfaces__rosidl_typesupport_fastrtps_c__pyext
[3.130s] Invoked command in '/home/isaac/Documents/D.A.V.E./ros2_ws/build/navigation_interfaces' returned '0': CMAKE_PREFIX_PATH=${CMAKE_PREFIX_PATH}:/opt/ros/humble /usr/bin/cmake --build /home/isaac/Documents/D.A.V.E./ros2_ws/build/navigation_interfaces -- -j16 -l16
[3.139s] Invoking command in '/home/isaac/Documents/D.A.V.E./ros2_ws/build/navigation_interfaces': CMAKE_PREFIX_PATH=${CMAKE_PREFIX_PATH}:/opt/ros/humble /usr/bin/cmake --install /home/isaac/Documents/D.A.V.E./ros2_ws/build/navigation_interfaces
[3.147s] -- Install configuration: ""
[3.147s] -- Installing: /home/isaac/Documents/D.A.V.E./ros2_ws/install/navigation_interfaces/share/ament_index/resource_index/rosidl_interfaces/navigation_interfaces
[3.147s] -- Installing: /home/isaac/Documents/D.A.V.E./ros2_ws/install/navigation_interfaces/include/navigation_interfaces/navigation_interfaces
[3.147s] -- Installing: /home/isaac/Documents/D.A.V.E./ros2_ws/install/navigation_interfaces/include/navigation_interfaces/navigation_interfaces/msg
[3.147s] -- Installing: /home/isaac/Documents/D.A.V.E./ros2_ws/install/navigation_interfaces/include/navigation_interfaces/navigation_interfaces/msg/detail
[3.148s] -- Installing: /home/isaac/Documents/D.A.V.E./ros2_ws/install/navigation_interfaces/include/navigation_interfaces/navigation_interfaces/msg/detail/bearing__functions.h
[3.148s] -- Installing: /home/isaac/Documents/D.A.V.E./ros2_ws/install/navigation_interfaces/include/navigation_interfaces/navigation_interfaces/msg/detail/position__functions.h
[3.148s] -- Installing: /home/isaac/Documents/D.A.V.E./ros2_ws/install/navigation_interfaces/include/navigation_interfaces/navigation_interfaces/msg/detail/position__type_support.h
[3.148s] -- Installing: /home/isaac/Documents/D.A.V.E./ros2_ws/install/navigation_interfaces/include/navigation_interfaces/navigation_interfaces/msg/detail/position__functions.c
[3.148s] -- Installing: /home/isaac/Documents/D.A.V.E./ros2_ws/install/navigation_interfaces/include/navigation_interfaces/navigation_interfaces/msg/detail/bearing__type_support.h
[3.148s] -- Installing: /home/isaac/Documents/D.A.V.E./ros2_ws/install/navigation_interfaces/include/navigation_interfaces/navigation_interfaces/msg/detail/bearing__struct.h
[3.148s] -- Installing: /home/isaac/Documents/D.A.V.E./ros2_ws/install/navigation_interfaces/include/navigation_interfaces/navigation_interfaces/msg/detail/position__struct.h
[3.148s] -- Installing: /home/isaac/Documents/D.A.V.E./ros2_ws/install/navigation_interfaces/include/navigation_interfaces/navigation_interfaces/msg/detail/bearing__functions.c
[3.148s] -- Installing: /home/isaac/Documents/D.A.V.E./ros2_ws/install/navigation_interfaces/include/navigation_interfaces/navigation_interfaces/msg/bearing.h
[3.148s] -- Installing: /home/isaac/Documents/D.A.V.E./ros2_ws/install/navigation_interfaces/include/navigation_interfaces/navigation_interfaces/msg/position.h
[3.149s] -- Installing: /home/isaac/Documents/D.A.V.E./ros2_ws/install/navigation_interfaces/include/navigation_interfaces/navigation_interfaces/msg/rosidl_generator_c__visibility_control.h
[3.149s] -- Installing: /home/isaac/Documents/D.A.V.E./ros2_ws/install/navigation_interfaces/include/navigation_interfaces/navigation_interfaces/srv
[3.149s] -- Installing: /home/isaac/Documents/D.A.V.E./ros2_ws/install/navigation_interfaces/include/navigation_interfaces/navigation_interfaces/srv/detail
[3.149s] -- Installing: /home/isaac/Documents/D.A.V.E./ros2_ws/install/navigation_interfaces/include/navigation_interfaces/navigation_interfaces/srv/detail/get_set_nav__functions.c
[3.149s] -- Installing: /home/isaac/Documents/D.A.V.E./ros2_ws/install/navigation_interfaces/include/navigation_interfaces/navigation_interfaces/srv/detail/get_set_nav__functions.h
[3.149s] -- Installing: /home/isaac/Documents/D.A.V.E./ros2_ws/install/navigation_interfaces/include/navigation_interfaces/navigation_interfaces/srv/detail/get_set_nav__struct.h
[3.149s] -- Installing: /home/isaac/Documents/D.A.V.E./ros2_ws/install/navigation_interfaces/include/navigation_interfaces/navigation_interfaces/srv/detail/get_set_nav__type_support.h
[3.149s] -- Installing: /home/isaac/Documents/D.A.V.E./ros2_ws/install/navigation_interfaces/include/navigation_interfaces/navigation_interfaces/srv/get_set_nav.h
[3.149s] -- Installing: /home/isaac/Documents/D.A.V.E./ros2_ws/install/navigation_interfaces/share/navigation_interfaces/environment/library_path.sh
[3.149s] -- Installing: /home/isaac/Documents/D.A.V.E./ros2_ws/install/navigation_interfaces/share/navigation_interfaces/environment/library_path.dsv
[3.149s] -- Installing: /home/isaac/Documents/D.A.V.E./ros2_ws/install/navigation_interfaces/lib/libnavigation_interfaces__rosidl_generator_c.so
[3.150s] -- Set runtime path of "/home/isaac/Documents/D.A.V.E./ros2_ws/install/navigation_interfaces/lib/libnavigation_interfaces__rosidl_generator_c.so" to ""
[3.150s] -- Up-to-date: /home/isaac/Documents/D.A.V.E./ros2_ws/install/navigation_interfaces/include/navigation_interfaces/navigation_interfaces
[3.150s] -- Up-to-date: /home/isaac/Documents/D.A.V.E./ros2_ws/install/navigation_interfaces/include/navigation_interfaces/navigation_interfaces/msg
[3.150s] -- Up-to-date: /home/isaac/Documents/D.A.V.E./ros2_ws/install/navigation_interfaces/include/navigation_interfaces/navigation_interfaces/msg/detail
[3.150s] -- Installing: /home/isaac/Documents/D.A.V.E./ros2_ws/install/navigation_interfaces/include/navigation_interfaces/navigation_interfaces/msg/detail/bearing__rosidl_typesupport_fastrtps_c.h
[3.150s] -- Installing: /home/isaac/Documents/D.A.V.E./ros2_ws/install/navigation_interfaces/include/navigation_interfaces/navigation_interfaces/msg/detail/position__rosidl_typesupport_fastrtps_c.h
[3.150s] -- Installing: /home/isaac/Documents/D.A.V.E./ros2_ws/install/navigation_interfaces/include/navigation_interfaces/navigation_interfaces/msg/rosidl_typesupport_fastrtps_c__visibility_control.h
[3.150s] -- Up-to-date: /home/isaac/Documents/D.A.V.E./ros2_ws/install/navigation_interfaces/include/navigation_interfaces/navigation_interfaces/srv
[3.150s] -- Up-to-date: /home/isaac/Documents/D.A.V.E./ros2_ws/install/navigation_interfaces/include/navigation_interfaces/navigation_interfaces/srv/detail
[3.150s] -- Installing: /home/isaac/Documents/D.A.V.E./ros2_ws/install/navigation_interfaces/include/navigation_interfaces/navigation_interfaces/srv/detail/get_set_nav__rosidl_typesupport_fastrtps_c.h
[3.150s] -- Installing: /home/isaac/Documents/D.A.V.E./ros2_ws/install/navigation_interfaces/lib/libnavigation_interfaces__rosidl_typesupport_fastrtps_c.so
[3.151s] -- Set runtime path of "/home/isaac/Documents/D.A.V.E./ros2_ws/install/navigation_interfaces/lib/libnavigation_interfaces__rosidl_typesupport_fastrtps_c.so" to ""
[3.151s] -- Up-to-date: /home/isaac/Documents/D.A.V.E./ros2_ws/install/navigation_interfaces/include/navigation_interfaces/navigation_interfaces
[3.151s] -- Up-to-date: /home/isaac/Documents/D.A.V.E./ros2_ws/install/navigation_interfaces/include/navigation_interfaces/navigation_interfaces/msg
[3.151s] -- Up-to-date: /home/isaac/Documents/D.A.V.E./ros2_ws/install/navigation_interfaces/include/navigation_interfaces/navigation_interfaces/msg/detail
[3.151s] -- Installing: /home/isaac/Documents/D.A.V.E./ros2_ws/install/navigation_interfaces/include/navigation_interfaces/navigation_interfaces/msg/detail/bearing__rosidl_typesupport_introspection_c.h
[3.151s] -- Installing: /home/isaac/Documents/D.A.V.E./ros2_ws/install/navigation_interfaces/include/navigation_interfaces/navigation_interfaces/msg/detail/position__type_support.c
[3.151s] -- Installing: /home/isaac/Documents/D.A.V.E./ros2_ws/install/navigation_interfaces/include/navigation_interfaces/navigation_interfaces/msg/detail/bearing__type_support.c
[3.151s] -- Installing: /home/isaac/Documents/D.A.V.E./ros2_ws/install/navigation_interfaces/include/navigation_interfaces/navigation_interfaces/msg/detail/position__rosidl_typesupport_introspection_c.h
[3.151s] -- Installing: /home/isaac/Documents/D.A.V.E./ros2_ws/install/navigation_interfaces/include/navigation_interfaces/navigation_interfaces/msg/rosidl_typesupport_introspection_c__visibility_control.h
[3.151s] -- Up-to-date: /home/isaac/Documents/D.A.V.E./ros2_ws/install/navigation_interfaces/include/navigation_interfaces/navigation_interfaces/srv
[3.151s] -- Up-to-date: /home/isaac/Documents/D.A.V.E./ros2_ws/install/navigation_interfaces/include/navigation_interfaces/navigation_interfaces/srv/detail
[3.151s] -- Installing: /home/isaac/Documents/D.A.V.E./ros2_ws/install/navigation_interfaces/include/navigation_interfaces/navigation_interfaces/srv/detail/get_set_nav__rosidl_typesupport_introspection_c.h
[3.151s] -- Installing: /home/isaac/Documents/D.A.V.E./ros2_ws/install/navigation_interfaces/include/navigation_interfaces/navigation_interfaces/srv/detail/get_set_nav__type_support.c
[3.152s] -- Installing: /home/isaac/Documents/D.A.V.E./ros2_ws/install/navigation_interfaces/lib/libnavigation_interfaces__rosidl_typesupport_introspection_c.so
[3.152s] -- Set runtime path of "/home/isaac/Documents/D.A.V.E./ros2_ws/install/navigation_interfaces/lib/libnavigation_interfaces__rosidl_typesupport_introspection_c.so" to ""
[3.152s] -- Installing: /home/isaac/Documents/D.A.V.E./ros2_ws/install/navigation_interfaces/lib/libnavigation_interfaces__rosidl_typesupport_c.so
[3.152s] -- Set runtime path of "/home/isaac/Documents/D.A.V.E./ros2_ws/install/navigation_interfaces/lib/libnavigation_interfaces__rosidl_typesupport_c.so" to ""
[3.152s] -- Up-to-date: /home/isaac/Documents/D.A.V.E./ros2_ws/install/navigation_interfaces/include/navigation_interfaces/navigation_interfaces
[3.152s] -- Up-to-date: /home/isaac/Documents/D.A.V.E./ros2_ws/install/navigation_interfaces/include/navigation_interfaces/navigation_interfaces/msg
[3.152s] -- Up-to-date: /home/isaac/Documents/D.A.V.E./ros2_ws/install/navigation_interfaces/include/navigation_interfaces/navigation_interfaces/msg/detail
[3.152s] -- Installing: /home/isaac/Documents/D.A.V.E./ros2_ws/install/navigation_interfaces/include/navigation_interfaces/navigation_interfaces/msg/detail/position__struct.hpp
[3.152s] -- Installing: /home/isaac/Documents/D.A.V.E./ros2_ws/install/navigation_interfaces/include/navigation_interfaces/navigation_interfaces/msg/detail/bearing__struct.hpp
[3.152s] -- Installing: /home/isaac/Documents/D.A.V.E./ros2_ws/install/navigation_interfaces/include/navigation_interfaces/navigation_interfaces/msg/detail/position__traits.hpp
[3.153s] -- Installing: /home/isaac/Documents/D.A.V.E./ros2_ws/install/navigation_interfaces/include/navigation_interfaces/navigation_interfaces/msg/detail/bearing__type_support.hpp
[3.153s] -- Installing: /home/isaac/Documents/D.A.V.E./ros2_ws/install/navigation_interfaces/include/navigation_interfaces/navigation_interfaces/msg/detail/bearing__traits.hpp
[3.153s] -- Installing: /home/isaac/Documents/D.A.V.E./ros2_ws/install/navigation_interfaces/include/navigation_interfaces/navigation_interfaces/msg/detail/bearing__builder.hpp
[3.153s] -- Installing: /home/isaac/Documents/D.A.V.E./ros2_ws/install/navigation_interfaces/include/navigation_interfaces/navigation_interfaces/msg/detail/position__builder.hpp
[3.153s] -- Installing: /home/isaac/Documents/D.A.V.E./ros2_ws/install/navigation_interfaces/include/navigation_interfaces/navigation_interfaces/msg/detail/position__type_support.hpp
[3.153s] -- Installing: /home/isaac/Documents/D.A.V.E./ros2_ws/install/navigation_interfaces/include/navigation_interfaces/navigation_interfaces/msg/position.hpp
[3.153s] -- Installing: /home/isaac/Documents/D.A.V.E./ros2_ws/install/navigation_interfaces/include/navigation_interfaces/navigation_interfaces/msg/bearing.hpp
[3.153s] -- Installing: /home/isaac/Documents/D.A.V.E./ros2_ws/install/navigation_interfaces/include/navigation_interfaces/navigation_interfaces/msg/rosidl_generator_cpp__visibility_control.hpp
[3.153s] -- Up-to-date: /home/isaac/Documents/D.A.V.E./ros2_ws/install/navigation_interfaces/include/navigation_interfaces/navigation_interfaces/srv
[3.153s] -- Up-to-date: /home/isaac/Documents/D.A.V.E./ros2_ws/install/navigation_interfaces/include/navigation_interfaces/navigation_interfaces/srv/detail
[3.153s] -- Installing: /home/isaac/Documents/D.A.V.E./ros2_ws/install/navigation_interfaces/include/navigation_interfaces/navigation_interfaces/srv/detail/get_set_nav__builder.hpp
[3.154s] -- Installing: /home/isaac/Documents/D.A.V.E./ros2_ws/install/navigation_interfaces/include/navigation_interfaces/navigation_interfaces/srv/detail/get_set_nav__struct.hpp
[3.154s] -- Installing: /home/isaac/Documents/D.A.V.E./ros2_ws/install/navigation_interfaces/include/navigation_interfaces/navigation_interfaces/srv/detail/get_set_nav__traits.hpp
[3.154s] -- Installing: /home/isaac/Documents/D.A.V.E./ros2_ws/install/navigation_interfaces/include/navigation_interfaces/navigation_interfaces/srv/detail/get_set_nav__type_support.hpp
[3.154s] -- Installing: /home/isaac/Documents/D.A.V.E./ros2_ws/install/navigation_interfaces/include/navigation_interfaces/navigation_interfaces/srv/get_set_nav.hpp
[3.154s] -- Up-to-date: /home/isaac/Documents/D.A.V.E./ros2_ws/install/navigation_interfaces/include/navigation_interfaces/navigation_interfaces
[3.154s] -- Up-to-date: /home/isaac/Documents/D.A.V.E./ros2_ws/install/navigation_interfaces/include/navigation_interfaces/navigation_interfaces/msg
[3.154s] -- Up-to-date: /home/isaac/Documents/D.A.V.E./ros2_ws/install/navigation_interfaces/include/navigation_interfaces/navigation_interfaces/msg/detail
[3.154s] -- Installing: /home/isaac/Documents/D.A.V.E./ros2_ws/install/navigation_interfaces/include/navigation_interfaces/navigation_interfaces/msg/detail/position__rosidl_typesupport_fastrtps_cpp.hpp
[3.154s] -- Installing: /home/isaac/Documents/D.A.V.E./ros2_ws/install/navigation_interfaces/include/navigation_interfaces/navigation_interfaces/msg/detail/dds_fastrtps
[3.154s] -- Installing: /home/isaac/Documents/D.A.V.E./ros2_ws/install/navigation_interfaces/include/navigation_interfaces/navigation_interfaces/msg/detail/bearing__rosidl_typesupport_fastrtps_cpp.hpp
[3.154s] -- Installing: /home/isaac/Documents/D.A.V.E./ros2_ws/install/navigation_interfaces/include/navigation_interfaces/navigation_interfaces/msg/rosidl_typesupport_fastrtps_cpp__visibility_control.h
[3.154s] -- Up-to-date: /home/isaac/Documents/D.A.V.E./ros2_ws/install/navigation_interfaces/include/navigation_interfaces/navigation_interfaces/srv
[3.154s] -- Up-to-date: /home/isaac/Documents/D.A.V.E./ros2_ws/install/navigation_interfaces/include/navigation_interfaces/navigation_interfaces/srv/detail
[3.155s] -- Installing: /home/isaac/Documents/D.A.V.E./ros2_ws/install/navigation_interfaces/include/navigation_interfaces/navigation_interfaces/srv/detail/dds_fastrtps
[3.155s] -- Installing: /home/isaac/Documents/D.A.V.E./ros2_ws/install/navigation_interfaces/include/navigation_interfaces/navigation_interfaces/srv/detail/get_set_nav__rosidl_typesupport_fastrtps_cpp.hpp
[3.155s] -- Installing: /home/isaac/Documents/D.A.V.E./ros2_ws/install/navigation_interfaces/lib/libnavigation_interfaces__rosidl_typesupport_fastrtps_cpp.so
[3.155s] -- Set runtime path of "/home/isaac/Documents/D.A.V.E./ros2_ws/install/navigation_interfaces/lib/libnavigation_interfaces__rosidl_typesupport_fastrtps_cpp.so" to ""
[3.155s] -- Up-to-date: /home/isaac/Documents/D.A.V.E./ros2_ws/install/navigation_interfaces/include/navigation_interfaces/navigation_interfaces
[3.155s] -- Up-to-date: /home/isaac/Documents/D.A.V.E./ros2_ws/install/navigation_interfaces/include/navigation_interfaces/navigation_interfaces/msg
[3.155s] -- Up-to-date: /home/isaac/Documents/D.A.V.E./ros2_ws/install/navigation_interfaces/include/navigation_interfaces/navigation_interfaces/msg/detail
[3.155s] -- Installing: /home/isaac/Documents/D.A.V.E./ros2_ws/install/navigation_interfaces/include/navigation_interfaces/navigation_interfaces/msg/detail/bearing__rosidl_typesupport_introspection_cpp.hpp
[3.155s] -- Installing: /home/isaac/Documents/D.A.V.E./ros2_ws/install/navigation_interfaces/include/navigation_interfaces/navigation_interfaces/msg/detail/position__rosidl_typesupport_introspection_cpp.hpp
[3.155s] -- Installing: /home/isaac/Documents/D.A.V.E./ros2_ws/install/navigation_interfaces/include/navigation_interfaces/navigation_interfaces/msg/detail/position__type_support.cpp
[3.155s] -- Installing: /home/isaac/Documents/D.A.V.E./ros2_ws/install/navigation_interfaces/include/navigation_interfaces/navigation_interfaces/msg/detail/bearing__type_support.cpp
[3.156s] -- Up-to-date: /home/isaac/Documents/D.A.V.E./ros2_ws/install/navigation_interfaces/include/navigation_interfaces/navigation_interfaces/srv
[3.156s] -- Up-to-date: /home/isaac/Documents/D.A.V.E./ros2_ws/install/navigation_interfaces/include/navigation_interfaces/navigation_interfaces/srv/detail
[3.156s] -- Installing: /home/isaac/Documents/D.A.V.E./ros2_ws/install/navigation_interfaces/include/navigation_interfaces/navigation_interfaces/srv/detail/get_set_nav__type_support.cpp
[3.156s] -- Installing: /home/isaac/Documents/D.A.V.E./ros2_ws/install/navigation_interfaces/include/navigation_interfaces/navigation_interfaces/srv/detail/get_set_nav__rosidl_typesupport_introspection_cpp.hpp
[3.156s] -- Installing: /home/isaac/Documents/D.A.V.E./ros2_ws/install/navigation_interfaces/lib/libnavigation_interfaces__rosidl_typesupport_introspection_cpp.so
[3.156s] -- Set runtime path of "/home/isaac/Documents/D.A.V.E./ros2_ws/install/navigation_interfaces/lib/libnavigation_interfaces__rosidl_typesupport_introspection_cpp.so" to ""
[3.156s] -- Installing: /home/isaac/Documents/D.A.V.E./ros2_ws/install/navigation_interfaces/lib/libnavigation_interfaces__rosidl_typesupport_cpp.so
[3.157s] -- Set runtime path of "/home/isaac/Documents/D.A.V.E./ros2_ws/install/navigation_interfaces/lib/libnavigation_interfaces__rosidl_typesupport_cpp.so" to ""
[3.157s] -- Installing: /home/isaac/Documents/D.A.V.E./ros2_ws/install/navigation_interfaces/share/navigation_interfaces/environment/pythonpath.sh
[3.157s] -- Installing: /home/isaac/Documents/D.A.V.E./ros2_ws/install/navigation_interfaces/share/navigation_interfaces/environment/pythonpath.dsv
[3.157s] -- Installing: /home/isaac/Documents/D.A.V.E./ros2_ws/install/navigation_interfaces/local/lib/python3.10/dist-packages/navigation_interfaces-0.0.0-py3.10.egg-info
[3.157s] -- Installing: /home/isaac/Documents/D.A.V.E./ros2_ws/install/navigation_interfaces/local/lib/python3.10/dist-packages/navigation_interfaces-0.0.0-py3.10.egg-info/SOURCES.txt
[3.157s] -- Installing: /home/isaac/Documents/D.A.V.E./ros2_ws/install/navigation_interfaces/local/lib/python3.10/dist-packages/navigation_interfaces-0.0.0-py3.10.egg-info/top_level.txt
[3.157s] -- Installing: /home/isaac/Documents/D.A.V.E./ros2_ws/install/navigation_interfaces/local/lib/python3.10/dist-packages/navigation_interfaces-0.0.0-py3.10.egg-info/dependency_links.txt
[3.157s] -- Installing: /home/isaac/Documents/D.A.V.E./ros2_ws/install/navigation_interfaces/local/lib/python3.10/dist-packages/navigation_interfaces-0.0.0-py3.10.egg-info/PKG-INFO
[3.158s] -- Installing: /home/isaac/Documents/D.A.V.E./ros2_ws/install/navigation_interfaces/local/lib/python3.10/dist-packages/navigation_interfaces
[3.158s] -- Installing: /home/isaac/Documents/D.A.V.E./ros2_ws/install/navigation_interfaces/local/lib/python3.10/dist-packages/navigation_interfaces/_navigation_interfaces_s.ep.rosidl_typesupport_c.c
[3.158s] -- Installing: /home/isaac/Documents/D.A.V.E./ros2_ws/install/navigation_interfaces/local/lib/python3.10/dist-packages/navigation_interfaces/__init__.py
[3.158s] -- Installing: /home/isaac/Documents/D.A.V.E./ros2_ws/install/navigation_interfaces/local/lib/python3.10/dist-packages/navigation_interfaces/_navigation_interfaces_s.ep.rosidl_typesupport_introspection_c.c
[3.158s] -- Installing: /home/isaac/Documents/D.A.V.E./ros2_ws/install/navigation_interfaces/local/lib/python3.10/dist-packages/navigation_interfaces/_navigation_interfaces_s.ep.rosidl_typesupport_fastrtps_c.c
[3.158s] -- Installing: /home/isaac/Documents/D.A.V.E./ros2_ws/install/navigation_interfaces/local/lib/python3.10/dist-packages/navigation_interfaces/msg
[3.158s] -- Installing: /home/isaac/Documents/D.A.V.E./ros2_ws/install/navigation_interfaces/local/lib/python3.10/dist-packages/navigation_interfaces/msg/__init__.py
[3.158s] -- Installing: /home/isaac/Documents/D.A.V.E./ros2_ws/install/navigation_interfaces/local/lib/python3.10/dist-packages/navigation_interfaces/msg/_bearing.py
[3.158s] -- Installing: /home/isaac/Documents/D.A.V.E./ros2_ws/install/navigation_interfaces/local/lib/python3.10/dist-packages/navigation_interfaces/msg/_position_s.c
[3.158s] -- Installing: /home/isaac/Documents/D.A.V.E./ros2_ws/install/navigation_interfaces/local/lib/python3.10/dist-packages/navigation_interfaces/msg/_bearing_s.c
[3.159s] -- Installing: /home/isaac/Documents/D.A.V.E./ros2_ws/install/navigation_interfaces/local/lib/python3.10/dist-packages/navigation_interfaces/msg/_position.py
[3.159s] -- Installing: /home/isaac/Documents/D.A.V.E./ros2_ws/install/navigation_interfaces/local/lib/python3.10/dist-packages/navigation_interfaces/navigation_interfaces_s__rosidl_typesupport_fastrtps_c.cpython-310-x86_64-linux-gnu.so
[3.159s] -- Installing: /home/isaac/Documents/D.A.V.E./ros2_ws/install/navigation_interfaces/local/lib/python3.10/dist-packages/navigation_interfaces/srv
[3.159s] -- Installing: /home/isaac/Documents/D.A.V.E./ros2_ws/install/navigation_interfaces/local/lib/python3.10/dist-packages/navigation_interfaces/srv/__init__.py
[3.159s] -- Installing: /home/isaac/Documents/D.A.V.E./ros2_ws/install/navigation_interfaces/local/lib/python3.10/dist-packages/navigation_interfaces/srv/_get_set_nav.py
[3.159s] -- Installing: /home/isaac/Documents/D.A.V.E./ros2_ws/install/navigation_interfaces/local/lib/python3.10/dist-packages/navigation_interfaces/srv/_get_set_nav_s.c
[3.159s] -- Installing: /home/isaac/Documents/D.A.V.E./ros2_ws/install/navigation_interfaces/local/lib/python3.10/dist-packages/navigation_interfaces/libnavigation_interfaces__rosidl_generator_py.so
[3.159s] -- Installing: /home/isaac/Documents/D.A.V.E./ros2_ws/install/navigation_interfaces/local/lib/python3.10/dist-packages/navigation_interfaces/navigation_interfaces_s__rosidl_typesupport_introspection_c.cpython-310-x86_64-linux-gnu.so
[3.159s] -- Installing: /home/isaac/Documents/D.A.V.E./ros2_ws/install/navigation_interfaces/local/lib/python3.10/dist-packages/navigation_interfaces/navigation_interfaces_s__rosidl_typesupport_c.cpython-310-x86_64-linux-gnu.so
[3.185s] Listing '/home/isaac/Documents/D.A.V.E./ros2_ws/install/navigation_interfaces/local/lib/python3.10/dist-packages/navigation_interfaces'...
[3.185s] Compiling '/home/isaac/Documents/D.A.V.E./ros2_ws/install/navigation_interfaces/local/lib/python3.10/dist-packages/navigation_interfaces/__init__.py'...
[3.185s] Listing '/home/isaac/Documents/D.A.V.E./ros2_ws/install/navigation_interfaces/local/lib/python3.10/dist-packages/navigation_interfaces/msg'...
[3.185s] Compiling '/home/isaac/Documents/D.A.V.E./ros2_ws/install/navigation_interfaces/local/lib/python3.10/dist-packages/navigation_interfaces/msg/__init__.py'...
[3.185s] Compiling '/home/isaac/Documents/D.A.V.E./ros2_ws/install/navigation_interfaces/local/lib/python3.10/dist-packages/navigation_interfaces/msg/_bearing.py'...
[3.186s] Compiling '/home/isaac/Documents/D.A.V.E./ros2_ws/install/navigation_interfaces/local/lib/python3.10/dist-packages/navigation_interfaces/msg/_position.py'...
[3.186s] Listing '/home/isaac/Documents/D.A.V.E./ros2_ws/install/navigation_interfaces/local/lib/python3.10/dist-packages/navigation_interfaces/srv'...
[3.186s] Compiling '/home/isaac/Documents/D.A.V.E./ros2_ws/install/navigation_interfaces/local/lib/python3.10/dist-packages/navigation_interfaces/srv/__init__.py'...
[3.186s] Compiling '/home/isaac/Documents/D.A.V.E./ros2_ws/install/navigation_interfaces/local/lib/python3.10/dist-packages/navigation_interfaces/srv/_get_set_nav.py'...
[3.188s] -- Installing: /home/isaac/Documents/D.A.V.E./ros2_ws/install/navigation_interfaces/local/lib/python3.10/dist-packages/navigation_interfaces/navigation_interfaces_s__rosidl_typesupport_fastrtps_c.cpython-310-x86_64-linux-gnu.so
[3.188s] -- Set runtime path of "/home/isaac/Documents/D.A.V.E./ros2_ws/install/navigation_interfaces/local/lib/python3.10/dist-packages/navigation_interfaces/navigation_interfaces_s__rosidl_typesupport_fastrtps_c.cpython-310-x86_64-linux-gnu.so" to ""
[3.189s] -- Installing: /home/isaac/Documents/D.A.V.E./ros2_ws/install/navigation_interfaces/local/lib/python3.10/dist-packages/navigation_interfaces/navigation_interfaces_s__rosidl_typesupport_introspection_c.cpython-310-x86_64-linux-gnu.so
[3.189s] -- Set runtime path of "/home/isaac/Documents/D.A.V.E./ros2_ws/install/navigation_interfaces/local/lib/python3.10/dist-packages/navigation_interfaces/navigation_interfaces_s__rosidl_typesupport_introspection_c.cpython-310-x86_64-linux-gnu.so" to ""
[3.189s] -- Installing: /home/isaac/Documents/D.A.V.E./ros2_ws/install/navigation_interfaces/local/lib/python3.10/dist-packages/navigation_interfaces/navigation_interfaces_s__rosidl_typesupport_c.cpython-310-x86_64-linux-gnu.so
[3.189s] -- Set runtime path of "/home/isaac/Documents/D.A.V.E./ros2_ws/install/navigation_interfaces/local/lib/python3.10/dist-packages/navigation_interfaces/navigation_interfaces_s__rosidl_typesupport_c.cpython-310-x86_64-linux-gnu.so" to ""
[3.189s] -- Installing: /home/isaac/Documents/D.A.V.E./ros2_ws/install/navigation_interfaces/lib/libnavigation_interfaces__rosidl_generator_py.so
[3.190s] -- Set runtime path of "/home/isaac/Documents/D.A.V.E./ros2_ws/install/navigation_interfaces/lib/libnavigation_interfaces__rosidl_generator_py.so" to ""
[3.190s] -- Installing: /home/isaac/Documents/D.A.V.E./ros2_ws/install/navigation_interfaces/share/navigation_interfaces/msg/Bearing.idl
[3.190s] -- Installing: /home/isaac/Documents/D.A.V.E./ros2_ws/install/navigation_interfaces/share/navigation_interfaces/msg/Position.idl
[3.190s] -- Installing: /home/isaac/Documents/D.A.V.E./ros2_ws/install/navigation_interfaces/share/navigation_interfaces/srv/GetSetNav.idl
[3.190s] -- Installing: /home/isaac/Documents/D.A.V.E./ros2_ws/install/navigation_interfaces/share/navigation_interfaces/msg/Bearing.msg
[3.190s] -- Installing: /home/isaac/Documents/D.A.V.E./ros2_ws/install/navigation_interfaces/share/navigation_interfaces/msg/Position.msg
[3.190s] -- Installing: /home/isaac/Documents/D.A.V.E./ros2_ws/install/navigation_interfaces/share/navigation_interfaces/srv/GetSetNav.srv
[3.191s] -- Installing: /home/isaac/Documents/D.A.V.E./ros2_ws/install/navigation_interfaces/share/navigation_interfaces/srv/GetSetNav_Request.msg
[3.191s] -- Installing: /home/isaac/Documents/D.A.V.E./ros2_ws/install/navigation_interfaces/share/navigation_interfaces/srv/GetSetNav_Response.msg
[3.191s] -- Installing: /home/isaac/Documents/D.A.V.E./ros2_ws/install/navigation_interfaces/share/ament_index/resource_index/package_run_dependencies/navigation_interfaces
[3.191s] -- Installing: /home/isaac/Documents/D.A.V.E./ros2_ws/install/navigation_interfaces/share/ament_index/resource_index/parent_prefix_path/navigation_interfaces
[3.191s] -- Installing: /home/isaac/Documents/D.A.V.E./ros2_ws/install/navigation_interfaces/share/navigation_interfaces/environment/ament_prefix_path.sh
[3.191s] -- Installing: /home/isaac/Documents/D.A.V.E./ros2_ws/install/navigation_interfaces/share/navigation_interfaces/environment/ament_prefix_path.dsv
[3.191s] -- Installing: /home/isaac/Documents/D.A.V.E./ros2_ws/install/navigation_interfaces/share/navigation_interfaces/environment/path.sh
[3.191s] -- Installing: /home/isaac/Documents/D.A.V.E./ros2_ws/install/navigation_interfaces/share/navigation_interfaces/environment/path.dsv
[3.192s] -- Installing: /home/isaac/Documents/D.A.V.E./ros2_ws/install/navigation_interfaces/share/navigation_interfaces/local_setup.bash
[3.192s] -- Installing: /home/isaac/Documents/D.A.V.E./ros2_ws/install/navigation_interfaces/share/navigation_interfaces/local_setup.sh
[3.192s] -- Installing: /home/isaac/Documents/D.A.V.E./ros2_ws/install/navigation_interfaces/share/navigation_interfaces/local_setup.zsh
[3.192s] -- Installing: /home/isaac/Documents/D.A.V.E./ros2_ws/install/navigation_interfaces/share/navigation_interfaces/local_setup.dsv
[3.192s] -- Installing: /home/isaac/Documents/D.A.V.E./ros2_ws/install/navigation_interfaces/share/navigation_interfaces/package.dsv
[3.192s] -- Installing: /home/isaac/Documents/D.A.V.E./ros2_ws/install/navigation_interfaces/share/ament_index/resource_index/packages/navigation_interfaces
[3.192s] -- Installing: /home/isaac/Documents/D.A.V.E./ros2_ws/install/navigation_interfaces/share/navigation_interfaces/cmake/export_navigation_interfaces__rosidl_generator_cExport.cmake
[3.192s] -- Installing: /home/isaac/Documents/D.A.V.E./ros2_ws/install/navigation_interfaces/share/navigation_interfaces/cmake/export_navigation_interfaces__rosidl_generator_cExport-noconfig.cmake
[3.193s] -- Installing: /home/isaac/Documents/D.A.V.E./ros2_ws/install/navigation_interfaces/share/navigation_interfaces/cmake/export_navigation_interfaces__rosidl_typesupport_fastrtps_cExport.cmake
[3.193s] -- Installing: /home/isaac/Documents/D.A.V.E./ros2_ws/install/navigation_interfaces/share/navigation_interfaces/cmake/export_navigation_interfaces__rosidl_typesupport_fastrtps_cExport-noconfig.cmake
[3.193s] -- Installing: /home/isaac/Documents/D.A.V.E./ros2_ws/install/navigation_interfaces/share/navigation_interfaces/cmake/navigation_interfaces__rosidl_typesupport_introspection_cExport.cmake
[3.193s] -- Installing: /home/isaac/Documents/D.A.V.E./ros2_ws/install/navigation_interfaces/share/navigation_interfaces/cmake/navigation_interfaces__rosidl_typesupport_introspection_cExport-noconfig.cmake
[3.193s] -- Installing: /home/isaac/Documents/D.A.V.E./ros2_ws/install/navigation_interfaces/share/navigation_interfaces/cmake/navigation_interfaces__rosidl_typesupport_cExport.cmake
[3.193s] -- Installing: /home/isaac/Documents/D.A.V.E./ros2_ws/install/navigation_interfaces/share/navigation_interfaces/cmake/navigation_interfaces__rosidl_typesupport_cExport-noconfig.cmake
[3.193s] -- Installing: /home/isaac/Documents/D.A.V.E./ros2_ws/install/navigation_interfaces/share/navigation_interfaces/cmake/export_navigation_interfaces__rosidl_generator_cppExport.cmake
[3.193s] -- Installing: /home/isaac/Documents/D.A.V.E./ros2_ws/install/navigation_interfaces/share/navigation_interfaces/cmake/export_navigation_interfaces__rosidl_typesupport_fastrtps_cppExport.cmake
[3.194s] -- Installing: /home/isaac/Documents/D.A.V.E./ros2_ws/install/navigation_interfaces/share/navigation_interfaces/cmake/export_navigation_interfaces__rosidl_typesupport_fastrtps_cppExport-noconfig.cmake
[3.194s] -- Installing: /home/isaac/Documents/D.A.V.E./ros2_ws/install/navigation_interfaces/share/navigation_interfaces/cmake/navigation_interfaces__rosidl_typesupport_introspection_cppExport.cmake
[3.194s] -- Installing: /home/isaac/Documents/D.A.V.E./ros2_ws/install/navigation_interfaces/share/navigation_interfaces/cmake/navigation_interfaces__rosidl_typesupport_introspection_cppExport-noconfig.cmake
[3.194s] -- Installing: /home/isaac/Documents/D.A.V.E./ros2_ws/install/navigation_interfaces/share/navigation_interfaces/cmake/navigation_interfaces__rosidl_typesupport_cppExport.cmake
[3.194s] -- Installing: /home/isaac/Documents/D.A.V.E./ros2_ws/install/navigation_interfaces/share/navigation_interfaces/cmake/navigation_interfaces__rosidl_typesupport_cppExport-noconfig.cmake
[3.194s] -- Installing: /home/isaac/Documents/D.A.V.E./ros2_ws/install/navigation_interfaces/share/navigation_interfaces/cmake/export_navigation_interfaces__rosidl_generator_pyExport.cmake
[3.194s] -- Installing: /home/isaac/Documents/D.A.V.E./ros2_ws/install/navigation_interfaces/share/navigation_interfaces/cmake/export_navigation_interfaces__rosidl_generator_pyExport-noconfig.cmake
[3.194s] -- Installing: /home/isaac/Documents/D.A.V.E./ros2_ws/install/navigation_interfaces/share/navigation_interfaces/cmake/rosidl_cmake-extras.cmake
[3.195s] -- Installing: /home/isaac/Documents/D.A.V.E./ros2_ws/install/navigation_interfaces/share/navigation_interfaces/cmake/ament_cmake_export_include_directories-extras.cmake
[3.195s] -- Installing: /home/isaac/Documents/D.A.V.E./ros2_ws/install/navigation_interfaces/share/navigation_interfaces/cmake/ament_cmake_export_libraries-extras.cmake
[3.195s] -- Installing: /home/isaac/Documents/D.A.V.E./ros2_ws/install/navigation_interfaces/share/navigation_interfaces/cmake/ament_cmake_export_targets-extras.cmake
[3.195s] -- Installing: /home/isaac/Documents/D.A.V.E./ros2_ws/install/navigation_interfaces/share/navigation_interfaces/cmake/rosidl_cmake_export_typesupport_targets-extras.cmake
[3.195s] -- Installing: /home/isaac/Documents/D.A.V.E./ros2_ws/install/navigation_interfaces/share/navigation_interfaces/cmake/ament_cmake_export_dependencies-extras.cmake
[3.195s] -- Installing: /home/isaac/Documents/D.A.V.E./ros2_ws/install/navigation_interfaces/share/navigation_interfaces/cmake/rosidl_cmake_export_typesupport_libraries-extras.cmake
[3.195s] -- Installing: /home/isaac/Documents/D.A.V.E./ros2_ws/install/navigation_interfaces/share/navigation_interfaces/cmake/navigation_interfacesConfig.cmake
[3.196s] -- Installing: /home/isaac/Documents/D.A.V.E./ros2_ws/install/navigation_interfaces/share/navigation_interfaces/cmake/navigation_interfacesConfig-version.cmake
[3.196s] -- Installing: /home/isaac/Documents/D.A.V.E./ros2_ws/install/navigation_interfaces/share/navigation_interfaces/package.xml
[3.198s] Invoked command in '/home/isaac/Documents/D.A.V.E./ros2_ws/build/navigation_interfaces' returned '0': CMAKE_PREFIX_PATH=${CMAKE_PREFIX_PATH}:/opt/ros/humble /usr/bin/cmake --install /home/isaac/Documents/D.A.V.E./ros2_ws/build/navigation_interfaces
