[0.010s] Invoking command in '/home/isaac/Documents/D.A.V.E./ros2_ws/build/dave_interfaces': CMAKE_PREFIX_PATH=${CMAKE_PREFIX_PATH}:/opt/ros/humble /usr/bin/cmake /home/isaac/Documents/D.A.V.E./ros2_ws/src/dave_interfaces -DCMAKE_INSTALL_PREFIX=/home/isaac/Documents/D.A.V.E./ros2_ws/install/dave_interfaces
[0.097s] -- The C compiler identification is GNU 11.4.0
[0.163s] -- The CXX compiler identification is GNU 11.4.0
[0.174s] -- Detecting C compiler ABI info
[0.245s] -- Detecting C compiler ABI info - done
[0.249s] -- Check for working C compiler: /usr/bin/cc - skipped
[0.250s] -- Detecting C compile features
[0.251s] -- Detecting C compile features - done
[0.254s] -- Detecting CXX compiler ABI info
[0.328s] -- Detecting CXX compiler ABI info - done
[0.333s] -- Check for working CXX compiler: /usr/bin/c++ - skipped
[0.333s] -- Detecting CXX compile features
[0.333s] -- Detecting CXX compile features - done
[0.338s] -- Found ament_cmake: 1.3.13 (/opt/ros/humble/share/ament_cmake/cmake)
[0.462s] -- Found Python3: /usr/bin/python3 (found version "3.10.12") found components: Interpreter 
[0.562s] -- Found rosidl_default_generators: 1.2.0 (/opt/ros/humble/share/rosidl_default_generators/cmake)
[0.565s] -- Using all available rosidl_typesupport_c: rosidl_typesupport_fastrtps_c;rosidl_typesupport_introspection_c
[0.571s] -- Found rosidl_adapter: 3.1.8 (/opt/ros/humble/share/rosidl_adapter/cmake)
[0.606s] -- Using all available rosidl_typesupport_cpp: rosidl_typesupport_fastrtps_cpp;rosidl_typesupport_introspection_cpp
[0.632s] [31mCMake Error at /opt/ros/humble/share/rosidl_cmake/cmake/rosidl_generate_interfaces.cmake:93 (message):
[0.632s]   rosidl_generate_interfaces() the passed file 'srv/GetSetNav' doesn't exist
[0.632s]   relative to the CMAKE_CURRENT_SOURCE_DIR
[0.633s]   '/home/isaac/Documents/D.A.V.E./ros2_ws/src/dave_interfaces'
[0.633s] Call Stack (most recent call first):
[0.633s]   CMakeLists.txt:16 (rosidl_generate_interfaces)
[0.633s] 
[0.633s] [0m
[0.633s] -- Configuring incomplete, errors occurred!
[0.633s] See also "/home/isaac/Documents/D.A.V.E./ros2_ws/build/dave_interfaces/CMakeFiles/CMakeOutput.log".
[0.638s] Invoked command in '/home/isaac/Documents/D.A.V.E./ros2_ws/build/dave_interfaces' returned '1': CMAKE_PREFIX_PATH=${CMAKE_PREFIX_PATH}:/opt/ros/humble /usr/bin/cmake /home/isaac/Documents/D.A.V.E./ros2_ws/src/dave_interfaces -DCMAKE_INSTALL_PREFIX=/home/isaac/Documents/D.A.V.E./ros2_ws/install/dave_interfaces
