[0.008s] Invoking command in '/home/isaac/Documents/D.A.V.E./ros2_ws/build/navsystem': CMAKE_PREFIX_PATH=${CMAKE_PREFIX_PATH}:/opt/ros/humble /usr/bin/cmake /home/isaac/Documents/D.A.V.E./ros2_ws/src/navsystem -DCMAKE_INSTALL_PREFIX=/home/isaac/Documents/D.A.V.E./ros2_ws/install/navsystem
[0.052s] -- The C compiler identification is GNU 11.4.0
[0.096s] -- The CXX compiler identification is GNU 11.4.0
[0.102s] -- Detecting C compiler ABI info
[0.161s] -- Detecting C compiler ABI info - done
[0.166s] -- Check for working C compiler: /usr/bin/cc - skipped
[0.167s] -- Detecting C compile features
[0.167s] -- Detecting C compile features - done
[0.169s] -- Detecting CXX compiler ABI info
[0.238s] -- Detecting CXX compiler ABI info - done
[0.243s] -- Check for working CXX compiler: /usr/bin/c++ - skipped
[0.243s] -- Detecting CXX compile features
[0.243s] -- Detecting CXX compile features - done
[0.245s] -- Found ament_cmake: 1.3.13 (/opt/ros/humble/share/ament_cmake/cmake)
[0.358s] -- Found Python3: /usr/bin/python3 (found version "3.10.12") found components: Interpreter 
[0.433s] -- Found rclcpp: 16.0.18 (/opt/ros/humble/share/rclcpp/cmake)
[0.465s] -- Found rosidl_generator_c: 3.1.8 (/opt/ros/humble/share/rosidl_generator_c/cmake)
[0.469s] -- Found rosidl_adapter: 3.1.8 (/opt/ros/humble/share/rosidl_adapter/cmake)
[0.475s] -- Found rosidl_generator_cpp: 3.1.8 (/opt/ros/humble/share/rosidl_generator_cpp/cmake)
[0.483s] -- Using all available rosidl_typesupport_c: rosidl_typesupport_fastrtps_c;rosidl_typesupport_introspection_c
[0.494s] -- Using all available rosidl_typesupport_cpp: rosidl_typesupport_fastrtps_cpp;rosidl_typesupport_introspection_cpp
[0.531s] -- Found rmw_implementation_cmake: 6.1.2 (/opt/ros/humble/share/rmw_implementation_cmake/cmake)
[0.534s] -- Found rmw_fastrtps_cpp: 6.2.10 (/opt/ros/humble/share/rmw_fastrtps_cpp/cmake)
[0.622s] -- Found OpenSSL: /usr/lib/x86_64-linux-gnu/libcrypto.so (found version "3.0.2")  
[0.647s] -- Found FastRTPS: /opt/ros/humble/include  
[0.683s] -- Using RMW implementation 'rmw_fastrtps_cpp' as default
[0.691s] -- Looking for pthread.h
[0.753s] -- Looking for pthread.h - found
[0.754s] -- Performing Test CMAKE_HAVE_LIBC_PTHREAD
[0.816s] -- Performing Test CMAKE_HAVE_LIBC_PTHREAD - Success
[0.817s] -- Found Threads: TRUE  
[0.859s] -- Found rosidl_default_generators: 1.2.0 (/opt/ros/humble/share/rosidl_default_generators/cmake)
[1.060s] -- Found ament_cmake_ros: 0.10.0 (/opt/ros/humble/share/ament_cmake_ros/cmake)
[1.284s] -- Using all available rosidl_typesupport_c: rosidl_typesupport_fastrtps_c;rosidl_typesupport_introspection_c
[1.367s] -- Using all available rosidl_typesupport_cpp: rosidl_typesupport_fastrtps_cpp;rosidl_typesupport_introspection_cpp
[1.384s] -- Found PythonInterp: /usr/bin/python3 (found suitable version "3.10.12", minimum required is "3.6") 
[1.385s] -- Found python_cmake_module: 0.10.0 (/opt/ros/humble/share/python_cmake_module/cmake)
[1.404s] -- Found PythonLibs: /usr/lib/x86_64-linux-gnu/libpython3.10.so (found suitable version "3.10.12", minimum required is "3.5") 
[1.404s] -- Using PYTHON_EXECUTABLE: /usr/bin/python3
[1.404s] -- Using PYTHON_INCLUDE_DIRS: /usr/include/python3.10
[1.404s] -- Using PYTHON_LIBRARIES: /usr/lib/x86_64-linux-gnu/libpython3.10.so
[1.420s] -- Found PythonExtra: .so  
[1.444s] -- Found ament_lint_auto: 0.12.15 (/opt/ros/humble/share/ament_lint_auto/cmake)
[1.458s] -- Added test 'cppcheck' to perform static code analysis on C / C++ code
[1.458s] -- Configured cppcheck include dirs: 
[1.458s] -- Configured cppcheck exclude dirs and/or files: 
[1.459s] -- Added test 'lint_cmake' to check CMake code style
[1.460s] -- Added test 'uncrustify' to check C / C++ code style
[1.460s] -- Configured uncrustify additional arguments: 
[1.460s] -- Added test 'xmllint' to check XML markup files
[1.462s] -- Configuring done
[1.496s] -- Generating done
[1.506s] -- Build files have been written to: /home/isaac/Documents/D.A.V.E./ros2_ws/build/navsystem
[1.517s] Invoked command in '/home/isaac/Documents/D.A.V.E./ros2_ws/build/navsystem' returned '0': CMAKE_PREFIX_PATH=${CMAKE_PREFIX_PATH}:/opt/ros/humble /usr/bin/cmake /home/isaac/Documents/D.A.V.E./ros2_ws/src/navsystem -DCMAKE_INSTALL_PREFIX=/home/isaac/Documents/D.A.V.E./ros2_ws/install/navsystem
[1.519s] Invoking command in '/home/isaac/Documents/D.A.V.E./ros2_ws/build/navsystem': CMAKE_PREFIX_PATH=${CMAKE_PREFIX_PATH}:/opt/ros/humble /usr/bin/cmake --build /home/isaac/Documents/D.A.V.E./ros2_ws/build/navsystem -- -j16 -l16
[1.559s] [  2%] [34m[1mGenerating C code for ROS interfaces[0m
[1.567s] [  4%] [34m[1mGenerating C++ code for ROS interfaces[0m
[1.567s] [  6%] [32mBuilding CXX object CMakeFiles/GPSnode.dir/src/GPSnode.cpp.o[0m
[1.575s] [  6%] Built target ament_cmake_python_copy_navsystem
[1.676s] [01m[K/home/isaac/Documents/D.A.V.E./ros2_ws/src/navsystem/src/GPSnode.cpp:16:10:[m[K [01;31m[Kfatal error: [m[Kcustom_interfaces/msg/Message.hpp: No such file or directory
[1.677s]    16 | #include [01;31m[K"custom_interfaces/msg/Message.hpp"[m[K
[1.677s]       |          [01;31m[K^~~~~~~~~~~~~~~~~~~~~~~~~~~~~~~~~~~[m[K
[1.677s] compilation terminated.
[1.678s] gmake[2]: *** [CMakeFiles/GPSnode.dir/build.make:76: CMakeFiles/GPSnode.dir/src/GPSnode.cpp.o] Error 1
[1.679s] gmake[1]: *** [CMakeFiles/Makefile2:592: CMakeFiles/GPSnode.dir/all] Error 2
[1.679s] gmake[1]: *** Waiting for unfinished jobs....
[1.753s] running egg_info
[1.753s] creating navsystem.egg-info
[1.753s] writing navsystem.egg-info/PKG-INFO
[1.753s] writing dependency_links to navsystem.egg-info/dependency_links.txt
[1.754s] writing top-level names to navsystem.egg-info/top_level.txt
[1.754s] writing manifest file 'navsystem.egg-info/SOURCES.txt'
[1.755s] reading manifest file 'navsystem.egg-info/SOURCES.txt'
[1.756s] writing manifest file 'navsystem.egg-info/SOURCES.txt'
[1.790s] [  6%] Built target ament_cmake_python_build_navsystem_egg
[1.837s] [  8%] [32mBuilding C object CMakeFiles/navsystem__rosidl_generator_c.dir/rosidl_generator_c/navsystem/msg/detail/message__functions.c.o[0m
[1.839s] [ 10%] [32mBuilding C object CMakeFiles/navsystem__rosidl_generator_c.dir/rosidl_generator_c/navsystem/srv/detail/get_nav__functions.c.o[0m
[1.840s] [ 12%] [32mBuilding C object CMakeFiles/navsystem__rosidl_generator_c.dir/rosidl_generator_c/navsystem/srv/detail/set_nav__functions.c.o[0m
[1.841s] [ 12%] Built target navsystem__cpp
[1.883s] [ 14%] [32m[1mLinking C shared library libnavsystem__rosidl_generator_c.so[0m
[1.916s] [ 14%] Built target navsystem__rosidl_generator_c
[1.917s] gmake: *** [Makefile:146: all] Error 2
[1.919s] Invoked command in '/home/isaac/Documents/D.A.V.E./ros2_ws/build/navsystem' returned '2': CMAKE_PREFIX_PATH=${CMAKE_PREFIX_PATH}:/opt/ros/humble /usr/bin/cmake --build /home/isaac/Documents/D.A.V.E./ros2_ws/build/navsystem -- -j16 -l16
