-- Found ament_cmake: 1.3.13 (/opt/ros/humble/share/ament_cmake/cmake)
-- Found rosidl_default_generators: 1.2.0 (/opt/ros/humble/share/rosidl_default_generators/cmake)
-- Using all available rosidl_typesupport_c: rosidl_typesupport_fastrtps_c;rosidl_typesupport_introspection_c
-- Found rosidl_adapter: 3.1.8 (/opt/ros/humble/share/rosidl_adapter/cmake)
-- Using all available rosidl_typesupport_cpp: rosidl_typesupport_fastrtps_cpp;rosidl_typesupport_introspection_cpp
-- Found ament_cmake_ros: 0.10.0 (/opt/ros/humble/share/ament_cmake_ros/cmake)
-- Using all available rosidl_typesupport_c: rosidl_typesupport_fastrtps_c;rosidl_typesupport_introspection_c
-- Using all available rosidl_typesupport_cpp: rosidl_typesupport_fastrtps_cpp;rosidl_typesupport_introspection_cpp
-- Found PythonInterp: /usr/bin/python3 (found suitable version "3.10.12", minimum required is "3.6") 
-- Found python_cmake_module: 0.10.0 (/opt/ros/humble/share/python_cmake_module/cmake)
-- Found PythonLibs: /usr/lib/x86_64-linux-gnu/libpython3.10.so (found suitable version "3.10.12", minimum required is "3.5") 
-- Using PYTHON_EXECUTABLE: /usr/bin/python3
-- Using PYTHON_INCLUDE_DIRS: /usr/include/python3.10
-- Using PYTHON_LIBRARIES: /usr/lib/x86_64-linux-gnu/libpython3.10.so
-- Found PythonExtra: .so  
-- Found ament_lint_auto: 0.12.15 (/opt/ros/humble/share/ament_lint_auto/cmake)
-- Added test 'lint_cmake' to check CMake code style
-- Added test 'xmllint' to check XML markup files
-- Configuring done
-- Generating done
-- Build files have been written to: /home/isaac/Documents/D.A.V.E./ros2_ws/build/custom_interfaces
[  2%] [34m[1mGenerating C code for ROS interfaces[0m
[  5%] [34m[1mGenerating C++ code for ROS interfaces[0m
[  5%] Built target ament_cmake_python_copy_custom_interfaces
running egg_info
creating custom_interfaces.egg-info
writing custom_interfaces.egg-info/PKG-INFO
writing dependency_links to custom_interfaces.egg-info/dependency_links.txt
writing top-level names to custom_interfaces.egg-info/top_level.txt
writing manifest file 'custom_interfaces.egg-info/SOURCES.txt'
reading manifest file 'custom_interfaces.egg-info/SOURCES.txt'
writing manifest file 'custom_interfaces.egg-info/SOURCES.txt'
[  5%] Built target ament_cmake_python_build_custom_interfaces_egg
[  5%] Built target custom_interfaces__cpp
[  7%] [34m[1mGenerating C++ introspection for ROS interfaces[0m
[ 10%] [34m[1mGenerating C++ type support dispatch for ROS interfaces[0m
[ 12%] [34m[1mGenerating C++ type support for eProsima Fast-RTPS[0m
[ 15%] [32mBuilding C object CMakeFiles/custom_interfaces__rosidl_generator_c.dir/rosidl_generator_c/custom_interfaces/srv/detail/get_nav__functions.c.o[0m
[ 17%] [32mBuilding C object CMakeFiles/custom_interfaces__rosidl_generator_c.dir/rosidl_generator_c/custom_interfaces/srv/detail/set_nav__functions.c.o[0m
[ 20%] [32m[1mLinking C shared library libcustom_interfaces__rosidl_generator_c.so[0m
[ 20%] Built target custom_interfaces__rosidl_generator_c
[ 28%] [34m[1mGenerating C type support dispatch for ROS interfaces[0m
[ 28%] [34m[1mGenerating C type support for eProsima Fast-RTPS[0m
[ 28%] [34m[1mGenerating C introspection for ROS interfaces[0m
[ 33%] [32mBuilding CXX object CMakeFiles/custom_interfaces__rosidl_typesupport_cpp.dir/rosidl_typesupport_cpp/custom_interfaces/srv/set_nav__type_support.cpp.o[0m
[ 33%] [32mBuilding CXX object CMakeFiles/custom_interfaces__rosidl_typesupport_cpp.dir/rosidl_typesupport_cpp/custom_interfaces/srv/get_nav__type_support.cpp.o[0m
[ 38%] [32mBuilding CXX object CMakeFiles/custom_interfaces__rosidl_typesupport_introspection_cpp.dir/rosidl_typesupport_introspection_cpp/custom_interfaces/srv/detail/get_nav__type_support.cpp.o[0m
[ 38%] [32mBuilding CXX object CMakeFiles/custom_interfaces__rosidl_typesupport_introspection_cpp.dir/rosidl_typesupport_introspection_cpp/custom_interfaces/srv/detail/set_nav__type_support.cpp.o[0m
[ 41%] [32mBuilding CXX object CMakeFiles/custom_interfaces__rosidl_typesupport_fastrtps_cpp.dir/rosidl_typesupport_fastrtps_cpp/custom_interfaces/srv/detail/dds_fastrtps/get_nav__type_support.cpp.o[0m
[ 43%] [32mBuilding CXX object CMakeFiles/custom_interfaces__rosidl_typesupport_fastrtps_cpp.dir/rosidl_typesupport_fastrtps_cpp/custom_interfaces/srv/detail/dds_fastrtps/set_nav__type_support.cpp.o[0m
[ 46%] [32mBuilding CXX object CMakeFiles/custom_interfaces__rosidl_typesupport_c.dir/rosidl_typesupport_c/custom_interfaces/srv/get_nav__type_support.cpp.o[0m
[ 48%] [32mBuilding CXX object CMakeFiles/custom_interfaces__rosidl_typesupport_c.dir/rosidl_typesupport_c/custom_interfaces/srv/set_nav__type_support.cpp.o[0m
[ 51%] [32mBuilding CXX object CMakeFiles/custom_interfaces__rosidl_typesupport_fastrtps_c.dir/rosidl_typesupport_fastrtps_c/custom_interfaces/srv/detail/get_nav__type_support_c.cpp.o[0m
[ 53%] [32mBuilding CXX object CMakeFiles/custom_interfaces__rosidl_typesupport_fastrtps_c.dir/rosidl_typesupport_fastrtps_c/custom_interfaces/srv/detail/set_nav__type_support_c.cpp.o[0m
[ 58%] [32mBuilding C object CMakeFiles/custom_interfaces__rosidl_typesupport_introspection_c.dir/rosidl_typesupport_introspection_c/custom_interfaces/srv/detail/set_nav__type_support.c.o[0m
[ 58%] [32mBuilding C object CMakeFiles/custom_interfaces__rosidl_typesupport_introspection_c.dir/rosidl_typesupport_introspection_c/custom_interfaces/srv/detail/get_nav__type_support.c.o[0m
[ 61%] [32m[1mLinking CXX shared library libcustom_interfaces__rosidl_typesupport_c.so[0m
[ 64%] [32m[1mLinking C shared library libcustom_interfaces__rosidl_typesupport_introspection_c.so[0m
[ 64%] Built target custom_interfaces__rosidl_typesupport_c
[ 64%] Built target custom_interfaces__rosidl_typesupport_introspection_c
[ 66%] [32m[1mLinking CXX shared library libcustom_interfaces__rosidl_typesupport_cpp.so[0m
[ 66%] Built target custom_interfaces__rosidl_typesupport_cpp
[ 69%] [32m[1mLinking CXX shared library libcustom_interfaces__rosidl_typesupport_introspection_cpp.so[0m
[ 71%] [32m[1mLinking CXX shared library libcustom_interfaces__rosidl_typesupport_fastrtps_cpp.so[0m
[ 71%] Built target custom_interfaces__rosidl_typesupport_introspection_cpp
[ 74%] [32m[1mLinking CXX shared library libcustom_interfaces__rosidl_typesupport_fastrtps_c.so[0m
[ 74%] Built target custom_interfaces__rosidl_typesupport_fastrtps_cpp
[ 74%] Built target custom_interfaces__rosidl_typesupport_fastrtps_c
[ 74%] Built target custom_interfaces
[ 76%] [34m[1mGenerating Python code for ROS interfaces[0m
[ 76%] Built target custom_interfaces__py
[ 79%] [32mBuilding C object CMakeFiles/custom_interfaces__rosidl_generator_py.dir/rosidl_generator_py/custom_interfaces/srv/_get_nav_s.c.o[0m
[ 82%] [32mBuilding C object CMakeFiles/custom_interfaces__rosidl_generator_py.dir/rosidl_generator_py/custom_interfaces/srv/_set_nav_s.c.o[0m
[ 84%] [32m[1mLinking C shared library rosidl_generator_py/custom_interfaces/libcustom_interfaces__rosidl_generator_py.so[0m
[ 84%] Built target custom_interfaces__rosidl_generator_py
[ 92%] [32mBuilding C object CMakeFiles/custom_interfaces__rosidl_typesupport_introspection_c__pyext.dir/rosidl_generator_py/custom_interfaces/_custom_interfaces_s.ep.rosidl_typesupport_introspection_c.c.o[0m
[ 92%] [32mBuilding C object CMakeFiles/custom_interfaces__rosidl_typesupport_c__pyext.dir/rosidl_generator_py/custom_interfaces/_custom_interfaces_s.ep.rosidl_typesupport_c.c.o[0m
[ 92%] [32mBuilding C object CMakeFiles/custom_interfaces__rosidl_typesupport_fastrtps_c__pyext.dir/rosidl_generator_py/custom_interfaces/_custom_interfaces_s.ep.rosidl_typesupport_fastrtps_c.c.o[0m
[ 94%] [32m[1mLinking C shared library rosidl_generator_py/custom_interfaces/custom_interfaces_s__rosidl_typesupport_c.cpython-310-x86_64-linux-gnu.so[0m
[ 97%] [32m[1mLinking C shared library rosidl_generator_py/custom_interfaces/custom_interfaces_s__rosidl_typesupport_introspection_c.cpython-310-x86_64-linux-gnu.so[0m
[100%] [32m[1mLinking C shared library rosidl_generator_py/custom_interfaces/custom_interfaces_s__rosidl_typesupport_fastrtps_c.cpython-310-x86_64-linux-gnu.so[0m
[100%] Built target custom_interfaces__rosidl_typesupport_c__pyext
[100%] Built target custom_interfaces__rosidl_typesupport_introspection_c__pyext
[100%] Built target custom_interfaces__rosidl_typesupport_fastrtps_c__pyext
-- Install configuration: ""
-- Installing: /home/isaac/Documents/D.A.V.E./ros2_ws/install/custom_interfaces/share/ament_index/resource_index/rosidl_interfaces/custom_interfaces
-- Installing: /home/isaac/Documents/D.A.V.E./ros2_ws/install/custom_interfaces/include/custom_interfaces/custom_interfaces
-- Installing: /home/isaac/Documents/D.A.V.E./ros2_ws/install/custom_interfaces/include/custom_interfaces/custom_interfaces/msg
-- Installing: /home/isaac/Documents/D.A.V.E./ros2_ws/install/custom_interfaces/include/custom_interfaces/custom_interfaces/msg/rosidl_generator_c__visibility_control.h
-- Installing: /home/isaac/Documents/D.A.V.E./ros2_ws/install/custom_interfaces/include/custom_interfaces/custom_interfaces/srv
-- Installing: /home/isaac/Documents/D.A.V.E./ros2_ws/install/custom_interfaces/include/custom_interfaces/custom_interfaces/srv/detail
-- Installing: /home/isaac/Documents/D.A.V.E./ros2_ws/install/custom_interfaces/include/custom_interfaces/custom_interfaces/srv/detail/set_nav__functions.c
-- Installing: /home/isaac/Documents/D.A.V.E./ros2_ws/install/custom_interfaces/include/custom_interfaces/custom_interfaces/srv/detail/get_nav__functions.h
-- Installing: /home/isaac/Documents/D.A.V.E./ros2_ws/install/custom_interfaces/include/custom_interfaces/custom_interfaces/srv/detail/set_nav__struct.h
-- Installing: /home/isaac/Documents/D.A.V.E./ros2_ws/install/custom_interfaces/include/custom_interfaces/custom_interfaces/srv/detail/set_nav__functions.h
-- Installing: /home/isaac/Documents/D.A.V.E./ros2_ws/install/custom_interfaces/include/custom_interfaces/custom_interfaces/srv/detail/get_nav__struct.h
-- Installing: /home/isaac/Documents/D.A.V.E./ros2_ws/install/custom_interfaces/include/custom_interfaces/custom_interfaces/srv/detail/get_nav__type_support.h
-- Installing: /home/isaac/Documents/D.A.V.E./ros2_ws/install/custom_interfaces/include/custom_interfaces/custom_interfaces/srv/detail/set_nav__type_support.h
-- Installing: /home/isaac/Documents/D.A.V.E./ros2_ws/install/custom_interfaces/include/custom_interfaces/custom_interfaces/srv/detail/get_nav__functions.c
-- Installing: /home/isaac/Documents/D.A.V.E./ros2_ws/install/custom_interfaces/include/custom_interfaces/custom_interfaces/srv/set_nav.h
-- Installing: /home/isaac/Documents/D.A.V.E./ros2_ws/install/custom_interfaces/include/custom_interfaces/custom_interfaces/srv/get_nav.h
-- Installing: /home/isaac/Documents/D.A.V.E./ros2_ws/install/custom_interfaces/share/custom_interfaces/environment/library_path.sh
-- Installing: /home/isaac/Documents/D.A.V.E./ros2_ws/install/custom_interfaces/share/custom_interfaces/environment/library_path.dsv
-- Installing: /home/isaac/Documents/D.A.V.E./ros2_ws/install/custom_interfaces/lib/libcustom_interfaces__rosidl_generator_c.so
-- Set runtime path of "/home/isaac/Documents/D.A.V.E./ros2_ws/install/custom_interfaces/lib/libcustom_interfaces__rosidl_generator_c.so" to ""
-- Up-to-date: /home/isaac/Documents/D.A.V.E./ros2_ws/install/custom_interfaces/include/custom_interfaces/custom_interfaces
-- Up-to-date: /home/isaac/Documents/D.A.V.E./ros2_ws/install/custom_interfaces/include/custom_interfaces/custom_interfaces/msg
-- Installing: /home/isaac/Documents/D.A.V.E./ros2_ws/install/custom_interfaces/include/custom_interfaces/custom_interfaces/msg/rosidl_typesupport_fastrtps_c__visibility_control.h
-- Up-to-date: /home/isaac/Documents/D.A.V.E./ros2_ws/install/custom_interfaces/include/custom_interfaces/custom_interfaces/srv
-- Up-to-date: /home/isaac/Documents/D.A.V.E./ros2_ws/install/custom_interfaces/include/custom_interfaces/custom_interfaces/srv/detail
-- Installing: /home/isaac/Documents/D.A.V.E./ros2_ws/install/custom_interfaces/include/custom_interfaces/custom_interfaces/srv/detail/get_nav__rosidl_typesupport_fastrtps_c.h
-- Installing: /home/isaac/Documents/D.A.V.E./ros2_ws/install/custom_interfaces/include/custom_interfaces/custom_interfaces/srv/detail/set_nav__rosidl_typesupport_fastrtps_c.h
-- Installing: /home/isaac/Documents/D.A.V.E./ros2_ws/install/custom_interfaces/lib/libcustom_interfaces__rosidl_typesupport_fastrtps_c.so
-- Set runtime path of "/home/isaac/Documents/D.A.V.E./ros2_ws/install/custom_interfaces/lib/libcustom_interfaces__rosidl_typesupport_fastrtps_c.so" to ""
-- Up-to-date: /home/isaac/Documents/D.A.V.E./ros2_ws/install/custom_interfaces/include/custom_interfaces/custom_interfaces
-- Up-to-date: /home/isaac/Documents/D.A.V.E./ros2_ws/install/custom_interfaces/include/custom_interfaces/custom_interfaces/msg
-- Installing: /home/isaac/Documents/D.A.V.E./ros2_ws/install/custom_interfaces/include/custom_interfaces/custom_interfaces/msg/rosidl_typesupport_introspection_c__visibility_control.h
-- Up-to-date: /home/isaac/Documents/D.A.V.E./ros2_ws/install/custom_interfaces/include/custom_interfaces/custom_interfaces/srv
-- Up-to-date: /home/isaac/Documents/D.A.V.E./ros2_ws/install/custom_interfaces/include/custom_interfaces/custom_interfaces/srv/detail
-- Installing: /home/isaac/Documents/D.A.V.E./ros2_ws/install/custom_interfaces/include/custom_interfaces/custom_interfaces/srv/detail/set_nav__rosidl_typesupport_introspection_c.h
-- Installing: /home/isaac/Documents/D.A.V.E./ros2_ws/install/custom_interfaces/include/custom_interfaces/custom_interfaces/srv/detail/get_nav__rosidl_typesupport_introspection_c.h
-- Installing: /home/isaac/Documents/D.A.V.E./ros2_ws/install/custom_interfaces/include/custom_interfaces/custom_interfaces/srv/detail/set_nav__type_support.c
-- Installing: /home/isaac/Documents/D.A.V.E./ros2_ws/install/custom_interfaces/include/custom_interfaces/custom_interfaces/srv/detail/get_nav__type_support.c
-- Installing: /home/isaac/Documents/D.A.V.E./ros2_ws/install/custom_interfaces/lib/libcustom_interfaces__rosidl_typesupport_introspection_c.so
-- Set runtime path of "/home/isaac/Documents/D.A.V.E./ros2_ws/install/custom_interfaces/lib/libcustom_interfaces__rosidl_typesupport_introspection_c.so" to ""
-- Installing: /home/isaac/Documents/D.A.V.E./ros2_ws/install/custom_interfaces/lib/libcustom_interfaces__rosidl_typesupport_c.so
-- Set runtime path of "/home/isaac/Documents/D.A.V.E./ros2_ws/install/custom_interfaces/lib/libcustom_interfaces__rosidl_typesupport_c.so" to ""
-- Up-to-date: /home/isaac/Documents/D.A.V.E./ros2_ws/install/custom_interfaces/include/custom_interfaces/custom_interfaces
-- Up-to-date: /home/isaac/Documents/D.A.V.E./ros2_ws/install/custom_interfaces/include/custom_interfaces/custom_interfaces/msg
-- Installing: /home/isaac/Documents/D.A.V.E./ros2_ws/install/custom_interfaces/include/custom_interfaces/custom_interfaces/msg/rosidl_generator_cpp__visibility_control.hpp
-- Up-to-date: /home/isaac/Documents/D.A.V.E./ros2_ws/install/custom_interfaces/include/custom_interfaces/custom_interfaces/srv
-- Up-to-date: /home/isaac/Documents/D.A.V.E./ros2_ws/install/custom_interfaces/include/custom_interfaces/custom_interfaces/srv/detail
-- Installing: /home/isaac/Documents/D.A.V.E./ros2_ws/install/custom_interfaces/include/custom_interfaces/custom_interfaces/srv/detail/get_nav__traits.hpp
-- Installing: /home/isaac/Documents/D.A.V.E./ros2_ws/install/custom_interfaces/include/custom_interfaces/custom_interfaces/srv/detail/get_nav__struct.hpp
-- Installing: /home/isaac/Documents/D.A.V.E./ros2_ws/install/custom_interfaces/include/custom_interfaces/custom_interfaces/srv/detail/get_nav__builder.hpp
-- Installing: /home/isaac/Documents/D.A.V.E./ros2_ws/install/custom_interfaces/include/custom_interfaces/custom_interfaces/srv/detail/set_nav__struct.hpp
-- Installing: /home/isaac/Documents/D.A.V.E./ros2_ws/install/custom_interfaces/include/custom_interfaces/custom_interfaces/srv/detail/get_nav__type_support.hpp
-- Installing: /home/isaac/Documents/D.A.V.E./ros2_ws/install/custom_interfaces/include/custom_interfaces/custom_interfaces/srv/detail/set_nav__type_support.hpp
-- Installing: /home/isaac/Documents/D.A.V.E./ros2_ws/install/custom_interfaces/include/custom_interfaces/custom_interfaces/srv/detail/set_nav__builder.hpp
-- Installing: /home/isaac/Documents/D.A.V.E./ros2_ws/install/custom_interfaces/include/custom_interfaces/custom_interfaces/srv/detail/set_nav__traits.hpp
-- Installing: /home/isaac/Documents/D.A.V.E./ros2_ws/install/custom_interfaces/include/custom_interfaces/custom_interfaces/srv/get_nav.hpp
-- Installing: /home/isaac/Documents/D.A.V.E./ros2_ws/install/custom_interfaces/include/custom_interfaces/custom_interfaces/srv/set_nav.hpp
-- Up-to-date: /home/isaac/Documents/D.A.V.E./ros2_ws/install/custom_interfaces/include/custom_interfaces/custom_interfaces
-- Up-to-date: /home/isaac/Documents/D.A.V.E./ros2_ws/install/custom_interfaces/include/custom_interfaces/custom_interfaces/msg
-- Installing: /home/isaac/Documents/D.A.V.E./ros2_ws/install/custom_interfaces/include/custom_interfaces/custom_interfaces/msg/rosidl_typesupport_fastrtps_cpp__visibility_control.h
-- Up-to-date: /home/isaac/Documents/D.A.V.E./ros2_ws/install/custom_interfaces/include/custom_interfaces/custom_interfaces/srv
-- Up-to-date: /home/isaac/Documents/D.A.V.E./ros2_ws/install/custom_interfaces/include/custom_interfaces/custom_interfaces/srv/detail
-- Installing: /home/isaac/Documents/D.A.V.E./ros2_ws/install/custom_interfaces/include/custom_interfaces/custom_interfaces/srv/detail/dds_fastrtps
-- Installing: /home/isaac/Documents/D.A.V.E./ros2_ws/install/custom_interfaces/include/custom_interfaces/custom_interfaces/srv/detail/set_nav__rosidl_typesupport_fastrtps_cpp.hpp
-- Installing: /home/isaac/Documents/D.A.V.E./ros2_ws/install/custom_interfaces/include/custom_interfaces/custom_interfaces/srv/detail/get_nav__rosidl_typesupport_fastrtps_cpp.hpp
-- Installing: /home/isaac/Documents/D.A.V.E./ros2_ws/install/custom_interfaces/lib/libcustom_interfaces__rosidl_typesupport_fastrtps_cpp.so
-- Set runtime path of "/home/isaac/Documents/D.A.V.E./ros2_ws/install/custom_interfaces/lib/libcustom_interfaces__rosidl_typesupport_fastrtps_cpp.so" to ""
-- Up-to-date: /home/isaac/Documents/D.A.V.E./ros2_ws/install/custom_interfaces/include/custom_interfaces/custom_interfaces
-- Up-to-date: /home/isaac/Documents/D.A.V.E./ros2_ws/install/custom_interfaces/include/custom_interfaces/custom_interfaces/srv
-- Up-to-date: /home/isaac/Documents/D.A.V.E./ros2_ws/install/custom_interfaces/include/custom_interfaces/custom_interfaces/srv/detail
-- Installing: /home/isaac/Documents/D.A.V.E./ros2_ws/install/custom_interfaces/include/custom_interfaces/custom_interfaces/srv/detail/set_nav__type_support.cpp
-- Installing: /home/isaac/Documents/D.A.V.E./ros2_ws/install/custom_interfaces/include/custom_interfaces/custom_interfaces/srv/detail/get_nav__type_support.cpp
-- Installing: /home/isaac/Documents/D.A.V.E./ros2_ws/install/custom_interfaces/include/custom_interfaces/custom_interfaces/srv/detail/set_nav__rosidl_typesupport_introspection_cpp.hpp
-- Installing: /home/isaac/Documents/D.A.V.E./ros2_ws/install/custom_interfaces/include/custom_interfaces/custom_interfaces/srv/detail/get_nav__rosidl_typesupport_introspection_cpp.hpp
-- Installing: /home/isaac/Documents/D.A.V.E./ros2_ws/install/custom_interfaces/lib/libcustom_interfaces__rosidl_typesupport_introspection_cpp.so
-- Set runtime path of "/home/isaac/Documents/D.A.V.E./ros2_ws/install/custom_interfaces/lib/libcustom_interfaces__rosidl_typesupport_introspection_cpp.so" to ""
-- Installing: /home/isaac/Documents/D.A.V.E./ros2_ws/install/custom_interfaces/lib/libcustom_interfaces__rosidl_typesupport_cpp.so
-- Set runtime path of "/home/isaac/Documents/D.A.V.E./ros2_ws/install/custom_interfaces/lib/libcustom_interfaces__rosidl_typesupport_cpp.so" to ""
-- Installing: /home/isaac/Documents/D.A.V.E./ros2_ws/install/custom_interfaces/share/custom_interfaces/environment/pythonpath.sh
-- Installing: /home/isaac/Documents/D.A.V.E./ros2_ws/install/custom_interfaces/share/custom_interfaces/environment/pythonpath.dsv
-- Installing: /home/isaac/Documents/D.A.V.E./ros2_ws/install/custom_interfaces/local/lib/python3.10/dist-packages/custom_interfaces-0.0.0-py3.10.egg-info
-- Installing: /home/isaac/Documents/D.A.V.E./ros2_ws/install/custom_interfaces/local/lib/python3.10/dist-packages/custom_interfaces-0.0.0-py3.10.egg-info/SOURCES.txt
-- Installing: /home/isaac/Documents/D.A.V.E./ros2_ws/install/custom_interfaces/local/lib/python3.10/dist-packages/custom_interfaces-0.0.0-py3.10.egg-info/top_level.txt
-- Installing: /home/isaac/Documents/D.A.V.E./ros2_ws/install/custom_interfaces/local/lib/python3.10/dist-packages/custom_interfaces-0.0.0-py3.10.egg-info/dependency_links.txt
-- Installing: /home/isaac/Documents/D.A.V.E./ros2_ws/install/custom_interfaces/local/lib/python3.10/dist-packages/custom_interfaces-0.0.0-py3.10.egg-info/PKG-INFO
-- Installing: /home/isaac/Documents/D.A.V.E./ros2_ws/install/custom_interfaces/local/lib/python3.10/dist-packages/custom_interfaces
-- Installing: /home/isaac/Documents/D.A.V.E./ros2_ws/install/custom_interfaces/local/lib/python3.10/dist-packages/custom_interfaces/_custom_interfaces_s.ep.rosidl_typesupport_c.c
-- Installing: /home/isaac/Documents/D.A.V.E./ros2_ws/install/custom_interfaces/local/lib/python3.10/dist-packages/custom_interfaces/custom_interfaces_s__rosidl_typesupport_introspection_c.cpython-310-x86_64-linux-gnu.so
-- Installing: /home/isaac/Documents/D.A.V.E./ros2_ws/install/custom_interfaces/local/lib/python3.10/dist-packages/custom_interfaces/__init__.py
-- Installing: /home/isaac/Documents/D.A.V.E./ros2_ws/install/custom_interfaces/local/lib/python3.10/dist-packages/custom_interfaces/libcustom_interfaces__rosidl_generator_py.so
-- Installing: /home/isaac/Documents/D.A.V.E./ros2_ws/install/custom_interfaces/local/lib/python3.10/dist-packages/custom_interfaces/_custom_interfaces_s.ep.rosidl_typesupport_introspection_c.c
-- Installing: /home/isaac/Documents/D.A.V.E./ros2_ws/install/custom_interfaces/local/lib/python3.10/dist-packages/custom_interfaces/custom_interfaces_s__rosidl_typesupport_c.cpython-310-x86_64-linux-gnu.so
-- Installing: /home/isaac/Documents/D.A.V.E./ros2_ws/install/custom_interfaces/local/lib/python3.10/dist-packages/custom_interfaces/_custom_interfaces_s.ep.rosidl_typesupport_fastrtps_c.c
-- Installing: /home/isaac/Documents/D.A.V.E./ros2_ws/install/custom_interfaces/local/lib/python3.10/dist-packages/custom_interfaces/custom_interfaces_s__rosidl_typesupport_fastrtps_c.cpython-310-x86_64-linux-gnu.so
-- Installing: /home/isaac/Documents/D.A.V.E./ros2_ws/install/custom_interfaces/local/lib/python3.10/dist-packages/custom_interfaces/srv
-- Installing: /home/isaac/Documents/D.A.V.E./ros2_ws/install/custom_interfaces/local/lib/python3.10/dist-packages/custom_interfaces/srv/__init__.py
-- Installing: /home/isaac/Documents/D.A.V.E./ros2_ws/install/custom_interfaces/local/lib/python3.10/dist-packages/custom_interfaces/srv/_get_nav_s.c
-- Installing: /home/isaac/Documents/D.A.V.E./ros2_ws/install/custom_interfaces/local/lib/python3.10/dist-packages/custom_interfaces/srv/_get_nav.py
-- Installing: /home/isaac/Documents/D.A.V.E./ros2_ws/install/custom_interfaces/local/lib/python3.10/dist-packages/custom_interfaces/srv/_set_nav.py
-- Installing: /home/isaac/Documents/D.A.V.E./ros2_ws/install/custom_interfaces/local/lib/python3.10/dist-packages/custom_interfaces/srv/_set_nav_s.c
Listing '/home/isaac/Documents/D.A.V.E./ros2_ws/install/custom_interfaces/local/lib/python3.10/dist-packages/custom_interfaces'...
Compiling '/home/isaac/Documents/D.A.V.E./ros2_ws/install/custom_interfaces/local/lib/python3.10/dist-packages/custom_interfaces/__init__.py'...
Listing '/home/isaac/Documents/D.A.V.E./ros2_ws/install/custom_interfaces/local/lib/python3.10/dist-packages/custom_interfaces/srv'...
Compiling '/home/isaac/Documents/D.A.V.E./ros2_ws/install/custom_interfaces/local/lib/python3.10/dist-packages/custom_interfaces/srv/__init__.py'...
Compiling '/home/isaac/Documents/D.A.V.E./ros2_ws/install/custom_interfaces/local/lib/python3.10/dist-packages/custom_interfaces/srv/_get_nav.py'...
Compiling '/home/isaac/Documents/D.A.V.E./ros2_ws/install/custom_interfaces/local/lib/python3.10/dist-packages/custom_interfaces/srv/_set_nav.py'...
-- Installing: /home/isaac/Documents/D.A.V.E./ros2_ws/install/custom_interfaces/local/lib/python3.10/dist-packages/custom_interfaces/custom_interfaces_s__rosidl_typesupport_fastrtps_c.cpython-310-x86_64-linux-gnu.so
-- Set runtime path of "/home/isaac/Documents/D.A.V.E./ros2_ws/install/custom_interfaces/local/lib/python3.10/dist-packages/custom_interfaces/custom_interfaces_s__rosidl_typesupport_fastrtps_c.cpython-310-x86_64-linux-gnu.so" to ""
-- Installing: /home/isaac/Documents/D.A.V.E./ros2_ws/install/custom_interfaces/local/lib/python3.10/dist-packages/custom_interfaces/custom_interfaces_s__rosidl_typesupport_introspection_c.cpython-310-x86_64-linux-gnu.so
-- Set runtime path of "/home/isaac/Documents/D.A.V.E./ros2_ws/install/custom_interfaces/local/lib/python3.10/dist-packages/custom_interfaces/custom_interfaces_s__rosidl_typesupport_introspection_c.cpython-310-x86_64-linux-gnu.so" to ""
-- Installing: /home/isaac/Documents/D.A.V.E./ros2_ws/install/custom_interfaces/local/lib/python3.10/dist-packages/custom_interfaces/custom_interfaces_s__rosidl_typesupport_c.cpython-310-x86_64-linux-gnu.so
-- Set runtime path of "/home/isaac/Documents/D.A.V.E./ros2_ws/install/custom_interfaces/local/lib/python3.10/dist-packages/custom_interfaces/custom_interfaces_s__rosidl_typesupport_c.cpython-310-x86_64-linux-gnu.so" to ""
-- Installing: /home/isaac/Documents/D.A.V.E./ros2_ws/install/custom_interfaces/lib/libcustom_interfaces__rosidl_generator_py.so
-- Set runtime path of "/home/isaac/Documents/D.A.V.E./ros2_ws/install/custom_interfaces/lib/libcustom_interfaces__rosidl_generator_py.so" to ""
-- Installing: /home/isaac/Documents/D.A.V.E./ros2_ws/install/custom_interfaces/share/custom_interfaces/srv/GetNav.idl
-- Installing: /home/isaac/Documents/D.A.V.E./ros2_ws/install/custom_interfaces/share/custom_interfaces/srv/SetNav.idl
-- Installing: /home/isaac/Documents/D.A.V.E./ros2_ws/install/custom_interfaces/share/custom_interfaces/srv/GetNav.srv
-- Installing: /home/isaac/Documents/D.A.V.E./ros2_ws/install/custom_interfaces/share/custom_interfaces/srv/GetNav_Request.msg
-- Installing: /home/isaac/Documents/D.A.V.E./ros2_ws/install/custom_interfaces/share/custom_interfaces/srv/GetNav_Response.msg
-- Installing: /home/isaac/Documents/D.A.V.E./ros2_ws/install/custom_interfaces/share/custom_interfaces/srv/SetNav.srv
-- Installing: /home/isaac/Documents/D.A.V.E./ros2_ws/install/custom_interfaces/share/custom_interfaces/srv/SetNav_Request.msg
-- Installing: /home/isaac/Documents/D.A.V.E./ros2_ws/install/custom_interfaces/share/custom_interfaces/srv/SetNav_Response.msg
-- Up-to-date: /home/isaac/Documents/D.A.V.E./ros2_ws/install/custom_interfaces/share/ament_index/resource_index/package_run_dependencies/custom_interfaces
-- Installing: /home/isaac/Documents/D.A.V.E./ros2_ws/install/custom_interfaces/share/ament_index/resource_index/parent_prefix_path/custom_interfaces
-- Up-to-date: /home/isaac/Documents/D.A.V.E./ros2_ws/install/custom_interfaces/share/custom_interfaces/environment/ament_prefix_path.sh
-- Installing: /home/isaac/Documents/D.A.V.E./ros2_ws/install/custom_interfaces/share/custom_interfaces/environment/ament_prefix_path.dsv
-- Up-to-date: /home/isaac/Documents/D.A.V.E./ros2_ws/install/custom_interfaces/share/custom_interfaces/environment/path.sh
-- Installing: /home/isaac/Documents/D.A.V.E./ros2_ws/install/custom_interfaces/share/custom_interfaces/environment/path.dsv
-- Up-to-date: /home/isaac/Documents/D.A.V.E./ros2_ws/install/custom_interfaces/share/custom_interfaces/local_setup.bash
-- Installing: /home/isaac/Documents/D.A.V.E./ros2_ws/install/custom_interfaces/share/custom_interfaces/local_setup.sh
-- Up-to-date: /home/isaac/Documents/D.A.V.E./ros2_ws/install/custom_interfaces/share/custom_interfaces/local_setup.zsh
-- Installing: /home/isaac/Documents/D.A.V.E./ros2_ws/install/custom_interfaces/share/custom_interfaces/local_setup.dsv
-- Installing: /home/isaac/Documents/D.A.V.E./ros2_ws/install/custom_interfaces/share/custom_interfaces/package.dsv
-- Up-to-date: /home/isaac/Documents/D.A.V.E./ros2_ws/install/custom_interfaces/share/ament_index/resource_index/packages/custom_interfaces
-- Installing: /home/isaac/Documents/D.A.V.E./ros2_ws/install/custom_interfaces/share/custom_interfaces/cmake/export_custom_interfaces__rosidl_generator_cExport.cmake
-- Installing: /home/isaac/Documents/D.A.V.E./ros2_ws/install/custom_interfaces/share/custom_interfaces/cmake/export_custom_interfaces__rosidl_generator_cExport-noconfig.cmake
-- Installing: /home/isaac/Documents/D.A.V.E./ros2_ws/install/custom_interfaces/share/custom_interfaces/cmake/export_custom_interfaces__rosidl_typesupport_fastrtps_cExport.cmake
-- Installing: /home/isaac/Documents/D.A.V.E./ros2_ws/install/custom_interfaces/share/custom_interfaces/cmake/export_custom_interfaces__rosidl_typesupport_fastrtps_cExport-noconfig.cmake
-- Installing: /home/isaac/Documents/D.A.V.E./ros2_ws/install/custom_interfaces/share/custom_interfaces/cmake/custom_interfaces__rosidl_typesupport_introspection_cExport.cmake
-- Installing: /home/isaac/Documents/D.A.V.E./ros2_ws/install/custom_interfaces/share/custom_interfaces/cmake/custom_interfaces__rosidl_typesupport_introspection_cExport-noconfig.cmake
-- Installing: /home/isaac/Documents/D.A.V.E./ros2_ws/install/custom_interfaces/share/custom_interfaces/cmake/custom_interfaces__rosidl_typesupport_cExport.cmake
-- Installing: /home/isaac/Documents/D.A.V.E./ros2_ws/install/custom_interfaces/share/custom_interfaces/cmake/custom_interfaces__rosidl_typesupport_cExport-noconfig.cmake
-- Installing: /home/isaac/Documents/D.A.V.E./ros2_ws/install/custom_interfaces/share/custom_interfaces/cmake/export_custom_interfaces__rosidl_generator_cppExport.cmake
-- Installing: /home/isaac/Documents/D.A.V.E./ros2_ws/install/custom_interfaces/share/custom_interfaces/cmake/export_custom_interfaces__rosidl_typesupport_fastrtps_cppExport.cmake
-- Installing: /home/isaac/Documents/D.A.V.E./ros2_ws/install/custom_interfaces/share/custom_interfaces/cmake/export_custom_interfaces__rosidl_typesupport_fastrtps_cppExport-noconfig.cmake
-- Installing: /home/isaac/Documents/D.A.V.E./ros2_ws/install/custom_interfaces/share/custom_interfaces/cmake/custom_interfaces__rosidl_typesupport_introspection_cppExport.cmake
-- Installing: /home/isaac/Documents/D.A.V.E./ros2_ws/install/custom_interfaces/share/custom_interfaces/cmake/custom_interfaces__rosidl_typesupport_introspection_cppExport-noconfig.cmake
-- Installing: /home/isaac/Documents/D.A.V.E./ros2_ws/install/custom_interfaces/share/custom_interfaces/cmake/custom_interfaces__rosidl_typesupport_cppExport.cmake
-- Installing: /home/isaac/Documents/D.A.V.E./ros2_ws/install/custom_interfaces/share/custom_interfaces/cmake/custom_interfaces__rosidl_typesupport_cppExport-noconfig.cmake
-- Installing: /home/isaac/Documents/D.A.V.E./ros2_ws/install/custom_interfaces/share/custom_interfaces/cmake/export_custom_interfaces__rosidl_generator_pyExport.cmake
-- Installing: /home/isaac/Documents/D.A.V.E./ros2_ws/install/custom_interfaces/share/custom_interfaces/cmake/export_custom_interfaces__rosidl_generator_pyExport-noconfig.cmake
-- Installing: /home/isaac/Documents/D.A.V.E./ros2_ws/install/custom_interfaces/share/custom_interfaces/cmake/rosidl_cmake-extras.cmake
-- Installing: /home/isaac/Documents/D.A.V.E./ros2_ws/install/custom_interfaces/share/custom_interfaces/cmake/ament_cmake_export_include_directories-extras.cmake
-- Installing: /home/isaac/Documents/D.A.V.E./ros2_ws/install/custom_interfaces/share/custom_interfaces/cmake/ament_cmake_export_libraries-extras.cmake
-- Installing: /home/isaac/Documents/D.A.V.E./ros2_ws/install/custom_interfaces/share/custom_interfaces/cmake/ament_cmake_export_targets-extras.cmake
-- Installing: /home/isaac/Documents/D.A.V.E./ros2_ws/install/custom_interfaces/share/custom_interfaces/cmake/rosidl_cmake_export_typesupport_targets-extras.cmake
-- Installing: /home/isaac/Documents/D.A.V.E./ros2_ws/install/custom_interfaces/share/custom_interfaces/cmake/ament_cmake_export_dependencies-extras.cmake
-- Installing: /home/isaac/Documents/D.A.V.E./ros2_ws/install/custom_interfaces/share/custom_interfaces/cmake/rosidl_cmake_export_typesupport_libraries-extras.cmake
-- Installing: /home/isaac/Documents/D.A.V.E./ros2_ws/install/custom_interfaces/share/custom_interfaces/cmake/custom_interfacesConfig.cmake
-- Up-to-date: /home/isaac/Documents/D.A.V.E./ros2_ws/install/custom_interfaces/share/custom_interfaces/cmake/custom_interfacesConfig-version.cmake
-- Installing: /home/isaac/Documents/D.A.V.E./ros2_ws/install/custom_interfaces/share/custom_interfaces/package.xml
