[0.008s] Invoking command in '/home/isaac/Documents/D.A.V.E./ros2_ws/build/custom_interfaces': CMAKE_PREFIX_PATH=${CMAKE_PREFIX_PATH}:/opt/ros/humble /usr/bin/cmake --build /home/isaac/Documents/D.A.V.E./ros2_ws/build/custom_interfaces -- -j16 -l16
[0.029s] -- Found ament_cmake: 1.3.13 (/opt/ros/humble/share/ament_cmake/cmake)
[0.118s] -- Found rosidl_default_generators: 1.2.0 (/opt/ros/humble/share/rosidl_default_generators/cmake)
[0.119s] -- Using all available rosidl_typesupport_c: rosidl_typesupport_fastrtps_c;rosidl_typesupport_introspection_c
[0.121s] -- Found rosidl_adapter: 3.1.8 (/opt/ros/humble/share/rosidl_adapter/cmake)
[0.141s] -- Using all available rosidl_typesupport_cpp: rosidl_typesupport_fastrtps_cpp;rosidl_typesupport_introspection_cpp
[0.341s] -- Found ament_cmake_ros: 0.10.0 (/opt/ros/humble/share/ament_cmake_ros/cmake)
[0.480s] -- Using all available rosidl_typesupport_c: rosidl_typesupport_fastrtps_c;rosidl_typesupport_introspection_c
[0.655s] -- Using all available rosidl_typesupport_cpp: rosidl_typesupport_fastrtps_cpp;rosidl_typesupport_introspection_cpp
[0.674s] -- Found PythonInterp: /usr/bin/python3 (found suitable version "3.10.12", minimum required is "3.6") 
[0.676s] -- Found python_cmake_module: 0.10.0 (/opt/ros/humble/share/python_cmake_module/cmake)
[0.698s] -- Found PythonLibs: /usr/lib/x86_64-linux-gnu/libpython3.10.so (found suitable version "3.10.12", minimum required is "3.5") 
[0.698s] -- Using PYTHON_EXECUTABLE: /usr/bin/python3
[0.698s] -- Using PYTHON_INCLUDE_DIRS: /usr/include/python3.10
[0.698s] -- Using PYTHON_LIBRARIES: /usr/lib/x86_64-linux-gnu/libpython3.10.so
[0.713s] -- Found PythonExtra: .so  
[0.737s] -- Found ament_lint_auto: 0.12.15 (/opt/ros/humble/share/ament_lint_auto/cmake)
[0.746s] -- Added test 'lint_cmake' to check CMake code style
[0.747s] -- Added test 'xmllint' to check XML markup files
[0.749s] -- Configuring done
[0.774s] -- Generating done
[0.785s] -- Build files have been written to: /home/isaac/Documents/D.A.V.E./ros2_ws/build/custom_interfaces
[0.811s] [  2%] [34m[1mGenerating C code for ROS interfaces[0m
[0.821s] [  5%] [34m[1mGenerating C++ code for ROS interfaces[0m
[0.827s] [  5%] Built target ament_cmake_python_copy_custom_interfaces
[1.001s] running egg_info
[1.001s] creating custom_interfaces.egg-info
[1.002s] writing custom_interfaces.egg-info/PKG-INFO
[1.002s] writing dependency_links to custom_interfaces.egg-info/dependency_links.txt
[1.002s] writing top-level names to custom_interfaces.egg-info/top_level.txt
[1.002s] writing manifest file 'custom_interfaces.egg-info/SOURCES.txt'
[1.004s] reading manifest file 'custom_interfaces.egg-info/SOURCES.txt'
[1.005s] writing manifest file 'custom_interfaces.egg-info/SOURCES.txt'
[1.030s] [  5%] Built target ament_cmake_python_build_custom_interfaces_egg
[1.060s] [  5%] Built target custom_interfaces__cpp
[1.068s] [  7%] [34m[1mGenerating C++ introspection for ROS interfaces[0m
[1.068s] [ 10%] [34m[1mGenerating C++ type support dispatch for ROS interfaces[0m
[1.068s] [ 12%] [34m[1mGenerating C++ type support for eProsima Fast-RTPS[0m
[1.077s] [ 15%] [32mBuilding C object CMakeFiles/custom_interfaces__rosidl_generator_c.dir/rosidl_generator_c/custom_interfaces/srv/detail/get_nav__functions.c.o[0m
[1.078s] [ 17%] [32mBuilding C object CMakeFiles/custom_interfaces__rosidl_generator_c.dir/rosidl_generator_c/custom_interfaces/srv/detail/set_nav__functions.c.o[0m
[1.126s] [ 20%] [32m[1mLinking C shared library libcustom_interfaces__rosidl_generator_c.so[0m
[1.161s] [ 20%] Built target custom_interfaces__rosidl_generator_c
[1.170s] [ 28%] [34m[1mGenerating C type support dispatch for ROS interfaces[0m
[1.170s] [ 28%] [34m[1mGenerating C type support for eProsima Fast-RTPS[0m
[1.170s] [ 28%] [34m[1mGenerating C introspection for ROS interfaces[0m
[1.272s] [ 33%] [32mBuilding CXX object CMakeFiles/custom_interfaces__rosidl_typesupport_cpp.dir/rosidl_typesupport_cpp/custom_interfaces/srv/set_nav__type_support.cpp.o[0m
[1.272s] [ 33%] [32mBuilding CXX object CMakeFiles/custom_interfaces__rosidl_typesupport_cpp.dir/rosidl_typesupport_cpp/custom_interfaces/srv/get_nav__type_support.cpp.o[0m
[1.282s] [ 38%] [32mBuilding CXX object CMakeFiles/custom_interfaces__rosidl_typesupport_introspection_cpp.dir/rosidl_typesupport_introspection_cpp/custom_interfaces/srv/detail/get_nav__type_support.cpp.o[0m
[1.282s] [ 38%] [32mBuilding CXX object CMakeFiles/custom_interfaces__rosidl_typesupport_introspection_cpp.dir/rosidl_typesupport_introspection_cpp/custom_interfaces/srv/detail/set_nav__type_support.cpp.o[0m
[1.306s] [ 41%] [32mBuilding CXX object CMakeFiles/custom_interfaces__rosidl_typesupport_fastrtps_cpp.dir/rosidl_typesupport_fastrtps_cpp/custom_interfaces/srv/detail/dds_fastrtps/get_nav__type_support.cpp.o[0m
[1.306s] [ 43%] [32mBuilding CXX object CMakeFiles/custom_interfaces__rosidl_typesupport_fastrtps_cpp.dir/rosidl_typesupport_fastrtps_cpp/custom_interfaces/srv/detail/dds_fastrtps/set_nav__type_support.cpp.o[0m
[1.397s] [ 46%] [32mBuilding CXX object CMakeFiles/custom_interfaces__rosidl_typesupport_c.dir/rosidl_typesupport_c/custom_interfaces/srv/get_nav__type_support.cpp.o[0m
[1.400s] [ 48%] [32mBuilding CXX object CMakeFiles/custom_interfaces__rosidl_typesupport_c.dir/rosidl_typesupport_c/custom_interfaces/srv/set_nav__type_support.cpp.o[0m
[1.415s] [ 51%] [32mBuilding CXX object CMakeFiles/custom_interfaces__rosidl_typesupport_fastrtps_c.dir/rosidl_typesupport_fastrtps_c/custom_interfaces/srv/detail/get_nav__type_support_c.cpp.o[0m
[1.418s] [ 53%] [32mBuilding CXX object CMakeFiles/custom_interfaces__rosidl_typesupport_fastrtps_c.dir/rosidl_typesupport_fastrtps_c/custom_interfaces/srv/detail/set_nav__type_support_c.cpp.o[0m
[1.426s] [ 58%] [32mBuilding C object CMakeFiles/custom_interfaces__rosidl_typesupport_introspection_c.dir/rosidl_typesupport_introspection_c/custom_interfaces/srv/detail/set_nav__type_support.c.o[0m
[1.426s] [ 58%] [32mBuilding C object CMakeFiles/custom_interfaces__rosidl_typesupport_introspection_c.dir/rosidl_typesupport_introspection_c/custom_interfaces/srv/detail/get_nav__type_support.c.o[0m
[1.440s] [ 61%] [32m[1mLinking CXX shared library libcustom_interfaces__rosidl_typesupport_c.so[0m
[1.469s] [ 64%] [32m[1mLinking C shared library libcustom_interfaces__rosidl_typesupport_introspection_c.so[0m
[1.483s] [ 64%] Built target custom_interfaces__rosidl_typesupport_c
[1.502s] [ 64%] Built target custom_interfaces__rosidl_typesupport_introspection_c
[1.525s] [ 66%] [32m[1mLinking CXX shared library libcustom_interfaces__rosidl_typesupport_cpp.so[0m
[1.568s] [ 66%] Built target custom_interfaces__rosidl_typesupport_cpp
[1.621s] [ 69%] [32m[1mLinking CXX shared library libcustom_interfaces__rosidl_typesupport_introspection_cpp.so[0m
[1.656s] [ 71%] [32m[1mLinking CXX shared library libcustom_interfaces__rosidl_typesupport_fastrtps_cpp.so[0m
[1.682s] [ 71%] Built target custom_interfaces__rosidl_typesupport_introspection_cpp
[1.711s] [ 74%] [32m[1mLinking CXX shared library libcustom_interfaces__rosidl_typesupport_fastrtps_c.so[0m
[1.727s] [ 74%] Built target custom_interfaces__rosidl_typesupport_fastrtps_cpp
[1.771s] [ 74%] Built target custom_interfaces__rosidl_typesupport_fastrtps_c
[1.788s] [ 74%] Built target custom_interfaces
[1.807s] [ 76%] [34m[1mGenerating Python code for ROS interfaces[0m
[2.119s] [ 76%] Built target custom_interfaces__py
[2.138s] [ 79%] [32mBuilding C object CMakeFiles/custom_interfaces__rosidl_generator_py.dir/rosidl_generator_py/custom_interfaces/srv/_get_nav_s.c.o[0m
[2.138s] [ 82%] [32mBuilding C object CMakeFiles/custom_interfaces__rosidl_generator_py.dir/rosidl_generator_py/custom_interfaces/srv/_set_nav_s.c.o[0m
[2.229s] [ 84%] [32m[1mLinking C shared library rosidl_generator_py/custom_interfaces/libcustom_interfaces__rosidl_generator_py.so[0m
[2.264s] [ 84%] Built target custom_interfaces__rosidl_generator_py
[2.281s] [ 92%] [32mBuilding C object CMakeFiles/custom_interfaces__rosidl_typesupport_introspection_c__pyext.dir/rosidl_generator_py/custom_interfaces/_custom_interfaces_s.ep.rosidl_typesupport_introspection_c.c.o[0m
[2.282s] [ 92%] [32mBuilding C object CMakeFiles/custom_interfaces__rosidl_typesupport_c__pyext.dir/rosidl_generator_py/custom_interfaces/_custom_interfaces_s.ep.rosidl_typesupport_c.c.o[0m
[2.282s] [ 92%] [32mBuilding C object CMakeFiles/custom_interfaces__rosidl_typesupport_fastrtps_c__pyext.dir/rosidl_generator_py/custom_interfaces/_custom_interfaces_s.ep.rosidl_typesupport_fastrtps_c.c.o[0m
[2.355s] [ 94%] [32m[1mLinking C shared library rosidl_generator_py/custom_interfaces/custom_interfaces_s__rosidl_typesupport_c.cpython-310-x86_64-linux-gnu.so[0m
[2.355s] [ 97%] [32m[1mLinking C shared library rosidl_generator_py/custom_interfaces/custom_interfaces_s__rosidl_typesupport_introspection_c.cpython-310-x86_64-linux-gnu.so[0m
[2.357s] [100%] [32m[1mLinking C shared library rosidl_generator_py/custom_interfaces/custom_interfaces_s__rosidl_typesupport_fastrtps_c.cpython-310-x86_64-linux-gnu.so[0m
[2.383s] [100%] Built target custom_interfaces__rosidl_typesupport_c__pyext
[2.383s] [100%] Built target custom_interfaces__rosidl_typesupport_introspection_c__pyext
[2.385s] [100%] Built target custom_interfaces__rosidl_typesupport_fastrtps_c__pyext
[2.396s] Invoked command in '/home/isaac/Documents/D.A.V.E./ros2_ws/build/custom_interfaces' returned '0': CMAKE_PREFIX_PATH=${CMAKE_PREFIX_PATH}:/opt/ros/humble /usr/bin/cmake --build /home/isaac/Documents/D.A.V.E./ros2_ws/build/custom_interfaces -- -j16 -l16
[2.405s] Invoking command in '/home/isaac/Documents/D.A.V.E./ros2_ws/build/custom_interfaces': CMAKE_PREFIX_PATH=${CMAKE_PREFIX_PATH}:/opt/ros/humble /usr/bin/cmake --install /home/isaac/Documents/D.A.V.E./ros2_ws/build/custom_interfaces
[2.413s] -- Install configuration: ""
[2.413s] -- Installing: /home/isaac/Documents/D.A.V.E./ros2_ws/install/custom_interfaces/share/ament_index/resource_index/rosidl_interfaces/custom_interfaces
[2.413s] -- Installing: /home/isaac/Documents/D.A.V.E./ros2_ws/install/custom_interfaces/include/custom_interfaces/custom_interfaces
[2.413s] -- Installing: /home/isaac/Documents/D.A.V.E./ros2_ws/install/custom_interfaces/include/custom_interfaces/custom_interfaces/msg
[2.413s] -- Installing: /home/isaac/Documents/D.A.V.E./ros2_ws/install/custom_interfaces/include/custom_interfaces/custom_interfaces/msg/rosidl_generator_c__visibility_control.h
[2.413s] -- Installing: /home/isaac/Documents/D.A.V.E./ros2_ws/install/custom_interfaces/include/custom_interfaces/custom_interfaces/srv
[2.413s] -- Installing: /home/isaac/Documents/D.A.V.E./ros2_ws/install/custom_interfaces/include/custom_interfaces/custom_interfaces/srv/detail
[2.413s] -- Installing: /home/isaac/Documents/D.A.V.E./ros2_ws/install/custom_interfaces/include/custom_interfaces/custom_interfaces/srv/detail/set_nav__functions.c
[2.414s] -- Installing: /home/isaac/Documents/D.A.V.E./ros2_ws/install/custom_interfaces/include/custom_interfaces/custom_interfaces/srv/detail/get_nav__functions.h
[2.414s] -- Installing: /home/isaac/Documents/D.A.V.E./ros2_ws/install/custom_interfaces/include/custom_interfaces/custom_interfaces/srv/detail/set_nav__struct.h
[2.414s] -- Installing: /home/isaac/Documents/D.A.V.E./ros2_ws/install/custom_interfaces/include/custom_interfaces/custom_interfaces/srv/detail/set_nav__functions.h
[2.414s] -- Installing: /home/isaac/Documents/D.A.V.E./ros2_ws/install/custom_interfaces/include/custom_interfaces/custom_interfaces/srv/detail/get_nav__struct.h
[2.414s] -- Installing: /home/isaac/Documents/D.A.V.E./ros2_ws/install/custom_interfaces/include/custom_interfaces/custom_interfaces/srv/detail/get_nav__type_support.h
[2.414s] -- Installing: /home/isaac/Documents/D.A.V.E./ros2_ws/install/custom_interfaces/include/custom_interfaces/custom_interfaces/srv/detail/set_nav__type_support.h
[2.414s] -- Installing: /home/isaac/Documents/D.A.V.E./ros2_ws/install/custom_interfaces/include/custom_interfaces/custom_interfaces/srv/detail/get_nav__functions.c
[2.414s] -- Installing: /home/isaac/Documents/D.A.V.E./ros2_ws/install/custom_interfaces/include/custom_interfaces/custom_interfaces/srv/set_nav.h
[2.414s] -- Installing: /home/isaac/Documents/D.A.V.E./ros2_ws/install/custom_interfaces/include/custom_interfaces/custom_interfaces/srv/get_nav.h
[2.414s] -- Installing: /home/isaac/Documents/D.A.V.E./ros2_ws/install/custom_interfaces/share/custom_interfaces/environment/library_path.sh
[2.414s] -- Installing: /home/isaac/Documents/D.A.V.E./ros2_ws/install/custom_interfaces/share/custom_interfaces/environment/library_path.dsv
[2.415s] -- Installing: /home/isaac/Documents/D.A.V.E./ros2_ws/install/custom_interfaces/lib/libcustom_interfaces__rosidl_generator_c.so
[2.415s] -- Set runtime path of "/home/isaac/Documents/D.A.V.E./ros2_ws/install/custom_interfaces/lib/libcustom_interfaces__rosidl_generator_c.so" to ""
[2.415s] -- Up-to-date: /home/isaac/Documents/D.A.V.E./ros2_ws/install/custom_interfaces/include/custom_interfaces/custom_interfaces
[2.415s] -- Up-to-date: /home/isaac/Documents/D.A.V.E./ros2_ws/install/custom_interfaces/include/custom_interfaces/custom_interfaces/msg
[2.415s] -- Installing: /home/isaac/Documents/D.A.V.E./ros2_ws/install/custom_interfaces/include/custom_interfaces/custom_interfaces/msg/rosidl_typesupport_fastrtps_c__visibility_control.h
[2.415s] -- Up-to-date: /home/isaac/Documents/D.A.V.E./ros2_ws/install/custom_interfaces/include/custom_interfaces/custom_interfaces/srv
[2.415s] -- Up-to-date: /home/isaac/Documents/D.A.V.E./ros2_ws/install/custom_interfaces/include/custom_interfaces/custom_interfaces/srv/detail
[2.415s] -- Installing: /home/isaac/Documents/D.A.V.E./ros2_ws/install/custom_interfaces/include/custom_interfaces/custom_interfaces/srv/detail/get_nav__rosidl_typesupport_fastrtps_c.h
[2.415s] -- Installing: /home/isaac/Documents/D.A.V.E./ros2_ws/install/custom_interfaces/include/custom_interfaces/custom_interfaces/srv/detail/set_nav__rosidl_typesupport_fastrtps_c.h
[2.415s] -- Installing: /home/isaac/Documents/D.A.V.E./ros2_ws/install/custom_interfaces/lib/libcustom_interfaces__rosidl_typesupport_fastrtps_c.so
[2.416s] -- Set runtime path of "/home/isaac/Documents/D.A.V.E./ros2_ws/install/custom_interfaces/lib/libcustom_interfaces__rosidl_typesupport_fastrtps_c.so" to ""
[2.416s] -- Up-to-date: /home/isaac/Documents/D.A.V.E./ros2_ws/install/custom_interfaces/include/custom_interfaces/custom_interfaces
[2.416s] -- Up-to-date: /home/isaac/Documents/D.A.V.E./ros2_ws/install/custom_interfaces/include/custom_interfaces/custom_interfaces/msg
[2.416s] -- Installing: /home/isaac/Documents/D.A.V.E./ros2_ws/install/custom_interfaces/include/custom_interfaces/custom_interfaces/msg/rosidl_typesupport_introspection_c__visibility_control.h
[2.416s] -- Up-to-date: /home/isaac/Documents/D.A.V.E./ros2_ws/install/custom_interfaces/include/custom_interfaces/custom_interfaces/srv
[2.416s] -- Up-to-date: /home/isaac/Documents/D.A.V.E./ros2_ws/install/custom_interfaces/include/custom_interfaces/custom_interfaces/srv/detail
[2.416s] -- Installing: /home/isaac/Documents/D.A.V.E./ros2_ws/install/custom_interfaces/include/custom_interfaces/custom_interfaces/srv/detail/set_nav__rosidl_typesupport_introspection_c.h
[2.416s] -- Installing: /home/isaac/Documents/D.A.V.E./ros2_ws/install/custom_interfaces/include/custom_interfaces/custom_interfaces/srv/detail/get_nav__rosidl_typesupport_introspection_c.h
[2.416s] -- Installing: /home/isaac/Documents/D.A.V.E./ros2_ws/install/custom_interfaces/include/custom_interfaces/custom_interfaces/srv/detail/set_nav__type_support.c
[2.416s] -- Installing: /home/isaac/Documents/D.A.V.E./ros2_ws/install/custom_interfaces/include/custom_interfaces/custom_interfaces/srv/detail/get_nav__type_support.c
[2.416s] -- Installing: /home/isaac/Documents/D.A.V.E./ros2_ws/install/custom_interfaces/lib/libcustom_interfaces__rosidl_typesupport_introspection_c.so
[2.417s] -- Set runtime path of "/home/isaac/Documents/D.A.V.E./ros2_ws/install/custom_interfaces/lib/libcustom_interfaces__rosidl_typesupport_introspection_c.so" to ""
[2.417s] -- Installing: /home/isaac/Documents/D.A.V.E./ros2_ws/install/custom_interfaces/lib/libcustom_interfaces__rosidl_typesupport_c.so
[2.417s] -- Set runtime path of "/home/isaac/Documents/D.A.V.E./ros2_ws/install/custom_interfaces/lib/libcustom_interfaces__rosidl_typesupport_c.so" to ""
[2.417s] -- Up-to-date: /home/isaac/Documents/D.A.V.E./ros2_ws/install/custom_interfaces/include/custom_interfaces/custom_interfaces
[2.417s] -- Up-to-date: /home/isaac/Documents/D.A.V.E./ros2_ws/install/custom_interfaces/include/custom_interfaces/custom_interfaces/msg
[2.417s] -- Installing: /home/isaac/Documents/D.A.V.E./ros2_ws/install/custom_interfaces/include/custom_interfaces/custom_interfaces/msg/rosidl_generator_cpp__visibility_control.hpp
[2.417s] -- Up-to-date: /home/isaac/Documents/D.A.V.E./ros2_ws/install/custom_interfaces/include/custom_interfaces/custom_interfaces/srv
[2.417s] -- Up-to-date: /home/isaac/Documents/D.A.V.E./ros2_ws/install/custom_interfaces/include/custom_interfaces/custom_interfaces/srv/detail
[2.417s] -- Installing: /home/isaac/Documents/D.A.V.E./ros2_ws/install/custom_interfaces/include/custom_interfaces/custom_interfaces/srv/detail/get_nav__traits.hpp
[2.417s] -- Installing: /home/isaac/Documents/D.A.V.E./ros2_ws/install/custom_interfaces/include/custom_interfaces/custom_interfaces/srv/detail/get_nav__struct.hpp
[2.417s] -- Installing: /home/isaac/Documents/D.A.V.E./ros2_ws/install/custom_interfaces/include/custom_interfaces/custom_interfaces/srv/detail/get_nav__builder.hpp
[2.417s] -- Installing: /home/isaac/Documents/D.A.V.E./ros2_ws/install/custom_interfaces/include/custom_interfaces/custom_interfaces/srv/detail/set_nav__struct.hpp
[2.418s] -- Installing: /home/isaac/Documents/D.A.V.E./ros2_ws/install/custom_interfaces/include/custom_interfaces/custom_interfaces/srv/detail/get_nav__type_support.hpp
[2.418s] -- Installing: /home/isaac/Documents/D.A.V.E./ros2_ws/install/custom_interfaces/include/custom_interfaces/custom_interfaces/srv/detail/set_nav__type_support.hpp
[2.418s] -- Installing: /home/isaac/Documents/D.A.V.E./ros2_ws/install/custom_interfaces/include/custom_interfaces/custom_interfaces/srv/detail/set_nav__builder.hpp
[2.418s] -- Installing: /home/isaac/Documents/D.A.V.E./ros2_ws/install/custom_interfaces/include/custom_interfaces/custom_interfaces/srv/detail/set_nav__traits.hpp
[2.418s] -- Installing: /home/isaac/Documents/D.A.V.E./ros2_ws/install/custom_interfaces/include/custom_interfaces/custom_interfaces/srv/get_nav.hpp
[2.418s] -- Installing: /home/isaac/Documents/D.A.V.E./ros2_ws/install/custom_interfaces/include/custom_interfaces/custom_interfaces/srv/set_nav.hpp
[2.418s] -- Up-to-date: /home/isaac/Documents/D.A.V.E./ros2_ws/install/custom_interfaces/include/custom_interfaces/custom_interfaces
[2.418s] -- Up-to-date: /home/isaac/Documents/D.A.V.E./ros2_ws/install/custom_interfaces/include/custom_interfaces/custom_interfaces/msg
[2.418s] -- Installing: /home/isaac/Documents/D.A.V.E./ros2_ws/install/custom_interfaces/include/custom_interfaces/custom_interfaces/msg/rosidl_typesupport_fastrtps_cpp__visibility_control.h
[2.418s] -- Up-to-date: /home/isaac/Documents/D.A.V.E./ros2_ws/install/custom_interfaces/include/custom_interfaces/custom_interfaces/srv
[2.418s] -- Up-to-date: /home/isaac/Documents/D.A.V.E./ros2_ws/install/custom_interfaces/include/custom_interfaces/custom_interfaces/srv/detail
[2.418s] -- Installing: /home/isaac/Documents/D.A.V.E./ros2_ws/install/custom_interfaces/include/custom_interfaces/custom_interfaces/srv/detail/dds_fastrtps
[2.419s] -- Installing: /home/isaac/Documents/D.A.V.E./ros2_ws/install/custom_interfaces/include/custom_interfaces/custom_interfaces/srv/detail/set_nav__rosidl_typesupport_fastrtps_cpp.hpp
[2.419s] -- Installing: /home/isaac/Documents/D.A.V.E./ros2_ws/install/custom_interfaces/include/custom_interfaces/custom_interfaces/srv/detail/get_nav__rosidl_typesupport_fastrtps_cpp.hpp
[2.419s] -- Installing: /home/isaac/Documents/D.A.V.E./ros2_ws/install/custom_interfaces/lib/libcustom_interfaces__rosidl_typesupport_fastrtps_cpp.so
[2.419s] -- Set runtime path of "/home/isaac/Documents/D.A.V.E./ros2_ws/install/custom_interfaces/lib/libcustom_interfaces__rosidl_typesupport_fastrtps_cpp.so" to ""
[2.419s] -- Up-to-date: /home/isaac/Documents/D.A.V.E./ros2_ws/install/custom_interfaces/include/custom_interfaces/custom_interfaces
[2.419s] -- Up-to-date: /home/isaac/Documents/D.A.V.E./ros2_ws/install/custom_interfaces/include/custom_interfaces/custom_interfaces/srv
[2.419s] -- Up-to-date: /home/isaac/Documents/D.A.V.E./ros2_ws/install/custom_interfaces/include/custom_interfaces/custom_interfaces/srv/detail
[2.419s] -- Installing: /home/isaac/Documents/D.A.V.E./ros2_ws/install/custom_interfaces/include/custom_interfaces/custom_interfaces/srv/detail/set_nav__type_support.cpp
[2.419s] -- Installing: /home/isaac/Documents/D.A.V.E./ros2_ws/install/custom_interfaces/include/custom_interfaces/custom_interfaces/srv/detail/get_nav__type_support.cpp
[2.419s] -- Installing: /home/isaac/Documents/D.A.V.E./ros2_ws/install/custom_interfaces/include/custom_interfaces/custom_interfaces/srv/detail/set_nav__rosidl_typesupport_introspection_cpp.hpp
[2.420s] -- Installing: /home/isaac/Documents/D.A.V.E./ros2_ws/install/custom_interfaces/include/custom_interfaces/custom_interfaces/srv/detail/get_nav__rosidl_typesupport_introspection_cpp.hpp
[2.420s] -- Installing: /home/isaac/Documents/D.A.V.E./ros2_ws/install/custom_interfaces/lib/libcustom_interfaces__rosidl_typesupport_introspection_cpp.so
[2.420s] -- Set runtime path of "/home/isaac/Documents/D.A.V.E./ros2_ws/install/custom_interfaces/lib/libcustom_interfaces__rosidl_typesupport_introspection_cpp.so" to ""
[2.420s] -- Installing: /home/isaac/Documents/D.A.V.E./ros2_ws/install/custom_interfaces/lib/libcustom_interfaces__rosidl_typesupport_cpp.so
[2.420s] -- Set runtime path of "/home/isaac/Documents/D.A.V.E./ros2_ws/install/custom_interfaces/lib/libcustom_interfaces__rosidl_typesupport_cpp.so" to ""
[2.420s] -- Installing: /home/isaac/Documents/D.A.V.E./ros2_ws/install/custom_interfaces/share/custom_interfaces/environment/pythonpath.sh
[2.421s] -- Installing: /home/isaac/Documents/D.A.V.E./ros2_ws/install/custom_interfaces/share/custom_interfaces/environment/pythonpath.dsv
[2.421s] -- Installing: /home/isaac/Documents/D.A.V.E./ros2_ws/install/custom_interfaces/local/lib/python3.10/dist-packages/custom_interfaces-0.0.0-py3.10.egg-info
[2.421s] -- Installing: /home/isaac/Documents/D.A.V.E./ros2_ws/install/custom_interfaces/local/lib/python3.10/dist-packages/custom_interfaces-0.0.0-py3.10.egg-info/SOURCES.txt
[2.421s] -- Installing: /home/isaac/Documents/D.A.V.E./ros2_ws/install/custom_interfaces/local/lib/python3.10/dist-packages/custom_interfaces-0.0.0-py3.10.egg-info/top_level.txt
[2.421s] -- Installing: /home/isaac/Documents/D.A.V.E./ros2_ws/install/custom_interfaces/local/lib/python3.10/dist-packages/custom_interfaces-0.0.0-py3.10.egg-info/dependency_links.txt
[2.421s] -- Installing: /home/isaac/Documents/D.A.V.E./ros2_ws/install/custom_interfaces/local/lib/python3.10/dist-packages/custom_interfaces-0.0.0-py3.10.egg-info/PKG-INFO
[2.421s] -- Installing: /home/isaac/Documents/D.A.V.E./ros2_ws/install/custom_interfaces/local/lib/python3.10/dist-packages/custom_interfaces
[2.421s] -- Installing: /home/isaac/Documents/D.A.V.E./ros2_ws/install/custom_interfaces/local/lib/python3.10/dist-packages/custom_interfaces/_custom_interfaces_s.ep.rosidl_typesupport_c.c
[2.422s] -- Installing: /home/isaac/Documents/D.A.V.E./ros2_ws/install/custom_interfaces/local/lib/python3.10/dist-packages/custom_interfaces/custom_interfaces_s__rosidl_typesupport_introspection_c.cpython-310-x86_64-linux-gnu.so
[2.422s] -- Installing: /home/isaac/Documents/D.A.V.E./ros2_ws/install/custom_interfaces/local/lib/python3.10/dist-packages/custom_interfaces/__init__.py
[2.422s] -- Installing: /home/isaac/Documents/D.A.V.E./ros2_ws/install/custom_interfaces/local/lib/python3.10/dist-packages/custom_interfaces/libcustom_interfaces__rosidl_generator_py.so
[2.422s] -- Installing: /home/isaac/Documents/D.A.V.E./ros2_ws/install/custom_interfaces/local/lib/python3.10/dist-packages/custom_interfaces/_custom_interfaces_s.ep.rosidl_typesupport_introspection_c.c
[2.422s] -- Installing: /home/isaac/Documents/D.A.V.E./ros2_ws/install/custom_interfaces/local/lib/python3.10/dist-packages/custom_interfaces/custom_interfaces_s__rosidl_typesupport_c.cpython-310-x86_64-linux-gnu.so
[2.422s] -- Installing: /home/isaac/Documents/D.A.V.E./ros2_ws/install/custom_interfaces/local/lib/python3.10/dist-packages/custom_interfaces/_custom_interfaces_s.ep.rosidl_typesupport_fastrtps_c.c
[2.422s] -- Installing: /home/isaac/Documents/D.A.V.E./ros2_ws/install/custom_interfaces/local/lib/python3.10/dist-packages/custom_interfaces/custom_interfaces_s__rosidl_typesupport_fastrtps_c.cpython-310-x86_64-linux-gnu.so
[2.423s] -- Installing: /home/isaac/Documents/D.A.V.E./ros2_ws/install/custom_interfaces/local/lib/python3.10/dist-packages/custom_interfaces/srv
[2.423s] -- Installing: /home/isaac/Documents/D.A.V.E./ros2_ws/install/custom_interfaces/local/lib/python3.10/dist-packages/custom_interfaces/srv/__init__.py
[2.423s] -- Installing: /home/isaac/Documents/D.A.V.E./ros2_ws/install/custom_interfaces/local/lib/python3.10/dist-packages/custom_interfaces/srv/_get_nav_s.c
[2.423s] -- Installing: /home/isaac/Documents/D.A.V.E./ros2_ws/install/custom_interfaces/local/lib/python3.10/dist-packages/custom_interfaces/srv/_get_nav.py
[2.423s] -- Installing: /home/isaac/Documents/D.A.V.E./ros2_ws/install/custom_interfaces/local/lib/python3.10/dist-packages/custom_interfaces/srv/_set_nav.py
[2.423s] -- Installing: /home/isaac/Documents/D.A.V.E./ros2_ws/install/custom_interfaces/local/lib/python3.10/dist-packages/custom_interfaces/srv/_set_nav_s.c
[2.450s] Listing '/home/isaac/Documents/D.A.V.E./ros2_ws/install/custom_interfaces/local/lib/python3.10/dist-packages/custom_interfaces'...
[2.450s] Compiling '/home/isaac/Documents/D.A.V.E./ros2_ws/install/custom_interfaces/local/lib/python3.10/dist-packages/custom_interfaces/__init__.py'...
[2.450s] Listing '/home/isaac/Documents/D.A.V.E./ros2_ws/install/custom_interfaces/local/lib/python3.10/dist-packages/custom_interfaces/srv'...
[2.450s] Compiling '/home/isaac/Documents/D.A.V.E./ros2_ws/install/custom_interfaces/local/lib/python3.10/dist-packages/custom_interfaces/srv/__init__.py'...
[2.450s] Compiling '/home/isaac/Documents/D.A.V.E./ros2_ws/install/custom_interfaces/local/lib/python3.10/dist-packages/custom_interfaces/srv/_get_nav.py'...
[2.450s] Compiling '/home/isaac/Documents/D.A.V.E./ros2_ws/install/custom_interfaces/local/lib/python3.10/dist-packages/custom_interfaces/srv/_set_nav.py'...
[2.453s] -- Installing: /home/isaac/Documents/D.A.V.E./ros2_ws/install/custom_interfaces/local/lib/python3.10/dist-packages/custom_interfaces/custom_interfaces_s__rosidl_typesupport_fastrtps_c.cpython-310-x86_64-linux-gnu.so
[2.454s] -- Set runtime path of "/home/isaac/Documents/D.A.V.E./ros2_ws/install/custom_interfaces/local/lib/python3.10/dist-packages/custom_interfaces/custom_interfaces_s__rosidl_typesupport_fastrtps_c.cpython-310-x86_64-linux-gnu.so" to ""
[2.454s] -- Installing: /home/isaac/Documents/D.A.V.E./ros2_ws/install/custom_interfaces/local/lib/python3.10/dist-packages/custom_interfaces/custom_interfaces_s__rosidl_typesupport_introspection_c.cpython-310-x86_64-linux-gnu.so
[2.454s] -- Set runtime path of "/home/isaac/Documents/D.A.V.E./ros2_ws/install/custom_interfaces/local/lib/python3.10/dist-packages/custom_interfaces/custom_interfaces_s__rosidl_typesupport_introspection_c.cpython-310-x86_64-linux-gnu.so" to ""
[2.454s] -- Installing: /home/isaac/Documents/D.A.V.E./ros2_ws/install/custom_interfaces/local/lib/python3.10/dist-packages/custom_interfaces/custom_interfaces_s__rosidl_typesupport_c.cpython-310-x86_64-linux-gnu.so
[2.454s] -- Set runtime path of "/home/isaac/Documents/D.A.V.E./ros2_ws/install/custom_interfaces/local/lib/python3.10/dist-packages/custom_interfaces/custom_interfaces_s__rosidl_typesupport_c.cpython-310-x86_64-linux-gnu.so" to ""
[2.454s] -- Installing: /home/isaac/Documents/D.A.V.E./ros2_ws/install/custom_interfaces/lib/libcustom_interfaces__rosidl_generator_py.so
[2.455s] -- Set runtime path of "/home/isaac/Documents/D.A.V.E./ros2_ws/install/custom_interfaces/lib/libcustom_interfaces__rosidl_generator_py.so" to ""
[2.455s] -- Installing: /home/isaac/Documents/D.A.V.E./ros2_ws/install/custom_interfaces/share/custom_interfaces/srv/GetNav.idl
[2.455s] -- Installing: /home/isaac/Documents/D.A.V.E./ros2_ws/install/custom_interfaces/share/custom_interfaces/srv/SetNav.idl
[2.455s] -- Installing: /home/isaac/Documents/D.A.V.E./ros2_ws/install/custom_interfaces/share/custom_interfaces/srv/GetNav.srv
[2.455s] -- Installing: /home/isaac/Documents/D.A.V.E./ros2_ws/install/custom_interfaces/share/custom_interfaces/srv/GetNav_Request.msg
[2.455s] -- Installing: /home/isaac/Documents/D.A.V.E./ros2_ws/install/custom_interfaces/share/custom_interfaces/srv/GetNav_Response.msg
[2.455s] -- Installing: /home/isaac/Documents/D.A.V.E./ros2_ws/install/custom_interfaces/share/custom_interfaces/srv/SetNav.srv
[2.455s] -- Installing: /home/isaac/Documents/D.A.V.E./ros2_ws/install/custom_interfaces/share/custom_interfaces/srv/SetNav_Request.msg
[2.456s] -- Installing: /home/isaac/Documents/D.A.V.E./ros2_ws/install/custom_interfaces/share/custom_interfaces/srv/SetNav_Response.msg
[2.456s] -- Up-to-date: /home/isaac/Documents/D.A.V.E./ros2_ws/install/custom_interfaces/share/ament_index/resource_index/package_run_dependencies/custom_interfaces
[2.456s] -- Installing: /home/isaac/Documents/D.A.V.E./ros2_ws/install/custom_interfaces/share/ament_index/resource_index/parent_prefix_path/custom_interfaces
[2.456s] -- Up-to-date: /home/isaac/Documents/D.A.V.E./ros2_ws/install/custom_interfaces/share/custom_interfaces/environment/ament_prefix_path.sh
[2.456s] -- Installing: /home/isaac/Documents/D.A.V.E./ros2_ws/install/custom_interfaces/share/custom_interfaces/environment/ament_prefix_path.dsv
[2.456s] -- Up-to-date: /home/isaac/Documents/D.A.V.E./ros2_ws/install/custom_interfaces/share/custom_interfaces/environment/path.sh
[2.456s] -- Installing: /home/isaac/Documents/D.A.V.E./ros2_ws/install/custom_interfaces/share/custom_interfaces/environment/path.dsv
[2.456s] -- Up-to-date: /home/isaac/Documents/D.A.V.E./ros2_ws/install/custom_interfaces/share/custom_interfaces/local_setup.bash
[2.456s] -- Installing: /home/isaac/Documents/D.A.V.E./ros2_ws/install/custom_interfaces/share/custom_interfaces/local_setup.sh
[2.456s] -- Up-to-date: /home/isaac/Documents/D.A.V.E./ros2_ws/install/custom_interfaces/share/custom_interfaces/local_setup.zsh
[2.456s] -- Installing: /home/isaac/Documents/D.A.V.E./ros2_ws/install/custom_interfaces/share/custom_interfaces/local_setup.dsv
[2.457s] -- Installing: /home/isaac/Documents/D.A.V.E./ros2_ws/install/custom_interfaces/share/custom_interfaces/package.dsv
[2.457s] -- Up-to-date: /home/isaac/Documents/D.A.V.E./ros2_ws/install/custom_interfaces/share/ament_index/resource_index/packages/custom_interfaces
[2.457s] -- Installing: /home/isaac/Documents/D.A.V.E./ros2_ws/install/custom_interfaces/share/custom_interfaces/cmake/export_custom_interfaces__rosidl_generator_cExport.cmake
[2.457s] -- Installing: /home/isaac/Documents/D.A.V.E./ros2_ws/install/custom_interfaces/share/custom_interfaces/cmake/export_custom_interfaces__rosidl_generator_cExport-noconfig.cmake
[2.457s] -- Installing: /home/isaac/Documents/D.A.V.E./ros2_ws/install/custom_interfaces/share/custom_interfaces/cmake/export_custom_interfaces__rosidl_typesupport_fastrtps_cExport.cmake
[2.457s] -- Installing: /home/isaac/Documents/D.A.V.E./ros2_ws/install/custom_interfaces/share/custom_interfaces/cmake/export_custom_interfaces__rosidl_typesupport_fastrtps_cExport-noconfig.cmake
[2.457s] -- Installing: /home/isaac/Documents/D.A.V.E./ros2_ws/install/custom_interfaces/share/custom_interfaces/cmake/custom_interfaces__rosidl_typesupport_introspection_cExport.cmake
[2.457s] -- Installing: /home/isaac/Documents/D.A.V.E./ros2_ws/install/custom_interfaces/share/custom_interfaces/cmake/custom_interfaces__rosidl_typesupport_introspection_cExport-noconfig.cmake
[2.458s] -- Installing: /home/isaac/Documents/D.A.V.E./ros2_ws/install/custom_interfaces/share/custom_interfaces/cmake/custom_interfaces__rosidl_typesupport_cExport.cmake
[2.458s] -- Installing: /home/isaac/Documents/D.A.V.E./ros2_ws/install/custom_interfaces/share/custom_interfaces/cmake/custom_interfaces__rosidl_typesupport_cExport-noconfig.cmake
[2.458s] -- Installing: /home/isaac/Documents/D.A.V.E./ros2_ws/install/custom_interfaces/share/custom_interfaces/cmake/export_custom_interfaces__rosidl_generator_cppExport.cmake
[2.458s] -- Installing: /home/isaac/Documents/D.A.V.E./ros2_ws/install/custom_interfaces/share/custom_interfaces/cmake/export_custom_interfaces__rosidl_typesupport_fastrtps_cppExport.cmake
[2.458s] -- Installing: /home/isaac/Documents/D.A.V.E./ros2_ws/install/custom_interfaces/share/custom_interfaces/cmake/export_custom_interfaces__rosidl_typesupport_fastrtps_cppExport-noconfig.cmake
[2.458s] -- Installing: /home/isaac/Documents/D.A.V.E./ros2_ws/install/custom_interfaces/share/custom_interfaces/cmake/custom_interfaces__rosidl_typesupport_introspection_cppExport.cmake
[2.458s] -- Installing: /home/isaac/Documents/D.A.V.E./ros2_ws/install/custom_interfaces/share/custom_interfaces/cmake/custom_interfaces__rosidl_typesupport_introspection_cppExport-noconfig.cmake
[2.458s] -- Installing: /home/isaac/Documents/D.A.V.E./ros2_ws/install/custom_interfaces/share/custom_interfaces/cmake/custom_interfaces__rosidl_typesupport_cppExport.cmake
[2.459s] -- Installing: /home/isaac/Documents/D.A.V.E./ros2_ws/install/custom_interfaces/share/custom_interfaces/cmake/custom_interfaces__rosidl_typesupport_cppExport-noconfig.cmake
[2.459s] -- Installing: /home/isaac/Documents/D.A.V.E./ros2_ws/install/custom_interfaces/share/custom_interfaces/cmake/export_custom_interfaces__rosidl_generator_pyExport.cmake
[2.459s] -- Installing: /home/isaac/Documents/D.A.V.E./ros2_ws/install/custom_interfaces/share/custom_interfaces/cmake/export_custom_interfaces__rosidl_generator_pyExport-noconfig.cmake
[2.459s] -- Installing: /home/isaac/Documents/D.A.V.E./ros2_ws/install/custom_interfaces/share/custom_interfaces/cmake/rosidl_cmake-extras.cmake
[2.459s] -- Installing: /home/isaac/Documents/D.A.V.E./ros2_ws/install/custom_interfaces/share/custom_interfaces/cmake/ament_cmake_export_include_directories-extras.cmake
[2.459s] -- Installing: /home/isaac/Documents/D.A.V.E./ros2_ws/install/custom_interfaces/share/custom_interfaces/cmake/ament_cmake_export_libraries-extras.cmake
[2.459s] -- Installing: /home/isaac/Documents/D.A.V.E./ros2_ws/install/custom_interfaces/share/custom_interfaces/cmake/ament_cmake_export_targets-extras.cmake
[2.460s] -- Installing: /home/isaac/Documents/D.A.V.E./ros2_ws/install/custom_interfaces/share/custom_interfaces/cmake/rosidl_cmake_export_typesupport_targets-extras.cmake
[2.460s] -- Installing: /home/isaac/Documents/D.A.V.E./ros2_ws/install/custom_interfaces/share/custom_interfaces/cmake/ament_cmake_export_dependencies-extras.cmake
[2.460s] -- Installing: /home/isaac/Documents/D.A.V.E./ros2_ws/install/custom_interfaces/share/custom_interfaces/cmake/rosidl_cmake_export_typesupport_libraries-extras.cmake
[2.460s] -- Installing: /home/isaac/Documents/D.A.V.E./ros2_ws/install/custom_interfaces/share/custom_interfaces/cmake/custom_interfacesConfig.cmake
[2.460s] -- Up-to-date: /home/isaac/Documents/D.A.V.E./ros2_ws/install/custom_interfaces/share/custom_interfaces/cmake/custom_interfacesConfig-version.cmake
[2.460s] -- Installing: /home/isaac/Documents/D.A.V.E./ros2_ws/install/custom_interfaces/share/custom_interfaces/package.xml
[2.463s] Invoked command in '/home/isaac/Documents/D.A.V.E./ros2_ws/build/custom_interfaces' returned '0': CMAKE_PREFIX_PATH=${CMAKE_PREFIX_PATH}:/opt/ros/humble /usr/bin/cmake --install /home/isaac/Documents/D.A.V.E./ros2_ws/build/custom_interfaces
