[0.012s] Invoking command in '/home/isaac/Documents/D.A.V.E./ros2_ws/build/navsystem': AMENT_PREFIX_PATH=/home/isaac/Documents/D.A.V.E./ros2_ws/install/navigation_interfaces:${AMENT_PREFIX_PATH} CMAKE_PREFIX_PATH=/home/isaac/Documents/D.A.V.E./ros2_ws/install/navigation_interfaces:/home/isaac/Documents/D.A.V.E./ros2_ws/install/navsystem:/home/isaac/Documents/D.A.V.E./ros2_ws/install/custom_interfaces:/home/isaac/Documents/D.A.V.E./ros2_ws/install/NAVsystem:/opt/ros/humble LD_LIBRARY_PATH=/home/isaac/Documents/D.A.V.E./ros2_ws/install/navigation_interfaces/lib:${LD_LIBRARY_PATH} PYTHONPATH=/home/isaac/Documents/D.A.V.E./ros2_ws/install/navigation_interfaces/local/lib/python3.10/dist-packages:${PYTHONPATH} /usr/bin/cmake --build /home/isaac/Documents/D.A.V.E./ros2_ws/build/navsystem -- -j16 -l16
[0.053s] [35m[1mConsolidate compiler generated dependencies of target GPSnode[0m
[0.070s] [ 50%] [32mBuilding CXX object CMakeFiles/GPSnode.dir/src/GPSnode.cpp.o[0m
[4.449s] [100%] [32m[1mLinking CXX executable GPSnode[0m
[4.654s] [100%] Built target GPSnode
[4.666s] Invoked command in '/home/isaac/Documents/D.A.V.E./ros2_ws/build/navsystem' returned '0': AMENT_PREFIX_PATH=/home/isaac/Documents/D.A.V.E./ros2_ws/install/navigation_interfaces:${AMENT_PREFIX_PATH} CMAKE_PREFIX_PATH=/home/isaac/Documents/D.A.V.E./ros2_ws/install/navigation_interfaces:/home/isaac/Documents/D.A.V.E./ros2_ws/install/navsystem:/home/isaac/Documents/D.A.V.E./ros2_ws/install/custom_interfaces:/home/isaac/Documents/D.A.V.E./ros2_ws/install/NAVsystem:/opt/ros/humble LD_LIBRARY_PATH=/home/isaac/Documents/D.A.V.E./ros2_ws/install/navigation_interfaces/lib:${LD_LIBRARY_PATH} PYTHONPATH=/home/isaac/Documents/D.A.V.E./ros2_ws/install/navigation_interfaces/local/lib/python3.10/dist-packages:${PYTHONPATH} /usr/bin/cmake --build /home/isaac/Documents/D.A.V.E./ros2_ws/build/navsystem -- -j16 -l16
[4.677s] Invoking command in '/home/isaac/Documents/D.A.V.E./ros2_ws/build/navsystem': AMENT_PREFIX_PATH=/home/isaac/Documents/D.A.V.E./ros2_ws/install/navigation_interfaces:${AMENT_PREFIX_PATH} CMAKE_PREFIX_PATH=/home/isaac/Documents/D.A.V.E./ros2_ws/install/navigation_interfaces:/home/isaac/Documents/D.A.V.E./ros2_ws/install/navsystem:/home/isaac/Documents/D.A.V.E./ros2_ws/install/custom_interfaces:/home/isaac/Documents/D.A.V.E./ros2_ws/install/NAVsystem:/opt/ros/humble LD_LIBRARY_PATH=/home/isaac/Documents/D.A.V.E./ros2_ws/install/navigation_interfaces/lib:${LD_LIBRARY_PATH} PYTHONPATH=/home/isaac/Documents/D.A.V.E./ros2_ws/install/navigation_interfaces/local/lib/python3.10/dist-packages:${PYTHONPATH} /usr/bin/cmake --install /home/isaac/Documents/D.A.V.E./ros2_ws/build/navsystem
[4.684s] -- Install configuration: ""
[4.684s] -- Installing: /home/isaac/Documents/D.A.V.E./ros2_ws/install/navsystem/lib/navsystem/GPSnode
[4.687s] -- Set runtime path of "/home/isaac/Documents/D.A.V.E./ros2_ws/install/navsystem/lib/navsystem/GPSnode" to ""
[4.687s] -- Installing: /home/isaac/Documents/D.A.V.E./ros2_ws/install/navsystem/share/ament_index/resource_index/package_run_dependencies/navsystem
[4.687s] -- Installing: /home/isaac/Documents/D.A.V.E./ros2_ws/install/navsystem/share/ament_index/resource_index/parent_prefix_path/navsystem
[4.687s] -- Up-to-date: /home/isaac/Documents/D.A.V.E./ros2_ws/install/navsystem/share/navsystem/environment/ament_prefix_path.sh
[4.687s] -- Installing: /home/isaac/Documents/D.A.V.E./ros2_ws/install/navsystem/share/navsystem/environment/ament_prefix_path.dsv
[4.687s] -- Up-to-date: /home/isaac/Documents/D.A.V.E./ros2_ws/install/navsystem/share/navsystem/environment/path.sh
[4.687s] -- Installing: /home/isaac/Documents/D.A.V.E./ros2_ws/install/navsystem/share/navsystem/environment/path.dsv
[4.687s] -- Up-to-date: /home/isaac/Documents/D.A.V.E./ros2_ws/install/navsystem/share/navsystem/local_setup.bash
[4.688s] -- Up-to-date: /home/isaac/Documents/D.A.V.E./ros2_ws/install/navsystem/share/navsystem/local_setup.sh
[4.688s] -- Up-to-date: /home/isaac/Documents/D.A.V.E./ros2_ws/install/navsystem/share/navsystem/local_setup.zsh
[4.688s] -- Installing: /home/isaac/Documents/D.A.V.E./ros2_ws/install/navsystem/share/navsystem/local_setup.dsv
[4.688s] -- Installing: /home/isaac/Documents/D.A.V.E./ros2_ws/install/navsystem/share/navsystem/package.dsv
[4.688s] -- Up-to-date: /home/isaac/Documents/D.A.V.E./ros2_ws/install/navsystem/share/ament_index/resource_index/packages/navsystem
[4.688s] -- Up-to-date: /home/isaac/Documents/D.A.V.E./ros2_ws/install/navsystem/share/navsystem/cmake/navsystemConfig.cmake
[4.688s] -- Up-to-date: /home/isaac/Documents/D.A.V.E./ros2_ws/install/navsystem/share/navsystem/cmake/navsystemConfig-version.cmake
[4.688s] -- Installing: /home/isaac/Documents/D.A.V.E./ros2_ws/install/navsystem/share/navsystem/package.xml
[4.690s] Invoked command in '/home/isaac/Documents/D.A.V.E./ros2_ws/build/navsystem' returned '0': AMENT_PREFIX_PATH=/home/isaac/Documents/D.A.V.E./ros2_ws/install/navigation_interfaces:${AMENT_PREFIX_PATH} CMAKE_PREFIX_PATH=/home/isaac/Documents/D.A.V.E./ros2_ws/install/navigation_interfaces:/home/isaac/Documents/D.A.V.E./ros2_ws/install/navsystem:/home/isaac/Documents/D.A.V.E./ros2_ws/install/custom_interfaces:/home/isaac/Documents/D.A.V.E./ros2_ws/install/NAVsystem:/opt/ros/humble LD_LIBRARY_PATH=/home/isaac/Documents/D.A.V.E./ros2_ws/install/navigation_interfaces/lib:${LD_LIBRARY_PATH} PYTHONPATH=/home/isaac/Documents/D.A.V.E./ros2_ws/install/navigation_interfaces/local/lib/python3.10/dist-packages:${PYTHONPATH} /usr/bin/cmake --install /home/isaac/Documents/D.A.V.E./ros2_ws/build/navsystem
