[0.011s] Invoking command in '/home/isaac/Documents/D.A.V.E./ros2_ws/build/navsystem': CMAKE_PREFIX_PATH=${CMAKE_PREFIX_PATH}:/opt/ros/humble /usr/bin/cmake --build /home/isaac/Documents/D.A.V.E./ros2_ws/build/navsystem -- -j16 -l16
[0.033s] -- Found ament_cmake: 1.3.13 (/opt/ros/humble/share/ament_cmake/cmake)
[0.123s] -- Found rclcpp: 16.0.18 (/opt/ros/humble/share/rclcpp/cmake)
[0.143s] -- Found rosidl_generator_c: 3.1.8 (/opt/ros/humble/share/rosidl_generator_c/cmake)
[0.144s] -- Found rosidl_adapter: 3.1.8 (/opt/ros/humble/share/rosidl_adapter/cmake)
[0.148s] -- Found rosidl_generator_cpp: 3.1.8 (/opt/ros/humble/share/rosidl_generator_cpp/cmake)
[0.154s] -- Using all available rosidl_typesupport_c: rosidl_typesupport_fastrtps_c;rosidl_typesupport_introspection_c
[0.162s] -- Using all available rosidl_typesupport_cpp: rosidl_typesupport_fastrtps_cpp;rosidl_typesupport_introspection_cpp
[0.182s] -- Found rmw_implementation_cmake: 6.1.2 (/opt/ros/humble/share/rmw_implementation_cmake/cmake)
[0.183s] -- Found rmw_fastrtps_cpp: 6.2.10 (/opt/ros/humble/share/rmw_fastrtps_cpp/cmake)
[0.263s] -- Using RMW implementation 'rmw_fastrtps_cpp' as default
[0.301s] [31mCMake Error at CMakeLists.txt:11 (find_package):
[0.301s]   By not providing "Findnavigation_interfaces.cmake" in CMAKE_MODULE_PATH
[0.302s]   this project has asked CMake to find a package configuration file provided
[0.302s]   by "navigation_interfaces", but CMake did not find one.
[0.302s] 
[0.302s]   Could not find a package configuration file provided by
[0.302s]   "navigation_interfaces" with any of the following names:
[0.302s] 
[0.302s]     navigation_interfacesConfig.cmake
[0.302s]     navigation_interfaces-config.cmake
[0.302s] 
[0.302s]   Add the installation prefix of "navigation_interfaces" to CMAKE_PREFIX_PATH
[0.302s]   or set "navigation_interfaces_DIR" to a directory containing one of the
[0.303s]   above files.  If "navigation_interfaces" provides a separate development
[0.303s]   package or SDK, be sure it has been installed.
[0.303s] 
[0.303s] [0m
[0.303s] -- Configuring incomplete, errors occurred!
[0.303s] See also "/home/isaac/Documents/D.A.V.E./ros2_ws/build/navsystem/CMakeFiles/CMakeOutput.log".
[0.306s] gmake: *** [Makefile:267: cmake_check_build_system] Error 1
[0.308s] Invoked command in '/home/isaac/Documents/D.A.V.E./ros2_ws/build/navsystem' returned '2': CMAKE_PREFIX_PATH=${CMAKE_PREFIX_PATH}:/opt/ros/humble /usr/bin/cmake --build /home/isaac/Documents/D.A.V.E./ros2_ws/build/navsystem -- -j16 -l16
