[0.009s] Invoking command in '/home/isaac/Documents/D.A.V.E./ros2_ws/build/custom_interfaces': CMAKE_PREFIX_PATH=${CMAKE_PREFIX_PATH}:/opt/ros/humble /usr/bin/cmake --build /home/isaac/Documents/D.A.V.E./ros2_ws/build/custom_interfaces -- -j16 -l16
[0.043s] Invoked command in '/home/isaac/Documents/D.A.V.E./ros2_ws/build/custom_interfaces' returned '0': CMAKE_PREFIX_PATH=${CMAKE_PREFIX_PATH}:/opt/ros/humble /usr/bin/cmake --build /home/isaac/Documents/D.A.V.E./ros2_ws/build/custom_interfaces -- -j16 -l16
[0.052s] Invoking command in '/home/isaac/Documents/D.A.V.E./ros2_ws/build/custom_interfaces': CMAKE_PREFIX_PATH=${CMAKE_PREFIX_PATH}:/opt/ros/humble /usr/bin/cmake --install /home/isaac/Documents/D.A.V.E./ros2_ws/build/custom_interfaces
[0.059s] -- Install configuration: ""
[0.059s] -- Up-to-date: /home/isaac/Documents/D.A.V.E./ros2_ws/install/custom_interfaces/share/ament_index/resource_index/package_run_dependencies/custom_interfaces
[0.059s] -- Up-to-date: /home/isaac/Documents/D.A.V.E./ros2_ws/install/custom_interfaces/share/ament_index/resource_index/parent_prefix_path/custom_interfaces
[0.060s] -- Up-to-date: /home/isaac/Documents/D.A.V.E./ros2_ws/install/custom_interfaces/share/custom_interfaces/environment/ament_prefix_path.sh
[0.060s] -- Up-to-date: /home/isaac/Documents/D.A.V.E./ros2_ws/install/custom_interfaces/share/custom_interfaces/environment/ament_prefix_path.dsv
[0.060s] -- Up-to-date: /home/isaac/Documents/D.A.V.E./ros2_ws/install/custom_interfaces/share/custom_interfaces/environment/path.sh
[0.060s] -- Up-to-date: /home/isaac/Documents/D.A.V.E./ros2_ws/install/custom_interfaces/share/custom_interfaces/environment/path.dsv
[0.060s] -- Up-to-date: /home/isaac/Documents/D.A.V.E./ros2_ws/install/custom_interfaces/share/custom_interfaces/local_setup.bash
[0.060s] -- Up-to-date: /home/isaac/Documents/D.A.V.E./ros2_ws/install/custom_interfaces/share/custom_interfaces/local_setup.sh
[0.060s] -- Up-to-date: /home/isaac/Documents/D.A.V.E./ros2_ws/install/custom_interfaces/share/custom_interfaces/local_setup.zsh
[0.060s] -- Up-to-date: /home/isaac/Documents/D.A.V.E./ros2_ws/install/custom_interfaces/share/custom_interfaces/local_setup.dsv
[0.060s] -- Up-to-date: /home/isaac/Documents/D.A.V.E./ros2_ws/install/custom_interfaces/share/custom_interfaces/package.dsv
[0.060s] -- Up-to-date: /home/isaac/Documents/D.A.V.E./ros2_ws/install/custom_interfaces/share/ament_index/resource_index/packages/custom_interfaces
[0.061s] -- Up-to-date: /home/isaac/Documents/D.A.V.E./ros2_ws/install/custom_interfaces/share/custom_interfaces/cmake/custom_interfacesConfig.cmake
[0.061s] -- Up-to-date: /home/isaac/Documents/D.A.V.E./ros2_ws/install/custom_interfaces/share/custom_interfaces/cmake/custom_interfacesConfig-version.cmake
[0.061s] -- Up-to-date: /home/isaac/Documents/D.A.V.E./ros2_ws/install/custom_interfaces/share/custom_interfaces/package.xml
[0.061s] Invoked command in '/home/isaac/Documents/D.A.V.E./ros2_ws/build/custom_interfaces' returned '0': CMAKE_PREFIX_PATH=${CMAKE_PREFIX_PATH}:/opt/ros/humble /usr/bin/cmake --install /home/isaac/Documents/D.A.V.E./ros2_ws/build/custom_interfaces
