-- Found ament_cmake: 1.3.13 (/opt/ros/humble/share/ament_cmake/cmake)
-- Found rclcpp: 16.0.18 (/opt/ros/humble/share/rclcpp/cmake)
-- Found rosidl_generator_c: 3.1.8 (/opt/ros/humble/share/rosidl_generator_c/cmake)
-- Found rosidl_adapter: 3.1.8 (/opt/ros/humble/share/rosidl_adapter/cmake)
-- Found rosidl_generator_cpp: 3.1.8 (/opt/ros/humble/share/rosidl_generator_cpp/cmake)
-- Using all available rosidl_typesupport_c: rosidl_typesupport_fastrtps_c;rosidl_typesupport_introspection_c
-- Using all available rosidl_typesupport_cpp: rosidl_typesupport_fastrtps_cpp;rosidl_typesupport_introspection_cpp
-- Found rmw_implementation_cmake: 6.1.2 (/opt/ros/humble/share/rmw_implementation_cmake/cmake)
-- Found rmw_fastrtps_cpp: 6.2.10 (/opt/ros/humble/share/rmw_fastrtps_cpp/cmake)
-- Found OpenSSL: /usr/lib/x86_64-linux-gnu/libcrypto.so (found version "3.0.2")  
-- Found FastRTPS: /opt/ros/humble/include  
-- Using RMW implementation 'rmw_fastrtps_cpp' as default
-- Looking for pthread.h
-- Looking for pthread.h - found
-- Performing Test CMAKE_HAVE_LIBC_PTHREAD
-- Performing Test CMAKE_HAVE_LIBC_PTHREAD - Success
-- Found Threads: TRUE  
-- Found ament_lint_auto: 0.12.15 (/opt/ros/humble/share/ament_lint_auto/cmake)
WARNING: Package name "NAVsystem" does not follow the naming conventions. It should start with a lower case letter and only contain lower case letters, digits, underscores, and dashes.
-- Added test 'cppcheck' to perform static code analysis on C / C++ code
-- Configured cppcheck include dirs: 
-- Configured cppcheck exclude dirs and/or files: 
-- Added test 'lint_cmake' to check CMake code style
-- Added test 'uncrustify' to check C / C++ code style
-- Configured uncrustify additional arguments: 
-- Added test 'xmllint' to check XML markup files
-- Configuring done
-- Generating done
-- Build files have been written to: /home/isaac/Documents/D.A.V.E./ros2_ws/build/NAVsystem
[ 25%] [32mBuilding CXX object CMakeFiles/talker.dir/src/publisher_member_function.cpp.o[0m
[ 50%] [32mBuilding CXX object CMakeFiles/listener.dir/src/subscriber_member_function.cpp.o[0m
[ 75%] [32m[1mLinking CXX executable talker[0m
[ 75%] Built target talker
[100%] [32m[1mLinking CXX executable listener[0m
[100%] Built target listener
-- Install configuration: ""
-- Installing: /home/isaac/Documents/D.A.V.E./ros2_ws/install/NAVsystem/lib/NAVsystem/talker
-- Set runtime path of "/home/isaac/Documents/D.A.V.E./ros2_ws/install/NAVsystem/lib/NAVsystem/talker" to ""
-- Installing: /home/isaac/Documents/D.A.V.E./ros2_ws/install/NAVsystem/lib/NAVsystem/listener
-- Set runtime path of "/home/isaac/Documents/D.A.V.E./ros2_ws/install/NAVsystem/lib/NAVsystem/listener" to ""
-- Installing: /home/isaac/Documents/D.A.V.E./ros2_ws/install/NAVsystem/share/ament_index/resource_index/package_run_dependencies/NAVsystem
-- Up-to-date: /home/isaac/Documents/D.A.V.E./ros2_ws/install/NAVsystem/share/ament_index/resource_index/parent_prefix_path/NAVsystem
-- Up-to-date: /home/isaac/Documents/D.A.V.E./ros2_ws/install/NAVsystem/share/NAVsystem/environment/ament_prefix_path.sh
-- Installing: /home/isaac/Documents/D.A.V.E./ros2_ws/install/NAVsystem/share/NAVsystem/environment/ament_prefix_path.dsv
-- Up-to-date: /home/isaac/Documents/D.A.V.E./ros2_ws/install/NAVsystem/share/NAVsystem/environment/path.sh
-- Installing: /home/isaac/Documents/D.A.V.E./ros2_ws/install/NAVsystem/share/NAVsystem/environment/path.dsv
-- Up-to-date: /home/isaac/Documents/D.A.V.E./ros2_ws/install/NAVsystem/share/NAVsystem/local_setup.bash
-- Up-to-date: /home/isaac/Documents/D.A.V.E./ros2_ws/install/NAVsystem/share/NAVsystem/local_setup.sh
-- Up-to-date: /home/isaac/Documents/D.A.V.E./ros2_ws/install/NAVsystem/share/NAVsystem/local_setup.zsh
-- Installing: /home/isaac/Documents/D.A.V.E./ros2_ws/install/NAVsystem/share/NAVsystem/local_setup.dsv
-- Installing: /home/isaac/Documents/D.A.V.E./ros2_ws/install/NAVsystem/share/NAVsystem/package.dsv
-- Up-to-date: /home/isaac/Documents/D.A.V.E./ros2_ws/install/NAVsystem/share/ament_index/resource_index/packages/NAVsystem
-- Up-to-date: /home/isaac/Documents/D.A.V.E./ros2_ws/install/NAVsystem/share/NAVsystem/cmake/NAVsystemConfig.cmake
-- Up-to-date: /home/isaac/Documents/D.A.V.E./ros2_ws/install/NAVsystem/share/NAVsystem/cmake/NAVsystemConfig-version.cmake
-- Installing: /home/isaac/Documents/D.A.V.E./ros2_ws/install/NAVsystem/share/NAVsystem/package.xml
