[0.009s] Invoking command in '/home/isaac/Documents/D.A.V.E./ros2_ws/build/NAVsystem': CMAKE_PREFIX_PATH=/opt/ros/humble /usr/bin/cmake --build /home/isaac/Documents/D.A.V.E./ros2_ws/build/NAVsystem -- -j16 -l16
[0.029s] -- Found ament_cmake: 1.3.13 (/opt/ros/humble/share/ament_cmake/cmake)
[0.117s] -- Found rclcpp: 16.0.18 (/opt/ros/humble/share/rclcpp/cmake)
[0.153s] -- Found rosidl_generator_c: 3.1.8 (/opt/ros/humble/share/rosidl_generator_c/cmake)
[0.157s] -- Found rosidl_adapter: 3.1.8 (/opt/ros/humble/share/rosidl_adapter/cmake)
[0.164s] -- Found rosidl_generator_cpp: 3.1.8 (/opt/ros/humble/share/rosidl_generator_cpp/cmake)
[0.174s] -- Using all available rosidl_typesupport_c: rosidl_typesupport_fastrtps_c;rosidl_typesupport_introspection_c
[0.187s] -- Using all available rosidl_typesupport_cpp: rosidl_typesupport_fastrtps_cpp;rosidl_typesupport_introspection_cpp
[0.220s] -- Found rmw_implementation_cmake: 6.1.2 (/opt/ros/humble/share/rmw_implementation_cmake/cmake)
[0.222s] -- Found rmw_fastrtps_cpp: 6.2.10 (/opt/ros/humble/share/rmw_fastrtps_cpp/cmake)
[0.304s] -- Found OpenSSL: /usr/lib/x86_64-linux-gnu/libcrypto.so (found version "3.0.2")  
[0.329s] -- Found FastRTPS: /opt/ros/humble/include  
[0.365s] -- Using RMW implementation 'rmw_fastrtps_cpp' as default
[0.374s] -- Looking for pthread.h
[0.448s] -- Looking for pthread.h - found
[0.448s] -- Performing Test CMAKE_HAVE_LIBC_PTHREAD
[0.521s] -- Performing Test CMAKE_HAVE_LIBC_PTHREAD - Success
[0.522s] -- Found Threads: TRUE  
[0.564s] -- Found ament_lint_auto: 0.12.15 (/opt/ros/humble/share/ament_lint_auto/cmake)
[0.601s] WARNING: Package name "NAVsystem" does not follow the naming conventions. It should start with a lower case letter and only contain lower case letters, digits, underscores, and dashes.
[0.612s] -- Added test 'cppcheck' to perform static code analysis on C / C++ code
[0.613s] -- Configured cppcheck include dirs: 
[0.613s] -- Configured cppcheck exclude dirs and/or files: 
[0.613s] -- Added test 'lint_cmake' to check CMake code style
[0.614s] -- Added test 'uncrustify' to check C / C++ code style
[0.614s] -- Configured uncrustify additional arguments: 
[0.614s] -- Added test 'xmllint' to check XML markup files
[0.614s] -- Configuring done
[0.624s] -- Generating done
[0.627s] -- Build files have been written to: /home/isaac/Documents/D.A.V.E./ros2_ws/build/NAVsystem
[0.664s] [ 25%] [32mBuilding CXX object CMakeFiles/talker.dir/src/publisher_member_function.cpp.o[0m
[0.664s] [ 50%] [32mBuilding CXX object CMakeFiles/listener.dir/src/subscriber_member_function.cpp.o[0m
[4.002s] [ 75%] [32m[1mLinking CXX executable talker[0m
[4.144s] [ 75%] Built target talker
[6.488s] [100%] [32m[1mLinking CXX executable listener[0m
[6.721s] [100%] Built target listener
[6.733s] Invoked command in '/home/isaac/Documents/D.A.V.E./ros2_ws/build/NAVsystem' returned '0': CMAKE_PREFIX_PATH=/opt/ros/humble /usr/bin/cmake --build /home/isaac/Documents/D.A.V.E./ros2_ws/build/NAVsystem -- -j16 -l16
[6.743s] Invoking command in '/home/isaac/Documents/D.A.V.E./ros2_ws/build/NAVsystem': CMAKE_PREFIX_PATH=/opt/ros/humble /usr/bin/cmake --install /home/isaac/Documents/D.A.V.E./ros2_ws/build/NAVsystem
[6.748s] -- Install configuration: ""
[6.749s] -- Installing: /home/isaac/Documents/D.A.V.E./ros2_ws/install/NAVsystem/lib/NAVsystem/talker
[6.750s] -- Set runtime path of "/home/isaac/Documents/D.A.V.E./ros2_ws/install/NAVsystem/lib/NAVsystem/talker" to ""
[6.750s] -- Installing: /home/isaac/Documents/D.A.V.E./ros2_ws/install/NAVsystem/lib/NAVsystem/listener
[6.753s] -- Set runtime path of "/home/isaac/Documents/D.A.V.E./ros2_ws/install/NAVsystem/lib/NAVsystem/listener" to ""
[6.753s] -- Installing: /home/isaac/Documents/D.A.V.E./ros2_ws/install/NAVsystem/share/ament_index/resource_index/package_run_dependencies/NAVsystem
[6.753s] -- Up-to-date: /home/isaac/Documents/D.A.V.E./ros2_ws/install/NAVsystem/share/ament_index/resource_index/parent_prefix_path/NAVsystem
[6.753s] -- Up-to-date: /home/isaac/Documents/D.A.V.E./ros2_ws/install/NAVsystem/share/NAVsystem/environment/ament_prefix_path.sh
[6.753s] -- Installing: /home/isaac/Documents/D.A.V.E./ros2_ws/install/NAVsystem/share/NAVsystem/environment/ament_prefix_path.dsv
[6.753s] -- Up-to-date: /home/isaac/Documents/D.A.V.E./ros2_ws/install/NAVsystem/share/NAVsystem/environment/path.sh
[6.753s] -- Installing: /home/isaac/Documents/D.A.V.E./ros2_ws/install/NAVsystem/share/NAVsystem/environment/path.dsv
[6.753s] -- Up-to-date: /home/isaac/Documents/D.A.V.E./ros2_ws/install/NAVsystem/share/NAVsystem/local_setup.bash
[6.753s] -- Up-to-date: /home/isaac/Documents/D.A.V.E./ros2_ws/install/NAVsystem/share/NAVsystem/local_setup.sh
[6.753s] -- Up-to-date: /home/isaac/Documents/D.A.V.E./ros2_ws/install/NAVsystem/share/NAVsystem/local_setup.zsh
[6.753s] -- Installing: /home/isaac/Documents/D.A.V.E./ros2_ws/install/NAVsystem/share/NAVsystem/local_setup.dsv
[6.754s] -- Installing: /home/isaac/Documents/D.A.V.E./ros2_ws/install/NAVsystem/share/NAVsystem/package.dsv
[6.754s] -- Up-to-date: /home/isaac/Documents/D.A.V.E./ros2_ws/install/NAVsystem/share/ament_index/resource_index/packages/NAVsystem
[6.754s] -- Up-to-date: /home/isaac/Documents/D.A.V.E./ros2_ws/install/NAVsystem/share/NAVsystem/cmake/NAVsystemConfig.cmake
[6.754s] -- Up-to-date: /home/isaac/Documents/D.A.V.E./ros2_ws/install/NAVsystem/share/NAVsystem/cmake/NAVsystemConfig-version.cmake
[6.754s] -- Installing: /home/isaac/Documents/D.A.V.E./ros2_ws/install/NAVsystem/share/NAVsystem/package.xml
[6.757s] Invoked command in '/home/isaac/Documents/D.A.V.E./ros2_ws/build/NAVsystem' returned '0': CMAKE_PREFIX_PATH=/opt/ros/humble /usr/bin/cmake --install /home/isaac/Documents/D.A.V.E./ros2_ws/build/NAVsystem
