[0.010s] Invoking command in '/home/isaac/Documents/D.A.V.E./ros2_ws/build/navsystem': CMAKE_PREFIX_PATH=${CMAKE_PREFIX_PATH}:/opt/ros/humble /usr/bin/cmake --build /home/isaac/Documents/D.A.V.E./ros2_ws/build/navsystem -- -j16 -l16
[0.036s] -- Found ament_cmake: 1.3.13 (/opt/ros/humble/share/ament_cmake/cmake)
[0.126s] -- Found rclcpp: 16.0.18 (/opt/ros/humble/share/rclcpp/cmake)
[0.149s] -- Found rosidl_generator_c: 3.1.8 (/opt/ros/humble/share/rosidl_generator_c/cmake)
[0.151s] -- Found rosidl_adapter: 3.1.8 (/opt/ros/humble/share/rosidl_adapter/cmake)
[0.155s] -- Found rosidl_generator_cpp: 3.1.8 (/opt/ros/humble/share/rosidl_generator_cpp/cmake)
[0.161s] -- Using all available rosidl_typesupport_c: rosidl_typesupport_fastrtps_c;rosidl_typesupport_introspection_c
[0.169s] -- Using all available rosidl_typesupport_cpp: rosidl_typesupport_fastrtps_cpp;rosidl_typesupport_introspection_cpp
[0.194s] -- Found rmw_implementation_cmake: 6.1.2 (/opt/ros/humble/share/rmw_implementation_cmake/cmake)
[0.195s] -- Found rmw_fastrtps_cpp: 6.2.10 (/opt/ros/humble/share/rmw_fastrtps_cpp/cmake)
[0.280s] -- Using RMW implementation 'rmw_fastrtps_cpp' as default
[0.330s] [31mCMake Error at CMakeLists.txt:11 (find_package):
[0.330s]   By not providing "Finddave_interfaces.cmake" in CMAKE_MODULE_PATH this
[0.330s]   project has asked CMake to find a package configuration file provided by
[0.330s]   "dave_interfaces", but CMake did not find one.
[0.330s] 
[0.330s]   Could not find a package configuration file provided by "dave_interfaces"
[0.330s]   with any of the following names:
[0.330s] 
[0.330s]     dave_interfacesConfig.cmake
[0.330s]     dave_interfaces-config.cmake
[0.330s] 
[0.330s]   Add the installation prefix of "dave_interfaces" to CMAKE_PREFIX_PATH or
[0.330s]   set "dave_interfaces_DIR" to a directory containing one of the above files.
[0.330s]   If "dave_interfaces" provides a separate development package or SDK, be
[0.330s]   sure it has been installed.
[0.331s] 
[0.331s] [0m
[0.331s] -- Configuring incomplete, errors occurred!
[0.331s] See also "/home/isaac/Documents/D.A.V.E./ros2_ws/build/navsystem/CMakeFiles/CMakeOutput.log".
[0.336s] gmake: *** [Makefile:267: cmake_check_build_system] Error 1
[0.338s] Invoked command in '/home/isaac/Documents/D.A.V.E./ros2_ws/build/navsystem' returned '2': CMAKE_PREFIX_PATH=${CMAKE_PREFIX_PATH}:/opt/ros/humble /usr/bin/cmake --build /home/isaac/Documents/D.A.V.E./ros2_ws/build/navsystem -- -j16 -l16
