-- Found ament_cmake: 1.3.13 (/opt/ros/humble/share/ament_cmake/cmake)
-- Found rosidl_default_generators: 1.2.0 (/opt/ros/humble/share/rosidl_default_generators/cmake)
-- Using all available rosidl_typesupport_c: rosidl_typesupport_fastrtps_c;rosidl_typesupport_introspection_c
-- Found rosidl_adapter: 3.1.8 (/opt/ros/humble/share/rosidl_adapter/cmake)
-- Using all available rosidl_typesupport_cpp: rosidl_typesupport_fastrtps_cpp;rosidl_typesupport_introspection_cpp
-- Found ament_cmake_ros: 0.10.0 (/opt/ros/humble/share/ament_cmake_ros/cmake)
-- Using all available rosidl_typesupport_c: rosidl_typesupport_fastrtps_c;rosidl_typesupport_introspection_c
-- Using all available rosidl_typesupport_cpp: rosidl_typesupport_fastrtps_cpp;rosidl_typesupport_introspection_cpp
-- Found PythonInterp: /usr/bin/python3 (found suitable version "3.10.12", minimum required is "3.6") 
-- Found python_cmake_module: 0.10.0 (/opt/ros/humble/share/python_cmake_module/cmake)
-- Found PythonLibs: /usr/lib/x86_64-linux-gnu/libpython3.10.so (found suitable version "3.10.12", minimum required is "3.5") 
-- Using PYTHON_EXECUTABLE: /usr/bin/python3
-- Using PYTHON_INCLUDE_DIRS: /usr/include/python3.10
-- Using PYTHON_LIBRARIES: /usr/lib/x86_64-linux-gnu/libpython3.10.so
-- Found PythonExtra: .so  
-- Configuring done
-- Generating done
-- Build files have been written to: /home/isaac/Documents/D.A.V.E./ros2_ws/build/dave_interfaces
[  2%] [34m[1mGenerating C code for ROS interfaces[0m
[  4%] [34m[1mGenerating C++ code for ROS interfaces[0m
[  4%] Built target ament_cmake_python_copy_dave_interfaces
running egg_info
creating dave_interfaces.egg-info
writing dave_interfaces.egg-info/PKG-INFO
writing dependency_links to dave_interfaces.egg-info/dependency_links.txt
writing top-level names to dave_interfaces.egg-info/top_level.txt
writing manifest file 'dave_interfaces.egg-info/SOURCES.txt'
reading manifest file 'dave_interfaces.egg-info/SOURCES.txt'
writing manifest file 'dave_interfaces.egg-info/SOURCES.txt'
[  4%] Built target ament_cmake_python_build_dave_interfaces_egg
[  4%] Built target dave_interfaces__cpp
[  6%] [34m[1mGenerating C++ type support for eProsima Fast-RTPS[0m
[  8%] [34m[1mGenerating C++ introspection for ROS interfaces[0m
[ 10%] [34m[1mGenerating C++ type support dispatch for ROS interfaces[0m
[ 17%] [32mBuilding C object CMakeFiles/dave_interfaces__rosidl_generator_c.dir/rosidl_generator_c/dave_interfaces/msg/detail/bearing__functions.c.o[0m
[ 17%] [32mBuilding C object CMakeFiles/dave_interfaces__rosidl_generator_c.dir/rosidl_generator_c/dave_interfaces/srv/detail/get_set_nav__functions.c.o[0m
[ 17%] [32mBuilding C object CMakeFiles/dave_interfaces__rosidl_generator_c.dir/rosidl_generator_c/dave_interfaces/msg/detail/position__functions.c.o[0m
[ 19%] [32m[1mLinking C shared library libdave_interfaces__rosidl_generator_c.so[0m
[ 19%] Built target dave_interfaces__rosidl_generator_c
[ 23%] [34m[1mGenerating C type support for eProsima Fast-RTPS[0m
[ 23%] [34m[1mGenerating C introspection for ROS interfaces[0m
[ 25%] [34m[1mGenerating C type support dispatch for ROS interfaces[0m
[ 27%] [32mBuilding CXX object CMakeFiles/dave_interfaces__rosidl_typesupport_cpp.dir/rosidl_typesupport_cpp/dave_interfaces/msg/position__type_support.cpp.o[0m
[ 31%] [32mBuilding CXX object CMakeFiles/dave_interfaces__rosidl_typesupport_cpp.dir/rosidl_typesupport_cpp/dave_interfaces/srv/get_set_nav__type_support.cpp.o[0m
[ 31%] [32mBuilding CXX object CMakeFiles/dave_interfaces__rosidl_typesupport_cpp.dir/rosidl_typesupport_cpp/dave_interfaces/msg/bearing__type_support.cpp.o[0m
[ 38%] [32mBuilding CXX object CMakeFiles/dave_interfaces__rosidl_typesupport_introspection_cpp.dir/rosidl_typesupport_introspection_cpp/dave_interfaces/msg/detail/position__type_support.cpp.o[0m
[ 38%] [32mBuilding CXX object CMakeFiles/dave_interfaces__rosidl_typesupport_introspection_cpp.dir/rosidl_typesupport_introspection_cpp/dave_interfaces/msg/detail/bearing__type_support.cpp.o[0m
[ 38%] [32mBuilding CXX object CMakeFiles/dave_interfaces__rosidl_typesupport_introspection_cpp.dir/rosidl_typesupport_introspection_cpp/dave_interfaces/srv/detail/get_set_nav__type_support.cpp.o[0m
[ 44%] [32mBuilding CXX object CMakeFiles/dave_interfaces__rosidl_typesupport_fastrtps_cpp.dir/rosidl_typesupport_fastrtps_cpp/dave_interfaces/srv/detail/dds_fastrtps/get_set_nav__type_support.cpp.o[0m
[ 44%] [32mBuilding CXX object CMakeFiles/dave_interfaces__rosidl_typesupport_fastrtps_cpp.dir/rosidl_typesupport_fastrtps_cpp/dave_interfaces/msg/detail/dds_fastrtps/position__type_support.cpp.o[0m
[ 44%] [32mBuilding CXX object CMakeFiles/dave_interfaces__rosidl_typesupport_fastrtps_cpp.dir/rosidl_typesupport_fastrtps_cpp/dave_interfaces/msg/detail/dds_fastrtps/bearing__type_support.cpp.o[0m
[ 51%] [32mBuilding CXX object CMakeFiles/dave_interfaces__rosidl_typesupport_c.dir/rosidl_typesupport_c/dave_interfaces/msg/position__type_support.cpp.o[0m
[ 51%] [32mBuilding CXX object CMakeFiles/dave_interfaces__rosidl_typesupport_c.dir/rosidl_typesupport_c/dave_interfaces/msg/bearing__type_support.cpp.o[0m
[ 51%] [32mBuilding CXX object CMakeFiles/dave_interfaces__rosidl_typesupport_c.dir/rosidl_typesupport_c/dave_interfaces/srv/get_set_nav__type_support.cpp.o[0m
[ 53%] [32m[1mLinking CXX shared library libdave_interfaces__rosidl_typesupport_c.so[0m
[ 53%] Built target dave_interfaces__rosidl_typesupport_c
[ 57%] [32mBuilding C object CMakeFiles/dave_interfaces__rosidl_typesupport_introspection_c.dir/rosidl_typesupport_introspection_c/dave_interfaces/msg/detail/bearing__type_support.c.o[0m
[ 57%] [32mBuilding C object CMakeFiles/dave_interfaces__rosidl_typesupport_introspection_c.dir/rosidl_typesupport_introspection_c/dave_interfaces/msg/detail/position__type_support.c.o[0m
[ 59%] [32mBuilding C object CMakeFiles/dave_interfaces__rosidl_typesupport_introspection_c.dir/rosidl_typesupport_introspection_c/dave_interfaces/srv/detail/get_set_nav__type_support.c.o[0m
[ 65%] [32mBuilding CXX object CMakeFiles/dave_interfaces__rosidl_typesupport_fastrtps_c.dir/rosidl_typesupport_fastrtps_c/dave_interfaces/msg/detail/bearing__type_support_c.cpp.o[0m
[ 65%] [32mBuilding CXX object CMakeFiles/dave_interfaces__rosidl_typesupport_fastrtps_c.dir/rosidl_typesupport_fastrtps_c/dave_interfaces/srv/detail/get_set_nav__type_support_c.cpp.o[0m
[ 65%] [32mBuilding CXX object CMakeFiles/dave_interfaces__rosidl_typesupport_fastrtps_c.dir/rosidl_typesupport_fastrtps_c/dave_interfaces/msg/detail/position__type_support_c.cpp.o[0m
[ 68%] [32m[1mLinking C shared library libdave_interfaces__rosidl_typesupport_introspection_c.so[0m
[ 70%] [32m[1mLinking CXX shared library libdave_interfaces__rosidl_typesupport_cpp.so[0m
[ 70%] Built target dave_interfaces__rosidl_typesupport_introspection_c
[ 70%] Built target dave_interfaces__rosidl_typesupport_cpp
[ 72%] [32m[1mLinking CXX shared library libdave_interfaces__rosidl_typesupport_introspection_cpp.so[0m
[ 74%] [32m[1mLinking CXX shared library libdave_interfaces__rosidl_typesupport_fastrtps_cpp.so[0m
[ 74%] Built target dave_interfaces__rosidl_typesupport_introspection_cpp
[ 76%] [32m[1mLinking CXX shared library libdave_interfaces__rosidl_typesupport_fastrtps_c.so[0m
[ 76%] Built target dave_interfaces__rosidl_typesupport_fastrtps_cpp
[ 76%] Built target dave_interfaces__rosidl_typesupport_fastrtps_c
[ 76%] Built target dave_interfaces
[ 78%] [34m[1mGenerating Python code for ROS interfaces[0m
[ 78%] Built target dave_interfaces__py
[ 82%] [32mBuilding C object CMakeFiles/dave_interfaces__rosidl_generator_py.dir/rosidl_generator_py/dave_interfaces/msg/_position_s.c.o[0m
[ 82%] [32mBuilding C object CMakeFiles/dave_interfaces__rosidl_generator_py.dir/rosidl_generator_py/dave_interfaces/msg/_bearing_s.c.o[0m
[ 85%] [32mBuilding C object CMakeFiles/dave_interfaces__rosidl_generator_py.dir/rosidl_generator_py/dave_interfaces/srv/_get_set_nav_s.c.o[0m
[ 87%] [32m[1mLinking C shared library rosidl_generator_py/dave_interfaces/libdave_interfaces__rosidl_generator_py.so[0m
[ 87%] Built target dave_interfaces__rosidl_generator_py
[ 89%] [32mBuilding C object CMakeFiles/dave_interfaces__rosidl_typesupport_fastrtps_c__pyext.dir/rosidl_generator_py/dave_interfaces/_dave_interfaces_s.ep.rosidl_typesupport_fastrtps_c.c.o[0m
[ 93%] [32mBuilding C object CMakeFiles/dave_interfaces__rosidl_typesupport_introspection_c__pyext.dir/rosidl_generator_py/dave_interfaces/_dave_interfaces_s.ep.rosidl_typesupport_introspection_c.c.o[0m
[ 93%] [32mBuilding C object CMakeFiles/dave_interfaces__rosidl_typesupport_c__pyext.dir/rosidl_generator_py/dave_interfaces/_dave_interfaces_s.ep.rosidl_typesupport_c.c.o[0m
[ 97%] [32m[1mLinking C shared library rosidl_generator_py/dave_interfaces/dave_interfaces_s__rosidl_typesupport_introspection_c.cpython-310-x86_64-linux-gnu.so[0m
[ 97%] [32m[1mLinking C shared library rosidl_generator_py/dave_interfaces/dave_interfaces_s__rosidl_typesupport_c.cpython-310-x86_64-linux-gnu.so[0m
[100%] [32m[1mLinking C shared library rosidl_generator_py/dave_interfaces/dave_interfaces_s__rosidl_typesupport_fastrtps_c.cpython-310-x86_64-linux-gnu.so[0m
[100%] Built target dave_interfaces__rosidl_typesupport_fastrtps_c__pyext
[100%] Built target dave_interfaces__rosidl_typesupport_introspection_c__pyext
[100%] Built target dave_interfaces__rosidl_typesupport_c__pyext
-- Install configuration: ""
-- Installing: /home/isaac/Documents/D.A.V.E./ros2_ws/install/dave_interfaces/share/ament_index/resource_index/rosidl_interfaces/dave_interfaces
-- Installing: /home/isaac/Documents/D.A.V.E./ros2_ws/install/dave_interfaces/include/dave_interfaces/dave_interfaces
-- Installing: /home/isaac/Documents/D.A.V.E./ros2_ws/install/dave_interfaces/include/dave_interfaces/dave_interfaces/msg
-- Installing: /home/isaac/Documents/D.A.V.E./ros2_ws/install/dave_interfaces/include/dave_interfaces/dave_interfaces/msg/detail
-- Installing: /home/isaac/Documents/D.A.V.E./ros2_ws/install/dave_interfaces/include/dave_interfaces/dave_interfaces/msg/detail/bearing__functions.h
-- Installing: /home/isaac/Documents/D.A.V.E./ros2_ws/install/dave_interfaces/include/dave_interfaces/dave_interfaces/msg/detail/position__functions.h
-- Installing: /home/isaac/Documents/D.A.V.E./ros2_ws/install/dave_interfaces/include/dave_interfaces/dave_interfaces/msg/detail/position__type_support.h
-- Installing: /home/isaac/Documents/D.A.V.E./ros2_ws/install/dave_interfaces/include/dave_interfaces/dave_interfaces/msg/detail/position__functions.c
-- Installing: /home/isaac/Documents/D.A.V.E./ros2_ws/install/dave_interfaces/include/dave_interfaces/dave_interfaces/msg/detail/bearing__type_support.h
-- Installing: /home/isaac/Documents/D.A.V.E./ros2_ws/install/dave_interfaces/include/dave_interfaces/dave_interfaces/msg/detail/bearing__struct.h
-- Installing: /home/isaac/Documents/D.A.V.E./ros2_ws/install/dave_interfaces/include/dave_interfaces/dave_interfaces/msg/detail/position__struct.h
-- Installing: /home/isaac/Documents/D.A.V.E./ros2_ws/install/dave_interfaces/include/dave_interfaces/dave_interfaces/msg/detail/bearing__functions.c
-- Installing: /home/isaac/Documents/D.A.V.E./ros2_ws/install/dave_interfaces/include/dave_interfaces/dave_interfaces/msg/bearing.h
-- Installing: /home/isaac/Documents/D.A.V.E./ros2_ws/install/dave_interfaces/include/dave_interfaces/dave_interfaces/msg/position.h
-- Installing: /home/isaac/Documents/D.A.V.E./ros2_ws/install/dave_interfaces/include/dave_interfaces/dave_interfaces/msg/rosidl_generator_c__visibility_control.h
-- Installing: /home/isaac/Documents/D.A.V.E./ros2_ws/install/dave_interfaces/include/dave_interfaces/dave_interfaces/srv
-- Installing: /home/isaac/Documents/D.A.V.E./ros2_ws/install/dave_interfaces/include/dave_interfaces/dave_interfaces/srv/detail
-- Installing: /home/isaac/Documents/D.A.V.E./ros2_ws/install/dave_interfaces/include/dave_interfaces/dave_interfaces/srv/detail/get_set_nav__functions.c
-- Installing: /home/isaac/Documents/D.A.V.E./ros2_ws/install/dave_interfaces/include/dave_interfaces/dave_interfaces/srv/detail/get_set_nav__functions.h
-- Installing: /home/isaac/Documents/D.A.V.E./ros2_ws/install/dave_interfaces/include/dave_interfaces/dave_interfaces/srv/detail/get_set_nav__struct.h
-- Installing: /home/isaac/Documents/D.A.V.E./ros2_ws/install/dave_interfaces/include/dave_interfaces/dave_interfaces/srv/detail/get_set_nav__type_support.h
-- Installing: /home/isaac/Documents/D.A.V.E./ros2_ws/install/dave_interfaces/include/dave_interfaces/dave_interfaces/srv/get_set_nav.h
-- Installing: /home/isaac/Documents/D.A.V.E./ros2_ws/install/dave_interfaces/share/dave_interfaces/environment/library_path.sh
-- Installing: /home/isaac/Documents/D.A.V.E./ros2_ws/install/dave_interfaces/share/dave_interfaces/environment/library_path.dsv
-- Installing: /home/isaac/Documents/D.A.V.E./ros2_ws/install/dave_interfaces/lib/libdave_interfaces__rosidl_generator_c.so
-- Set runtime path of "/home/isaac/Documents/D.A.V.E./ros2_ws/install/dave_interfaces/lib/libdave_interfaces__rosidl_generator_c.so" to ""
-- Up-to-date: /home/isaac/Documents/D.A.V.E./ros2_ws/install/dave_interfaces/include/dave_interfaces/dave_interfaces
-- Up-to-date: /home/isaac/Documents/D.A.V.E./ros2_ws/install/dave_interfaces/include/dave_interfaces/dave_interfaces/msg
-- Up-to-date: /home/isaac/Documents/D.A.V.E./ros2_ws/install/dave_interfaces/include/dave_interfaces/dave_interfaces/msg/detail
-- Installing: /home/isaac/Documents/D.A.V.E./ros2_ws/install/dave_interfaces/include/dave_interfaces/dave_interfaces/msg/detail/bearing__rosidl_typesupport_fastrtps_c.h
-- Installing: /home/isaac/Documents/D.A.V.E./ros2_ws/install/dave_interfaces/include/dave_interfaces/dave_interfaces/msg/detail/position__rosidl_typesupport_fastrtps_c.h
-- Installing: /home/isaac/Documents/D.A.V.E./ros2_ws/install/dave_interfaces/include/dave_interfaces/dave_interfaces/msg/rosidl_typesupport_fastrtps_c__visibility_control.h
-- Up-to-date: /home/isaac/Documents/D.A.V.E./ros2_ws/install/dave_interfaces/include/dave_interfaces/dave_interfaces/srv
-- Up-to-date: /home/isaac/Documents/D.A.V.E./ros2_ws/install/dave_interfaces/include/dave_interfaces/dave_interfaces/srv/detail
-- Installing: /home/isaac/Documents/D.A.V.E./ros2_ws/install/dave_interfaces/include/dave_interfaces/dave_interfaces/srv/detail/get_set_nav__rosidl_typesupport_fastrtps_c.h
-- Installing: /home/isaac/Documents/D.A.V.E./ros2_ws/install/dave_interfaces/lib/libdave_interfaces__rosidl_typesupport_fastrtps_c.so
-- Set runtime path of "/home/isaac/Documents/D.A.V.E./ros2_ws/install/dave_interfaces/lib/libdave_interfaces__rosidl_typesupport_fastrtps_c.so" to ""
-- Up-to-date: /home/isaac/Documents/D.A.V.E./ros2_ws/install/dave_interfaces/include/dave_interfaces/dave_interfaces
-- Up-to-date: /home/isaac/Documents/D.A.V.E./ros2_ws/install/dave_interfaces/include/dave_interfaces/dave_interfaces/msg
-- Up-to-date: /home/isaac/Documents/D.A.V.E./ros2_ws/install/dave_interfaces/include/dave_interfaces/dave_interfaces/msg/detail
-- Installing: /home/isaac/Documents/D.A.V.E./ros2_ws/install/dave_interfaces/include/dave_interfaces/dave_interfaces/msg/detail/bearing__rosidl_typesupport_introspection_c.h
-- Installing: /home/isaac/Documents/D.A.V.E./ros2_ws/install/dave_interfaces/include/dave_interfaces/dave_interfaces/msg/detail/position__type_support.c
-- Installing: /home/isaac/Documents/D.A.V.E./ros2_ws/install/dave_interfaces/include/dave_interfaces/dave_interfaces/msg/detail/bearing__type_support.c
-- Installing: /home/isaac/Documents/D.A.V.E./ros2_ws/install/dave_interfaces/include/dave_interfaces/dave_interfaces/msg/detail/position__rosidl_typesupport_introspection_c.h
-- Installing: /home/isaac/Documents/D.A.V.E./ros2_ws/install/dave_interfaces/include/dave_interfaces/dave_interfaces/msg/rosidl_typesupport_introspection_c__visibility_control.h
-- Up-to-date: /home/isaac/Documents/D.A.V.E./ros2_ws/install/dave_interfaces/include/dave_interfaces/dave_interfaces/srv
-- Up-to-date: /home/isaac/Documents/D.A.V.E./ros2_ws/install/dave_interfaces/include/dave_interfaces/dave_interfaces/srv/detail
-- Installing: /home/isaac/Documents/D.A.V.E./ros2_ws/install/dave_interfaces/include/dave_interfaces/dave_interfaces/srv/detail/get_set_nav__rosidl_typesupport_introspection_c.h
-- Installing: /home/isaac/Documents/D.A.V.E./ros2_ws/install/dave_interfaces/include/dave_interfaces/dave_interfaces/srv/detail/get_set_nav__type_support.c
-- Installing: /home/isaac/Documents/D.A.V.E./ros2_ws/install/dave_interfaces/lib/libdave_interfaces__rosidl_typesupport_introspection_c.so
-- Set runtime path of "/home/isaac/Documents/D.A.V.E./ros2_ws/install/dave_interfaces/lib/libdave_interfaces__rosidl_typesupport_introspection_c.so" to ""
-- Installing: /home/isaac/Documents/D.A.V.E./ros2_ws/install/dave_interfaces/lib/libdave_interfaces__rosidl_typesupport_c.so
-- Set runtime path of "/home/isaac/Documents/D.A.V.E./ros2_ws/install/dave_interfaces/lib/libdave_interfaces__rosidl_typesupport_c.so" to ""
-- Up-to-date: /home/isaac/Documents/D.A.V.E./ros2_ws/install/dave_interfaces/include/dave_interfaces/dave_interfaces
-- Up-to-date: /home/isaac/Documents/D.A.V.E./ros2_ws/install/dave_interfaces/include/dave_interfaces/dave_interfaces/msg
-- Up-to-date: /home/isaac/Documents/D.A.V.E./ros2_ws/install/dave_interfaces/include/dave_interfaces/dave_interfaces/msg/detail
-- Installing: /home/isaac/Documents/D.A.V.E./ros2_ws/install/dave_interfaces/include/dave_interfaces/dave_interfaces/msg/detail/position__struct.hpp
-- Installing: /home/isaac/Documents/D.A.V.E./ros2_ws/install/dave_interfaces/include/dave_interfaces/dave_interfaces/msg/detail/bearing__struct.hpp
-- Installing: /home/isaac/Documents/D.A.V.E./ros2_ws/install/dave_interfaces/include/dave_interfaces/dave_interfaces/msg/detail/position__traits.hpp
-- Installing: /home/isaac/Documents/D.A.V.E./ros2_ws/install/dave_interfaces/include/dave_interfaces/dave_interfaces/msg/detail/bearing__type_support.hpp
-- Installing: /home/isaac/Documents/D.A.V.E./ros2_ws/install/dave_interfaces/include/dave_interfaces/dave_interfaces/msg/detail/bearing__traits.hpp
-- Installing: /home/isaac/Documents/D.A.V.E./ros2_ws/install/dave_interfaces/include/dave_interfaces/dave_interfaces/msg/detail/bearing__builder.hpp
-- Installing: /home/isaac/Documents/D.A.V.E./ros2_ws/install/dave_interfaces/include/dave_interfaces/dave_interfaces/msg/detail/position__builder.hpp
-- Installing: /home/isaac/Documents/D.A.V.E./ros2_ws/install/dave_interfaces/include/dave_interfaces/dave_interfaces/msg/detail/position__type_support.hpp
-- Installing: /home/isaac/Documents/D.A.V.E./ros2_ws/install/dave_interfaces/include/dave_interfaces/dave_interfaces/msg/position.hpp
-- Installing: /home/isaac/Documents/D.A.V.E./ros2_ws/install/dave_interfaces/include/dave_interfaces/dave_interfaces/msg/bearing.hpp
-- Installing: /home/isaac/Documents/D.A.V.E./ros2_ws/install/dave_interfaces/include/dave_interfaces/dave_interfaces/msg/rosidl_generator_cpp__visibility_control.hpp
-- Up-to-date: /home/isaac/Documents/D.A.V.E./ros2_ws/install/dave_interfaces/include/dave_interfaces/dave_interfaces/srv
-- Up-to-date: /home/isaac/Documents/D.A.V.E./ros2_ws/install/dave_interfaces/include/dave_interfaces/dave_interfaces/srv/detail
-- Installing: /home/isaac/Documents/D.A.V.E./ros2_ws/install/dave_interfaces/include/dave_interfaces/dave_interfaces/srv/detail/get_set_nav__builder.hpp
-- Installing: /home/isaac/Documents/D.A.V.E./ros2_ws/install/dave_interfaces/include/dave_interfaces/dave_interfaces/srv/detail/get_set_nav__struct.hpp
-- Installing: /home/isaac/Documents/D.A.V.E./ros2_ws/install/dave_interfaces/include/dave_interfaces/dave_interfaces/srv/detail/get_set_nav__traits.hpp
-- Installing: /home/isaac/Documents/D.A.V.E./ros2_ws/install/dave_interfaces/include/dave_interfaces/dave_interfaces/srv/detail/get_set_nav__type_support.hpp
-- Installing: /home/isaac/Documents/D.A.V.E./ros2_ws/install/dave_interfaces/include/dave_interfaces/dave_interfaces/srv/get_set_nav.hpp
-- Up-to-date: /home/isaac/Documents/D.A.V.E./ros2_ws/install/dave_interfaces/include/dave_interfaces/dave_interfaces
-- Up-to-date: /home/isaac/Documents/D.A.V.E./ros2_ws/install/dave_interfaces/include/dave_interfaces/dave_interfaces/msg
-- Up-to-date: /home/isaac/Documents/D.A.V.E./ros2_ws/install/dave_interfaces/include/dave_interfaces/dave_interfaces/msg/detail
-- Installing: /home/isaac/Documents/D.A.V.E./ros2_ws/install/dave_interfaces/include/dave_interfaces/dave_interfaces/msg/detail/position__rosidl_typesupport_fastrtps_cpp.hpp
-- Installing: /home/isaac/Documents/D.A.V.E./ros2_ws/install/dave_interfaces/include/dave_interfaces/dave_interfaces/msg/detail/dds_fastrtps
-- Installing: /home/isaac/Documents/D.A.V.E./ros2_ws/install/dave_interfaces/include/dave_interfaces/dave_interfaces/msg/detail/bearing__rosidl_typesupport_fastrtps_cpp.hpp
-- Installing: /home/isaac/Documents/D.A.V.E./ros2_ws/install/dave_interfaces/include/dave_interfaces/dave_interfaces/msg/rosidl_typesupport_fastrtps_cpp__visibility_control.h
-- Up-to-date: /home/isaac/Documents/D.A.V.E./ros2_ws/install/dave_interfaces/include/dave_interfaces/dave_interfaces/srv
-- Up-to-date: /home/isaac/Documents/D.A.V.E./ros2_ws/install/dave_interfaces/include/dave_interfaces/dave_interfaces/srv/detail
-- Installing: /home/isaac/Documents/D.A.V.E./ros2_ws/install/dave_interfaces/include/dave_interfaces/dave_interfaces/srv/detail/dds_fastrtps
-- Installing: /home/isaac/Documents/D.A.V.E./ros2_ws/install/dave_interfaces/include/dave_interfaces/dave_interfaces/srv/detail/get_set_nav__rosidl_typesupport_fastrtps_cpp.hpp
-- Installing: /home/isaac/Documents/D.A.V.E./ros2_ws/install/dave_interfaces/lib/libdave_interfaces__rosidl_typesupport_fastrtps_cpp.so
-- Set runtime path of "/home/isaac/Documents/D.A.V.E./ros2_ws/install/dave_interfaces/lib/libdave_interfaces__rosidl_typesupport_fastrtps_cpp.so" to ""
-- Up-to-date: /home/isaac/Documents/D.A.V.E./ros2_ws/install/dave_interfaces/include/dave_interfaces/dave_interfaces
-- Up-to-date: /home/isaac/Documents/D.A.V.E./ros2_ws/install/dave_interfaces/include/dave_interfaces/dave_interfaces/msg
-- Up-to-date: /home/isaac/Documents/D.A.V.E./ros2_ws/install/dave_interfaces/include/dave_interfaces/dave_interfaces/msg/detail
-- Installing: /home/isaac/Documents/D.A.V.E./ros2_ws/install/dave_interfaces/include/dave_interfaces/dave_interfaces/msg/detail/bearing__rosidl_typesupport_introspection_cpp.hpp
-- Installing: /home/isaac/Documents/D.A.V.E./ros2_ws/install/dave_interfaces/include/dave_interfaces/dave_interfaces/msg/detail/position__rosidl_typesupport_introspection_cpp.hpp
-- Installing: /home/isaac/Documents/D.A.V.E./ros2_ws/install/dave_interfaces/include/dave_interfaces/dave_interfaces/msg/detail/position__type_support.cpp
-- Installing: /home/isaac/Documents/D.A.V.E./ros2_ws/install/dave_interfaces/include/dave_interfaces/dave_interfaces/msg/detail/bearing__type_support.cpp
-- Up-to-date: /home/isaac/Documents/D.A.V.E./ros2_ws/install/dave_interfaces/include/dave_interfaces/dave_interfaces/srv
-- Up-to-date: /home/isaac/Documents/D.A.V.E./ros2_ws/install/dave_interfaces/include/dave_interfaces/dave_interfaces/srv/detail
-- Installing: /home/isaac/Documents/D.A.V.E./ros2_ws/install/dave_interfaces/include/dave_interfaces/dave_interfaces/srv/detail/get_set_nav__type_support.cpp
-- Installing: /home/isaac/Documents/D.A.V.E./ros2_ws/install/dave_interfaces/include/dave_interfaces/dave_interfaces/srv/detail/get_set_nav__rosidl_typesupport_introspection_cpp.hpp
-- Installing: /home/isaac/Documents/D.A.V.E./ros2_ws/install/dave_interfaces/lib/libdave_interfaces__rosidl_typesupport_introspection_cpp.so
-- Set runtime path of "/home/isaac/Documents/D.A.V.E./ros2_ws/install/dave_interfaces/lib/libdave_interfaces__rosidl_typesupport_introspection_cpp.so" to ""
-- Installing: /home/isaac/Documents/D.A.V.E./ros2_ws/install/dave_interfaces/lib/libdave_interfaces__rosidl_typesupport_cpp.so
-- Set runtime path of "/home/isaac/Documents/D.A.V.E./ros2_ws/install/dave_interfaces/lib/libdave_interfaces__rosidl_typesupport_cpp.so" to ""
-- Installing: /home/isaac/Documents/D.A.V.E./ros2_ws/install/dave_interfaces/share/dave_interfaces/environment/pythonpath.sh
-- Installing: /home/isaac/Documents/D.A.V.E./ros2_ws/install/dave_interfaces/share/dave_interfaces/environment/pythonpath.dsv
-- Installing: /home/isaac/Documents/D.A.V.E./ros2_ws/install/dave_interfaces/local/lib/python3.10/dist-packages/dave_interfaces-0.0.0-py3.10.egg-info
-- Installing: /home/isaac/Documents/D.A.V.E./ros2_ws/install/dave_interfaces/local/lib/python3.10/dist-packages/dave_interfaces-0.0.0-py3.10.egg-info/SOURCES.txt
-- Installing: /home/isaac/Documents/D.A.V.E./ros2_ws/install/dave_interfaces/local/lib/python3.10/dist-packages/dave_interfaces-0.0.0-py3.10.egg-info/top_level.txt
-- Installing: /home/isaac/Documents/D.A.V.E./ros2_ws/install/dave_interfaces/local/lib/python3.10/dist-packages/dave_interfaces-0.0.0-py3.10.egg-info/dependency_links.txt
-- Installing: /home/isaac/Documents/D.A.V.E./ros2_ws/install/dave_interfaces/local/lib/python3.10/dist-packages/dave_interfaces-0.0.0-py3.10.egg-info/PKG-INFO
-- Installing: /home/isaac/Documents/D.A.V.E./ros2_ws/install/dave_interfaces/local/lib/python3.10/dist-packages/dave_interfaces
-- Installing: /home/isaac/Documents/D.A.V.E./ros2_ws/install/dave_interfaces/local/lib/python3.10/dist-packages/dave_interfaces/_dave_interfaces_s.ep.rosidl_typesupport_c.c
-- Installing: /home/isaac/Documents/D.A.V.E./ros2_ws/install/dave_interfaces/local/lib/python3.10/dist-packages/dave_interfaces/dave_interfaces_s__rosidl_typesupport_introspection_c.cpython-310-x86_64-linux-gnu.so
-- Installing: /home/isaac/Documents/D.A.V.E./ros2_ws/install/dave_interfaces/local/lib/python3.10/dist-packages/dave_interfaces/__init__.py
-- Installing: /home/isaac/Documents/D.A.V.E./ros2_ws/install/dave_interfaces/local/lib/python3.10/dist-packages/dave_interfaces/_dave_interfaces_s.ep.rosidl_typesupport_fastrtps_c.c
-- Installing: /home/isaac/Documents/D.A.V.E./ros2_ws/install/dave_interfaces/local/lib/python3.10/dist-packages/dave_interfaces/dave_interfaces_s__rosidl_typesupport_fastrtps_c.cpython-310-x86_64-linux-gnu.so
-- Installing: /home/isaac/Documents/D.A.V.E./ros2_ws/install/dave_interfaces/local/lib/python3.10/dist-packages/dave_interfaces/dave_interfaces_s__rosidl_typesupport_c.cpython-310-x86_64-linux-gnu.so
-- Installing: /home/isaac/Documents/D.A.V.E./ros2_ws/install/dave_interfaces/local/lib/python3.10/dist-packages/dave_interfaces/msg
-- Installing: /home/isaac/Documents/D.A.V.E./ros2_ws/install/dave_interfaces/local/lib/python3.10/dist-packages/dave_interfaces/msg/__init__.py
-- Installing: /home/isaac/Documents/D.A.V.E./ros2_ws/install/dave_interfaces/local/lib/python3.10/dist-packages/dave_interfaces/msg/_bearing.py
-- Installing: /home/isaac/Documents/D.A.V.E./ros2_ws/install/dave_interfaces/local/lib/python3.10/dist-packages/dave_interfaces/msg/_position_s.c
-- Installing: /home/isaac/Documents/D.A.V.E./ros2_ws/install/dave_interfaces/local/lib/python3.10/dist-packages/dave_interfaces/msg/_bearing_s.c
-- Installing: /home/isaac/Documents/D.A.V.E./ros2_ws/install/dave_interfaces/local/lib/python3.10/dist-packages/dave_interfaces/msg/_position.py
-- Installing: /home/isaac/Documents/D.A.V.E./ros2_ws/install/dave_interfaces/local/lib/python3.10/dist-packages/dave_interfaces/libdave_interfaces__rosidl_generator_py.so
-- Installing: /home/isaac/Documents/D.A.V.E./ros2_ws/install/dave_interfaces/local/lib/python3.10/dist-packages/dave_interfaces/srv
-- Installing: /home/isaac/Documents/D.A.V.E./ros2_ws/install/dave_interfaces/local/lib/python3.10/dist-packages/dave_interfaces/srv/__init__.py
-- Installing: /home/isaac/Documents/D.A.V.E./ros2_ws/install/dave_interfaces/local/lib/python3.10/dist-packages/dave_interfaces/srv/_get_set_nav.py
-- Installing: /home/isaac/Documents/D.A.V.E./ros2_ws/install/dave_interfaces/local/lib/python3.10/dist-packages/dave_interfaces/srv/_get_set_nav_s.c
-- Installing: /home/isaac/Documents/D.A.V.E./ros2_ws/install/dave_interfaces/local/lib/python3.10/dist-packages/dave_interfaces/_dave_interfaces_s.ep.rosidl_typesupport_introspection_c.c
Listing '/home/isaac/Documents/D.A.V.E./ros2_ws/install/dave_interfaces/local/lib/python3.10/dist-packages/dave_interfaces'...
Compiling '/home/isaac/Documents/D.A.V.E./ros2_ws/install/dave_interfaces/local/lib/python3.10/dist-packages/dave_interfaces/__init__.py'...
Listing '/home/isaac/Documents/D.A.V.E./ros2_ws/install/dave_interfaces/local/lib/python3.10/dist-packages/dave_interfaces/msg'...
Compiling '/home/isaac/Documents/D.A.V.E./ros2_ws/install/dave_interfaces/local/lib/python3.10/dist-packages/dave_interfaces/msg/__init__.py'...
Compiling '/home/isaac/Documents/D.A.V.E./ros2_ws/install/dave_interfaces/local/lib/python3.10/dist-packages/dave_interfaces/msg/_bearing.py'...
Compiling '/home/isaac/Documents/D.A.V.E./ros2_ws/install/dave_interfaces/local/lib/python3.10/dist-packages/dave_interfaces/msg/_position.py'...
Listing '/home/isaac/Documents/D.A.V.E./ros2_ws/install/dave_interfaces/local/lib/python3.10/dist-packages/dave_interfaces/srv'...
Compiling '/home/isaac/Documents/D.A.V.E./ros2_ws/install/dave_interfaces/local/lib/python3.10/dist-packages/dave_interfaces/srv/__init__.py'...
Compiling '/home/isaac/Documents/D.A.V.E./ros2_ws/install/dave_interfaces/local/lib/python3.10/dist-packages/dave_interfaces/srv/_get_set_nav.py'...
-- Installing: /home/isaac/Documents/D.A.V.E./ros2_ws/install/dave_interfaces/local/lib/python3.10/dist-packages/dave_interfaces/dave_interfaces_s__rosidl_typesupport_fastrtps_c.cpython-310-x86_64-linux-gnu.so
-- Set runtime path of "/home/isaac/Documents/D.A.V.E./ros2_ws/install/dave_interfaces/local/lib/python3.10/dist-packages/dave_interfaces/dave_interfaces_s__rosidl_typesupport_fastrtps_c.cpython-310-x86_64-linux-gnu.so" to ""
-- Installing: /home/isaac/Documents/D.A.V.E./ros2_ws/install/dave_interfaces/local/lib/python3.10/dist-packages/dave_interfaces/dave_interfaces_s__rosidl_typesupport_introspection_c.cpython-310-x86_64-linux-gnu.so
-- Set runtime path of "/home/isaac/Documents/D.A.V.E./ros2_ws/install/dave_interfaces/local/lib/python3.10/dist-packages/dave_interfaces/dave_interfaces_s__rosidl_typesupport_introspection_c.cpython-310-x86_64-linux-gnu.so" to ""
-- Installing: /home/isaac/Documents/D.A.V.E./ros2_ws/install/dave_interfaces/local/lib/python3.10/dist-packages/dave_interfaces/dave_interfaces_s__rosidl_typesupport_c.cpython-310-x86_64-linux-gnu.so
-- Set runtime path of "/home/isaac/Documents/D.A.V.E./ros2_ws/install/dave_interfaces/local/lib/python3.10/dist-packages/dave_interfaces/dave_interfaces_s__rosidl_typesupport_c.cpython-310-x86_64-linux-gnu.so" to ""
-- Installing: /home/isaac/Documents/D.A.V.E./ros2_ws/install/dave_interfaces/lib/libdave_interfaces__rosidl_generator_py.so
-- Set runtime path of "/home/isaac/Documents/D.A.V.E./ros2_ws/install/dave_interfaces/lib/libdave_interfaces__rosidl_generator_py.so" to ""
-- Installing: /home/isaac/Documents/D.A.V.E./ros2_ws/install/dave_interfaces/share/dave_interfaces/msg/Bearing.idl
-- Installing: /home/isaac/Documents/D.A.V.E./ros2_ws/install/dave_interfaces/share/dave_interfaces/msg/Position.idl
-- Installing: /home/isaac/Documents/D.A.V.E./ros2_ws/install/dave_interfaces/share/dave_interfaces/srv/GetSetNav.idl
-- Installing: /home/isaac/Documents/D.A.V.E./ros2_ws/install/dave_interfaces/share/dave_interfaces/msg/Bearing.msg
-- Installing: /home/isaac/Documents/D.A.V.E./ros2_ws/install/dave_interfaces/share/dave_interfaces/msg/Position.msg
-- Installing: /home/isaac/Documents/D.A.V.E./ros2_ws/install/dave_interfaces/share/dave_interfaces/srv/GetSetNav.srv
-- Installing: /home/isaac/Documents/D.A.V.E./ros2_ws/install/dave_interfaces/share/dave_interfaces/srv/GetSetNav_Request.msg
-- Installing: /home/isaac/Documents/D.A.V.E./ros2_ws/install/dave_interfaces/share/dave_interfaces/srv/GetSetNav_Response.msg
-- Installing: /home/isaac/Documents/D.A.V.E./ros2_ws/install/dave_interfaces/share/ament_index/resource_index/package_run_dependencies/dave_interfaces
-- Installing: /home/isaac/Documents/D.A.V.E./ros2_ws/install/dave_interfaces/share/ament_index/resource_index/parent_prefix_path/dave_interfaces
-- Installing: /home/isaac/Documents/D.A.V.E./ros2_ws/install/dave_interfaces/share/dave_interfaces/environment/ament_prefix_path.sh
-- Installing: /home/isaac/Documents/D.A.V.E./ros2_ws/install/dave_interfaces/share/dave_interfaces/environment/ament_prefix_path.dsv
-- Installing: /home/isaac/Documents/D.A.V.E./ros2_ws/install/dave_interfaces/share/dave_interfaces/environment/path.sh
-- Installing: /home/isaac/Documents/D.A.V.E./ros2_ws/install/dave_interfaces/share/dave_interfaces/environment/path.dsv
-- Installing: /home/isaac/Documents/D.A.V.E./ros2_ws/install/dave_interfaces/share/dave_interfaces/local_setup.bash
-- Installing: /home/isaac/Documents/D.A.V.E./ros2_ws/install/dave_interfaces/share/dave_interfaces/local_setup.sh
-- Installing: /home/isaac/Documents/D.A.V.E./ros2_ws/install/dave_interfaces/share/dave_interfaces/local_setup.zsh
-- Installing: /home/isaac/Documents/D.A.V.E./ros2_ws/install/dave_interfaces/share/dave_interfaces/local_setup.dsv
-- Installing: /home/isaac/Documents/D.A.V.E./ros2_ws/install/dave_interfaces/share/dave_interfaces/package.dsv
-- Installing: /home/isaac/Documents/D.A.V.E./ros2_ws/install/dave_interfaces/share/ament_index/resource_index/packages/dave_interfaces
-- Installing: /home/isaac/Documents/D.A.V.E./ros2_ws/install/dave_interfaces/share/dave_interfaces/cmake/export_dave_interfaces__rosidl_generator_cExport.cmake
-- Installing: /home/isaac/Documents/D.A.V.E./ros2_ws/install/dave_interfaces/share/dave_interfaces/cmake/export_dave_interfaces__rosidl_generator_cExport-noconfig.cmake
-- Installing: /home/isaac/Documents/D.A.V.E./ros2_ws/install/dave_interfaces/share/dave_interfaces/cmake/export_dave_interfaces__rosidl_typesupport_fastrtps_cExport.cmake
-- Installing: /home/isaac/Documents/D.A.V.E./ros2_ws/install/dave_interfaces/share/dave_interfaces/cmake/export_dave_interfaces__rosidl_typesupport_fastrtps_cExport-noconfig.cmake
-- Installing: /home/isaac/Documents/D.A.V.E./ros2_ws/install/dave_interfaces/share/dave_interfaces/cmake/dave_interfaces__rosidl_typesupport_introspection_cExport.cmake
-- Installing: /home/isaac/Documents/D.A.V.E./ros2_ws/install/dave_interfaces/share/dave_interfaces/cmake/dave_interfaces__rosidl_typesupport_introspection_cExport-noconfig.cmake
-- Installing: /home/isaac/Documents/D.A.V.E./ros2_ws/install/dave_interfaces/share/dave_interfaces/cmake/dave_interfaces__rosidl_typesupport_cExport.cmake
-- Installing: /home/isaac/Documents/D.A.V.E./ros2_ws/install/dave_interfaces/share/dave_interfaces/cmake/dave_interfaces__rosidl_typesupport_cExport-noconfig.cmake
-- Installing: /home/isaac/Documents/D.A.V.E./ros2_ws/install/dave_interfaces/share/dave_interfaces/cmake/export_dave_interfaces__rosidl_generator_cppExport.cmake
-- Installing: /home/isaac/Documents/D.A.V.E./ros2_ws/install/dave_interfaces/share/dave_interfaces/cmake/export_dave_interfaces__rosidl_typesupport_fastrtps_cppExport.cmake
-- Installing: /home/isaac/Documents/D.A.V.E./ros2_ws/install/dave_interfaces/share/dave_interfaces/cmake/export_dave_interfaces__rosidl_typesupport_fastrtps_cppExport-noconfig.cmake
-- Installing: /home/isaac/Documents/D.A.V.E./ros2_ws/install/dave_interfaces/share/dave_interfaces/cmake/dave_interfaces__rosidl_typesupport_introspection_cppExport.cmake
-- Installing: /home/isaac/Documents/D.A.V.E./ros2_ws/install/dave_interfaces/share/dave_interfaces/cmake/dave_interfaces__rosidl_typesupport_introspection_cppExport-noconfig.cmake
-- Installing: /home/isaac/Documents/D.A.V.E./ros2_ws/install/dave_interfaces/share/dave_interfaces/cmake/dave_interfaces__rosidl_typesupport_cppExport.cmake
-- Installing: /home/isaac/Documents/D.A.V.E./ros2_ws/install/dave_interfaces/share/dave_interfaces/cmake/dave_interfaces__rosidl_typesupport_cppExport-noconfig.cmake
-- Installing: /home/isaac/Documents/D.A.V.E./ros2_ws/install/dave_interfaces/share/dave_interfaces/cmake/export_dave_interfaces__rosidl_generator_pyExport.cmake
-- Installing: /home/isaac/Documents/D.A.V.E./ros2_ws/install/dave_interfaces/share/dave_interfaces/cmake/export_dave_interfaces__rosidl_generator_pyExport-noconfig.cmake
-- Installing: /home/isaac/Documents/D.A.V.E./ros2_ws/install/dave_interfaces/share/dave_interfaces/cmake/rosidl_cmake-extras.cmake
-- Installing: /home/isaac/Documents/D.A.V.E./ros2_ws/install/dave_interfaces/share/dave_interfaces/cmake/ament_cmake_export_include_directories-extras.cmake
-- Installing: /home/isaac/Documents/D.A.V.E./ros2_ws/install/dave_interfaces/share/dave_interfaces/cmake/ament_cmake_export_libraries-extras.cmake
-- Installing: /home/isaac/Documents/D.A.V.E./ros2_ws/install/dave_interfaces/share/dave_interfaces/cmake/ament_cmake_export_targets-extras.cmake
-- Installing: /home/isaac/Documents/D.A.V.E./ros2_ws/install/dave_interfaces/share/dave_interfaces/cmake/rosidl_cmake_export_typesupport_targets-extras.cmake
-- Installing: /home/isaac/Documents/D.A.V.E./ros2_ws/install/dave_interfaces/share/dave_interfaces/cmake/ament_cmake_export_dependencies-extras.cmake
-- Installing: /home/isaac/Documents/D.A.V.E./ros2_ws/install/dave_interfaces/share/dave_interfaces/cmake/rosidl_cmake_export_typesupport_libraries-extras.cmake
-- Installing: /home/isaac/Documents/D.A.V.E./ros2_ws/install/dave_interfaces/share/dave_interfaces/cmake/dave_interfacesConfig.cmake
-- Installing: /home/isaac/Documents/D.A.V.E./ros2_ws/install/dave_interfaces/share/dave_interfaces/cmake/dave_interfacesConfig-version.cmake
-- Installing: /home/isaac/Documents/D.A.V.E./ros2_ws/install/dave_interfaces/share/dave_interfaces/package.xml
