[0.009s] Invoking command in '/home/isaac/Documents/D.A.V.E./ros2_ws/build/dave_interfaces': CMAKE_PREFIX_PATH=${CMAKE_PREFIX_PATH}:/opt/ros/humble /usr/bin/cmake /home/isaac/Documents/D.A.V.E./ros2_ws/src/dave_interfaces -DCMAKE_INSTALL_PREFIX=/home/isaac/Documents/D.A.V.E./ros2_ws/install/dave_interfaces
[0.020s] -- Found ament_cmake: 1.3.13 (/opt/ros/humble/share/ament_cmake/cmake)
[0.113s] -- Found rosidl_default_generators: 1.2.0 (/opt/ros/humble/share/rosidl_default_generators/cmake)
[0.114s] -- Using all available rosidl_typesupport_c: rosidl_typesupport_fastrtps_c;rosidl_typesupport_introspection_c
[0.116s] -- Found rosidl_adapter: 3.1.8 (/opt/ros/humble/share/rosidl_adapter/cmake)
[0.137s] -- Using all available rosidl_typesupport_cpp: rosidl_typesupport_fastrtps_cpp;rosidl_typesupport_introspection_cpp
[0.340s] -- Found ament_cmake_ros: 0.10.0 (/opt/ros/humble/share/ament_cmake_ros/cmake)
[0.492s] -- Using all available rosidl_typesupport_c: rosidl_typesupport_fastrtps_c;rosidl_typesupport_introspection_c
[0.675s] -- Using all available rosidl_typesupport_cpp: rosidl_typesupport_fastrtps_cpp;rosidl_typesupport_introspection_cpp
[0.693s] -- Found PythonInterp: /usr/bin/python3 (found suitable version "3.10.12", minimum required is "3.6") 
[0.694s] -- Found python_cmake_module: 0.10.0 (/opt/ros/humble/share/python_cmake_module/cmake)
[0.718s] -- Found PythonLibs: /usr/lib/x86_64-linux-gnu/libpython3.10.so (found suitable version "3.10.12", minimum required is "3.5") 
[0.718s] -- Using PYTHON_EXECUTABLE: /usr/bin/python3
[0.718s] -- Using PYTHON_INCLUDE_DIRS: /usr/include/python3.10
[0.718s] -- Using PYTHON_LIBRARIES: /usr/lib/x86_64-linux-gnu/libpython3.10.so
[0.734s] -- Found PythonExtra: .so  
[0.767s] -- Configuring done
[0.792s] -- Generating done
[0.799s] -- Build files have been written to: /home/isaac/Documents/D.A.V.E./ros2_ws/build/dave_interfaces
[0.806s] Invoked command in '/home/isaac/Documents/D.A.V.E./ros2_ws/build/dave_interfaces' returned '0': CMAKE_PREFIX_PATH=${CMAKE_PREFIX_PATH}:/opt/ros/humble /usr/bin/cmake /home/isaac/Documents/D.A.V.E./ros2_ws/src/dave_interfaces -DCMAKE_INSTALL_PREFIX=/home/isaac/Documents/D.A.V.E./ros2_ws/install/dave_interfaces
[0.808s] Invoking command in '/home/isaac/Documents/D.A.V.E./ros2_ws/build/dave_interfaces': CMAKE_PREFIX_PATH=${CMAKE_PREFIX_PATH}:/opt/ros/humble /usr/bin/cmake --build /home/isaac/Documents/D.A.V.E./ros2_ws/build/dave_interfaces -- -j16 -l16
[0.845s] [  2%] [34m[1mGenerating C code for ROS interfaces[0m
[0.855s] [  4%] [34m[1mGenerating C++ code for ROS interfaces[0m
[0.863s] [  4%] Built target ament_cmake_python_copy_dave_interfaces
[1.038s] running egg_info
[1.038s] creating dave_interfaces.egg-info
[1.038s] writing dave_interfaces.egg-info/PKG-INFO
[1.039s] writing dependency_links to dave_interfaces.egg-info/dependency_links.txt
[1.039s] writing top-level names to dave_interfaces.egg-info/top_level.txt
[1.039s] writing manifest file 'dave_interfaces.egg-info/SOURCES.txt'
[1.041s] reading manifest file 'dave_interfaces.egg-info/SOURCES.txt'
[1.041s] writing manifest file 'dave_interfaces.egg-info/SOURCES.txt'
[1.080s] [  4%] Built target ament_cmake_python_build_dave_interfaces_egg
[1.107s] [  4%] Built target dave_interfaces__cpp
[1.117s] [  6%] [34m[1mGenerating C++ type support for eProsima Fast-RTPS[0m
[1.117s] [  8%] [34m[1mGenerating C++ introspection for ROS interfaces[0m
[1.118s] [ 10%] [34m[1mGenerating C++ type support dispatch for ROS interfaces[0m
[1.128s] [ 17%] [32mBuilding C object CMakeFiles/dave_interfaces__rosidl_generator_c.dir/rosidl_generator_c/dave_interfaces/msg/detail/bearing__functions.c.o[0m
[1.128s] [ 17%] [32mBuilding C object CMakeFiles/dave_interfaces__rosidl_generator_c.dir/rosidl_generator_c/dave_interfaces/srv/detail/get_set_nav__functions.c.o[0m
[1.128s] [ 17%] [32mBuilding C object CMakeFiles/dave_interfaces__rosidl_generator_c.dir/rosidl_generator_c/dave_interfaces/msg/detail/position__functions.c.o[0m
[1.189s] [ 19%] [32m[1mLinking C shared library libdave_interfaces__rosidl_generator_c.so[0m
[1.225s] [ 19%] Built target dave_interfaces__rosidl_generator_c
[1.235s] [ 23%] [34m[1mGenerating C type support for eProsima Fast-RTPS[0m
[1.235s] [ 23%] [34m[1mGenerating C introspection for ROS interfaces[0m
[1.235s] [ 25%] [34m[1mGenerating C type support dispatch for ROS interfaces[0m
[1.326s] [ 27%] [32mBuilding CXX object CMakeFiles/dave_interfaces__rosidl_typesupport_cpp.dir/rosidl_typesupport_cpp/dave_interfaces/msg/position__type_support.cpp.o[0m
[1.327s] [ 31%] [32mBuilding CXX object CMakeFiles/dave_interfaces__rosidl_typesupport_cpp.dir/rosidl_typesupport_cpp/dave_interfaces/srv/get_set_nav__type_support.cpp.o[0m
[1.327s] [ 31%] [32mBuilding CXX object CMakeFiles/dave_interfaces__rosidl_typesupport_cpp.dir/rosidl_typesupport_cpp/dave_interfaces/msg/bearing__type_support.cpp.o[0m
[1.349s] [ 38%] [32mBuilding CXX object CMakeFiles/dave_interfaces__rosidl_typesupport_introspection_cpp.dir/rosidl_typesupport_introspection_cpp/dave_interfaces/msg/detail/position__type_support.cpp.o[0m
[1.349s] [ 38%] [32mBuilding CXX object CMakeFiles/dave_interfaces__rosidl_typesupport_introspection_cpp.dir/rosidl_typesupport_introspection_cpp/dave_interfaces/msg/detail/bearing__type_support.cpp.o[0m
[1.349s] [ 38%] [32mBuilding CXX object CMakeFiles/dave_interfaces__rosidl_typesupport_introspection_cpp.dir/rosidl_typesupport_introspection_cpp/dave_interfaces/srv/detail/get_set_nav__type_support.cpp.o[0m
[1.386s] [ 44%] [32mBuilding CXX object CMakeFiles/dave_interfaces__rosidl_typesupport_fastrtps_cpp.dir/rosidl_typesupport_fastrtps_cpp/dave_interfaces/srv/detail/dds_fastrtps/get_set_nav__type_support.cpp.o[0m
[1.386s] [ 44%] [32mBuilding CXX object CMakeFiles/dave_interfaces__rosidl_typesupport_fastrtps_cpp.dir/rosidl_typesupport_fastrtps_cpp/dave_interfaces/msg/detail/dds_fastrtps/position__type_support.cpp.o[0m
[1.386s] [ 44%] [32mBuilding CXX object CMakeFiles/dave_interfaces__rosidl_typesupport_fastrtps_cpp.dir/rosidl_typesupport_fastrtps_cpp/dave_interfaces/msg/detail/dds_fastrtps/bearing__type_support.cpp.o[0m
[1.467s] [ 51%] [32mBuilding CXX object CMakeFiles/dave_interfaces__rosidl_typesupport_c.dir/rosidl_typesupport_c/dave_interfaces/msg/position__type_support.cpp.o[0m
[1.467s] [ 51%] [32mBuilding CXX object CMakeFiles/dave_interfaces__rosidl_typesupport_c.dir/rosidl_typesupport_c/dave_interfaces/msg/bearing__type_support.cpp.o[0m
[1.468s] [ 51%] [32mBuilding CXX object CMakeFiles/dave_interfaces__rosidl_typesupport_c.dir/rosidl_typesupport_c/dave_interfaces/srv/get_set_nav__type_support.cpp.o[0m
[1.505s] [ 53%] [32m[1mLinking CXX shared library libdave_interfaces__rosidl_typesupport_c.so[0m
[1.553s] [ 53%] Built target dave_interfaces__rosidl_typesupport_c
[1.593s] [ 57%] [32mBuilding C object CMakeFiles/dave_interfaces__rosidl_typesupport_introspection_c.dir/rosidl_typesupport_introspection_c/dave_interfaces/msg/detail/bearing__type_support.c.o[0m
[1.593s] [ 57%] [32mBuilding C object CMakeFiles/dave_interfaces__rosidl_typesupport_introspection_c.dir/rosidl_typesupport_introspection_c/dave_interfaces/msg/detail/position__type_support.c.o[0m
[1.603s] [ 59%] [32mBuilding C object CMakeFiles/dave_interfaces__rosidl_typesupport_introspection_c.dir/rosidl_typesupport_introspection_c/dave_interfaces/srv/detail/get_set_nav__type_support.c.o[0m
[1.619s] [ 65%] [32mBuilding CXX object CMakeFiles/dave_interfaces__rosidl_typesupport_fastrtps_c.dir/rosidl_typesupport_fastrtps_c/dave_interfaces/msg/detail/bearing__type_support_c.cpp.o[0m
[1.619s] [ 65%] [32mBuilding CXX object CMakeFiles/dave_interfaces__rosidl_typesupport_fastrtps_c.dir/rosidl_typesupport_fastrtps_c/dave_interfaces/srv/detail/get_set_nav__type_support_c.cpp.o[0m
[1.619s] [ 65%] [32mBuilding CXX object CMakeFiles/dave_interfaces__rosidl_typesupport_fastrtps_c.dir/rosidl_typesupport_fastrtps_c/dave_interfaces/msg/detail/position__type_support_c.cpp.o[0m
[1.649s] [ 68%] [32m[1mLinking C shared library libdave_interfaces__rosidl_typesupport_introspection_c.so[0m
[1.678s] [ 70%] [32m[1mLinking CXX shared library libdave_interfaces__rosidl_typesupport_cpp.so[0m
[1.680s] [ 70%] Built target dave_interfaces__rosidl_typesupport_introspection_c
[1.731s] [ 70%] Built target dave_interfaces__rosidl_typesupport_cpp
[1.797s] [ 72%] [32m[1mLinking CXX shared library libdave_interfaces__rosidl_typesupport_introspection_cpp.so[0m
[1.840s] [ 74%] [32m[1mLinking CXX shared library libdave_interfaces__rosidl_typesupport_fastrtps_cpp.so[0m
[1.853s] [ 74%] Built target dave_interfaces__rosidl_typesupport_introspection_cpp
[1.900s] [ 76%] [32m[1mLinking CXX shared library libdave_interfaces__rosidl_typesupport_fastrtps_c.so[0m
[1.903s] [ 76%] Built target dave_interfaces__rosidl_typesupport_fastrtps_cpp
[1.956s] [ 76%] Built target dave_interfaces__rosidl_typesupport_fastrtps_c
[1.972s] [ 76%] Built target dave_interfaces
[1.991s] [ 78%] [34m[1mGenerating Python code for ROS interfaces[0m
[2.290s] [ 78%] Built target dave_interfaces__py
[2.309s] [ 82%] [32mBuilding C object CMakeFiles/dave_interfaces__rosidl_generator_py.dir/rosidl_generator_py/dave_interfaces/msg/_position_s.c.o[0m
[2.309s] [ 82%] [32mBuilding C object CMakeFiles/dave_interfaces__rosidl_generator_py.dir/rosidl_generator_py/dave_interfaces/msg/_bearing_s.c.o[0m
[2.310s] [ 85%] [32mBuilding C object CMakeFiles/dave_interfaces__rosidl_generator_py.dir/rosidl_generator_py/dave_interfaces/srv/_get_set_nav_s.c.o[0m
[2.399s] [ 87%] [32m[1mLinking C shared library rosidl_generator_py/dave_interfaces/libdave_interfaces__rosidl_generator_py.so[0m
[2.434s] [ 87%] Built target dave_interfaces__rosidl_generator_py
[2.451s] [ 89%] [32mBuilding C object CMakeFiles/dave_interfaces__rosidl_typesupport_fastrtps_c__pyext.dir/rosidl_generator_py/dave_interfaces/_dave_interfaces_s.ep.rosidl_typesupport_fastrtps_c.c.o[0m
[2.452s] [ 93%] [32mBuilding C object CMakeFiles/dave_interfaces__rosidl_typesupport_introspection_c__pyext.dir/rosidl_generator_py/dave_interfaces/_dave_interfaces_s.ep.rosidl_typesupport_introspection_c.c.o[0m
[2.452s] [ 93%] [32mBuilding C object CMakeFiles/dave_interfaces__rosidl_typesupport_c__pyext.dir/rosidl_generator_py/dave_interfaces/_dave_interfaces_s.ep.rosidl_typesupport_c.c.o[0m
[2.522s] [ 97%] [32m[1mLinking C shared library rosidl_generator_py/dave_interfaces/dave_interfaces_s__rosidl_typesupport_introspection_c.cpython-310-x86_64-linux-gnu.so[0m
[2.522s] [ 97%] [32m[1mLinking C shared library rosidl_generator_py/dave_interfaces/dave_interfaces_s__rosidl_typesupport_c.cpython-310-x86_64-linux-gnu.so[0m
[2.523s] [100%] [32m[1mLinking C shared library rosidl_generator_py/dave_interfaces/dave_interfaces_s__rosidl_typesupport_fastrtps_c.cpython-310-x86_64-linux-gnu.so[0m
[2.552s] [100%] Built target dave_interfaces__rosidl_typesupport_fastrtps_c__pyext
[2.552s] [100%] Built target dave_interfaces__rosidl_typesupport_introspection_c__pyext
[2.552s] [100%] Built target dave_interfaces__rosidl_typesupport_c__pyext
[2.563s] Invoked command in '/home/isaac/Documents/D.A.V.E./ros2_ws/build/dave_interfaces' returned '0': CMAKE_PREFIX_PATH=${CMAKE_PREFIX_PATH}:/opt/ros/humble /usr/bin/cmake --build /home/isaac/Documents/D.A.V.E./ros2_ws/build/dave_interfaces -- -j16 -l16
[2.572s] Invoking command in '/home/isaac/Documents/D.A.V.E./ros2_ws/build/dave_interfaces': CMAKE_PREFIX_PATH=${CMAKE_PREFIX_PATH}:/opt/ros/humble /usr/bin/cmake --install /home/isaac/Documents/D.A.V.E./ros2_ws/build/dave_interfaces
[2.577s] -- Install configuration: ""
[2.578s] -- Installing: /home/isaac/Documents/D.A.V.E./ros2_ws/install/dave_interfaces/share/ament_index/resource_index/rosidl_interfaces/dave_interfaces
[2.578s] -- Installing: /home/isaac/Documents/D.A.V.E./ros2_ws/install/dave_interfaces/include/dave_interfaces/dave_interfaces
[2.578s] -- Installing: /home/isaac/Documents/D.A.V.E./ros2_ws/install/dave_interfaces/include/dave_interfaces/dave_interfaces/msg
[2.578s] -- Installing: /home/isaac/Documents/D.A.V.E./ros2_ws/install/dave_interfaces/include/dave_interfaces/dave_interfaces/msg/detail
[2.578s] -- Installing: /home/isaac/Documents/D.A.V.E./ros2_ws/install/dave_interfaces/include/dave_interfaces/dave_interfaces/msg/detail/bearing__functions.h
[2.578s] -- Installing: /home/isaac/Documents/D.A.V.E./ros2_ws/install/dave_interfaces/include/dave_interfaces/dave_interfaces/msg/detail/position__functions.h
[2.578s] -- Installing: /home/isaac/Documents/D.A.V.E./ros2_ws/install/dave_interfaces/include/dave_interfaces/dave_interfaces/msg/detail/position__type_support.h
[2.578s] -- Installing: /home/isaac/Documents/D.A.V.E./ros2_ws/install/dave_interfaces/include/dave_interfaces/dave_interfaces/msg/detail/position__functions.c
[2.578s] -- Installing: /home/isaac/Documents/D.A.V.E./ros2_ws/install/dave_interfaces/include/dave_interfaces/dave_interfaces/msg/detail/bearing__type_support.h
[2.578s] -- Installing: /home/isaac/Documents/D.A.V.E./ros2_ws/install/dave_interfaces/include/dave_interfaces/dave_interfaces/msg/detail/bearing__struct.h
[2.578s] -- Installing: /home/isaac/Documents/D.A.V.E./ros2_ws/install/dave_interfaces/include/dave_interfaces/dave_interfaces/msg/detail/position__struct.h
[2.579s] -- Installing: /home/isaac/Documents/D.A.V.E./ros2_ws/install/dave_interfaces/include/dave_interfaces/dave_interfaces/msg/detail/bearing__functions.c
[2.579s] -- Installing: /home/isaac/Documents/D.A.V.E./ros2_ws/install/dave_interfaces/include/dave_interfaces/dave_interfaces/msg/bearing.h
[2.579s] -- Installing: /home/isaac/Documents/D.A.V.E./ros2_ws/install/dave_interfaces/include/dave_interfaces/dave_interfaces/msg/position.h
[2.579s] -- Installing: /home/isaac/Documents/D.A.V.E./ros2_ws/install/dave_interfaces/include/dave_interfaces/dave_interfaces/msg/rosidl_generator_c__visibility_control.h
[2.579s] -- Installing: /home/isaac/Documents/D.A.V.E./ros2_ws/install/dave_interfaces/include/dave_interfaces/dave_interfaces/srv
[2.579s] -- Installing: /home/isaac/Documents/D.A.V.E./ros2_ws/install/dave_interfaces/include/dave_interfaces/dave_interfaces/srv/detail
[2.579s] -- Installing: /home/isaac/Documents/D.A.V.E./ros2_ws/install/dave_interfaces/include/dave_interfaces/dave_interfaces/srv/detail/get_set_nav__functions.c
[2.579s] -- Installing: /home/isaac/Documents/D.A.V.E./ros2_ws/install/dave_interfaces/include/dave_interfaces/dave_interfaces/srv/detail/get_set_nav__functions.h
[2.579s] -- Installing: /home/isaac/Documents/D.A.V.E./ros2_ws/install/dave_interfaces/include/dave_interfaces/dave_interfaces/srv/detail/get_set_nav__struct.h
[2.579s] -- Installing: /home/isaac/Documents/D.A.V.E./ros2_ws/install/dave_interfaces/include/dave_interfaces/dave_interfaces/srv/detail/get_set_nav__type_support.h
[2.580s] -- Installing: /home/isaac/Documents/D.A.V.E./ros2_ws/install/dave_interfaces/include/dave_interfaces/dave_interfaces/srv/get_set_nav.h
[2.580s] -- Installing: /home/isaac/Documents/D.A.V.E./ros2_ws/install/dave_interfaces/share/dave_interfaces/environment/library_path.sh
[2.580s] -- Installing: /home/isaac/Documents/D.A.V.E./ros2_ws/install/dave_interfaces/share/dave_interfaces/environment/library_path.dsv
[2.580s] -- Installing: /home/isaac/Documents/D.A.V.E./ros2_ws/install/dave_interfaces/lib/libdave_interfaces__rosidl_generator_c.so
[2.580s] -- Set runtime path of "/home/isaac/Documents/D.A.V.E./ros2_ws/install/dave_interfaces/lib/libdave_interfaces__rosidl_generator_c.so" to ""
[2.580s] -- Up-to-date: /home/isaac/Documents/D.A.V.E./ros2_ws/install/dave_interfaces/include/dave_interfaces/dave_interfaces
[2.580s] -- Up-to-date: /home/isaac/Documents/D.A.V.E./ros2_ws/install/dave_interfaces/include/dave_interfaces/dave_interfaces/msg
[2.581s] -- Up-to-date: /home/isaac/Documents/D.A.V.E./ros2_ws/install/dave_interfaces/include/dave_interfaces/dave_interfaces/msg/detail
[2.581s] -- Installing: /home/isaac/Documents/D.A.V.E./ros2_ws/install/dave_interfaces/include/dave_interfaces/dave_interfaces/msg/detail/bearing__rosidl_typesupport_fastrtps_c.h
[2.581s] -- Installing: /home/isaac/Documents/D.A.V.E./ros2_ws/install/dave_interfaces/include/dave_interfaces/dave_interfaces/msg/detail/position__rosidl_typesupport_fastrtps_c.h
[2.581s] -- Installing: /home/isaac/Documents/D.A.V.E./ros2_ws/install/dave_interfaces/include/dave_interfaces/dave_interfaces/msg/rosidl_typesupport_fastrtps_c__visibility_control.h
[2.581s] -- Up-to-date: /home/isaac/Documents/D.A.V.E./ros2_ws/install/dave_interfaces/include/dave_interfaces/dave_interfaces/srv
[2.581s] -- Up-to-date: /home/isaac/Documents/D.A.V.E./ros2_ws/install/dave_interfaces/include/dave_interfaces/dave_interfaces/srv/detail
[2.581s] -- Installing: /home/isaac/Documents/D.A.V.E./ros2_ws/install/dave_interfaces/include/dave_interfaces/dave_interfaces/srv/detail/get_set_nav__rosidl_typesupport_fastrtps_c.h
[2.581s] -- Installing: /home/isaac/Documents/D.A.V.E./ros2_ws/install/dave_interfaces/lib/libdave_interfaces__rosidl_typesupport_fastrtps_c.so
[2.581s] -- Set runtime path of "/home/isaac/Documents/D.A.V.E./ros2_ws/install/dave_interfaces/lib/libdave_interfaces__rosidl_typesupport_fastrtps_c.so" to ""
[2.581s] -- Up-to-date: /home/isaac/Documents/D.A.V.E./ros2_ws/install/dave_interfaces/include/dave_interfaces/dave_interfaces
[2.582s] -- Up-to-date: /home/isaac/Documents/D.A.V.E./ros2_ws/install/dave_interfaces/include/dave_interfaces/dave_interfaces/msg
[2.582s] -- Up-to-date: /home/isaac/Documents/D.A.V.E./ros2_ws/install/dave_interfaces/include/dave_interfaces/dave_interfaces/msg/detail
[2.582s] -- Installing: /home/isaac/Documents/D.A.V.E./ros2_ws/install/dave_interfaces/include/dave_interfaces/dave_interfaces/msg/detail/bearing__rosidl_typesupport_introspection_c.h
[2.582s] -- Installing: /home/isaac/Documents/D.A.V.E./ros2_ws/install/dave_interfaces/include/dave_interfaces/dave_interfaces/msg/detail/position__type_support.c
[2.582s] -- Installing: /home/isaac/Documents/D.A.V.E./ros2_ws/install/dave_interfaces/include/dave_interfaces/dave_interfaces/msg/detail/bearing__type_support.c
[2.582s] -- Installing: /home/isaac/Documents/D.A.V.E./ros2_ws/install/dave_interfaces/include/dave_interfaces/dave_interfaces/msg/detail/position__rosidl_typesupport_introspection_c.h
[2.582s] -- Installing: /home/isaac/Documents/D.A.V.E./ros2_ws/install/dave_interfaces/include/dave_interfaces/dave_interfaces/msg/rosidl_typesupport_introspection_c__visibility_control.h
[2.582s] -- Up-to-date: /home/isaac/Documents/D.A.V.E./ros2_ws/install/dave_interfaces/include/dave_interfaces/dave_interfaces/srv
[2.582s] -- Up-to-date: /home/isaac/Documents/D.A.V.E./ros2_ws/install/dave_interfaces/include/dave_interfaces/dave_interfaces/srv/detail
[2.582s] -- Installing: /home/isaac/Documents/D.A.V.E./ros2_ws/install/dave_interfaces/include/dave_interfaces/dave_interfaces/srv/detail/get_set_nav__rosidl_typesupport_introspection_c.h
[2.582s] -- Installing: /home/isaac/Documents/D.A.V.E./ros2_ws/install/dave_interfaces/include/dave_interfaces/dave_interfaces/srv/detail/get_set_nav__type_support.c
[2.582s] -- Installing: /home/isaac/Documents/D.A.V.E./ros2_ws/install/dave_interfaces/lib/libdave_interfaces__rosidl_typesupport_introspection_c.so
[2.583s] -- Set runtime path of "/home/isaac/Documents/D.A.V.E./ros2_ws/install/dave_interfaces/lib/libdave_interfaces__rosidl_typesupport_introspection_c.so" to ""
[2.583s] -- Installing: /home/isaac/Documents/D.A.V.E./ros2_ws/install/dave_interfaces/lib/libdave_interfaces__rosidl_typesupport_c.so
[2.583s] -- Set runtime path of "/home/isaac/Documents/D.A.V.E./ros2_ws/install/dave_interfaces/lib/libdave_interfaces__rosidl_typesupport_c.so" to ""
[2.583s] -- Up-to-date: /home/isaac/Documents/D.A.V.E./ros2_ws/install/dave_interfaces/include/dave_interfaces/dave_interfaces
[2.583s] -- Up-to-date: /home/isaac/Documents/D.A.V.E./ros2_ws/install/dave_interfaces/include/dave_interfaces/dave_interfaces/msg
[2.583s] -- Up-to-date: /home/isaac/Documents/D.A.V.E./ros2_ws/install/dave_interfaces/include/dave_interfaces/dave_interfaces/msg/detail
[2.583s] -- Installing: /home/isaac/Documents/D.A.V.E./ros2_ws/install/dave_interfaces/include/dave_interfaces/dave_interfaces/msg/detail/position__struct.hpp
[2.583s] -- Installing: /home/isaac/Documents/D.A.V.E./ros2_ws/install/dave_interfaces/include/dave_interfaces/dave_interfaces/msg/detail/bearing__struct.hpp
[2.583s] -- Installing: /home/isaac/Documents/D.A.V.E./ros2_ws/install/dave_interfaces/include/dave_interfaces/dave_interfaces/msg/detail/position__traits.hpp
[2.583s] -- Installing: /home/isaac/Documents/D.A.V.E./ros2_ws/install/dave_interfaces/include/dave_interfaces/dave_interfaces/msg/detail/bearing__type_support.hpp
[2.583s] -- Installing: /home/isaac/Documents/D.A.V.E./ros2_ws/install/dave_interfaces/include/dave_interfaces/dave_interfaces/msg/detail/bearing__traits.hpp
[2.584s] -- Installing: /home/isaac/Documents/D.A.V.E./ros2_ws/install/dave_interfaces/include/dave_interfaces/dave_interfaces/msg/detail/bearing__builder.hpp
[2.584s] -- Installing: /home/isaac/Documents/D.A.V.E./ros2_ws/install/dave_interfaces/include/dave_interfaces/dave_interfaces/msg/detail/position__builder.hpp
[2.584s] -- Installing: /home/isaac/Documents/D.A.V.E./ros2_ws/install/dave_interfaces/include/dave_interfaces/dave_interfaces/msg/detail/position__type_support.hpp
[2.584s] -- Installing: /home/isaac/Documents/D.A.V.E./ros2_ws/install/dave_interfaces/include/dave_interfaces/dave_interfaces/msg/position.hpp
[2.584s] -- Installing: /home/isaac/Documents/D.A.V.E./ros2_ws/install/dave_interfaces/include/dave_interfaces/dave_interfaces/msg/bearing.hpp
[2.584s] -- Installing: /home/isaac/Documents/D.A.V.E./ros2_ws/install/dave_interfaces/include/dave_interfaces/dave_interfaces/msg/rosidl_generator_cpp__visibility_control.hpp
[2.584s] -- Up-to-date: /home/isaac/Documents/D.A.V.E./ros2_ws/install/dave_interfaces/include/dave_interfaces/dave_interfaces/srv
[2.584s] -- Up-to-date: /home/isaac/Documents/D.A.V.E./ros2_ws/install/dave_interfaces/include/dave_interfaces/dave_interfaces/srv/detail
[2.584s] -- Installing: /home/isaac/Documents/D.A.V.E./ros2_ws/install/dave_interfaces/include/dave_interfaces/dave_interfaces/srv/detail/get_set_nav__builder.hpp
[2.584s] -- Installing: /home/isaac/Documents/D.A.V.E./ros2_ws/install/dave_interfaces/include/dave_interfaces/dave_interfaces/srv/detail/get_set_nav__struct.hpp
[2.584s] -- Installing: /home/isaac/Documents/D.A.V.E./ros2_ws/install/dave_interfaces/include/dave_interfaces/dave_interfaces/srv/detail/get_set_nav__traits.hpp
[2.585s] -- Installing: /home/isaac/Documents/D.A.V.E./ros2_ws/install/dave_interfaces/include/dave_interfaces/dave_interfaces/srv/detail/get_set_nav__type_support.hpp
[2.585s] -- Installing: /home/isaac/Documents/D.A.V.E./ros2_ws/install/dave_interfaces/include/dave_interfaces/dave_interfaces/srv/get_set_nav.hpp
[2.585s] -- Up-to-date: /home/isaac/Documents/D.A.V.E./ros2_ws/install/dave_interfaces/include/dave_interfaces/dave_interfaces
[2.585s] -- Up-to-date: /home/isaac/Documents/D.A.V.E./ros2_ws/install/dave_interfaces/include/dave_interfaces/dave_interfaces/msg
[2.585s] -- Up-to-date: /home/isaac/Documents/D.A.V.E./ros2_ws/install/dave_interfaces/include/dave_interfaces/dave_interfaces/msg/detail
[2.585s] -- Installing: /home/isaac/Documents/D.A.V.E./ros2_ws/install/dave_interfaces/include/dave_interfaces/dave_interfaces/msg/detail/position__rosidl_typesupport_fastrtps_cpp.hpp
[2.585s] -- Installing: /home/isaac/Documents/D.A.V.E./ros2_ws/install/dave_interfaces/include/dave_interfaces/dave_interfaces/msg/detail/dds_fastrtps
[2.585s] -- Installing: /home/isaac/Documents/D.A.V.E./ros2_ws/install/dave_interfaces/include/dave_interfaces/dave_interfaces/msg/detail/bearing__rosidl_typesupport_fastrtps_cpp.hpp
[2.585s] -- Installing: /home/isaac/Documents/D.A.V.E./ros2_ws/install/dave_interfaces/include/dave_interfaces/dave_interfaces/msg/rosidl_typesupport_fastrtps_cpp__visibility_control.h
[2.585s] -- Up-to-date: /home/isaac/Documents/D.A.V.E./ros2_ws/install/dave_interfaces/include/dave_interfaces/dave_interfaces/srv
[2.585s] -- Up-to-date: /home/isaac/Documents/D.A.V.E./ros2_ws/install/dave_interfaces/include/dave_interfaces/dave_interfaces/srv/detail
[2.585s] -- Installing: /home/isaac/Documents/D.A.V.E./ros2_ws/install/dave_interfaces/include/dave_interfaces/dave_interfaces/srv/detail/dds_fastrtps
[2.585s] -- Installing: /home/isaac/Documents/D.A.V.E./ros2_ws/install/dave_interfaces/include/dave_interfaces/dave_interfaces/srv/detail/get_set_nav__rosidl_typesupport_fastrtps_cpp.hpp
[2.585s] -- Installing: /home/isaac/Documents/D.A.V.E./ros2_ws/install/dave_interfaces/lib/libdave_interfaces__rosidl_typesupport_fastrtps_cpp.so
[2.586s] -- Set runtime path of "/home/isaac/Documents/D.A.V.E./ros2_ws/install/dave_interfaces/lib/libdave_interfaces__rosidl_typesupport_fastrtps_cpp.so" to ""
[2.586s] -- Up-to-date: /home/isaac/Documents/D.A.V.E./ros2_ws/install/dave_interfaces/include/dave_interfaces/dave_interfaces
[2.586s] -- Up-to-date: /home/isaac/Documents/D.A.V.E./ros2_ws/install/dave_interfaces/include/dave_interfaces/dave_interfaces/msg
[2.586s] -- Up-to-date: /home/isaac/Documents/D.A.V.E./ros2_ws/install/dave_interfaces/include/dave_interfaces/dave_interfaces/msg/detail
[2.586s] -- Installing: /home/isaac/Documents/D.A.V.E./ros2_ws/install/dave_interfaces/include/dave_interfaces/dave_interfaces/msg/detail/bearing__rosidl_typesupport_introspection_cpp.hpp
[2.586s] -- Installing: /home/isaac/Documents/D.A.V.E./ros2_ws/install/dave_interfaces/include/dave_interfaces/dave_interfaces/msg/detail/position__rosidl_typesupport_introspection_cpp.hpp
[2.586s] -- Installing: /home/isaac/Documents/D.A.V.E./ros2_ws/install/dave_interfaces/include/dave_interfaces/dave_interfaces/msg/detail/position__type_support.cpp
[2.586s] -- Installing: /home/isaac/Documents/D.A.V.E./ros2_ws/install/dave_interfaces/include/dave_interfaces/dave_interfaces/msg/detail/bearing__type_support.cpp
[2.587s] -- Up-to-date: /home/isaac/Documents/D.A.V.E./ros2_ws/install/dave_interfaces/include/dave_interfaces/dave_interfaces/srv
[2.587s] -- Up-to-date: /home/isaac/Documents/D.A.V.E./ros2_ws/install/dave_interfaces/include/dave_interfaces/dave_interfaces/srv/detail
[2.587s] -- Installing: /home/isaac/Documents/D.A.V.E./ros2_ws/install/dave_interfaces/include/dave_interfaces/dave_interfaces/srv/detail/get_set_nav__type_support.cpp
[2.587s] -- Installing: /home/isaac/Documents/D.A.V.E./ros2_ws/install/dave_interfaces/include/dave_interfaces/dave_interfaces/srv/detail/get_set_nav__rosidl_typesupport_introspection_cpp.hpp
[2.587s] -- Installing: /home/isaac/Documents/D.A.V.E./ros2_ws/install/dave_interfaces/lib/libdave_interfaces__rosidl_typesupport_introspection_cpp.so
[2.587s] -- Set runtime path of "/home/isaac/Documents/D.A.V.E./ros2_ws/install/dave_interfaces/lib/libdave_interfaces__rosidl_typesupport_introspection_cpp.so" to ""
[2.587s] -- Installing: /home/isaac/Documents/D.A.V.E./ros2_ws/install/dave_interfaces/lib/libdave_interfaces__rosidl_typesupport_cpp.so
[2.588s] -- Set runtime path of "/home/isaac/Documents/D.A.V.E./ros2_ws/install/dave_interfaces/lib/libdave_interfaces__rosidl_typesupport_cpp.so" to ""
[2.588s] -- Installing: /home/isaac/Documents/D.A.V.E./ros2_ws/install/dave_interfaces/share/dave_interfaces/environment/pythonpath.sh
[2.588s] -- Installing: /home/isaac/Documents/D.A.V.E./ros2_ws/install/dave_interfaces/share/dave_interfaces/environment/pythonpath.dsv
[2.588s] -- Installing: /home/isaac/Documents/D.A.V.E./ros2_ws/install/dave_interfaces/local/lib/python3.10/dist-packages/dave_interfaces-0.0.0-py3.10.egg-info
[2.589s] -- Installing: /home/isaac/Documents/D.A.V.E./ros2_ws/install/dave_interfaces/local/lib/python3.10/dist-packages/dave_interfaces-0.0.0-py3.10.egg-info/SOURCES.txt
[2.589s] -- Installing: /home/isaac/Documents/D.A.V.E./ros2_ws/install/dave_interfaces/local/lib/python3.10/dist-packages/dave_interfaces-0.0.0-py3.10.egg-info/top_level.txt
[2.589s] -- Installing: /home/isaac/Documents/D.A.V.E./ros2_ws/install/dave_interfaces/local/lib/python3.10/dist-packages/dave_interfaces-0.0.0-py3.10.egg-info/dependency_links.txt
[2.589s] -- Installing: /home/isaac/Documents/D.A.V.E./ros2_ws/install/dave_interfaces/local/lib/python3.10/dist-packages/dave_interfaces-0.0.0-py3.10.egg-info/PKG-INFO
[2.589s] -- Installing: /home/isaac/Documents/D.A.V.E./ros2_ws/install/dave_interfaces/local/lib/python3.10/dist-packages/dave_interfaces
[2.589s] -- Installing: /home/isaac/Documents/D.A.V.E./ros2_ws/install/dave_interfaces/local/lib/python3.10/dist-packages/dave_interfaces/_dave_interfaces_s.ep.rosidl_typesupport_c.c
[2.589s] -- Installing: /home/isaac/Documents/D.A.V.E./ros2_ws/install/dave_interfaces/local/lib/python3.10/dist-packages/dave_interfaces/dave_interfaces_s__rosidl_typesupport_introspection_c.cpython-310-x86_64-linux-gnu.so
[2.589s] -- Installing: /home/isaac/Documents/D.A.V.E./ros2_ws/install/dave_interfaces/local/lib/python3.10/dist-packages/dave_interfaces/__init__.py
[2.589s] -- Installing: /home/isaac/Documents/D.A.V.E./ros2_ws/install/dave_interfaces/local/lib/python3.10/dist-packages/dave_interfaces/_dave_interfaces_s.ep.rosidl_typesupport_fastrtps_c.c
[2.589s] -- Installing: /home/isaac/Documents/D.A.V.E./ros2_ws/install/dave_interfaces/local/lib/python3.10/dist-packages/dave_interfaces/dave_interfaces_s__rosidl_typesupport_fastrtps_c.cpython-310-x86_64-linux-gnu.so
[2.589s] -- Installing: /home/isaac/Documents/D.A.V.E./ros2_ws/install/dave_interfaces/local/lib/python3.10/dist-packages/dave_interfaces/dave_interfaces_s__rosidl_typesupport_c.cpython-310-x86_64-linux-gnu.so
[2.589s] -- Installing: /home/isaac/Documents/D.A.V.E./ros2_ws/install/dave_interfaces/local/lib/python3.10/dist-packages/dave_interfaces/msg
[2.589s] -- Installing: /home/isaac/Documents/D.A.V.E./ros2_ws/install/dave_interfaces/local/lib/python3.10/dist-packages/dave_interfaces/msg/__init__.py
[2.589s] -- Installing: /home/isaac/Documents/D.A.V.E./ros2_ws/install/dave_interfaces/local/lib/python3.10/dist-packages/dave_interfaces/msg/_bearing.py
[2.589s] -- Installing: /home/isaac/Documents/D.A.V.E./ros2_ws/install/dave_interfaces/local/lib/python3.10/dist-packages/dave_interfaces/msg/_position_s.c
[2.590s] -- Installing: /home/isaac/Documents/D.A.V.E./ros2_ws/install/dave_interfaces/local/lib/python3.10/dist-packages/dave_interfaces/msg/_bearing_s.c
[2.590s] -- Installing: /home/isaac/Documents/D.A.V.E./ros2_ws/install/dave_interfaces/local/lib/python3.10/dist-packages/dave_interfaces/msg/_position.py
[2.590s] -- Installing: /home/isaac/Documents/D.A.V.E./ros2_ws/install/dave_interfaces/local/lib/python3.10/dist-packages/dave_interfaces/libdave_interfaces__rosidl_generator_py.so
[2.590s] -- Installing: /home/isaac/Documents/D.A.V.E./ros2_ws/install/dave_interfaces/local/lib/python3.10/dist-packages/dave_interfaces/srv
[2.590s] -- Installing: /home/isaac/Documents/D.A.V.E./ros2_ws/install/dave_interfaces/local/lib/python3.10/dist-packages/dave_interfaces/srv/__init__.py
[2.590s] -- Installing: /home/isaac/Documents/D.A.V.E./ros2_ws/install/dave_interfaces/local/lib/python3.10/dist-packages/dave_interfaces/srv/_get_set_nav.py
[2.590s] -- Installing: /home/isaac/Documents/D.A.V.E./ros2_ws/install/dave_interfaces/local/lib/python3.10/dist-packages/dave_interfaces/srv/_get_set_nav_s.c
[2.590s] -- Installing: /home/isaac/Documents/D.A.V.E./ros2_ws/install/dave_interfaces/local/lib/python3.10/dist-packages/dave_interfaces/_dave_interfaces_s.ep.rosidl_typesupport_introspection_c.c
[2.616s] Listing '/home/isaac/Documents/D.A.V.E./ros2_ws/install/dave_interfaces/local/lib/python3.10/dist-packages/dave_interfaces'...
[2.617s] Compiling '/home/isaac/Documents/D.A.V.E./ros2_ws/install/dave_interfaces/local/lib/python3.10/dist-packages/dave_interfaces/__init__.py'...
[2.617s] Listing '/home/isaac/Documents/D.A.V.E./ros2_ws/install/dave_interfaces/local/lib/python3.10/dist-packages/dave_interfaces/msg'...
[2.617s] Compiling '/home/isaac/Documents/D.A.V.E./ros2_ws/install/dave_interfaces/local/lib/python3.10/dist-packages/dave_interfaces/msg/__init__.py'...
[2.617s] Compiling '/home/isaac/Documents/D.A.V.E./ros2_ws/install/dave_interfaces/local/lib/python3.10/dist-packages/dave_interfaces/msg/_bearing.py'...
[2.617s] Compiling '/home/isaac/Documents/D.A.V.E./ros2_ws/install/dave_interfaces/local/lib/python3.10/dist-packages/dave_interfaces/msg/_position.py'...
[2.617s] Listing '/home/isaac/Documents/D.A.V.E./ros2_ws/install/dave_interfaces/local/lib/python3.10/dist-packages/dave_interfaces/srv'...
[2.617s] Compiling '/home/isaac/Documents/D.A.V.E./ros2_ws/install/dave_interfaces/local/lib/python3.10/dist-packages/dave_interfaces/srv/__init__.py'...
[2.617s] Compiling '/home/isaac/Documents/D.A.V.E./ros2_ws/install/dave_interfaces/local/lib/python3.10/dist-packages/dave_interfaces/srv/_get_set_nav.py'...
[2.619s] -- Installing: /home/isaac/Documents/D.A.V.E./ros2_ws/install/dave_interfaces/local/lib/python3.10/dist-packages/dave_interfaces/dave_interfaces_s__rosidl_typesupport_fastrtps_c.cpython-310-x86_64-linux-gnu.so
[2.619s] -- Set runtime path of "/home/isaac/Documents/D.A.V.E./ros2_ws/install/dave_interfaces/local/lib/python3.10/dist-packages/dave_interfaces/dave_interfaces_s__rosidl_typesupport_fastrtps_c.cpython-310-x86_64-linux-gnu.so" to ""
[2.620s] -- Installing: /home/isaac/Documents/D.A.V.E./ros2_ws/install/dave_interfaces/local/lib/python3.10/dist-packages/dave_interfaces/dave_interfaces_s__rosidl_typesupport_introspection_c.cpython-310-x86_64-linux-gnu.so
[2.620s] -- Set runtime path of "/home/isaac/Documents/D.A.V.E./ros2_ws/install/dave_interfaces/local/lib/python3.10/dist-packages/dave_interfaces/dave_interfaces_s__rosidl_typesupport_introspection_c.cpython-310-x86_64-linux-gnu.so" to ""
[2.620s] -- Installing: /home/isaac/Documents/D.A.V.E./ros2_ws/install/dave_interfaces/local/lib/python3.10/dist-packages/dave_interfaces/dave_interfaces_s__rosidl_typesupport_c.cpython-310-x86_64-linux-gnu.so
[2.620s] -- Set runtime path of "/home/isaac/Documents/D.A.V.E./ros2_ws/install/dave_interfaces/local/lib/python3.10/dist-packages/dave_interfaces/dave_interfaces_s__rosidl_typesupport_c.cpython-310-x86_64-linux-gnu.so" to ""
[2.620s] -- Installing: /home/isaac/Documents/D.A.V.E./ros2_ws/install/dave_interfaces/lib/libdave_interfaces__rosidl_generator_py.so
[2.621s] -- Set runtime path of "/home/isaac/Documents/D.A.V.E./ros2_ws/install/dave_interfaces/lib/libdave_interfaces__rosidl_generator_py.so" to ""
[2.621s] -- Installing: /home/isaac/Documents/D.A.V.E./ros2_ws/install/dave_interfaces/share/dave_interfaces/msg/Bearing.idl
[2.621s] -- Installing: /home/isaac/Documents/D.A.V.E./ros2_ws/install/dave_interfaces/share/dave_interfaces/msg/Position.idl
[2.621s] -- Installing: /home/isaac/Documents/D.A.V.E./ros2_ws/install/dave_interfaces/share/dave_interfaces/srv/GetSetNav.idl
[2.621s] -- Installing: /home/isaac/Documents/D.A.V.E./ros2_ws/install/dave_interfaces/share/dave_interfaces/msg/Bearing.msg
[2.621s] -- Installing: /home/isaac/Documents/D.A.V.E./ros2_ws/install/dave_interfaces/share/dave_interfaces/msg/Position.msg
[2.621s] -- Installing: /home/isaac/Documents/D.A.V.E./ros2_ws/install/dave_interfaces/share/dave_interfaces/srv/GetSetNav.srv
[2.621s] -- Installing: /home/isaac/Documents/D.A.V.E./ros2_ws/install/dave_interfaces/share/dave_interfaces/srv/GetSetNav_Request.msg
[2.622s] -- Installing: /home/isaac/Documents/D.A.V.E./ros2_ws/install/dave_interfaces/share/dave_interfaces/srv/GetSetNav_Response.msg
[2.622s] -- Installing: /home/isaac/Documents/D.A.V.E./ros2_ws/install/dave_interfaces/share/ament_index/resource_index/package_run_dependencies/dave_interfaces
[2.622s] -- Installing: /home/isaac/Documents/D.A.V.E./ros2_ws/install/dave_interfaces/share/ament_index/resource_index/parent_prefix_path/dave_interfaces
[2.622s] -- Installing: /home/isaac/Documents/D.A.V.E./ros2_ws/install/dave_interfaces/share/dave_interfaces/environment/ament_prefix_path.sh
[2.622s] -- Installing: /home/isaac/Documents/D.A.V.E./ros2_ws/install/dave_interfaces/share/dave_interfaces/environment/ament_prefix_path.dsv
[2.622s] -- Installing: /home/isaac/Documents/D.A.V.E./ros2_ws/install/dave_interfaces/share/dave_interfaces/environment/path.sh
[2.622s] -- Installing: /home/isaac/Documents/D.A.V.E./ros2_ws/install/dave_interfaces/share/dave_interfaces/environment/path.dsv
[2.623s] -- Installing: /home/isaac/Documents/D.A.V.E./ros2_ws/install/dave_interfaces/share/dave_interfaces/local_setup.bash
[2.623s] -- Installing: /home/isaac/Documents/D.A.V.E./ros2_ws/install/dave_interfaces/share/dave_interfaces/local_setup.sh
[2.623s] -- Installing: /home/isaac/Documents/D.A.V.E./ros2_ws/install/dave_interfaces/share/dave_interfaces/local_setup.zsh
[2.623s] -- Installing: /home/isaac/Documents/D.A.V.E./ros2_ws/install/dave_interfaces/share/dave_interfaces/local_setup.dsv
[2.623s] -- Installing: /home/isaac/Documents/D.A.V.E./ros2_ws/install/dave_interfaces/share/dave_interfaces/package.dsv
[2.623s] -- Installing: /home/isaac/Documents/D.A.V.E./ros2_ws/install/dave_interfaces/share/ament_index/resource_index/packages/dave_interfaces
[2.623s] -- Installing: /home/isaac/Documents/D.A.V.E./ros2_ws/install/dave_interfaces/share/dave_interfaces/cmake/export_dave_interfaces__rosidl_generator_cExport.cmake
[2.624s] -- Installing: /home/isaac/Documents/D.A.V.E./ros2_ws/install/dave_interfaces/share/dave_interfaces/cmake/export_dave_interfaces__rosidl_generator_cExport-noconfig.cmake
[2.624s] -- Installing: /home/isaac/Documents/D.A.V.E./ros2_ws/install/dave_interfaces/share/dave_interfaces/cmake/export_dave_interfaces__rosidl_typesupport_fastrtps_cExport.cmake
[2.624s] -- Installing: /home/isaac/Documents/D.A.V.E./ros2_ws/install/dave_interfaces/share/dave_interfaces/cmake/export_dave_interfaces__rosidl_typesupport_fastrtps_cExport-noconfig.cmake
[2.624s] -- Installing: /home/isaac/Documents/D.A.V.E./ros2_ws/install/dave_interfaces/share/dave_interfaces/cmake/dave_interfaces__rosidl_typesupport_introspection_cExport.cmake
[2.624s] -- Installing: /home/isaac/Documents/D.A.V.E./ros2_ws/install/dave_interfaces/share/dave_interfaces/cmake/dave_interfaces__rosidl_typesupport_introspection_cExport-noconfig.cmake
[2.624s] -- Installing: /home/isaac/Documents/D.A.V.E./ros2_ws/install/dave_interfaces/share/dave_interfaces/cmake/dave_interfaces__rosidl_typesupport_cExport.cmake
[2.624s] -- Installing: /home/isaac/Documents/D.A.V.E./ros2_ws/install/dave_interfaces/share/dave_interfaces/cmake/dave_interfaces__rosidl_typesupport_cExport-noconfig.cmake
[2.624s] -- Installing: /home/isaac/Documents/D.A.V.E./ros2_ws/install/dave_interfaces/share/dave_interfaces/cmake/export_dave_interfaces__rosidl_generator_cppExport.cmake
[2.625s] -- Installing: /home/isaac/Documents/D.A.V.E./ros2_ws/install/dave_interfaces/share/dave_interfaces/cmake/export_dave_interfaces__rosidl_typesupport_fastrtps_cppExport.cmake
[2.625s] -- Installing: /home/isaac/Documents/D.A.V.E./ros2_ws/install/dave_interfaces/share/dave_interfaces/cmake/export_dave_interfaces__rosidl_typesupport_fastrtps_cppExport-noconfig.cmake
[2.625s] -- Installing: /home/isaac/Documents/D.A.V.E./ros2_ws/install/dave_interfaces/share/dave_interfaces/cmake/dave_interfaces__rosidl_typesupport_introspection_cppExport.cmake
[2.625s] -- Installing: /home/isaac/Documents/D.A.V.E./ros2_ws/install/dave_interfaces/share/dave_interfaces/cmake/dave_interfaces__rosidl_typesupport_introspection_cppExport-noconfig.cmake
[2.625s] -- Installing: /home/isaac/Documents/D.A.V.E./ros2_ws/install/dave_interfaces/share/dave_interfaces/cmake/dave_interfaces__rosidl_typesupport_cppExport.cmake
[2.625s] -- Installing: /home/isaac/Documents/D.A.V.E./ros2_ws/install/dave_interfaces/share/dave_interfaces/cmake/dave_interfaces__rosidl_typesupport_cppExport-noconfig.cmake
[2.625s] -- Installing: /home/isaac/Documents/D.A.V.E./ros2_ws/install/dave_interfaces/share/dave_interfaces/cmake/export_dave_interfaces__rosidl_generator_pyExport.cmake
[2.625s] -- Installing: /home/isaac/Documents/D.A.V.E./ros2_ws/install/dave_interfaces/share/dave_interfaces/cmake/export_dave_interfaces__rosidl_generator_pyExport-noconfig.cmake
[2.626s] -- Installing: /home/isaac/Documents/D.A.V.E./ros2_ws/install/dave_interfaces/share/dave_interfaces/cmake/rosidl_cmake-extras.cmake
[2.626s] -- Installing: /home/isaac/Documents/D.A.V.E./ros2_ws/install/dave_interfaces/share/dave_interfaces/cmake/ament_cmake_export_include_directories-extras.cmake
[2.626s] -- Installing: /home/isaac/Documents/D.A.V.E./ros2_ws/install/dave_interfaces/share/dave_interfaces/cmake/ament_cmake_export_libraries-extras.cmake
[2.626s] -- Installing: /home/isaac/Documents/D.A.V.E./ros2_ws/install/dave_interfaces/share/dave_interfaces/cmake/ament_cmake_export_targets-extras.cmake
[2.626s] -- Installing: /home/isaac/Documents/D.A.V.E./ros2_ws/install/dave_interfaces/share/dave_interfaces/cmake/rosidl_cmake_export_typesupport_targets-extras.cmake
[2.626s] -- Installing: /home/isaac/Documents/D.A.V.E./ros2_ws/install/dave_interfaces/share/dave_interfaces/cmake/ament_cmake_export_dependencies-extras.cmake
[2.626s] -- Installing: /home/isaac/Documents/D.A.V.E./ros2_ws/install/dave_interfaces/share/dave_interfaces/cmake/rosidl_cmake_export_typesupport_libraries-extras.cmake
[2.626s] -- Installing: /home/isaac/Documents/D.A.V.E./ros2_ws/install/dave_interfaces/share/dave_interfaces/cmake/dave_interfacesConfig.cmake
[2.627s] -- Installing: /home/isaac/Documents/D.A.V.E./ros2_ws/install/dave_interfaces/share/dave_interfaces/cmake/dave_interfacesConfig-version.cmake
[2.627s] -- Installing: /home/isaac/Documents/D.A.V.E./ros2_ws/install/dave_interfaces/share/dave_interfaces/package.xml
[2.629s] Invoked command in '/home/isaac/Documents/D.A.V.E./ros2_ws/build/dave_interfaces' returned '0': CMAKE_PREFIX_PATH=${CMAKE_PREFIX_PATH}:/opt/ros/humble /usr/bin/cmake --install /home/isaac/Documents/D.A.V.E./ros2_ws/build/dave_interfaces
