[0.127s] DEBUG:colcon:Command line arguments: ['/usr/bin/colcon', 'build']
[0.127s] DEBUG:colcon:Parsed command line arguments: Namespace(log_base=None, log_level=None, verb_name='build', build_base='build', install_base='install', merge_install=False, symlink_install=False, test_result_base=None, continue_on_error=False, executor='parallel', parallel_workers=16, event_handlers=None, ignore_user_meta=False, metas=['./colcon.meta'], base_paths=['.'], packages_ignore=None, packages_ignore_regex=None, paths=None, packages_up_to=None, packages_up_to_regex=None, packages_above=None, packages_above_and_dependencies=None, packages_above_depth=None, packages_select_by_dep=None, packages_skip_by_dep=None, packages_skip_up_to=None, packages_select_build_failed=False, packages_skip_build_finished=False, packages_select_test_failures=False, packages_skip_test_passed=False, packages_select=None, packages_skip=None, packages_select_regex=None, packages_skip_regex=None, packages_start=None, packages_end=None, allow_overriding=[], cmake_args=None, cmake_target=None, cmake_target_skip_unavailable=False, cmake_clean_cache=False, cmake_clean_first=False, cmake_force_configure=False, ament_cmake_args=None, catkin_cmake_args=None, catkin_skip_building_tests=False, mixin_files=None, mixin=None, verb_parser=<colcon_mixin.mixin.mixin_argument.MixinArgumentDecorator object at 0x745e70f69090>, verb_extension=<colcon_core.verb.build.BuildVerb object at 0x745e70f68ac0>, main=<bound method BuildVerb.main of <colcon_core.verb.build.BuildVerb object at 0x745e70f68ac0>>, mixin_verb=('build',))
[0.309s] Level 1:colcon.colcon_core.package_discovery:discover_packages(colcon_meta) check parameters
[0.309s] Level 1:colcon.colcon_core.package_discovery:discover_packages(recursive) check parameters
[0.309s] Level 1:colcon.colcon_core.package_discovery:discover_packages(ignore) check parameters
[0.309s] Level 1:colcon.colcon_core.package_discovery:discover_packages(path) check parameters
[0.309s] Level 1:colcon.colcon_core.package_discovery:discover_packages(colcon_meta) discover
[0.309s] Level 1:colcon.colcon_core.package_discovery:discover_packages(recursive) discover
[0.309s] INFO:colcon.colcon_core.package_discovery:Crawling recursively for packages in '/home/isaac/Documents/D.A.V.E./ros2_ws'
[0.309s] Level 1:colcon.colcon_core.package_identification:_identify(.) by extensions ['ignore', 'ignore_ament_install']
[0.309s] Level 1:colcon.colcon_core.package_identification:_identify(.) by extension 'ignore'
[0.309s] Level 1:colcon.colcon_core.package_identification:_identify(.) by extension 'ignore_ament_install'
[0.309s] Level 1:colcon.colcon_core.package_identification:_identify(.) by extensions ['colcon_pkg']
[0.309s] Level 1:colcon.colcon_core.package_identification:_identify(.) by extension 'colcon_pkg'
[0.309s] Level 1:colcon.colcon_core.package_identification:_identify(.) by extensions ['colcon_meta']
[0.309s] Level 1:colcon.colcon_core.package_identification:_identify(.) by extension 'colcon_meta'
[0.309s] Level 1:colcon.colcon_core.package_identification:_identify(.) by extensions ['ros']
[0.309s] Level 1:colcon.colcon_core.package_identification:_identify(.) by extension 'ros'
[0.317s] Level 1:colcon.colcon_core.package_identification:_identify(.) by extensions ['cmake', 'python']
[0.317s] Level 1:colcon.colcon_core.package_identification:_identify(.) by extension 'cmake'
[0.317s] Level 1:colcon.colcon_core.package_identification:_identify(.) by extension 'python'
[0.317s] Level 1:colcon.colcon_core.package_identification:_identify(.) by extensions ['python_setup_py']
[0.317s] Level 1:colcon.colcon_core.package_identification:_identify(.) by extension 'python_setup_py'
[0.317s] Level 1:colcon.colcon_core.package_identification:_identify(build) by extensions ['ignore', 'ignore_ament_install']
[0.317s] Level 1:colcon.colcon_core.package_identification:_identify(build) by extension 'ignore'
[0.317s] Level 1:colcon.colcon_core.package_identification:_identify(build) ignored
[0.317s] Level 1:colcon.colcon_core.package_identification:_identify(install) by extensions ['ignore', 'ignore_ament_install']
[0.317s] Level 1:colcon.colcon_core.package_identification:_identify(install) by extension 'ignore'
[0.317s] Level 1:colcon.colcon_core.package_identification:_identify(install) ignored
[0.317s] Level 1:colcon.colcon_core.package_identification:_identify(log) by extensions ['ignore', 'ignore_ament_install']
[0.317s] Level 1:colcon.colcon_core.package_identification:_identify(log) by extension 'ignore'
[0.317s] Level 1:colcon.colcon_core.package_identification:_identify(log) ignored
[0.317s] Level 1:colcon.colcon_core.package_identification:_identify(src) by extensions ['ignore', 'ignore_ament_install']
[0.317s] Level 1:colcon.colcon_core.package_identification:_identify(src) by extension 'ignore'
[0.317s] Level 1:colcon.colcon_core.package_identification:_identify(src) by extension 'ignore_ament_install'
[0.317s] Level 1:colcon.colcon_core.package_identification:_identify(src) by extensions ['colcon_pkg']
[0.317s] Level 1:colcon.colcon_core.package_identification:_identify(src) by extension 'colcon_pkg'
[0.318s] Level 1:colcon.colcon_core.package_identification:_identify(src) by extensions ['colcon_meta']
[0.318s] Level 1:colcon.colcon_core.package_identification:_identify(src) by extension 'colcon_meta'
[0.318s] Level 1:colcon.colcon_core.package_identification:_identify(src) by extensions ['ros']
[0.318s] Level 1:colcon.colcon_core.package_identification:_identify(src) by extension 'ros'
[0.318s] Level 1:colcon.colcon_core.package_identification:_identify(src) by extensions ['cmake', 'python']
[0.318s] Level 1:colcon.colcon_core.package_identification:_identify(src) by extension 'cmake'
[0.318s] Level 1:colcon.colcon_core.package_identification:_identify(src) by extension 'python'
[0.318s] Level 1:colcon.colcon_core.package_identification:_identify(src) by extensions ['python_setup_py']
[0.318s] Level 1:colcon.colcon_core.package_identification:_identify(src) by extension 'python_setup_py'
[0.318s] Level 1:colcon.colcon_core.package_identification:_identify(src/NAVsystem) by extensions ['ignore', 'ignore_ament_install']
[0.318s] Level 1:colcon.colcon_core.package_identification:_identify(src/NAVsystem) by extension 'ignore'
[0.318s] Level 1:colcon.colcon_core.package_identification:_identify(src/NAVsystem) by extension 'ignore_ament_install'
[0.318s] Level 1:colcon.colcon_core.package_identification:_identify(src/NAVsystem) by extensions ['colcon_pkg']
[0.318s] Level 1:colcon.colcon_core.package_identification:_identify(src/NAVsystem) by extension 'colcon_pkg'
[0.318s] Level 1:colcon.colcon_core.package_identification:_identify(src/NAVsystem) by extensions ['colcon_meta']
[0.318s] Level 1:colcon.colcon_core.package_identification:_identify(src/NAVsystem) by extension 'colcon_meta'
[0.318s] Level 1:colcon.colcon_core.package_identification:_identify(src/NAVsystem) by extensions ['ros']
[0.318s] Level 1:colcon.colcon_core.package_identification:_identify(src/NAVsystem) by extension 'ros'
[0.320s] DEBUG:colcon.colcon_core.package_identification:Package 'src/NAVsystem' with type 'ros.ament_cmake' and name 'NAVsystem'
[0.320s] Level 1:colcon.colcon_core.package_discovery:discover_packages(recursive) using defaults
[0.320s] Level 1:colcon.colcon_core.package_discovery:discover_packages(ignore) discover
[0.320s] Level 1:colcon.colcon_core.package_discovery:discover_packages(ignore) using defaults
[0.320s] Level 1:colcon.colcon_core.package_discovery:discover_packages(path) discover
[0.320s] Level 1:colcon.colcon_core.package_discovery:discover_packages(path) using defaults
[0.353s] Level 1:colcon.colcon_core.package_discovery:discover_packages(prefix_path) check parameters
[0.353s] Level 1:colcon.colcon_core.package_discovery:discover_packages(prefix_path) discover
[0.356s] DEBUG:colcon.colcon_installed_package_information.package_discovery:Found 272 installed packages in /opt/ros/humble
[0.357s] Level 1:colcon.colcon_core.package_discovery:discover_packages(prefix_path) using defaults
[0.380s] Level 5:colcon.colcon_core.verb:set package 'NAVsystem' build argument 'cmake_args' from command line to 'None'
[0.380s] Level 5:colcon.colcon_core.verb:set package 'NAVsystem' build argument 'cmake_target' from command line to 'None'
[0.380s] Level 5:colcon.colcon_core.verb:set package 'NAVsystem' build argument 'cmake_target_skip_unavailable' from command line to 'False'
[0.380s] Level 5:colcon.colcon_core.verb:set package 'NAVsystem' build argument 'cmake_clean_cache' from command line to 'False'
[0.381s] Level 5:colcon.colcon_core.verb:set package 'NAVsystem' build argument 'cmake_clean_first' from command line to 'False'
[0.381s] Level 5:colcon.colcon_core.verb:set package 'NAVsystem' build argument 'cmake_force_configure' from command line to 'False'
[0.381s] Level 5:colcon.colcon_core.verb:set package 'NAVsystem' build argument 'ament_cmake_args' from command line to 'None'
[0.381s] Level 5:colcon.colcon_core.verb:set package 'NAVsystem' build argument 'catkin_cmake_args' from command line to 'None'
[0.381s] Level 5:colcon.colcon_core.verb:set package 'NAVsystem' build argument 'catkin_skip_building_tests' from command line to 'False'
[0.381s] DEBUG:colcon.colcon_core.verb:Building package 'NAVsystem' with the following arguments: {'ament_cmake_args': None, 'build_base': '/home/isaac/Documents/D.A.V.E./ros2_ws/build/NAVsystem', 'catkin_cmake_args': None, 'catkin_skip_building_tests': False, 'cmake_args': None, 'cmake_clean_cache': False, 'cmake_clean_first': False, 'cmake_force_configure': False, 'cmake_target': None, 'cmake_target_skip_unavailable': False, 'install_base': '/home/isaac/Documents/D.A.V.E./ros2_ws/install/NAVsystem', 'merge_install': False, 'path': '/home/isaac/Documents/D.A.V.E./ros2_ws/src/NAVsystem', 'symlink_install': False, 'test_result_base': None}
[0.381s] INFO:colcon.colcon_core.executor:Executing jobs using 'parallel' executor
[0.382s] DEBUG:colcon.colcon_parallel_executor.executor.parallel:run_until_complete
[0.382s] INFO:colcon.colcon_ros.task.ament_cmake.build:Building ROS package in '/home/isaac/Documents/D.A.V.E./ros2_ws/src/NAVsystem' with build type 'ament_cmake'
[0.382s] INFO:colcon.colcon_cmake.task.cmake.build:Building CMake package in '/home/isaac/Documents/D.A.V.E./ros2_ws/src/NAVsystem'
[0.386s] INFO:colcon.colcon_core.plugin_system:Skipping extension 'colcon_core.shell.bat': Not used on non-Windows systems
[0.386s] INFO:colcon.colcon_core.shell:Skip shell extension 'powershell' for command environment: Not usable outside of PowerShell
[0.386s] DEBUG:colcon.colcon_core.shell:Skip shell extension 'dsv' for command environment
[0.393s] DEBUG:colcon.colcon_core.event_handler.log_command:Invoking command in '/home/isaac/Documents/D.A.V.E./ros2_ws/build/NAVsystem': CMAKE_PREFIX_PATH=/opt/ros/humble /usr/bin/cmake /home/isaac/Documents/D.A.V.E./ros2_ws/src/NAVsystem -DCMAKE_INSTALL_PREFIX=/home/isaac/Documents/D.A.V.E./ros2_ws/install/NAVsystem
[0.993s] DEBUG:colcon.colcon_core.event_handler.log_command:Invoked command in '/home/isaac/Documents/D.A.V.E./ros2_ws/build/NAVsystem' returned '0': CMAKE_PREFIX_PATH=/opt/ros/humble /usr/bin/cmake /home/isaac/Documents/D.A.V.E./ros2_ws/src/NAVsystem -DCMAKE_INSTALL_PREFIX=/home/isaac/Documents/D.A.V.E./ros2_ws/install/NAVsystem
[0.994s] DEBUG:colcon.colcon_core.event_handler.log_command:Invoking command in '/home/isaac/Documents/D.A.V.E./ros2_ws/build/NAVsystem': CMAKE_PREFIX_PATH=/opt/ros/humble /usr/bin/cmake --build /home/isaac/Documents/D.A.V.E./ros2_ws/build/NAVsystem -- -j16 -l16
[1.031s] DEBUG:colcon.colcon_core.event_handler.log_command:Invoked command in '/home/isaac/Documents/D.A.V.E./ros2_ws/build/NAVsystem' returned '0': CMAKE_PREFIX_PATH=/opt/ros/humble /usr/bin/cmake --build /home/isaac/Documents/D.A.V.E./ros2_ws/build/NAVsystem -- -j16 -l16
[1.039s] DEBUG:colcon.colcon_core.event_handler.log_command:Invoking command in '/home/isaac/Documents/D.A.V.E./ros2_ws/build/NAVsystem': CMAKE_PREFIX_PATH=/opt/ros/humble /usr/bin/cmake --install /home/isaac/Documents/D.A.V.E./ros2_ws/build/NAVsystem
[1.047s] Level 1:colcon.colcon_core.environment:create_environment_scripts_only(NAVsystem)
[1.048s] DEBUG:colcon.colcon_core.event_handler.log_command:Invoked command in '/home/isaac/Documents/D.A.V.E./ros2_ws/build/NAVsystem' returned '0': CMAKE_PREFIX_PATH=/opt/ros/humble /usr/bin/cmake --install /home/isaac/Documents/D.A.V.E./ros2_ws/build/NAVsystem
[1.055s] Level 1:colcon.colcon_core.environment:checking '/home/isaac/Documents/D.A.V.E./ros2_ws/install/NAVsystem' for CMake module files
[1.055s] Level 1:colcon.colcon_core.environment:checking '/home/isaac/Documents/D.A.V.E./ros2_ws/install/NAVsystem' for CMake config files
[1.055s] Level 1:colcon.colcon_core.shell:create_environment_hook('NAVsystem', 'cmake_prefix_path')
[1.055s] INFO:colcon.colcon_core.shell:Creating environment hook '/home/isaac/Documents/D.A.V.E./ros2_ws/install/NAVsystem/share/NAVsystem/hook/cmake_prefix_path.ps1'
[1.056s] INFO:colcon.colcon_core.shell:Creating environment descriptor '/home/isaac/Documents/D.A.V.E./ros2_ws/install/NAVsystem/share/NAVsystem/hook/cmake_prefix_path.dsv'
[1.057s] INFO:colcon.colcon_core.shell:Creating environment hook '/home/isaac/Documents/D.A.V.E./ros2_ws/install/NAVsystem/share/NAVsystem/hook/cmake_prefix_path.sh'
[1.057s] Level 1:colcon.colcon_core.environment:checking '/home/isaac/Documents/D.A.V.E./ros2_ws/install/NAVsystem/bin'
[1.057s] Level 1:colcon.colcon_core.environment:checking '/home/isaac/Documents/D.A.V.E./ros2_ws/install/NAVsystem/lib/pkgconfig/NAVsystem.pc'
[1.058s] Level 1:colcon.colcon_core.environment:checking '/home/isaac/Documents/D.A.V.E./ros2_ws/install/NAVsystem/lib/python3.10/site-packages'
[1.058s] Level 1:colcon.colcon_core.environment:checking '/home/isaac/Documents/D.A.V.E./ros2_ws/install/NAVsystem/bin'
[1.058s] INFO:colcon.colcon_core.shell:Creating package script '/home/isaac/Documents/D.A.V.E./ros2_ws/install/NAVsystem/share/NAVsystem/package.ps1'
[1.059s] INFO:colcon.colcon_core.shell:Creating package descriptor '/home/isaac/Documents/D.A.V.E./ros2_ws/install/NAVsystem/share/NAVsystem/package.dsv'
[1.059s] INFO:colcon.colcon_core.shell:Creating package script '/home/isaac/Documents/D.A.V.E./ros2_ws/install/NAVsystem/share/NAVsystem/package.sh'
[1.067s] INFO:colcon.colcon_core.shell:Creating package script '/home/isaac/Documents/D.A.V.E./ros2_ws/install/NAVsystem/share/NAVsystem/package.bash'
[1.068s] INFO:colcon.colcon_core.shell:Creating package script '/home/isaac/Documents/D.A.V.E./ros2_ws/install/NAVsystem/share/NAVsystem/package.zsh'
[1.069s] Level 1:colcon.colcon_core.environment:create_file_with_runtime_dependencies(/home/isaac/Documents/D.A.V.E./ros2_ws/install/NAVsystem/share/colcon-core/packages/NAVsystem)
[1.069s] Level 1:colcon.colcon_core.environment:create_environment_scripts_only(NAVsystem)
[1.069s] Level 1:colcon.colcon_core.environment:checking '/home/isaac/Documents/D.A.V.E./ros2_ws/install/NAVsystem' for CMake module files
[1.070s] Level 1:colcon.colcon_core.environment:checking '/home/isaac/Documents/D.A.V.E./ros2_ws/install/NAVsystem' for CMake config files
[1.070s] Level 1:colcon.colcon_core.shell:create_environment_hook('NAVsystem', 'cmake_prefix_path')
[1.070s] INFO:colcon.colcon_core.shell:Creating environment hook '/home/isaac/Documents/D.A.V.E./ros2_ws/install/NAVsystem/share/NAVsystem/hook/cmake_prefix_path.ps1'
[1.071s] INFO:colcon.colcon_core.shell:Creating environment descriptor '/home/isaac/Documents/D.A.V.E./ros2_ws/install/NAVsystem/share/NAVsystem/hook/cmake_prefix_path.dsv'
[1.071s] INFO:colcon.colcon_core.shell:Creating environment hook '/home/isaac/Documents/D.A.V.E./ros2_ws/install/NAVsystem/share/NAVsystem/hook/cmake_prefix_path.sh'
[1.072s] Level 1:colcon.colcon_core.environment:checking '/home/isaac/Documents/D.A.V.E./ros2_ws/install/NAVsystem/bin'
[1.072s] Level 1:colcon.colcon_core.environment:checking '/home/isaac/Documents/D.A.V.E./ros2_ws/install/NAVsystem/lib/pkgconfig/NAVsystem.pc'
[1.072s] Level 1:colcon.colcon_core.environment:checking '/home/isaac/Documents/D.A.V.E./ros2_ws/install/NAVsystem/lib/python3.10/site-packages'
[1.072s] Level 1:colcon.colcon_core.environment:checking '/home/isaac/Documents/D.A.V.E./ros2_ws/install/NAVsystem/bin'
[1.072s] INFO:colcon.colcon_core.shell:Creating package script '/home/isaac/Documents/D.A.V.E./ros2_ws/install/NAVsystem/share/NAVsystem/package.ps1'
[1.073s] INFO:colcon.colcon_core.shell:Creating package descriptor '/home/isaac/Documents/D.A.V.E./ros2_ws/install/NAVsystem/share/NAVsystem/package.dsv'
[1.073s] INFO:colcon.colcon_core.shell:Creating package script '/home/isaac/Documents/D.A.V.E./ros2_ws/install/NAVsystem/share/NAVsystem/package.sh'
[1.073s] INFO:colcon.colcon_core.shell:Creating package script '/home/isaac/Documents/D.A.V.E./ros2_ws/install/NAVsystem/share/NAVsystem/package.bash'
[1.073s] INFO:colcon.colcon_core.shell:Creating package script '/home/isaac/Documents/D.A.V.E./ros2_ws/install/NAVsystem/share/NAVsystem/package.zsh'
[1.074s] Level 1:colcon.colcon_core.environment:create_file_with_runtime_dependencies(/home/isaac/Documents/D.A.V.E./ros2_ws/install/NAVsystem/share/colcon-core/packages/NAVsystem)
[1.074s] DEBUG:colcon.colcon_parallel_executor.executor.parallel:closing loop
[1.074s] DEBUG:colcon.colcon_parallel_executor.executor.parallel:loop closed
[1.074s] DEBUG:colcon.colcon_parallel_executor.executor.parallel:run_until_complete finished with '0'
[1.074s] DEBUG:colcon.colcon_core.event_reactor:joining thread
[1.080s] INFO:colcon.colcon_core.plugin_system:Skipping extension 'colcon_notification.desktop_notification.terminal_notifier': Not used on non-Darwin systems
[1.080s] INFO:colcon.colcon_core.plugin_system:Skipping extension 'colcon_notification.desktop_notification.win32': Not used on non-Windows systems
[1.080s] INFO:colcon.colcon_notification.desktop_notification:Sending desktop notification using 'notify2'
[1.097s] DEBUG:colcon.colcon_core.event_reactor:joined thread
[1.098s] INFO:colcon.colcon_core.shell:Creating prefix script '/home/isaac/Documents/D.A.V.E./ros2_ws/install/local_setup.ps1'
[1.099s] INFO:colcon.colcon_core.shell:Creating prefix util module '/home/isaac/Documents/D.A.V.E./ros2_ws/install/_local_setup_util_ps1.py'
[1.100s] INFO:colcon.colcon_core.shell:Creating prefix chain script '/home/isaac/Documents/D.A.V.E./ros2_ws/install/setup.ps1'
[1.102s] INFO:colcon.colcon_core.shell:Creating prefix script '/home/isaac/Documents/D.A.V.E./ros2_ws/install/local_setup.sh'
[1.103s] INFO:colcon.colcon_core.shell:Creating prefix util module '/home/isaac/Documents/D.A.V.E./ros2_ws/install/_local_setup_util_sh.py'
[1.103s] INFO:colcon.colcon_core.shell:Creating prefix chain script '/home/isaac/Documents/D.A.V.E./ros2_ws/install/setup.sh'
[1.105s] INFO:colcon.colcon_core.shell:Creating prefix script '/home/isaac/Documents/D.A.V.E./ros2_ws/install/local_setup.bash'
[1.106s] INFO:colcon.colcon_core.shell:Creating prefix chain script '/home/isaac/Documents/D.A.V.E./ros2_ws/install/setup.bash'
[1.107s] INFO:colcon.colcon_core.shell:Creating prefix script '/home/isaac/Documents/D.A.V.E./ros2_ws/install/local_setup.zsh'
[1.108s] INFO:colcon.colcon_core.shell:Creating prefix chain script '/home/isaac/Documents/D.A.V.E./ros2_ws/install/setup.zsh'
