[01m[K/home/isaac/Documents/D.A.V.E./ros2_ws/src/navsystem/src/GPSnode.cpp:[m[K In function ‘[01m[Kint main(int, char**)[m[K’:
[01m[K/home/isaac/Documents/D.A.V.E./ros2_ws/src/navsystem/src/GPSnode.cpp:632:5:[m[K [01;31m[Kerror: [m[K‘[01m[Kros[m[K’ has not been declared
  632 |     [01;31m[Kros[m[K::init(argc, argv, "GPSnode"); // initialize GPSnode
      |     [01;31m[K^~~[m[K
[01m[K/home/isaac/Documents/D.A.V.E./ros2_ws/src/navsystem/src/GPSnode.cpp:634:5:[m[K [01;31m[Kerror: [m[K‘[01m[Kros[m[K’ has not been declared
  634 |     [01;31m[Kros[m[K::NodeHandle GPS; // create node handle
      |     [01;31m[K^~~[m[K
[01m[K/home/isaac/Documents/D.A.V.E./ros2_ws/src/navsystem/src/GPSnode.cpp:637:5:[m[K [01;31m[Kerror: [m[K‘[01m[Kros[m[K’ has not been declared
  637 |     [01;31m[Kros[m[K::Publisher currentCoordinates_Topic = GPS.advertise<custom_interfaces::msg::Message>("currentCoordinates", 1);
      |     [01;31m[K^~~[m[K
[01m[K/home/isaac/Documents/D.A.V.E./ros2_ws/src/navsystem/src/GPSnode.cpp:640:5:[m[K [01;31m[Kerror: [m[K‘[01m[Kros[m[K’ has not been declared
  640 |     [01;31m[Kros[m[K::Publisher bearing_Topic = GPS.advertise<custom_interfaces::msg::Message>("bearingToTarget", 1);
      |     [01;31m[K^~~[m[K
[01m[K/home/isaac/Documents/D.A.V.E./ros2_ws/src/navsystem/src/GPSnode.cpp:642:5:[m[K [01;31m[Kerror: [m[K‘[01m[Kros[m[K’ has not been declared
  642 |     [01;31m[Kros[m[K::Rate r(1); //publish messages at a rate of 1Hz
      |     [01;31m[K^~~[m[K
[01m[K/home/isaac/Documents/D.A.V.E./ros2_ws/src/navsystem/src/GPSnode.cpp:644:12:[m[K [01;31m[Kerror: [m[K‘[01m[KGPS[m[K’ was not declared in this scope
  644 |     while ([01;31m[KGPS[m[K.ok()){
      |            [01;31m[K^~~[m[K
[01m[K/home/isaac/Documents/D.A.V.E./ros2_ws/src/navsystem/src/GPSnode.cpp:646:9:[m[K [01;31m[Kerror: [m[K‘[01m[Kcustom_interfaces[m[K’ has not been declared
  646 |         [01;31m[Kcustom_interfaces[m[K::msg::Message currentCoordinates;
      |         [01;31m[K^~~~~~~~~~~~~~~~~[m[K
[01m[K/home/isaac/Documents/D.A.V.E./ros2_ws/src/navsystem/src/GPSnode.cpp:647:9:[m[K [01;31m[Kerror: [m[K‘[01m[Kcustom_interfaces[m[K’ has not been declared
  647 |         [01;31m[Kcustom_interfaces[m[K::msg::Message bearing;
      |         [01;31m[K^~~~~~~~~~~~~~~~~[m[K
[01m[K/home/isaac/Documents/D.A.V.E./ros2_ws/src/navsystem/src/GPSnode.cpp:650:9:[m[K [01;31m[Kerror: [m[K‘[01m[KcurrentCoordinates[m[K’ was not declared in this scope
  650 |         [01;31m[KcurrentCoordinates[m[K = translate(g_currentPosition);
      |         [01;31m[K^~~~~~~~~~~~~~~~~~[m[K
[01m[K/home/isaac/Documents/D.A.V.E./ros2_ws/src/navsystem/src/GPSnode.cpp:651:9:[m[K [01;31m[Kerror: [m[K‘[01m[Kbearing[m[K’ was not declared in this scope; did you mean ‘[01m[KgetBearing[m[K’?
  651 |         [01;31m[Kbearing[m[K = getBearing();
      |         [01;31m[K^~~~~~~[m[K
      |         [32m[KgetBearing[m[K
[01m[K/home/isaac/Documents/D.A.V.E./ros2_ws/src/navsystem/src/GPSnode.cpp:660:9:[m[K [01;31m[Kerror: [m[K‘[01m[KROS_INFO[m[K’ was not declared in this scope
  660 |         [01;31m[KROS_INFO[m[K("%s", ss.str().c_str());
      |         [01;31m[K^~~~~~~~[m[K
[01m[K/home/isaac/Documents/D.A.V.E./ros2_ws/src/navsystem/src/GPSnode.cpp:663:9:[m[K [01;31m[Kerror: [m[K‘[01m[KcurrentCoordinates_Topic[m[K’ was not declared in this scope
  663 |         [01;31m[KcurrentCoordinates_Topic[m[K.publish(currentCoordinates);
      |         [01;31m[K^~~~~~~~~~~~~~~~~~~~~~~~[m[K
[01m[K/home/isaac/Documents/D.A.V.E./ros2_ws/src/navsystem/src/GPSnode.cpp:664:9:[m[K [01;31m[Kerror: [m[K‘[01m[Kbearing_Topic[m[K’ was not declared in this scope
  664 |         [01;31m[Kbearing_Topic[m[K.publish(bearing);
      |         [01;31m[K^~~~~~~~~~~~~[m[K
[01m[K/home/isaac/Documents/D.A.V.E./ros2_ws/src/navsystem/src/GPSnode.cpp:666:9:[m[K [01;31m[Kerror: [m[K‘[01m[Kros[m[K’ has not been declared
  666 |         [01;31m[Kros[m[K::spinOnce();
      |         [01;31m[K^~~[m[K
[01m[K/home/isaac/Documents/D.A.V.E./ros2_ws/src/navsystem/src/GPSnode.cpp:667:9:[m[K [01;31m[Kerror: [m[K‘[01m[Kr[m[K’ was not declared in this scope
  667 |         [01;31m[Kr[m[K.sleep();
      |         [01;31m[K^[m[K
gmake[2]: *** [CMakeFiles/GPSnode.dir/build.make:76: CMakeFiles/GPSnode.dir/src/GPSnode.cpp.o] Error 1
gmake[1]: *** [CMakeFiles/Makefile2:137: CMakeFiles/GPSnode.dir/all] Error 2
gmake: *** [Makefile:146: all] Error 2
