[0.011s] Invoking command in '/home/isaac/Documents/D.A.V.E./ros2_ws/build/NAVsystem': CMAKE_PREFIX_PATH=/opt/ros/humble /usr/bin/cmake /home/isaac/Documents/D.A.V.E./ros2_ws/src/NAVsystem -DCMAKE_INSTALL_PREFIX=/home/isaac/Documents/D.A.V.E./ros2_ws/install/NAVsystem
[0.120s] -- The C compiler identification is GNU 11.4.0
[0.192s] -- The CXX compiler identification is GNU 11.4.0
[0.203s] -- Detecting C compiler ABI info
[0.272s] -- Detecting C compiler ABI info - done
[0.277s] -- Check for working C compiler: /usr/bin/cc - skipped
[0.278s] -- Detecting C compile features
[0.279s] -- Detecting C compile features - done
[0.282s] -- Detecting CXX compiler ABI info
[0.357s] -- Detecting CXX compiler ABI info - done
[0.362s] -- Check for working CXX compiler: /usr/bin/c++ - skipped
[0.362s] -- Detecting CXX compile features
[0.363s] -- Detecting CXX compile features - done
[0.367s] -- Found ament_cmake: 1.3.13 (/opt/ros/humble/share/ament_cmake/cmake)
[0.474s] -- Found Python3: /usr/bin/python3 (found version "3.10.12") found components: Interpreter 
[0.544s] -- Found ament_lint_auto: 0.12.15 (/opt/ros/humble/share/ament_lint_auto/cmake)
[0.579s] WARNING: Package name "NAVsystem" does not follow the naming conventions. It should start with a lower case letter and only contain lower case letters, digits, underscores, and dashes.
[0.599s] -- Added test 'lint_cmake' to check CMake code style
[0.600s] -- Added test 'xmllint' to check XML markup files
[0.601s] -- Configuring done
[0.604s] -- Generating done
[0.605s] -- Build files have been written to: /home/isaac/Documents/D.A.V.E./ros2_ws/build/NAVsystem
[0.610s] Invoked command in '/home/isaac/Documents/D.A.V.E./ros2_ws/build/NAVsystem' returned '0': CMAKE_PREFIX_PATH=/opt/ros/humble /usr/bin/cmake /home/isaac/Documents/D.A.V.E./ros2_ws/src/NAVsystem -DCMAKE_INSTALL_PREFIX=/home/isaac/Documents/D.A.V.E./ros2_ws/install/NAVsystem
[0.612s] Invoking command in '/home/isaac/Documents/D.A.V.E./ros2_ws/build/NAVsystem': CMAKE_PREFIX_PATH=/opt/ros/humble /usr/bin/cmake --build /home/isaac/Documents/D.A.V.E./ros2_ws/build/NAVsystem -- -j16 -l16
[0.648s] Invoked command in '/home/isaac/Documents/D.A.V.E./ros2_ws/build/NAVsystem' returned '0': CMAKE_PREFIX_PATH=/opt/ros/humble /usr/bin/cmake --build /home/isaac/Documents/D.A.V.E./ros2_ws/build/NAVsystem -- -j16 -l16
[0.657s] Invoking command in '/home/isaac/Documents/D.A.V.E./ros2_ws/build/NAVsystem': CMAKE_PREFIX_PATH=/opt/ros/humble /usr/bin/cmake --install /home/isaac/Documents/D.A.V.E./ros2_ws/build/NAVsystem
[0.662s] -- Install configuration: ""
[0.662s] -- Installing: /home/isaac/Documents/D.A.V.E./ros2_ws/install/NAVsystem/share/ament_index/resource_index/package_run_dependencies/NAVsystem
[0.662s] -- Installing: /home/isaac/Documents/D.A.V.E./ros2_ws/install/NAVsystem/share/ament_index/resource_index/parent_prefix_path/NAVsystem
[0.662s] -- Installing: /home/isaac/Documents/D.A.V.E./ros2_ws/install/NAVsystem/share/NAVsystem/environment/ament_prefix_path.sh
[0.663s] -- Installing: /home/isaac/Documents/D.A.V.E./ros2_ws/install/NAVsystem/share/NAVsystem/environment/ament_prefix_path.dsv
[0.663s] -- Installing: /home/isaac/Documents/D.A.V.E./ros2_ws/install/NAVsystem/share/NAVsystem/environment/path.sh
[0.663s] -- Installing: /home/isaac/Documents/D.A.V.E./ros2_ws/install/NAVsystem/share/NAVsystem/environment/path.dsv
[0.663s] -- Installing: /home/isaac/Documents/D.A.V.E./ros2_ws/install/NAVsystem/share/NAVsystem/local_setup.bash
[0.663s] -- Installing: /home/isaac/Documents/D.A.V.E./ros2_ws/install/NAVsystem/share/NAVsystem/local_setup.sh
[0.663s] -- Installing: /home/isaac/Documents/D.A.V.E./ros2_ws/install/NAVsystem/share/NAVsystem/local_setup.zsh
[0.663s] -- Installing: /home/isaac/Documents/D.A.V.E./ros2_ws/install/NAVsystem/share/NAVsystem/local_setup.dsv
[0.663s] -- Installing: /home/isaac/Documents/D.A.V.E./ros2_ws/install/NAVsystem/share/NAVsystem/package.dsv
[0.663s] -- Installing: /home/isaac/Documents/D.A.V.E./ros2_ws/install/NAVsystem/share/ament_index/resource_index/packages/NAVsystem
[0.663s] -- Installing: /home/isaac/Documents/D.A.V.E./ros2_ws/install/NAVsystem/share/NAVsystem/cmake/NAVsystemConfig.cmake
[0.663s] -- Installing: /home/isaac/Documents/D.A.V.E./ros2_ws/install/NAVsystem/share/NAVsystem/cmake/NAVsystemConfig-version.cmake
[0.664s] -- Installing: /home/isaac/Documents/D.A.V.E./ros2_ws/install/NAVsystem/share/NAVsystem/package.xml
[0.665s] Invoked command in '/home/isaac/Documents/D.A.V.E./ros2_ws/build/NAVsystem' returned '0': CMAKE_PREFIX_PATH=/opt/ros/humble /usr/bin/cmake --install /home/isaac/Documents/D.A.V.E./ros2_ws/build/NAVsystem
