[0.012s] Invoking command in '/home/isaac/Documents/D.A.V.E./ros2_ws/build/navsystem': AMENT_PREFIX_PATH=/home/isaac/Documents/D.A.V.E./ros2_ws/install/navigation_interfaces:${AMENT_PREFIX_PATH} CMAKE_PREFIX_PATH=/home/isaac/Documents/D.A.V.E./ros2_ws/install/navigation_interfaces:/home/isaac/Documents/D.A.V.E./ros2_ws/install/navsystem:/home/isaac/Documents/D.A.V.E./ros2_ws/install/custom_interfaces:/home/isaac/Documents/D.A.V.E./ros2_ws/install/NAVsystem:/opt/ros/humble LD_LIBRARY_PATH=/home/isaac/Documents/D.A.V.E./ros2_ws/install/navigation_interfaces/lib:${LD_LIBRARY_PATH} PYTHONPATH=/home/isaac/Documents/D.A.V.E./ros2_ws/install/navigation_interfaces/local/lib/python3.10/dist-packages:${PYTHONPATH} /usr/bin/cmake --build /home/isaac/Documents/D.A.V.E./ros2_ws/build/navsystem -- -j16 -l16
[0.053s] [35m[1mConsolidate compiler generated dependencies of target GPSnode[0m
[0.070s] [ 50%] [32mBuilding CXX object CMakeFiles/GPSnode.dir/src/GPSnode.cpp.o[0m
[1.795s] [01m[K/home/isaac/Documents/D.A.V.E./ros2_ws/src/navsystem/src/GPSnode.cpp:[m[K In constructor ‘[01m[KGPSnode::GPSnode()[m[K’:
[1.795s] [01m[K/home/isaac/Documents/D.A.V.E./ros2_ws/src/navsystem/src/GPSnode.cpp:732:127:[m[K [01;31m[Kerror: [m[Kclass template argument deduction failed:
[1.795s]   732 |             rclcpp::Publisher bearingPublisher = this->create_publisher<navigation_interfaces::msg::Bearing>("bearingTopic", 1[01;31m[K)[m[K;
[1.795s]       |                                                                                                                               [01;31m[K^[m[K
[1.795s] [01m[K/home/isaac/Documents/D.A.V.E./ros2_ws/src/navsystem/src/GPSnode.cpp:732:127:[m[K [01;31m[Kerror: [m[Kno matching function for call to ‘[01m[KPublisher(std::shared_ptr<rclcpp::Publisher<navigation_interfaces::msg::Bearing_<std::allocator<void> >, std::allocator<void> > >)[m[K’
[1.795s] In file included from [01m[K/opt/ros/humble/include/rclcpp/rclcpp/topic_statistics/subscription_topic_statistics.hpp:31[m[K,
[1.796s]                  from [01m[K/opt/ros/humble/include/rclcpp/rclcpp/subscription.hpp:50[m[K,
[1.796s]                  from [01m[K/opt/ros/humble/include/rclcpp/rclcpp/any_executable.hpp:25[m[K,
[1.796s]                  from [01m[K/opt/ros/humble/include/rclcpp/rclcpp/memory_strategy.hpp:25[m[K,
[1.796s]                  from [01m[K/opt/ros/humble/include/rclcpp/rclcpp/memory_strategies.hpp:18[m[K,
[1.796s]                  from [01m[K/opt/ros/humble/include/rclcpp/rclcpp/executor_options.hpp:20[m[K,
[1.796s]                  from [01m[K/opt/ros/humble/include/rclcpp/rclcpp/executor.hpp:37[m[K,
[1.796s]                  from [01m[K/opt/ros/humble/include/rclcpp/rclcpp/executors/multi_threaded_executor.hpp:25[m[K,
[1.796s]                  from [01m[K/opt/ros/humble/include/rclcpp/rclcpp/executors.hpp:21[m[K,
[1.796s]                  from [01m[K/opt/ros/humble/include/rclcpp/rclcpp/rclcpp.hpp:155[m[K,
[1.796s]                  from [01m[K/home/isaac/Documents/D.A.V.E./ros2_ws/src/navsystem/src/GPSnode.cpp:23[m[K:
[1.796s] [01m[K/opt/ros/humble/include/rclcpp/rclcpp/publisher.hpp:125:3:[m[K [01;36m[Knote: [m[Kcandidate: ‘[01m[Ktemplate<class MessageT, class AllocatorT> Publisher(rclcpp::node_interfaces::NodeBaseInterface*, const string&, const rclcpp::QoS&, const rclcpp::PublisherOptionsWithAllocator<AllocatorT>&)-> rclcpp::Publisher<MessageT, AllocatorT>[m[K’
[1.796s]   125 |   [01;36m[KPublisher[m[K(
[1.796s]       |   [01;36m[K^~~~~~~~~[m[K
[1.796s] [01m[K/opt/ros/humble/include/rclcpp/rclcpp/publisher.hpp:125:3:[m[K [01;36m[Knote: [m[K  template argument deduction/substitution failed:
[1.796s] [01m[K/home/isaac/Documents/D.A.V.E./ros2_ws/src/navsystem/src/GPSnode.cpp:732:127:[m[K [01;36m[Knote: [m[K  candidate expects 4 arguments, 1 provided
[1.796s]   732 |             rclcpp::Publisher bearingPublisher = this->create_publisher<navigation_interfaces::msg::Bearing>("bearingTopic", 1[01;36m[K)[m[K;
[1.796s]       |                                                                                                                               [01;36m[K^[m[K
[1.797s] In file included from [01m[K/opt/ros/humble/include/rclcpp/rclcpp/topic_statistics/subscription_topic_statistics.hpp:31[m[K,
[1.797s]                  from [01m[K/opt/ros/humble/include/rclcpp/rclcpp/subscription.hpp:50[m[K,
[1.797s]                  from [01m[K/opt/ros/humble/include/rclcpp/rclcpp/any_executable.hpp:25[m[K,
[1.797s]                  from [01m[K/opt/ros/humble/include/rclcpp/rclcpp/memory_strategy.hpp:25[m[K,
[1.797s]                  from [01m[K/opt/ros/humble/include/rclcpp/rclcpp/memory_strategies.hpp:18[m[K,
[1.797s]                  from [01m[K/opt/ros/humble/include/rclcpp/rclcpp/executor_options.hpp:20[m[K,
[1.797s]                  from [01m[K/opt/ros/humble/include/rclcpp/rclcpp/executor.hpp:37[m[K,
[1.797s]                  from [01m[K/opt/ros/humble/include/rclcpp/rclcpp/executors/multi_threaded_executor.hpp:25[m[K,
[1.797s]                  from [01m[K/opt/ros/humble/include/rclcpp/rclcpp/executors.hpp:21[m[K,
[1.797s]                  from [01m[K/opt/ros/humble/include/rclcpp/rclcpp/rclcpp.hpp:155[m[K,
[1.797s]                  from [01m[K/home/isaac/Documents/D.A.V.E./ros2_ws/src/navsystem/src/GPSnode.cpp:23[m[K:
[1.797s] [01m[K/opt/ros/humble/include/rclcpp/rclcpp/publisher.hpp:77:7:[m[K [01;36m[Knote: [m[Kcandidate: ‘[01m[Ktemplate<class MessageT, class AllocatorT> Publisher(rclcpp::Publisher<MessageT, AllocatorT>)-> rclcpp::Publisher<MessageT, AllocatorT>[m[K’
[1.797s]    77 | class [01;36m[KPublisher[m[K : public PublisherBase
[1.797s]       |       [01;36m[K^~~~~~~~~[m[K
[1.797s] [01m[K/opt/ros/humble/include/rclcpp/rclcpp/publisher.hpp:77:7:[m[K [01;36m[Knote: [m[K  template argument deduction/substitution failed:
[1.797s] [01m[K/home/isaac/Documents/D.A.V.E./ros2_ws/src/navsystem/src/GPSnode.cpp:732:127:[m[K [01;36m[Knote: [m[K  ‘[01m[Kstd::shared_ptr<rclcpp::Publisher<navigation_interfaces::msg::Bearing_<std::allocator<void> >, std::allocator<void> > >[m[K’ is not derived from ‘[01m[Krclcpp::Publisher<MessageT, AllocatorT>[m[K’
[1.797s]   732 |             rclcpp::Publisher bearingPublisher = this->create_publisher<navigation_interfaces::msg::Bearing>("bearingTopic", 1[01;36m[K)[m[K;
[1.797s]       |                                                                                                                               [01;36m[K^[m[K
[1.797s] [01m[K/home/isaac/Documents/D.A.V.E./ros2_ws/src/navsystem/src/GPSnode.cpp:733:135:[m[K [01;31m[Kerror: [m[Kclass template argument deduction failed:
[1.797s]   733 |             rclcpp::Publisher positionPublisher = this->create_publisher<navigation_interfaces::msg::Position>("currentCoordinates", 1[01;31m[K)[m[K;
[1.797s]       |                                                                                                                                       [01;31m[K^[m[K
[1.797s] [01m[K/home/isaac/Documents/D.A.V.E./ros2_ws/src/navsystem/src/GPSnode.cpp:733:135:[m[K [01;31m[Kerror: [m[Kno matching function for call to ‘[01m[KPublisher(std::shared_ptr<rclcpp::Publisher<navigation_interfaces::msg::Position_<std::allocator<void> >, std::allocator<void> > >)[m[K’
[1.797s] In file included from [01m[K/opt/ros/humble/include/rclcpp/rclcpp/topic_statistics/subscription_topic_statistics.hpp:31[m[K,
[1.797s]                  from [01m[K/opt/ros/humble/include/rclcpp/rclcpp/subscription.hpp:50[m[K,
[1.797s]                  from [01m[K/opt/ros/humble/include/rclcpp/rclcpp/any_executable.hpp:25[m[K,
[1.797s]                  from [01m[K/opt/ros/humble/include/rclcpp/rclcpp/memory_strategy.hpp:25[m[K,
[1.797s]                  from [01m[K/opt/ros/humble/include/rclcpp/rclcpp/memory_strategies.hpp:18[m[K,
[1.797s]                  from [01m[K/opt/ros/humble/include/rclcpp/rclcpp/executor_options.hpp:20[m[K,
[1.798s]                  from [01m[K/opt/ros/humble/include/rclcpp/rclcpp/executor.hpp:37[m[K,
[1.798s]                  from [01m[K/opt/ros/humble/include/rclcpp/rclcpp/executors/multi_threaded_executor.hpp:25[m[K,
[1.798s]                  from [01m[K/opt/ros/humble/include/rclcpp/rclcpp/executors.hpp:21[m[K,
[1.798s]                  from [01m[K/opt/ros/humble/include/rclcpp/rclcpp/rclcpp.hpp:155[m[K,
[1.798s]                  from [01m[K/home/isaac/Documents/D.A.V.E./ros2_ws/src/navsystem/src/GPSnode.cpp:23[m[K:
[1.798s] [01m[K/opt/ros/humble/include/rclcpp/rclcpp/publisher.hpp:125:3:[m[K [01;36m[Knote: [m[Kcandidate: ‘[01m[Ktemplate<class MessageT, class AllocatorT> Publisher(rclcpp::node_interfaces::NodeBaseInterface*, const string&, const rclcpp::QoS&, const rclcpp::PublisherOptionsWithAllocator<AllocatorT>&)-> rclcpp::Publisher<MessageT, AllocatorT>[m[K’
[1.798s]   125 |   [01;36m[KPublisher[m[K(
[1.798s]       |   [01;36m[K^~~~~~~~~[m[K
[1.798s] [01m[K/opt/ros/humble/include/rclcpp/rclcpp/publisher.hpp:125:3:[m[K [01;36m[Knote: [m[K  template argument deduction/substitution failed:
[1.798s] [01m[K/home/isaac/Documents/D.A.V.E./ros2_ws/src/navsystem/src/GPSnode.cpp:733:135:[m[K [01;36m[Knote: [m[K  candidate expects 4 arguments, 1 provided
[1.798s]   733 |             rclcpp::Publisher positionPublisher = this->create_publisher<navigation_interfaces::msg::Position>("currentCoordinates", 1[01;36m[K)[m[K;
[1.798s]       |                                                                                                                                       [01;36m[K^[m[K
[1.798s] In file included from [01m[K/opt/ros/humble/include/rclcpp/rclcpp/topic_statistics/subscription_topic_statistics.hpp:31[m[K,
[1.798s]                  from [01m[K/opt/ros/humble/include/rclcpp/rclcpp/subscription.hpp:50[m[K,
[1.798s]                  from [01m[K/opt/ros/humble/include/rclcpp/rclcpp/any_executable.hpp:25[m[K,
[1.798s]                  from [01m[K/opt/ros/humble/include/rclcpp/rclcpp/memory_strategy.hpp:25[m[K,
[1.798s]                  from [01m[K/opt/ros/humble/include/rclcpp/rclcpp/memory_strategies.hpp:18[m[K,
[1.798s]                  from [01m[K/opt/ros/humble/include/rclcpp/rclcpp/executor_options.hpp:20[m[K,
[1.798s]                  from [01m[K/opt/ros/humble/include/rclcpp/rclcpp/executor.hpp:37[m[K,
[1.798s]                  from [01m[K/opt/ros/humble/include/rclcpp/rclcpp/executors/multi_threaded_executor.hpp:25[m[K,
[1.798s]                  from [01m[K/opt/ros/humble/include/rclcpp/rclcpp/executors.hpp:21[m[K,
[1.798s]                  from [01m[K/opt/ros/humble/include/rclcpp/rclcpp/rclcpp.hpp:155[m[K,
[1.798s]                  from [01m[K/home/isaac/Documents/D.A.V.E./ros2_ws/src/navsystem/src/GPSnode.cpp:23[m[K:
[1.798s] [01m[K/opt/ros/humble/include/rclcpp/rclcpp/publisher.hpp:77:7:[m[K [01;36m[Knote: [m[Kcandidate: ‘[01m[Ktemplate<class MessageT, class AllocatorT> Publisher(rclcpp::Publisher<MessageT, AllocatorT>)-> rclcpp::Publisher<MessageT, AllocatorT>[m[K’
[1.798s]    77 | class [01;36m[KPublisher[m[K : public PublisherBase
[1.798s]       |       [01;36m[K^~~~~~~~~[m[K
[1.798s] [01m[K/opt/ros/humble/include/rclcpp/rclcpp/publisher.hpp:77:7:[m[K [01;36m[Knote: [m[K  template argument deduction/substitution failed:
[1.798s] [01m[K/home/isaac/Documents/D.A.V.E./ros2_ws/src/navsystem/src/GPSnode.cpp:733:135:[m[K [01;36m[Knote: [m[K  ‘[01m[Kstd::shared_ptr<rclcpp::Publisher<navigation_interfaces::msg::Position_<std::allocator<void> >, std::allocator<void> > >[m[K’ is not derived from ‘[01m[Krclcpp::Publisher<MessageT, AllocatorT>[m[K’
[1.798s]   733 |             rclcpp::Publisher positionPublisher = this->create_publisher<navigation_interfaces::msg::Position>("currentCoordinates", 1[01;36m[K)[m[K;
[1.799s]       |                                                                                                                                       [01;36m[K^[m[K
[1.806s] [01m[K/home/isaac/Documents/D.A.V.E./ros2_ws/src/navsystem/src/GPSnode.cpp:736:118:[m[K [01;31m[Kerror: [m[Kclass template argument deduction failed:
[1.807s]   736 |             rclcpp::Service getNavServer = this->create_service<navigation_interfaces::srv::GetNav>("GetNav", &getNav[01;31m[K)[m[K;
[1.807s]       |                                                                                                                      [01;31m[K^[m[K
[1.807s] [01m[K/home/isaac/Documents/D.A.V.E./ros2_ws/src/navsystem/src/GPSnode.cpp:736:118:[m[K [01;31m[Kerror: [m[Kno matching function for call to ‘[01m[KService(rclcpp::Service<navigation_interfaces::srv::GetNav>::SharedPtr)[m[K’
[1.807s] In file included from [01m[K/opt/ros/humble/include/rclcpp/rclcpp/context.hpp:35[m[K,
[1.807s]                  from [01m[K/opt/ros/humble/include/rclcpp/rclcpp/executor.hpp:34[m[K,
[1.807s]                  from [01m[K/opt/ros/humble/include/rclcpp/rclcpp/executors/multi_threaded_executor.hpp:25[m[K,
[1.807s]                  from [01m[K/opt/ros/humble/include/rclcpp/rclcpp/executors.hpp:21[m[K,
[1.807s]                  from [01m[K/opt/ros/humble/include/rclcpp/rclcpp/rclcpp.hpp:155[m[K,
[1.807s]                  from [01m[K/home/isaac/Documents/D.A.V.E./ros2_ws/src/navsystem/src/GPSnode.cpp:23[m[K:
[1.807s] [01m[K/opt/ros/humble/include/rclcpp/rclcpp/service.hpp:498:3:[m[K [01;36m[Knote: [m[Kcandidate: ‘[01m[Ktemplate<class ServiceT> Service(const rclcpp::Service<ServiceT>&)-> rclcpp::Service<ServiceT>[m[K’
[1.807s]   498 |   [01;36m[KRCLCPP_DISABLE_COPY[m[K(Service)
[1.807s]       |   [01;36m[K^~~~~~~~~~~~~~~~~~~[m[K
[1.808s] [01m[K/opt/ros/humble/include/rclcpp/rclcpp/service.hpp:498:3:[m[K [01;36m[Knote: [m[K  template argument deduction/substitution failed:
[1.808s] [01m[K/home/isaac/Documents/D.A.V.E./ros2_ws/src/navsystem/src/GPSnode.cpp:736:118:[m[K [01;36m[Knote: [m[K  ‘[01m[Krclcpp::Service<navigation_interfaces::srv::GetNav>::SharedPtr[m[K’ {aka ‘[01m[Kstd::shared_ptr<rclcpp::Service<navigation_interfaces::srv::GetNav> >[m[K’} is not derived from ‘[01m[Kconst rclcpp::Service<ServiceT>[m[K’
[1.808s]   736 |             rclcpp::Service getNavServer = this->create_service<navigation_interfaces::srv::GetNav>("GetNav", &getNav[01;36m[K)[m[K;
[1.808s]       |                                                                                                                      [01;36m[K^[m[K
[1.808s] In file included from [01m[K/opt/ros/humble/include/rclcpp/rclcpp/callback_group.hpp:28[m[K,
[1.808s]                  from [01m[K/opt/ros/humble/include/rclcpp/rclcpp/any_executable.hpp:20[m[K,
[1.808s]                  from [01m[K/opt/ros/humble/include/rclcpp/rclcpp/memory_strategy.hpp:25[m[K,
[1.808s]                  from [01m[K/opt/ros/humble/include/rclcpp/rclcpp/memory_strategies.hpp:18[m[K,
[1.808s]                  from [01m[K/opt/ros/humble/include/rclcpp/rclcpp/executor_options.hpp:20[m[K,
[1.808s]                  from [01m[K/opt/ros/humble/include/rclcpp/rclcpp/executor.hpp:37[m[K,
[1.808s]                  from [01m[K/opt/ros/humble/include/rclcpp/rclcpp/executors/multi_threaded_executor.hpp:25[m[K,
[1.808s]                  from [01m[K/opt/ros/humble/include/rclcpp/rclcpp/executors.hpp:21[m[K,
[1.808s]                  from [01m[K/opt/ros/humble/include/rclcpp/rclcpp/rclcpp.hpp:155[m[K,
[1.808s]                  from [01m[K/home/isaac/Documents/D.A.V.E./ros2_ws/src/navsystem/src/GPSnode.cpp:23[m[K:
[1.808s] [01m[K/opt/ros/humble/include/rclcpp/rclcpp/service.hpp:431:3:[m[K [01;36m[Knote: [m[Kcandidate: ‘[01m[Ktemplate<class ServiceT> Service()-> rclcpp::Service<ServiceT>[m[K’
[1.808s]   431 |   [01;36m[KService[m[K() = delete;
[1.808s]       |   [01;36m[K^~~~~~~[m[K
[1.808s] [01m[K/opt/ros/humble/include/rclcpp/rclcpp/service.hpp:431:3:[m[K [01;36m[Knote: [m[K  template argument deduction/substitution failed:
[1.809s] [01m[K/home/isaac/Documents/D.A.V.E./ros2_ws/src/navsystem/src/GPSnode.cpp:736:118:[m[K [01;36m[Knote: [m[K  candidate expects 0 arguments, 1 provided
[1.809s]   736 |             rclcpp::Service getNavServer = this->create_service<navigation_interfaces::srv::GetNav>("GetNav", &getNav[01;36m[K)[m[K;
[1.809s]       |                                                                                                                      [01;36m[K^[m[K
[1.809s] In file included from [01m[K/opt/ros/humble/include/rclcpp/rclcpp/callback_group.hpp:28[m[K,
[1.809s]                  from [01m[K/opt/ros/humble/include/rclcpp/rclcpp/any_executable.hpp:20[m[K,
[1.809s]                  from [01m[K/opt/ros/humble/include/rclcpp/rclcpp/memory_strategy.hpp:25[m[K,
[1.809s]                  from [01m[K/opt/ros/humble/include/rclcpp/rclcpp/memory_strategies.hpp:18[m[K,
[1.809s]                  from [01m[K/opt/ros/humble/include/rclcpp/rclcpp/executor_options.hpp:20[m[K,
[1.809s]                  from [01m[K/opt/ros/humble/include/rclcpp/rclcpp/executor.hpp:37[m[K,
[1.809s]                  from [01m[K/opt/ros/humble/include/rclcpp/rclcpp/executors/multi_threaded_executor.hpp:25[m[K,
[1.809s]                  from [01m[K/opt/ros/humble/include/rclcpp/rclcpp/executors.hpp:21[m[K,
[1.809s]                  from [01m[K/opt/ros/humble/include/rclcpp/rclcpp/rclcpp.hpp:155[m[K,
[1.809s]                  from [01m[K/home/isaac/Documents/D.A.V.E./ros2_ws/src/navsystem/src/GPSnode.cpp:23[m[K:
[1.809s] [01m[K/opt/ros/humble/include/rclcpp/rclcpp/service.hpp:404:3:[m[K [01;36m[Knote: [m[Kcandidate: ‘[01m[Ktemplate<class ServiceT> Service(std::shared_ptr<rcl_node_s>, rcl_service_t*, rclcpp::AnyServiceCallback<ServiceT>)-> rclcpp::Service<ServiceT>[m[K’
[1.809s]   404 |   [01;36m[KService[m[K(
[1.809s]       |   [01;36m[K^~~~~~~[m[K
[1.809s] [01m[K/opt/ros/humble/include/rclcpp/rclcpp/service.hpp:404:3:[m[K [01;36m[Knote: [m[K  template argument deduction/substitution failed:
[1.809s] [01m[K/home/isaac/Documents/D.A.V.E./ros2_ws/src/navsystem/src/GPSnode.cpp:736:118:[m[K [01;36m[Knote: [m[K  candidate expects 3 arguments, 1 provided
[1.809s]   736 |             rclcpp::Service getNavServer = this->create_service<navigation_interfaces::srv::GetNav>("GetNav", &getNav[01;36m[K)[m[K;
[1.809s]       |                                                                                                                      [01;36m[K^[m[K
[1.809s] In file included from [01m[K/opt/ros/humble/include/rclcpp/rclcpp/callback_group.hpp:28[m[K,
[1.809s]                  from [01m[K/opt/ros/humble/include/rclcpp/rclcpp/any_executable.hpp:20[m[K,
[1.809s]                  from [01m[K/opt/ros/humble/include/rclcpp/rclcpp/memory_strategy.hpp:25[m[K,
[1.809s]                  from [01m[K/opt/ros/humble/include/rclcpp/rclcpp/memory_strategies.hpp:18[m[K,
[1.809s]                  from [01m[K/opt/ros/humble/include/rclcpp/rclcpp/executor_options.hpp:20[m[K,
[1.809s]                  from [01m[K/opt/ros/humble/include/rclcpp/rclcpp/executor.hpp:37[m[K,
[1.809s]                  from [01m[K/opt/ros/humble/include/rclcpp/rclcpp/executors/multi_threaded_executor.hpp:25[m[K,
[1.810s]                  from [01m[K/opt/ros/humble/include/rclcpp/rclcpp/executors.hpp:21[m[K,
[1.810s]                  from [01m[K/opt/ros/humble/include/rclcpp/rclcpp/rclcpp.hpp:155[m[K,
[1.810s]                  from [01m[K/home/isaac/Documents/D.A.V.E./ros2_ws/src/navsystem/src/GPSnode.cpp:23[m[K:
[1.810s] [01m[K/opt/ros/humble/include/rclcpp/rclcpp/service.hpp:369:3:[m[K [01;36m[Knote: [m[Kcandidate: ‘[01m[Ktemplate<class ServiceT> Service(std::shared_ptr<rcl_node_s>, std::shared_ptr<rcl_service_s>, rclcpp::AnyServiceCallback<ServiceT>)-> rclcpp::Service<ServiceT>[m[K’
[1.810s]   369 |   [01;36m[KService[m[K(
[1.810s]       |   [01;36m[K^~~~~~~[m[K
[1.810s] [01m[K/opt/ros/humble/include/rclcpp/rclcpp/service.hpp:369:3:[m[K [01;36m[Knote: [m[K  template argument deduction/substitution failed:
[1.810s] [01m[K/home/isaac/Documents/D.A.V.E./ros2_ws/src/navsystem/src/GPSnode.cpp:736:118:[m[K [01;36m[Knote: [m[K  candidate expects 3 arguments, 1 provided
[1.810s]   736 |             rclcpp::Service getNavServer = this->create_service<navigation_interfaces::srv::GetNav>("GetNav", &getNav[01;36m[K)[m[K;
[1.810s]       |                                                                                                                      [01;36m[K^[m[K
[1.810s] In file included from [01m[K/opt/ros/humble/include/rclcpp/rclcpp/callback_group.hpp:28[m[K,
[1.810s]                  from [01m[K/opt/ros/humble/include/rclcpp/rclcpp/any_executable.hpp:20[m[K,
[1.810s]                  from [01m[K/opt/ros/humble/include/rclcpp/rclcpp/memory_strategy.hpp:25[m[K,
[1.810s]                  from [01m[K/opt/ros/humble/include/rclcpp/rclcpp/memory_strategies.hpp:18[m[K,
[1.810s]                  from [01m[K/opt/ros/humble/include/rclcpp/rclcpp/executor_options.hpp:20[m[K,
[1.810s]                  from [01m[K/opt/ros/humble/include/rclcpp/rclcpp/executor.hpp:37[m[K,
[1.810s]                  from [01m[K/opt/ros/humble/include/rclcpp/rclcpp/executors/multi_threaded_executor.hpp:25[m[K,
[1.810s]                  from [01m[K/opt/ros/humble/include/rclcpp/rclcpp/executors.hpp:21[m[K,
[1.810s]                  from [01m[K/opt/ros/humble/include/rclcpp/rclcpp/rclcpp.hpp:155[m[K,
[1.810s]                  from [01m[K/home/isaac/Documents/D.A.V.E./ros2_ws/src/navsystem/src/GPSnode.cpp:23[m[K:
[1.810s] [01m[K/opt/ros/humble/include/rclcpp/rclcpp/service.hpp:305:3:[m[K [01;36m[Knote: [m[Kcandidate: ‘[01m[Ktemplate<class ServiceT> Service(std::shared_ptr<rcl_node_s>, const string&, rclcpp::AnyServiceCallback<ServiceT>, rcl_service_options_t&)-> rclcpp::Service<ServiceT>[m[K’
[1.810s]   305 |   [01;36m[KService[m[K(
[1.810s]       |   [01;36m[K^~~~~~~[m[K
[1.810s] [01m[K/opt/ros/humble/include/rclcpp/rclcpp/service.hpp:305:3:[m[K [01;36m[Knote: [m[K  template argument deduction/substitution failed:
[1.810s] [01m[K/home/isaac/Documents/D.A.V.E./ros2_ws/src/navsystem/src/GPSnode.cpp:736:118:[m[K [01;36m[Knote: [m[K  candidate expects 4 arguments, 1 provided
[1.810s]   736 |             rclcpp::Service getNavServer = this->create_service<navigation_interfaces::srv::GetNav>("GetNav", &getNav[01;36m[K)[m[K;
[1.811s]       |                                                                                                                      [01;36m[K^[m[K
[1.811s] In file included from [01m[K/opt/ros/humble/include/rclcpp/rclcpp/service.hpp:36[m[K,
[1.811s]                  from [01m[K/opt/ros/humble/include/rclcpp/rclcpp/callback_group.hpp:28[m[K,
[1.811s]                  from [01m[K/opt/ros/humble/include/rclcpp/rclcpp/any_executable.hpp:20[m[K,
[1.811s]                  from [01m[K/opt/ros/humble/include/rclcpp/rclcpp/memory_strategy.hpp:25[m[K,
[1.811s]                  from [01m[K/opt/ros/humble/include/rclcpp/rclcpp/memory_strategies.hpp:18[m[K,
[1.811s]                  from [01m[K/opt/ros/humble/include/rclcpp/rclcpp/executor_options.hpp:20[m[K,
[1.811s]                  from [01m[K/opt/ros/humble/include/rclcpp/rclcpp/executor.hpp:37[m[K,
[1.811s]                  from [01m[K/opt/ros/humble/include/rclcpp/rclcpp/executors/multi_threaded_executor.hpp:25[m[K,
[1.811s]                  from [01m[K/opt/ros/humble/include/rclcpp/rclcpp/executors.hpp:21[m[K,
[1.811s]                  from [01m[K/opt/ros/humble/include/rclcpp/rclcpp/rclcpp.hpp:155[m[K,
[1.811s]                  from [01m[K/home/isaac/Documents/D.A.V.E./ros2_ws/src/navsystem/src/GPSnode.cpp:23[m[K:
[1.811s] [01m[K/opt/ros/humble/include/rclcpp/rclcpp/any_service_callback.hpp:55:7:[m[K [01;36m[Knote: [m[Kcandidate: ‘[01m[Ktemplate<class ServiceT> Service(rclcpp::Service<ServiceT>)-> rclcpp::Service<ServiceT>[m[K’
[1.811s]    55 | class [01;36m[KService[m[K;
[1.811s]       |       [01;36m[K^~~~~~~[m[K
[1.811s] [01m[K/opt/ros/humble/include/rclcpp/rclcpp/any_service_callback.hpp:55:7:[m[K [01;36m[Knote: [m[K  template argument deduction/substitution failed:
[1.811s] [01m[K/home/isaac/Documents/D.A.V.E./ros2_ws/src/navsystem/src/GPSnode.cpp:736:118:[m[K [01;36m[Knote: [m[K  ‘[01m[Kstd::shared_ptr<rclcpp::Service<navigation_interfaces::srv::GetNav> >[m[K’ is not derived from ‘[01m[Krclcpp::Service<ServiceT>[m[K’
[1.811s]   736 |             rclcpp::Service getNavServer = this->create_service<navigation_interfaces::srv::GetNav>("GetNav", &getNav[01;36m[K)[m[K;
[1.811s]       |                                                                                                                      [01;36m[K^[m[K
[1.818s] [01m[K/home/isaac/Documents/D.A.V.E./ros2_ws/src/navsystem/src/GPSnode.cpp:737:118:[m[K [01;31m[Kerror: [m[Kclass template argument deduction failed:
[1.818s]   737 |             rclcpp::Service setNavServer = this->create_service<navigation_interfaces::srv::SetNav>("SetNav", &setNav[01;31m[K)[m[K;
[1.818s]       |                                                                                                                      [01;31m[K^[m[K
[1.818s] [01m[K/home/isaac/Documents/D.A.V.E./ros2_ws/src/navsystem/src/GPSnode.cpp:737:118:[m[K [01;31m[Kerror: [m[Kno matching function for call to ‘[01m[KService(rclcpp::Service<navigation_interfaces::srv::SetNav>::SharedPtr)[m[K’
[1.818s] In file included from [01m[K/opt/ros/humble/include/rclcpp/rclcpp/context.hpp:35[m[K,
[1.818s]                  from [01m[K/opt/ros/humble/include/rclcpp/rclcpp/executor.hpp:34[m[K,
[1.818s]                  from [01m[K/opt/ros/humble/include/rclcpp/rclcpp/executors/multi_threaded_executor.hpp:25[m[K,
[1.818s]                  from [01m[K/opt/ros/humble/include/rclcpp/rclcpp/executors.hpp:21[m[K,
[1.818s]                  from [01m[K/opt/ros/humble/include/rclcpp/rclcpp/rclcpp.hpp:155[m[K,
[1.818s]                  from [01m[K/home/isaac/Documents/D.A.V.E./ros2_ws/src/navsystem/src/GPSnode.cpp:23[m[K:
[1.818s] [01m[K/opt/ros/humble/include/rclcpp/rclcpp/service.hpp:498:3:[m[K [01;36m[Knote: [m[Kcandidate: ‘[01m[Ktemplate<class ServiceT> Service(const rclcpp::Service<ServiceT>&)-> rclcpp::Service<ServiceT>[m[K’
[1.818s]   498 |   [01;36m[KRCLCPP_DISABLE_COPY[m[K(Service)
[1.818s]       |   [01;36m[K^~~~~~~~~~~~~~~~~~~[m[K
[1.818s] [01m[K/opt/ros/humble/include/rclcpp/rclcpp/service.hpp:498:3:[m[K [01;36m[Knote: [m[K  template argument deduction/substitution failed:
[1.818s] [01m[K/home/isaac/Documents/D.A.V.E./ros2_ws/src/navsystem/src/GPSnode.cpp:737:118:[m[K [01;36m[Knote: [m[K  ‘[01m[Krclcpp::Service<navigation_interfaces::srv::SetNav>::SharedPtr[m[K’ {aka ‘[01m[Kstd::shared_ptr<rclcpp::Service<navigation_interfaces::srv::SetNav> >[m[K’} is not derived from ‘[01m[Kconst rclcpp::Service<ServiceT>[m[K’
[1.819s]   737 |             rclcpp::Service setNavServer = this->create_service<navigation_interfaces::srv::SetNav>("SetNav", &setNav[01;36m[K)[m[K;
[1.819s]       |                                                                                                                      [01;36m[K^[m[K
[1.819s] In file included from [01m[K/opt/ros/humble/include/rclcpp/rclcpp/callback_group.hpp:28[m[K,
[1.819s]                  from [01m[K/opt/ros/humble/include/rclcpp/rclcpp/any_executable.hpp:20[m[K,
[1.819s]                  from [01m[K/opt/ros/humble/include/rclcpp/rclcpp/memory_strategy.hpp:25[m[K,
[1.819s]                  from [01m[K/opt/ros/humble/include/rclcpp/rclcpp/memory_strategies.hpp:18[m[K,
[1.819s]                  from [01m[K/opt/ros/humble/include/rclcpp/rclcpp/executor_options.hpp:20[m[K,
[1.819s]                  from [01m[K/opt/ros/humble/include/rclcpp/rclcpp/executor.hpp:37[m[K,
[1.819s]                  from [01m[K/opt/ros/humble/include/rclcpp/rclcpp/executors/multi_threaded_executor.hpp:25[m[K,
[1.819s]                  from [01m[K/opt/ros/humble/include/rclcpp/rclcpp/executors.hpp:21[m[K,
[1.819s]                  from [01m[K/opt/ros/humble/include/rclcpp/rclcpp/rclcpp.hpp:155[m[K,
[1.819s]                  from [01m[K/home/isaac/Documents/D.A.V.E./ros2_ws/src/navsystem/src/GPSnode.cpp:23[m[K:
[1.819s] [01m[K/opt/ros/humble/include/rclcpp/rclcpp/service.hpp:431:3:[m[K [01;36m[Knote: [m[Kcandidate: ‘[01m[Ktemplate<class ServiceT> Service()-> rclcpp::Service<ServiceT>[m[K’
[1.819s]   431 |   [01;36m[KService[m[K() = delete;
[1.819s]       |   [01;36m[K^~~~~~~[m[K
[1.819s] [01m[K/opt/ros/humble/include/rclcpp/rclcpp/service.hpp:431:3:[m[K [01;36m[Knote: [m[K  template argument deduction/substitution failed:
[1.819s] [01m[K/home/isaac/Documents/D.A.V.E./ros2_ws/src/navsystem/src/GPSnode.cpp:737:118:[m[K [01;36m[Knote: [m[K  candidate expects 0 arguments, 1 provided
[1.819s]   737 |             rclcpp::Service setNavServer = this->create_service<navigation_interfaces::srv::SetNav>("SetNav", &setNav[01;36m[K)[m[K;
[1.819s]       |                                                                                                                      [01;36m[K^[m[K
[1.819s] In file included from [01m[K/opt/ros/humble/include/rclcpp/rclcpp/callback_group.hpp:28[m[K,
[1.819s]                  from [01m[K/opt/ros/humble/include/rclcpp/rclcpp/any_executable.hpp:20[m[K,
[1.819s]                  from [01m[K/opt/ros/humble/include/rclcpp/rclcpp/memory_strategy.hpp:25[m[K,
[1.819s]                  from [01m[K/opt/ros/humble/include/rclcpp/rclcpp/memory_strategies.hpp:18[m[K,
[1.819s]                  from [01m[K/opt/ros/humble/include/rclcpp/rclcpp/executor_options.hpp:20[m[K,
[1.819s]                  from [01m[K/opt/ros/humble/include/rclcpp/rclcpp/executor.hpp:37[m[K,
[1.819s]                  from [01m[K/opt/ros/humble/include/rclcpp/rclcpp/executors/multi_threaded_executor.hpp:25[m[K,
[1.819s]                  from [01m[K/opt/ros/humble/include/rclcpp/rclcpp/executors.hpp:21[m[K,
[1.819s]                  from [01m[K/opt/ros/humble/include/rclcpp/rclcpp/rclcpp.hpp:155[m[K,
[1.820s]                  from [01m[K/home/isaac/Documents/D.A.V.E./ros2_ws/src/navsystem/src/GPSnode.cpp:23[m[K:
[1.820s] [01m[K/opt/ros/humble/include/rclcpp/rclcpp/service.hpp:404:3:[m[K [01;36m[Knote: [m[Kcandidate: ‘[01m[Ktemplate<class ServiceT> Service(std::shared_ptr<rcl_node_s>, rcl_service_t*, rclcpp::AnyServiceCallback<ServiceT>)-> rclcpp::Service<ServiceT>[m[K’
[1.820s]   404 |   [01;36m[KService[m[K(
[1.820s]       |   [01;36m[K^~~~~~~[m[K
[1.820s] [01m[K/opt/ros/humble/include/rclcpp/rclcpp/service.hpp:404:3:[m[K [01;36m[Knote: [m[K  template argument deduction/substitution failed:
[1.820s] [01m[K/home/isaac/Documents/D.A.V.E./ros2_ws/src/navsystem/src/GPSnode.cpp:737:118:[m[K [01;36m[Knote: [m[K  candidate expects 3 arguments, 1 provided
[1.820s]   737 |             rclcpp::Service setNavServer = this->create_service<navigation_interfaces::srv::SetNav>("SetNav", &setNav[01;36m[K)[m[K;
[1.820s]       |                                                                                                                      [01;36m[K^[m[K
[1.820s] In file included from [01m[K/opt/ros/humble/include/rclcpp/rclcpp/callback_group.hpp:28[m[K,
[1.820s]                  from [01m[K/opt/ros/humble/include/rclcpp/rclcpp/any_executable.hpp:20[m[K,
[1.820s]                  from [01m[K/opt/ros/humble/include/rclcpp/rclcpp/memory_strategy.hpp:25[m[K,
[1.820s]                  from [01m[K/opt/ros/humble/include/rclcpp/rclcpp/memory_strategies.hpp:18[m[K,
[1.820s]                  from [01m[K/opt/ros/humble/include/rclcpp/rclcpp/executor_options.hpp:20[m[K,
[1.820s]                  from [01m[K/opt/ros/humble/include/rclcpp/rclcpp/executor.hpp:37[m[K,
[1.820s]                  from [01m[K/opt/ros/humble/include/rclcpp/rclcpp/executors/multi_threaded_executor.hpp:25[m[K,
[1.820s]                  from [01m[K/opt/ros/humble/include/rclcpp/rclcpp/executors.hpp:21[m[K,
[1.820s]                  from [01m[K/opt/ros/humble/include/rclcpp/rclcpp/rclcpp.hpp:155[m[K,
[1.820s]                  from [01m[K/home/isaac/Documents/D.A.V.E./ros2_ws/src/navsystem/src/GPSnode.cpp:23[m[K:
[1.820s] [01m[K/opt/ros/humble/include/rclcpp/rclcpp/service.hpp:369:3:[m[K [01;36m[Knote: [m[Kcandidate: ‘[01m[Ktemplate<class ServiceT> Service(std::shared_ptr<rcl_node_s>, std::shared_ptr<rcl_service_s>, rclcpp::AnyServiceCallback<ServiceT>)-> rclcpp::Service<ServiceT>[m[K’
[1.820s]   369 |   [01;36m[KService[m[K(
[1.820s]       |   [01;36m[K^~~~~~~[m[K
[1.820s] [01m[K/opt/ros/humble/include/rclcpp/rclcpp/service.hpp:369:3:[m[K [01;36m[Knote: [m[K  template argument deduction/substitution failed:
[1.820s] [01m[K/home/isaac/Documents/D.A.V.E./ros2_ws/src/navsystem/src/GPSnode.cpp:737:118:[m[K [01;36m[Knote: [m[K  candidate expects 3 arguments, 1 provided
[1.820s]   737 |             rclcpp::Service setNavServer = this->create_service<navigation_interfaces::srv::SetNav>("SetNav", &setNav[01;36m[K)[m[K;
[1.820s]       |                                                                                                                      [01;36m[K^[m[K
[1.820s] In file included from [01m[K/opt/ros/humble/include/rclcpp/rclcpp/callback_group.hpp:28[m[K,
[1.820s]                  from [01m[K/opt/ros/humble/include/rclcpp/rclcpp/any_executable.hpp:20[m[K,
[1.820s]                  from [01m[K/opt/ros/humble/include/rclcpp/rclcpp/memory_strategy.hpp:25[m[K,
[1.821s]                  from [01m[K/opt/ros/humble/include/rclcpp/rclcpp/memory_strategies.hpp:18[m[K,
[1.821s]                  from [01m[K/opt/ros/humble/include/rclcpp/rclcpp/executor_options.hpp:20[m[K,
[1.821s]                  from [01m[K/opt/ros/humble/include/rclcpp/rclcpp/executor.hpp:37[m[K,
[1.821s]                  from [01m[K/opt/ros/humble/include/rclcpp/rclcpp/executors/multi_threaded_executor.hpp:25[m[K,
[1.821s]                  from [01m[K/opt/ros/humble/include/rclcpp/rclcpp/executors.hpp:21[m[K,
[1.821s]                  from [01m[K/opt/ros/humble/include/rclcpp/rclcpp/rclcpp.hpp:155[m[K,
[1.821s]                  from [01m[K/home/isaac/Documents/D.A.V.E./ros2_ws/src/navsystem/src/GPSnode.cpp:23[m[K:
[1.821s] [01m[K/opt/ros/humble/include/rclcpp/rclcpp/service.hpp:305:3:[m[K [01;36m[Knote: [m[Kcandidate: ‘[01m[Ktemplate<class ServiceT> Service(std::shared_ptr<rcl_node_s>, const string&, rclcpp::AnyServiceCallback<ServiceT>, rcl_service_options_t&)-> rclcpp::Service<ServiceT>[m[K’
[1.821s]   305 |   [01;36m[KService[m[K(
[1.821s]       |   [01;36m[K^~~~~~~[m[K
[1.821s] [01m[K/opt/ros/humble/include/rclcpp/rclcpp/service.hpp:305:3:[m[K [01;36m[Knote: [m[K  template argument deduction/substitution failed:
[1.821s] [01m[K/home/isaac/Documents/D.A.V.E./ros2_ws/src/navsystem/src/GPSnode.cpp:737:118:[m[K [01;36m[Knote: [m[K  candidate expects 4 arguments, 1 provided
[1.821s]   737 |             rclcpp::Service setNavServer = this->create_service<navigation_interfaces::srv::SetNav>("SetNav", &setNav[01;36m[K)[m[K;
[1.821s]       |                                                                                                                      [01;36m[K^[m[K
[1.821s] In file included from [01m[K/opt/ros/humble/include/rclcpp/rclcpp/service.hpp:36[m[K,
[1.821s]                  from [01m[K/opt/ros/humble/include/rclcpp/rclcpp/callback_group.hpp:28[m[K,
[1.821s]                  from [01m[K/opt/ros/humble/include/rclcpp/rclcpp/any_executable.hpp:20[m[K,
[1.821s]                  from [01m[K/opt/ros/humble/include/rclcpp/rclcpp/memory_strategy.hpp:25[m[K,
[1.821s]                  from [01m[K/opt/ros/humble/include/rclcpp/rclcpp/memory_strategies.hpp:18[m[K,
[1.821s]                  from [01m[K/opt/ros/humble/include/rclcpp/rclcpp/executor_options.hpp:20[m[K,
[1.821s]                  from [01m[K/opt/ros/humble/include/rclcpp/rclcpp/executor.hpp:37[m[K,
[1.821s]                  from [01m[K/opt/ros/humble/include/rclcpp/rclcpp/executors/multi_threaded_executor.hpp:25[m[K,
[1.821s]                  from [01m[K/opt/ros/humble/include/rclcpp/rclcpp/executors.hpp:21[m[K,
[1.821s]                  from [01m[K/opt/ros/humble/include/rclcpp/rclcpp/rclcpp.hpp:155[m[K,
[1.821s]                  from [01m[K/home/isaac/Documents/D.A.V.E./ros2_ws/src/navsystem/src/GPSnode.cpp:23[m[K:
[1.821s] [01m[K/opt/ros/humble/include/rclcpp/rclcpp/any_service_callback.hpp:55:7:[m[K [01;36m[Knote: [m[Kcandidate: ‘[01m[Ktemplate<class ServiceT> Service(rclcpp::Service<ServiceT>)-> rclcpp::Service<ServiceT>[m[K’
[1.821s]    55 | class [01;36m[KService[m[K;
[1.821s]       |       [01;36m[K^~~~~~~[m[K
[1.822s] [01m[K/opt/ros/humble/include/rclcpp/rclcpp/any_service_callback.hpp:55:7:[m[K [01;36m[Knote: [m[K  template argument deduction/substitution failed:
[1.822s] [01m[K/home/isaac/Documents/D.A.V.E./ros2_ws/src/navsystem/src/GPSnode.cpp:737:118:[m[K [01;36m[Knote: [m[K  ‘[01m[Kstd::shared_ptr<rclcpp::Service<navigation_interfaces::srv::SetNav> >[m[K’ is not derived from ‘[01m[Krclcpp::Service<ServiceT>[m[K’
[1.822s]   737 |             rclcpp::Service setNavServer = this->create_service<navigation_interfaces::srv::SetNav>("SetNav", &setNav[01;36m[K)[m[K;
[1.822s]       |                                                                                                                      [01;36m[K^[m[K
[1.822s] [01m[K/home/isaac/Documents/D.A.V.E./ros2_ws/src/navsystem/src/GPSnode.cpp:743:21:[m[K [01;31m[Kerror: [m[K‘[01m[KTimerBasetimer_[m[K’ is not a member of ‘[01m[Krclcpp[m[K’
[1.822s]   743 |             rclcpp::[01;31m[KTimerBasetimer_[m[K = this->create_publisher<string>(1000ms, std::bind(&GPSnode::timer_callback, this));
[1.822s]       |                     [01;31m[K^~~~~~~~~~~~~~~[m[K
[1.822s] [01m[K/home/isaac/Documents/D.A.V.E./ros2_ws/src/navsystem/src/GPSnode.cpp:743:69:[m[K [01;31m[Kerror: [m[Kno matching function for call to ‘[01m[KGPSnode::create_publisher<std::string>(std::chrono::milliseconds, std::_Bind_helper<false, void (GPSnode::*)(), GPSnode*>::type)[m[K’
[1.822s]   743 |             rclcpp::TimerBasetimer_ = [01;31m[Kthis->create_publisher<string>(1000ms, std::bind(&GPSnode::timer_callback, this))[m[K;
[1.822s]       |                                       [01;31m[K~~~~~~~~~~~~~~~~~~~~~~~~~~~~~~^~~~~~~~~~~~~~~~~~~~~~~~~~~~~~~~~~~~~~~~~~~~~~~~~~~[m[K
[1.822s] In file included from [01m[K/opt/ros/humble/include/rclcpp/rclcpp/node.hpp:1321[m[K,
[1.822s]                  from [01m[K/opt/ros/humble/include/rclcpp/rclcpp/executors/single_threaded_executor.hpp:28[m[K,
[1.822s]                  from [01m[K/opt/ros/humble/include/rclcpp/rclcpp/executors.hpp:22[m[K,
[1.822s]                  from [01m[K/opt/ros/humble/include/rclcpp/rclcpp/rclcpp.hpp:155[m[K,
[1.822s]                  from [01m[K/home/isaac/Documents/D.A.V.E./ros2_ws/src/navsystem/src/GPSnode.cpp:23[m[K:
[1.822s] [01m[K/opt/ros/humble/include/rclcpp/rclcpp/node_impl.hpp:73:1:[m[K [01;36m[Knote: [m[Kcandidate: ‘[01m[Ktemplate<class MessageT, class AllocatorT, class PublisherT> std::shared_ptr<PublisherT> rclcpp::Node::create_publisher(const string&, const rclcpp::QoS&, const rclcpp::PublisherOptionsWithAllocator<AllocatorT>&)[m[K’
[1.822s]    73 | [01;36m[KNode[m[K::create_publisher(
[1.822s]       | [01;36m[K^~~~[m[K
[1.823s] [01m[K/opt/ros/humble/include/rclcpp/rclcpp/node_impl.hpp:73:1:[m[K [01;36m[Knote: [m[K  template argument deduction/substitution failed:
[1.823s] [01m[K/home/isaac/Documents/D.A.V.E./ros2_ws/src/navsystem/src/GPSnode.cpp:743:70:[m[K [01;36m[Knote: [m[K  cannot convert ‘[01m[Kstd::literals::chrono_literals::operator""ms<'1', '0', '0', '0'>()[m[K’ (type ‘[01m[Kstd::chrono::milliseconds[m[K’ {aka ‘[01m[Kstd::chrono::duration<long int, std::ratio<1, 1000> >[m[K’}) to type ‘[01m[Kconst string&[m[K’ {aka ‘[01m[Kconst std::__cxx11::basic_string<char>&[m[K’}
[1.823s]   743 |             rclcpp::TimerBasetimer_ = this->create_publisher<string>([01;36m[K1000ms[m[K, std::bind(&GPSnode::timer_callback, this));
[1.823s]       |                                                                      [01;36m[K^~~~~~[m[K
[1.829s] [01m[K/home/isaac/Documents/D.A.V.E./ros2_ws/src/navsystem/src/GPSnode.cpp:[m[K In member function ‘[01m[Kvoid GPSnode::timer_callback()[m[K’:
[1.829s] [01m[K/home/isaac/Documents/D.A.V.E./ros2_ws/src/navsystem/src/GPSnode.cpp:761:13:[m[K [01;31m[Kerror: [m[K‘[01m[KbearingPublisher[m[K’ was not declared in this scope
[1.830s]   761 |             [01;31m[KbearingPublisher[m[K->publish(bearingMessage);
[1.830s]       |             [01;31m[K^~~~~~~~~~~~~~~~[m[K
[1.836s] [01m[K/home/isaac/Documents/D.A.V.E./ros2_ws/src/navsystem/src/GPSnode.cpp:762:13:[m[K [01;31m[Kerror: [m[K‘[01m[KpositionPublisher[m[K’ was not declared in this scope
[1.836s]   762 |             [01;31m[KpositionPublisher[m[K->publish(positionMessage);
[1.836s]       |             [01;31m[K^~~~~~~~~~~~~~~~~[m[K
[1.839s] [01m[K/home/isaac/Documents/D.A.V.E./ros2_ws/src/navsystem/src/GPSnode.cpp:[m[K In function ‘[01m[Kint main(int, char**)[m[K’:
[1.839s] [01m[K/home/isaac/Documents/D.A.V.E./ros2_ws/src/navsystem/src/GPSnode.cpp:784:17:[m[K [01;31m[Kerror: [m[Kno matching function for call to ‘[01m[Kspin(std::shared_ptr<GPSnode>)[m[K’
[1.839s]   784 |     [01;31m[Krclcpp::spin(std::make_shared<GPSnode>())[m[K;
[1.839s]       |     [01;31m[K~~~~~~~~~~~~^~~~~~~~~~~~~~~~~~~~~~~~~~~~~[m[K
[1.839s] In file included from [01m[K/opt/ros/humble/include/rclcpp/rclcpp/rclcpp.hpp:155[m[K,
[1.839s]                  from [01m[K/home/isaac/Documents/D.A.V.E./ros2_ws/src/navsystem/src/GPSnode.cpp:23[m[K:
[1.839s] [01m[K/opt/ros/humble/include/rclcpp/rclcpp/executors.hpp:45:1:[m[K [01;36m[Knote: [m[Kcandidate: ‘[01m[Kvoid rclcpp::spin(rclcpp::node_interfaces::NodeBaseInterface::SharedPtr)[m[K’
[1.840s]    45 | [01;36m[Kspin[m[K(rclcpp::node_interfaces::NodeBaseInterface::SharedPtr node_ptr);
[1.840s]       | [01;36m[K^~~~[m[K
[1.840s] [01m[K/opt/ros/humble/include/rclcpp/rclcpp/executors.hpp:45:60:[m[K [01;36m[Knote: [m[K  no known conversion for argument 1 from ‘[01m[Kshared_ptr<[01;32m[KGPSnode[m[K>[m[K’ to ‘[01m[Kshared_ptr<[01;32m[Krclcpp::node_interfaces::NodeBaseInterface[m[K>[m[K’
[1.840s]    45 | spin([01;36m[Krclcpp::node_interfaces::NodeBaseInterface::SharedPtr node_ptr[m[K);
[1.840s]       |      [01;36m[K~~~~~~~~~~~~~~~~~~~~~~~~~~~~~~~~~~~~~~~~~~~~~~~~~~~~~~^~~~~~~~[m[K
[1.840s] [01m[K/opt/ros/humble/include/rclcpp/rclcpp/executors.hpp:49:1:[m[K [01;36m[Knote: [m[Kcandidate: ‘[01m[Kvoid rclcpp::spin(rclcpp::Node::SharedPtr)[m[K’
[1.840s]    49 | [01;36m[Kspin[m[K(rclcpp::Node::SharedPtr node_ptr);
[1.840s]       | [01;36m[K^~~~[m[K
[1.840s] [01m[K/opt/ros/humble/include/rclcpp/rclcpp/executors.hpp:49:30:[m[K [01;36m[Knote: [m[K  no known conversion for argument 1 from ‘[01m[Kshared_ptr<[01;32m[KGPSnode[m[K>[m[K’ to ‘[01m[Kshared_ptr<[01;32m[Krclcpp::Node[m[K>[m[K’
[1.840s]    49 | spin([01;36m[Krclcpp::Node::SharedPtr node_ptr[m[K);
[1.840s]       |      [01;36m[K~~~~~~~~~~~~~~~~~~~~~~~~^~~~~~~~[m[K
[2.518s] gmake[2]: *** [CMakeFiles/GPSnode.dir/build.make:76: CMakeFiles/GPSnode.dir/src/GPSnode.cpp.o] Error 1
[2.518s] gmake[1]: *** [CMakeFiles/Makefile2:137: CMakeFiles/GPSnode.dir/all] Error 2
[2.519s] gmake: *** [Makefile:146: all] Error 2
[2.521s] Invoked command in '/home/isaac/Documents/D.A.V.E./ros2_ws/build/navsystem' returned '2': AMENT_PREFIX_PATH=/home/isaac/Documents/D.A.V.E./ros2_ws/install/navigation_interfaces:${AMENT_PREFIX_PATH} CMAKE_PREFIX_PATH=/home/isaac/Documents/D.A.V.E./ros2_ws/install/navigation_interfaces:/home/isaac/Documents/D.A.V.E./ros2_ws/install/navsystem:/home/isaac/Documents/D.A.V.E./ros2_ws/install/custom_interfaces:/home/isaac/Documents/D.A.V.E./ros2_ws/install/NAVsystem:/opt/ros/humble LD_LIBRARY_PATH=/home/isaac/Documents/D.A.V.E./ros2_ws/install/navigation_interfaces/lib:${LD_LIBRARY_PATH} PYTHONPATH=/home/isaac/Documents/D.A.V.E./ros2_ws/install/navigation_interfaces/local/lib/python3.10/dist-packages:${PYTHONPATH} /usr/bin/cmake --build /home/isaac/Documents/D.A.V.E./ros2_ws/build/navsystem -- -j16 -l16
