[0.008s] Invoking command in '/home/isaac/Documents/D.A.V.E./ros2_ws/build/custom_interfaces': CMAKE_PREFIX_PATH=${CMAKE_PREFIX_PATH}:/opt/ros/humble /usr/bin/cmake --build /home/isaac/Documents/D.A.V.E./ros2_ws/build/custom_interfaces -- -j16 -l16
[0.030s] -- Found ament_cmake: 1.3.13 (/opt/ros/humble/share/ament_cmake/cmake)
[0.124s] -- Found rosidl_default_generators: 1.2.0 (/opt/ros/humble/share/rosidl_default_generators/cmake)
[0.125s] -- Using all available rosidl_typesupport_c: rosidl_typesupport_fastrtps_c;rosidl_typesupport_introspection_c
[0.127s] -- Found rosidl_adapter: 3.1.8 (/opt/ros/humble/share/rosidl_adapter/cmake)
[0.148s] -- Using all available rosidl_typesupport_cpp: rosidl_typesupport_fastrtps_cpp;rosidl_typesupport_introspection_cpp
[0.286s] [31mCMake Error at /opt/ros/humble/share/rosidl_adapter/cmake/rosidl_adapt_interfaces.cmake:59 (message):
[0.286s]   execute_process(/usr/bin/python3 -m rosidl_adapter --package-name
[0.287s]   custom_interfaces --arguments-file
[0.287s]   /home/isaac/Documents/D.A.V.E./ros2_ws/build/custom_interfaces/rosidl_adapter__arguments__custom_interfaces.json
[0.287s]   --output-dir
[0.287s]   /home/isaac/Documents/D.A.V.E./ros2_ws/build/custom_interfaces/rosidl_adapter/custom_interfaces
[0.287s]   --output-file
[0.287s]   /home/isaac/Documents/D.A.V.E./ros2_ws/build/custom_interfaces/rosidl_adapter/custom_interfaces.idls)
[0.287s]   returned error code 1:
[0.287s] 
[0.287s]   Traceback (most recent call last):
[0.287s] 
[0.287s]     File "/usr/lib/python3.10/runpy.py", line 196, in _run_module_as_main
[0.287s]       return _run_code(code, main_globals, None,
[0.287s]     File "/usr/lib/python3.10/runpy.py", line 86, in _run_code
[0.287s]       exec(code, run_globals)
[0.287s]     File "/opt/ros/humble/local/lib/python3.10/dist-packages/rosidl_adapter/__main__.py", line 19, in <module>
[0.287s]       sys.exit(main())
[0.287s]     File "/opt/ros/humble/local/lib/python3.10/dist-packages/rosidl_adapter/main.py", line 53, in main
[0.287s]       abs_idl_file = convert_to_idl(
[0.288s]     File "/opt/ros/humble/local/lib/python3.10/dist-packages/rosidl_adapter/__init__.py", line 19, in convert_to_idl
[0.288s]       return convert_msg_to_idl(
[0.288s]     File "/opt/ros/humble/local/lib/python3.10/dist-packages/rosidl_adapter/msg/__init__.py", line 28, in convert_msg_to_idl
[0.288s]       msg = parse_message_string(package_name, input_file.stem, content)
[0.288s]     File "/opt/ros/humble/local/lib/python3.10/dist-packages/rosidl_adapter/parser.py", line 544, in parse_message_string
[0.288s]       msg = MessageSpecification(pkg_name, msg_name, fields, constants)
[0.288s]     File "/opt/ros/humble/local/lib/python3.10/dist-packages/rosidl_adapter/parser.py", line 388, in __init__
[0.288s]       self.base_type = BaseType(
[0.288s]     File "/opt/ros/humble/local/lib/python3.10/dist-packages/rosidl_adapter/parser.py", line 205, in __init__
[0.288s]       raise InvalidResourceName(
[0.288s] 
[0.288s]   rosidl_adapter.parser.InvalidResourceName: 'message' is an invalid message
[0.288s]   name.  It should have the pattern '^[A-Z][A-Za-z0-9]*$'
[0.288s] 
[0.288s] Call Stack (most recent call first):
[0.288s]   /opt/ros/humble/share/rosidl_cmake/cmake/rosidl_generate_interfaces.cmake:130 (rosidl_adapt_interfaces)
[0.288s]   CMakeLists.txt:13 (rosidl_generate_interfaces)
[0.288s] 
[0.288s] [0m
[0.288s] -- Configuring incomplete, errors occurred!
[0.288s] See also "/home/isaac/Documents/D.A.V.E./ros2_ws/build/custom_interfaces/CMakeFiles/CMakeOutput.log".
[0.291s] gmake: *** [Makefile:226: cmake_check_build_system] Error 1
[0.293s] Invoked command in '/home/isaac/Documents/D.A.V.E./ros2_ws/build/custom_interfaces' returned '2': CMAKE_PREFIX_PATH=${CMAKE_PREFIX_PATH}:/opt/ros/humble /usr/bin/cmake --build /home/isaac/Documents/D.A.V.E./ros2_ws/build/custom_interfaces -- -j16 -l16
