-- Found ament_cmake: 1.3.13 (/opt/ros/humble/share/ament_cmake/cmake)
-- Found rosidl_default_generators: 1.2.0 (/opt/ros/humble/share/rosidl_default_generators/cmake)
-- Using all available rosidl_typesupport_c: rosidl_typesupport_fastrtps_c;rosidl_typesupport_introspection_c
-- Found rosidl_adapter: 3.1.8 (/opt/ros/humble/share/rosidl_adapter/cmake)
-- Using all available rosidl_typesupport_cpp: rosidl_typesupport_fastrtps_cpp;rosidl_typesupport_introspection_cpp
-- Found ament_cmake_ros: 0.10.0 (/opt/ros/humble/share/ament_cmake_ros/cmake)
-- Using all available rosidl_typesupport_c: rosidl_typesupport_fastrtps_c;rosidl_typesupport_introspection_c
-- Using all available rosidl_typesupport_cpp: rosidl_typesupport_fastrtps_cpp;rosidl_typesupport_introspection_cpp
-- Found python_cmake_module: 0.10.0 (/opt/ros/humble/share/python_cmake_module/cmake)
-- Using PYTHON_EXECUTABLE: /usr/bin/python3
-- Using PYTHON_INCLUDE_DIRS: /usr/include/python3.10
-- Using PYTHON_LIBRARIES: /usr/lib/x86_64-linux-gnu/libpython3.10.so
-- Configuring done
-- Generating done
-- Build files have been written to: /home/isaac/Documents/D.A.V.E./ros2_ws/build/navigation_interfaces
[  1%] [34m[1mGenerating C code for ROS interfaces[0m
[  3%] [34m[1mGenerating C++ code for ROS interfaces[0m
[  3%] Built target ament_cmake_python_copy_navigation_interfaces
running egg_info
writing navigation_interfaces.egg-info/PKG-INFO
writing dependency_links to navigation_interfaces.egg-info/dependency_links.txt
writing top-level names to navigation_interfaces.egg-info/top_level.txt
reading manifest file 'navigation_interfaces.egg-info/SOURCES.txt'
writing manifest file 'navigation_interfaces.egg-info/SOURCES.txt'
[  3%] Built target ament_cmake_python_build_navigation_interfaces_egg
[35m[1mConsolidate compiler generated dependencies of target navigation_interfaces__rosidl_generator_c[0m
[  3%] Built target navigation_interfaces__cpp
[  7%] [32mBuilding C object CMakeFiles/navigation_interfaces__rosidl_generator_c.dir/rosidl_generator_c/navigation_interfaces/srv/detail/set_nav__functions.c.o[0m
[  7%] [32mBuilding C object CMakeFiles/navigation_interfaces__rosidl_generator_c.dir/rosidl_generator_c/navigation_interfaces/msg/detail/bearing__functions.c.o[0m
[  9%] [32mBuilding C object CMakeFiles/navigation_interfaces__rosidl_generator_c.dir/rosidl_generator_c/navigation_interfaces/msg/detail/position__functions.c.o[0m
[ 10%] [32mBuilding C object CMakeFiles/navigation_interfaces__rosidl_generator_c.dir/rosidl_generator_c/navigation_interfaces/srv/detail/get_nav__functions.c.o[0m
[ 16%] [34m[1mGenerating C++ type support dispatch for ROS interfaces[0m
[ 16%] [34m[1mGenerating C++ introspection for ROS interfaces[0m
[ 16%] [34m[1mGenerating C++ type support for eProsima Fast-RTPS[0m
[ 18%] [32m[1mLinking C shared library libnavigation_interfaces__rosidl_generator_c.so[0m
[ 18%] Built target navigation_interfaces__rosidl_generator_c
[ 23%] [34m[1mGenerating C introspection for ROS interfaces[0m
[ 23%] [34m[1mGenerating C type support dispatch for ROS interfaces[0m
[ 23%] [34m[1mGenerating C type support for eProsima Fast-RTPS[0m
[35m[1mConsolidate compiler generated dependencies of target navigation_interfaces__rosidl_typesupport_cpp[0m
[ 29%] [32mBuilding CXX object CMakeFiles/navigation_interfaces__rosidl_typesupport_cpp.dir/rosidl_typesupport_cpp/navigation_interfaces/srv/set_nav__type_support.cpp.o[0m
[ 29%] [32mBuilding CXX object CMakeFiles/navigation_interfaces__rosidl_typesupport_cpp.dir/rosidl_typesupport_cpp/navigation_interfaces/msg/bearing__type_support.cpp.o[0m
[ 29%] [32mBuilding CXX object CMakeFiles/navigation_interfaces__rosidl_typesupport_cpp.dir/rosidl_typesupport_cpp/navigation_interfaces/srv/get_nav__type_support.cpp.o[0m
[ 30%] [32mBuilding CXX object CMakeFiles/navigation_interfaces__rosidl_typesupport_cpp.dir/rosidl_typesupport_cpp/navigation_interfaces/msg/position__type_support.cpp.o[0m
[35m[1mConsolidate compiler generated dependencies of target navigation_interfaces__rosidl_typesupport_introspection_cpp[0m
[ 38%] [32mBuilding CXX object CMakeFiles/navigation_interfaces__rosidl_typesupport_introspection_cpp.dir/rosidl_typesupport_introspection_cpp/navigation_interfaces/msg/detail/position__type_support.cpp.o[0m
[ 38%] [32mBuilding CXX object CMakeFiles/navigation_interfaces__rosidl_typesupport_introspection_cpp.dir/rosidl_typesupport_introspection_cpp/navigation_interfaces/srv/detail/get_nav__type_support.cpp.o[0m
[ 38%] [32mBuilding CXX object CMakeFiles/navigation_interfaces__rosidl_typesupport_introspection_cpp.dir/rosidl_typesupport_introspection_cpp/navigation_interfaces/msg/detail/bearing__type_support.cpp.o[0m
[ 38%] [32mBuilding CXX object CMakeFiles/navigation_interfaces__rosidl_typesupport_introspection_cpp.dir/rosidl_typesupport_introspection_cpp/navigation_interfaces/srv/detail/set_nav__type_support.cpp.o[0m
[35m[1mConsolidate compiler generated dependencies of target navigation_interfaces__rosidl_typesupport_fastrtps_cpp[0m
[35m[1mConsolidate compiler generated dependencies of target navigation_interfaces__rosidl_typesupport_c[0m
[ 43%] [32mBuilding CXX object CMakeFiles/navigation_interfaces__rosidl_typesupport_fastrtps_cpp.dir/rosidl_typesupport_fastrtps_cpp/navigation_interfaces/msg/detail/dds_fastrtps/bearing__type_support.cpp.o[0m
[ 43%] [32mBuilding CXX object CMakeFiles/navigation_interfaces__rosidl_typesupport_fastrtps_cpp.dir/rosidl_typesupport_fastrtps_cpp/navigation_interfaces/msg/detail/dds_fastrtps/position__type_support.cpp.o[0m
[ 45%] [32mBuilding CXX object CMakeFiles/navigation_interfaces__rosidl_typesupport_fastrtps_cpp.dir/rosidl_typesupport_fastrtps_cpp/navigation_interfaces/srv/detail/dds_fastrtps/get_nav__type_support.cpp.o[0m
[ 45%] [32mBuilding CXX object CMakeFiles/navigation_interfaces__rosidl_typesupport_fastrtps_cpp.dir/rosidl_typesupport_fastrtps_cpp/navigation_interfaces/srv/detail/dds_fastrtps/set_nav__type_support.cpp.o[0m
[ 49%] [32mBuilding CXX object CMakeFiles/navigation_interfaces__rosidl_typesupport_c.dir/rosidl_typesupport_c/navigation_interfaces/msg/position__type_support.cpp.o[0m
[ 49%] [32mBuilding CXX object CMakeFiles/navigation_interfaces__rosidl_typesupport_c.dir/rosidl_typesupport_c/navigation_interfaces/msg/bearing__type_support.cpp.o[0m
[ 50%] [32mBuilding CXX object CMakeFiles/navigation_interfaces__rosidl_typesupport_c.dir/rosidl_typesupport_c/navigation_interfaces/srv/get_nav__type_support.cpp.o[0m
[ 52%] [32mBuilding CXX object CMakeFiles/navigation_interfaces__rosidl_typesupport_c.dir/rosidl_typesupport_c/navigation_interfaces/srv/set_nav__type_support.cpp.o[0m
[ 54%] [32m[1mLinking CXX shared library libnavigation_interfaces__rosidl_typesupport_c.so[0m
[35m[1mConsolidate compiler generated dependencies of target navigation_interfaces__rosidl_typesupport_introspection_c[0m
[ 54%] Built target navigation_interfaces__rosidl_typesupport_c
[ 56%] [32mBuilding C object CMakeFiles/navigation_interfaces__rosidl_typesupport_introspection_c.dir/rosidl_typesupport_introspection_c/navigation_interfaces/msg/detail/bearing__type_support.c.o[0m
[ 58%] [32mBuilding C object CMakeFiles/navigation_interfaces__rosidl_typesupport_introspection_c.dir/rosidl_typesupport_introspection_c/navigation_interfaces/msg/detail/position__type_support.c.o[0m
[ 60%] [32mBuilding C object CMakeFiles/navigation_interfaces__rosidl_typesupport_introspection_c.dir/rosidl_typesupport_introspection_c/navigation_interfaces/srv/detail/get_nav__type_support.c.o[0m
[35m[1mConsolidate compiler generated dependencies of target navigation_interfaces__rosidl_typesupport_fastrtps_c[0m
[ 61%] [32mBuilding C object CMakeFiles/navigation_interfaces__rosidl_typesupport_introspection_c.dir/rosidl_typesupport_introspection_c/navigation_interfaces/srv/detail/set_nav__type_support.c.o[0m
[ 63%] [32mBuilding CXX object CMakeFiles/navigation_interfaces__rosidl_typesupport_fastrtps_c.dir/rosidl_typesupport_fastrtps_c/navigation_interfaces/msg/detail/position__type_support_c.cpp.o[0m
[ 65%] [32mBuilding CXX object CMakeFiles/navigation_interfaces__rosidl_typesupport_fastrtps_c.dir/rosidl_typesupport_fastrtps_c/navigation_interfaces/msg/detail/bearing__type_support_c.cpp.o[0m
[ 69%] [32mBuilding CXX object CMakeFiles/navigation_interfaces__rosidl_typesupport_fastrtps_c.dir/rosidl_typesupport_fastrtps_c/navigation_interfaces/srv/detail/get_nav__type_support_c.cpp.o[0m
[ 69%] [32mBuilding CXX object CMakeFiles/navigation_interfaces__rosidl_typesupport_fastrtps_c.dir/rosidl_typesupport_fastrtps_c/navigation_interfaces/srv/detail/set_nav__type_support_c.cpp.o[0m
[ 70%] [32m[1mLinking CXX shared library libnavigation_interfaces__rosidl_typesupport_cpp.so[0m
[ 72%] [32m[1mLinking C shared library libnavigation_interfaces__rosidl_typesupport_introspection_c.so[0m
[ 72%] Built target navigation_interfaces__rosidl_typesupport_introspection_c
[ 72%] Built target navigation_interfaces__rosidl_typesupport_cpp
[ 74%] [32m[1mLinking CXX shared library libnavigation_interfaces__rosidl_typesupport_introspection_cpp.so[0m
[ 74%] Built target navigation_interfaces__rosidl_typesupport_introspection_cpp
[ 76%] [32m[1mLinking CXX shared library libnavigation_interfaces__rosidl_typesupport_fastrtps_cpp.so[0m
[ 78%] [32m[1mLinking CXX shared library libnavigation_interfaces__rosidl_typesupport_fastrtps_c.so[0m
[ 78%] Built target navigation_interfaces__rosidl_typesupport_fastrtps_cpp
[ 78%] Built target navigation_interfaces__rosidl_typesupport_fastrtps_c
[ 78%] Built target navigation_interfaces
[ 80%] [34m[1mGenerating Python code for ROS interfaces[0m
[ 80%] Built target navigation_interfaces__py
[35m[1mConsolidate compiler generated dependencies of target navigation_interfaces__rosidl_generator_py[0m
[ 81%] [32mBuilding C object CMakeFiles/navigation_interfaces__rosidl_generator_py.dir/rosidl_generator_py/navigation_interfaces/msg/_bearing_s.c.o[0m
[ 83%] [32mBuilding C object CMakeFiles/navigation_interfaces__rosidl_generator_py.dir/rosidl_generator_py/navigation_interfaces/msg/_position_s.c.o[0m
[ 85%] [32mBuilding C object CMakeFiles/navigation_interfaces__rosidl_generator_py.dir/rosidl_generator_py/navigation_interfaces/srv/_get_nav_s.c.o[0m
[ 87%] [32mBuilding C object CMakeFiles/navigation_interfaces__rosidl_generator_py.dir/rosidl_generator_py/navigation_interfaces/srv/_set_nav_s.c.o[0m
[ 89%] [32m[1mLinking C shared library rosidl_generator_py/navigation_interfaces/libnavigation_interfaces__rosidl_generator_py.so[0m
[ 89%] Built target navigation_interfaces__rosidl_generator_py
[35m[1mConsolidate compiler generated dependencies of target navigation_interfaces__rosidl_typesupport_introspection_c__pyext[0m
[35m[1mConsolidate compiler generated dependencies of target navigation_interfaces__rosidl_typesupport_fastrtps_c__pyext[0m
[35m[1mConsolidate compiler generated dependencies of target navigation_interfaces__rosidl_typesupport_c__pyext[0m
[ 94%] [32mBuilding C object CMakeFiles/navigation_interfaces__rosidl_typesupport_introspection_c__pyext.dir/rosidl_generator_py/navigation_interfaces/_navigation_interfaces_s.ep.rosidl_typesupport_introspection_c.c.o[0m
[ 94%] [32mBuilding C object CMakeFiles/navigation_interfaces__rosidl_typesupport_c__pyext.dir/rosidl_generator_py/navigation_interfaces/_navigation_interfaces_s.ep.rosidl_typesupport_c.c.o[0m
[ 94%] [32mBuilding C object CMakeFiles/navigation_interfaces__rosidl_typesupport_fastrtps_c__pyext.dir/rosidl_generator_py/navigation_interfaces/_navigation_interfaces_s.ep.rosidl_typesupport_fastrtps_c.c.o[0m
[ 96%] [32m[1mLinking C shared library rosidl_generator_py/navigation_interfaces/navigation_interfaces_s__rosidl_typesupport_c.cpython-310-x86_64-linux-gnu.so[0m
[ 98%] [32m[1mLinking C shared library rosidl_generator_py/navigation_interfaces/navigation_interfaces_s__rosidl_typesupport_introspection_c.cpython-310-x86_64-linux-gnu.so[0m
[100%] [32m[1mLinking C shared library rosidl_generator_py/navigation_interfaces/navigation_interfaces_s__rosidl_typesupport_fastrtps_c.cpython-310-x86_64-linux-gnu.so[0m
[100%] Built target navigation_interfaces__rosidl_typesupport_c__pyext
[100%] Built target navigation_interfaces__rosidl_typesupport_introspection_c__pyext
[100%] Built target navigation_interfaces__rosidl_typesupport_fastrtps_c__pyext
-- Install configuration: ""
-- Installing: /home/isaac/Documents/D.A.V.E./ros2_ws/install/navigation_interfaces/share/ament_index/resource_index/rosidl_interfaces/navigation_interfaces
-- Up-to-date: /home/isaac/Documents/D.A.V.E./ros2_ws/install/navigation_interfaces/include/navigation_interfaces/navigation_interfaces
-- Up-to-date: /home/isaac/Documents/D.A.V.E./ros2_ws/install/navigation_interfaces/include/navigation_interfaces/navigation_interfaces/msg
-- Up-to-date: /home/isaac/Documents/D.A.V.E./ros2_ws/install/navigation_interfaces/include/navigation_interfaces/navigation_interfaces/msg/detail
-- Installing: /home/isaac/Documents/D.A.V.E./ros2_ws/install/navigation_interfaces/include/navigation_interfaces/navigation_interfaces/msg/detail/bearing__functions.h
-- Installing: /home/isaac/Documents/D.A.V.E./ros2_ws/install/navigation_interfaces/include/navigation_interfaces/navigation_interfaces/msg/detail/position__functions.h
-- Installing: /home/isaac/Documents/D.A.V.E./ros2_ws/install/navigation_interfaces/include/navigation_interfaces/navigation_interfaces/msg/detail/position__type_support.h
-- Installing: /home/isaac/Documents/D.A.V.E./ros2_ws/install/navigation_interfaces/include/navigation_interfaces/navigation_interfaces/msg/detail/position__functions.c
-- Installing: /home/isaac/Documents/D.A.V.E./ros2_ws/install/navigation_interfaces/include/navigation_interfaces/navigation_interfaces/msg/detail/bearing__type_support.h
-- Installing: /home/isaac/Documents/D.A.V.E./ros2_ws/install/navigation_interfaces/include/navigation_interfaces/navigation_interfaces/msg/detail/bearing__struct.h
-- Installing: /home/isaac/Documents/D.A.V.E./ros2_ws/install/navigation_interfaces/include/navigation_interfaces/navigation_interfaces/msg/detail/position__struct.h
-- Installing: /home/isaac/Documents/D.A.V.E./ros2_ws/install/navigation_interfaces/include/navigation_interfaces/navigation_interfaces/msg/detail/bearing__functions.c
-- Installing: /home/isaac/Documents/D.A.V.E./ros2_ws/install/navigation_interfaces/include/navigation_interfaces/navigation_interfaces/msg/bearing.h
-- Installing: /home/isaac/Documents/D.A.V.E./ros2_ws/install/navigation_interfaces/include/navigation_interfaces/navigation_interfaces/msg/position.h
-- Up-to-date: /home/isaac/Documents/D.A.V.E./ros2_ws/install/navigation_interfaces/include/navigation_interfaces/navigation_interfaces/msg/rosidl_generator_c__visibility_control.h
-- Up-to-date: /home/isaac/Documents/D.A.V.E./ros2_ws/install/navigation_interfaces/include/navigation_interfaces/navigation_interfaces/srv
-- Up-to-date: /home/isaac/Documents/D.A.V.E./ros2_ws/install/navigation_interfaces/include/navigation_interfaces/navigation_interfaces/srv/detail
-- Up-to-date: /home/isaac/Documents/D.A.V.E./ros2_ws/install/navigation_interfaces/include/navigation_interfaces/navigation_interfaces/srv/detail/get_set_nav__functions.c
-- Installing: /home/isaac/Documents/D.A.V.E./ros2_ws/install/navigation_interfaces/include/navigation_interfaces/navigation_interfaces/srv/detail/set_nav__functions.c
-- Installing: /home/isaac/Documents/D.A.V.E./ros2_ws/install/navigation_interfaces/include/navigation_interfaces/navigation_interfaces/srv/detail/get_nav__functions.h
-- Up-to-date: /home/isaac/Documents/D.A.V.E./ros2_ws/install/navigation_interfaces/include/navigation_interfaces/navigation_interfaces/srv/detail/get_set_nav__functions.h
-- Installing: /home/isaac/Documents/D.A.V.E./ros2_ws/install/navigation_interfaces/include/navigation_interfaces/navigation_interfaces/srv/detail/set_nav__struct.h
-- Installing: /home/isaac/Documents/D.A.V.E./ros2_ws/install/navigation_interfaces/include/navigation_interfaces/navigation_interfaces/srv/detail/set_nav__functions.h
-- Up-to-date: /home/isaac/Documents/D.A.V.E./ros2_ws/install/navigation_interfaces/include/navigation_interfaces/navigation_interfaces/srv/detail/get_set_nav__struct.h
-- Installing: /home/isaac/Documents/D.A.V.E./ros2_ws/install/navigation_interfaces/include/navigation_interfaces/navigation_interfaces/srv/detail/get_nav__struct.h
-- Installing: /home/isaac/Documents/D.A.V.E./ros2_ws/install/navigation_interfaces/include/navigation_interfaces/navigation_interfaces/srv/detail/get_nav__type_support.h
-- Up-to-date: /home/isaac/Documents/D.A.V.E./ros2_ws/install/navigation_interfaces/include/navigation_interfaces/navigation_interfaces/srv/detail/get_set_nav__type_support.h
-- Installing: /home/isaac/Documents/D.A.V.E./ros2_ws/install/navigation_interfaces/include/navigation_interfaces/navigation_interfaces/srv/detail/set_nav__type_support.h
-- Installing: /home/isaac/Documents/D.A.V.E./ros2_ws/install/navigation_interfaces/include/navigation_interfaces/navigation_interfaces/srv/detail/get_nav__functions.c
-- Up-to-date: /home/isaac/Documents/D.A.V.E./ros2_ws/install/navigation_interfaces/include/navigation_interfaces/navigation_interfaces/srv/get_set_nav.h
-- Installing: /home/isaac/Documents/D.A.V.E./ros2_ws/install/navigation_interfaces/include/navigation_interfaces/navigation_interfaces/srv/set_nav.h
-- Installing: /home/isaac/Documents/D.A.V.E./ros2_ws/install/navigation_interfaces/include/navigation_interfaces/navigation_interfaces/srv/get_nav.h
-- Up-to-date: /home/isaac/Documents/D.A.V.E./ros2_ws/install/navigation_interfaces/share/navigation_interfaces/environment/library_path.sh
-- Installing: /home/isaac/Documents/D.A.V.E./ros2_ws/install/navigation_interfaces/share/navigation_interfaces/environment/library_path.dsv
-- Installing: /home/isaac/Documents/D.A.V.E./ros2_ws/install/navigation_interfaces/lib/libnavigation_interfaces__rosidl_generator_c.so
-- Set runtime path of "/home/isaac/Documents/D.A.V.E./ros2_ws/install/navigation_interfaces/lib/libnavigation_interfaces__rosidl_generator_c.so" to ""
-- Up-to-date: /home/isaac/Documents/D.A.V.E./ros2_ws/install/navigation_interfaces/include/navigation_interfaces/navigation_interfaces
-- Up-to-date: /home/isaac/Documents/D.A.V.E./ros2_ws/install/navigation_interfaces/include/navigation_interfaces/navigation_interfaces/msg
-- Up-to-date: /home/isaac/Documents/D.A.V.E./ros2_ws/install/navigation_interfaces/include/navigation_interfaces/navigation_interfaces/msg/detail
-- Installing: /home/isaac/Documents/D.A.V.E./ros2_ws/install/navigation_interfaces/include/navigation_interfaces/navigation_interfaces/msg/detail/bearing__rosidl_typesupport_fastrtps_c.h
-- Installing: /home/isaac/Documents/D.A.V.E./ros2_ws/install/navigation_interfaces/include/navigation_interfaces/navigation_interfaces/msg/detail/position__rosidl_typesupport_fastrtps_c.h
-- Up-to-date: /home/isaac/Documents/D.A.V.E./ros2_ws/install/navigation_interfaces/include/navigation_interfaces/navigation_interfaces/msg/rosidl_typesupport_fastrtps_c__visibility_control.h
-- Up-to-date: /home/isaac/Documents/D.A.V.E./ros2_ws/install/navigation_interfaces/include/navigation_interfaces/navigation_interfaces/srv
-- Up-to-date: /home/isaac/Documents/D.A.V.E./ros2_ws/install/navigation_interfaces/include/navigation_interfaces/navigation_interfaces/srv/detail
-- Installing: /home/isaac/Documents/D.A.V.E./ros2_ws/install/navigation_interfaces/include/navigation_interfaces/navigation_interfaces/srv/detail/get_nav__rosidl_typesupport_fastrtps_c.h
-- Up-to-date: /home/isaac/Documents/D.A.V.E./ros2_ws/install/navigation_interfaces/include/navigation_interfaces/navigation_interfaces/srv/detail/get_set_nav__rosidl_typesupport_fastrtps_c.h
-- Installing: /home/isaac/Documents/D.A.V.E./ros2_ws/install/navigation_interfaces/include/navigation_interfaces/navigation_interfaces/srv/detail/set_nav__rosidl_typesupport_fastrtps_c.h
-- Installing: /home/isaac/Documents/D.A.V.E./ros2_ws/install/navigation_interfaces/lib/libnavigation_interfaces__rosidl_typesupport_fastrtps_c.so
-- Set runtime path of "/home/isaac/Documents/D.A.V.E./ros2_ws/install/navigation_interfaces/lib/libnavigation_interfaces__rosidl_typesupport_fastrtps_c.so" to ""
-- Up-to-date: /home/isaac/Documents/D.A.V.E./ros2_ws/install/navigation_interfaces/include/navigation_interfaces/navigation_interfaces
-- Up-to-date: /home/isaac/Documents/D.A.V.E./ros2_ws/install/navigation_interfaces/include/navigation_interfaces/navigation_interfaces/msg
-- Up-to-date: /home/isaac/Documents/D.A.V.E./ros2_ws/install/navigation_interfaces/include/navigation_interfaces/navigation_interfaces/msg/detail
-- Installing: /home/isaac/Documents/D.A.V.E./ros2_ws/install/navigation_interfaces/include/navigation_interfaces/navigation_interfaces/msg/detail/bearing__rosidl_typesupport_introspection_c.h
-- Installing: /home/isaac/Documents/D.A.V.E./ros2_ws/install/navigation_interfaces/include/navigation_interfaces/navigation_interfaces/msg/detail/position__type_support.c
-- Installing: /home/isaac/Documents/D.A.V.E./ros2_ws/install/navigation_interfaces/include/navigation_interfaces/navigation_interfaces/msg/detail/bearing__type_support.c
-- Installing: /home/isaac/Documents/D.A.V.E./ros2_ws/install/navigation_interfaces/include/navigation_interfaces/navigation_interfaces/msg/detail/position__rosidl_typesupport_introspection_c.h
-- Up-to-date: /home/isaac/Documents/D.A.V.E./ros2_ws/install/navigation_interfaces/include/navigation_interfaces/navigation_interfaces/msg/rosidl_typesupport_introspection_c__visibility_control.h
-- Up-to-date: /home/isaac/Documents/D.A.V.E./ros2_ws/install/navigation_interfaces/include/navigation_interfaces/navigation_interfaces/srv
-- Up-to-date: /home/isaac/Documents/D.A.V.E./ros2_ws/install/navigation_interfaces/include/navigation_interfaces/navigation_interfaces/srv/detail
-- Installing: /home/isaac/Documents/D.A.V.E./ros2_ws/install/navigation_interfaces/include/navigation_interfaces/navigation_interfaces/srv/detail/set_nav__rosidl_typesupport_introspection_c.h
-- Up-to-date: /home/isaac/Documents/D.A.V.E./ros2_ws/install/navigation_interfaces/include/navigation_interfaces/navigation_interfaces/srv/detail/get_set_nav__rosidl_typesupport_introspection_c.h
-- Installing: /home/isaac/Documents/D.A.V.E./ros2_ws/install/navigation_interfaces/include/navigation_interfaces/navigation_interfaces/srv/detail/get_nav__rosidl_typesupport_introspection_c.h
-- Up-to-date: /home/isaac/Documents/D.A.V.E./ros2_ws/install/navigation_interfaces/include/navigation_interfaces/navigation_interfaces/srv/detail/get_set_nav__type_support.c
-- Installing: /home/isaac/Documents/D.A.V.E./ros2_ws/install/navigation_interfaces/include/navigation_interfaces/navigation_interfaces/srv/detail/set_nav__type_support.c
-- Installing: /home/isaac/Documents/D.A.V.E./ros2_ws/install/navigation_interfaces/include/navigation_interfaces/navigation_interfaces/srv/detail/get_nav__type_support.c
-- Installing: /home/isaac/Documents/D.A.V.E./ros2_ws/install/navigation_interfaces/lib/libnavigation_interfaces__rosidl_typesupport_introspection_c.so
-- Set runtime path of "/home/isaac/Documents/D.A.V.E./ros2_ws/install/navigation_interfaces/lib/libnavigation_interfaces__rosidl_typesupport_introspection_c.so" to ""
-- Installing: /home/isaac/Documents/D.A.V.E./ros2_ws/install/navigation_interfaces/lib/libnavigation_interfaces__rosidl_typesupport_c.so
-- Set runtime path of "/home/isaac/Documents/D.A.V.E./ros2_ws/install/navigation_interfaces/lib/libnavigation_interfaces__rosidl_typesupport_c.so" to ""
-- Up-to-date: /home/isaac/Documents/D.A.V.E./ros2_ws/install/navigation_interfaces/include/navigation_interfaces/navigation_interfaces
-- Up-to-date: /home/isaac/Documents/D.A.V.E./ros2_ws/install/navigation_interfaces/include/navigation_interfaces/navigation_interfaces/msg
-- Up-to-date: /home/isaac/Documents/D.A.V.E./ros2_ws/install/navigation_interfaces/include/navigation_interfaces/navigation_interfaces/msg/detail
-- Installing: /home/isaac/Documents/D.A.V.E./ros2_ws/install/navigation_interfaces/include/navigation_interfaces/navigation_interfaces/msg/detail/position__struct.hpp
-- Installing: /home/isaac/Documents/D.A.V.E./ros2_ws/install/navigation_interfaces/include/navigation_interfaces/navigation_interfaces/msg/detail/bearing__struct.hpp
-- Installing: /home/isaac/Documents/D.A.V.E./ros2_ws/install/navigation_interfaces/include/navigation_interfaces/navigation_interfaces/msg/detail/position__traits.hpp
-- Installing: /home/isaac/Documents/D.A.V.E./ros2_ws/install/navigation_interfaces/include/navigation_interfaces/navigation_interfaces/msg/detail/bearing__type_support.hpp
-- Installing: /home/isaac/Documents/D.A.V.E./ros2_ws/install/navigation_interfaces/include/navigation_interfaces/navigation_interfaces/msg/detail/bearing__traits.hpp
-- Installing: /home/isaac/Documents/D.A.V.E./ros2_ws/install/navigation_interfaces/include/navigation_interfaces/navigation_interfaces/msg/detail/bearing__builder.hpp
-- Installing: /home/isaac/Documents/D.A.V.E./ros2_ws/install/navigation_interfaces/include/navigation_interfaces/navigation_interfaces/msg/detail/position__builder.hpp
-- Installing: /home/isaac/Documents/D.A.V.E./ros2_ws/install/navigation_interfaces/include/navigation_interfaces/navigation_interfaces/msg/detail/position__type_support.hpp
-- Installing: /home/isaac/Documents/D.A.V.E./ros2_ws/install/navigation_interfaces/include/navigation_interfaces/navigation_interfaces/msg/position.hpp
-- Installing: /home/isaac/Documents/D.A.V.E./ros2_ws/install/navigation_interfaces/include/navigation_interfaces/navigation_interfaces/msg/bearing.hpp
-- Up-to-date: /home/isaac/Documents/D.A.V.E./ros2_ws/install/navigation_interfaces/include/navigation_interfaces/navigation_interfaces/msg/rosidl_generator_cpp__visibility_control.hpp
-- Up-to-date: /home/isaac/Documents/D.A.V.E./ros2_ws/install/navigation_interfaces/include/navigation_interfaces/navigation_interfaces/srv
-- Up-to-date: /home/isaac/Documents/D.A.V.E./ros2_ws/install/navigation_interfaces/include/navigation_interfaces/navigation_interfaces/srv/detail
-- Up-to-date: /home/isaac/Documents/D.A.V.E./ros2_ws/install/navigation_interfaces/include/navigation_interfaces/navigation_interfaces/srv/detail/get_set_nav__builder.hpp
-- Installing: /home/isaac/Documents/D.A.V.E./ros2_ws/install/navigation_interfaces/include/navigation_interfaces/navigation_interfaces/srv/detail/get_nav__traits.hpp
-- Installing: /home/isaac/Documents/D.A.V.E./ros2_ws/install/navigation_interfaces/include/navigation_interfaces/navigation_interfaces/srv/detail/get_nav__struct.hpp
-- Up-to-date: /home/isaac/Documents/D.A.V.E./ros2_ws/install/navigation_interfaces/include/navigation_interfaces/navigation_interfaces/srv/detail/get_set_nav__struct.hpp
-- Installing: /home/isaac/Documents/D.A.V.E./ros2_ws/install/navigation_interfaces/include/navigation_interfaces/navigation_interfaces/srv/detail/get_nav__builder.hpp
-- Up-to-date: /home/isaac/Documents/D.A.V.E./ros2_ws/install/navigation_interfaces/include/navigation_interfaces/navigation_interfaces/srv/detail/get_set_nav__traits.hpp
-- Installing: /home/isaac/Documents/D.A.V.E./ros2_ws/install/navigation_interfaces/include/navigation_interfaces/navigation_interfaces/srv/detail/set_nav__struct.hpp
-- Installing: /home/isaac/Documents/D.A.V.E./ros2_ws/install/navigation_interfaces/include/navigation_interfaces/navigation_interfaces/srv/detail/get_nav__type_support.hpp
-- Installing: /home/isaac/Documents/D.A.V.E./ros2_ws/install/navigation_interfaces/include/navigation_interfaces/navigation_interfaces/srv/detail/set_nav__type_support.hpp
-- Installing: /home/isaac/Documents/D.A.V.E./ros2_ws/install/navigation_interfaces/include/navigation_interfaces/navigation_interfaces/srv/detail/set_nav__builder.hpp
-- Up-to-date: /home/isaac/Documents/D.A.V.E./ros2_ws/install/navigation_interfaces/include/navigation_interfaces/navigation_interfaces/srv/detail/get_set_nav__type_support.hpp
-- Installing: /home/isaac/Documents/D.A.V.E./ros2_ws/install/navigation_interfaces/include/navigation_interfaces/navigation_interfaces/srv/detail/set_nav__traits.hpp
-- Up-to-date: /home/isaac/Documents/D.A.V.E./ros2_ws/install/navigation_interfaces/include/navigation_interfaces/navigation_interfaces/srv/get_set_nav.hpp
-- Installing: /home/isaac/Documents/D.A.V.E./ros2_ws/install/navigation_interfaces/include/navigation_interfaces/navigation_interfaces/srv/get_nav.hpp
-- Installing: /home/isaac/Documents/D.A.V.E./ros2_ws/install/navigation_interfaces/include/navigation_interfaces/navigation_interfaces/srv/set_nav.hpp
-- Up-to-date: /home/isaac/Documents/D.A.V.E./ros2_ws/install/navigation_interfaces/include/navigation_interfaces/navigation_interfaces
-- Up-to-date: /home/isaac/Documents/D.A.V.E./ros2_ws/install/navigation_interfaces/include/navigation_interfaces/navigation_interfaces/msg
-- Up-to-date: /home/isaac/Documents/D.A.V.E./ros2_ws/install/navigation_interfaces/include/navigation_interfaces/navigation_interfaces/msg/detail
-- Installing: /home/isaac/Documents/D.A.V.E./ros2_ws/install/navigation_interfaces/include/navigation_interfaces/navigation_interfaces/msg/detail/position__rosidl_typesupport_fastrtps_cpp.hpp
-- Up-to-date: /home/isaac/Documents/D.A.V.E./ros2_ws/install/navigation_interfaces/include/navigation_interfaces/navigation_interfaces/msg/detail/dds_fastrtps
-- Installing: /home/isaac/Documents/D.A.V.E./ros2_ws/install/navigation_interfaces/include/navigation_interfaces/navigation_interfaces/msg/detail/bearing__rosidl_typesupport_fastrtps_cpp.hpp
-- Up-to-date: /home/isaac/Documents/D.A.V.E./ros2_ws/install/navigation_interfaces/include/navigation_interfaces/navigation_interfaces/msg/rosidl_typesupport_fastrtps_cpp__visibility_control.h
-- Up-to-date: /home/isaac/Documents/D.A.V.E./ros2_ws/install/navigation_interfaces/include/navigation_interfaces/navigation_interfaces/srv
-- Up-to-date: /home/isaac/Documents/D.A.V.E./ros2_ws/install/navigation_interfaces/include/navigation_interfaces/navigation_interfaces/srv/detail
-- Up-to-date: /home/isaac/Documents/D.A.V.E./ros2_ws/install/navigation_interfaces/include/navigation_interfaces/navigation_interfaces/srv/detail/dds_fastrtps
-- Up-to-date: /home/isaac/Documents/D.A.V.E./ros2_ws/install/navigation_interfaces/include/navigation_interfaces/navigation_interfaces/srv/detail/get_set_nav__rosidl_typesupport_fastrtps_cpp.hpp
-- Installing: /home/isaac/Documents/D.A.V.E./ros2_ws/install/navigation_interfaces/include/navigation_interfaces/navigation_interfaces/srv/detail/set_nav__rosidl_typesupport_fastrtps_cpp.hpp
-- Installing: /home/isaac/Documents/D.A.V.E./ros2_ws/install/navigation_interfaces/include/navigation_interfaces/navigation_interfaces/srv/detail/get_nav__rosidl_typesupport_fastrtps_cpp.hpp
-- Installing: /home/isaac/Documents/D.A.V.E./ros2_ws/install/navigation_interfaces/lib/libnavigation_interfaces__rosidl_typesupport_fastrtps_cpp.so
-- Set runtime path of "/home/isaac/Documents/D.A.V.E./ros2_ws/install/navigation_interfaces/lib/libnavigation_interfaces__rosidl_typesupport_fastrtps_cpp.so" to ""
-- Up-to-date: /home/isaac/Documents/D.A.V.E./ros2_ws/install/navigation_interfaces/include/navigation_interfaces/navigation_interfaces
-- Up-to-date: /home/isaac/Documents/D.A.V.E./ros2_ws/install/navigation_interfaces/include/navigation_interfaces/navigation_interfaces/msg
-- Up-to-date: /home/isaac/Documents/D.A.V.E./ros2_ws/install/navigation_interfaces/include/navigation_interfaces/navigation_interfaces/msg/detail
-- Installing: /home/isaac/Documents/D.A.V.E./ros2_ws/install/navigation_interfaces/include/navigation_interfaces/navigation_interfaces/msg/detail/bearing__rosidl_typesupport_introspection_cpp.hpp
-- Installing: /home/isaac/Documents/D.A.V.E./ros2_ws/install/navigation_interfaces/include/navigation_interfaces/navigation_interfaces/msg/detail/position__rosidl_typesupport_introspection_cpp.hpp
-- Installing: /home/isaac/Documents/D.A.V.E./ros2_ws/install/navigation_interfaces/include/navigation_interfaces/navigation_interfaces/msg/detail/position__type_support.cpp
-- Installing: /home/isaac/Documents/D.A.V.E./ros2_ws/install/navigation_interfaces/include/navigation_interfaces/navigation_interfaces/msg/detail/bearing__type_support.cpp
-- Up-to-date: /home/isaac/Documents/D.A.V.E./ros2_ws/install/navigation_interfaces/include/navigation_interfaces/navigation_interfaces/srv
-- Up-to-date: /home/isaac/Documents/D.A.V.E./ros2_ws/install/navigation_interfaces/include/navigation_interfaces/navigation_interfaces/srv/detail
-- Up-to-date: /home/isaac/Documents/D.A.V.E./ros2_ws/install/navigation_interfaces/include/navigation_interfaces/navigation_interfaces/srv/detail/get_set_nav__type_support.cpp
-- Installing: /home/isaac/Documents/D.A.V.E./ros2_ws/install/navigation_interfaces/include/navigation_interfaces/navigation_interfaces/srv/detail/set_nav__type_support.cpp
-- Installing: /home/isaac/Documents/D.A.V.E./ros2_ws/install/navigation_interfaces/include/navigation_interfaces/navigation_interfaces/srv/detail/get_nav__type_support.cpp
-- Installing: /home/isaac/Documents/D.A.V.E./ros2_ws/install/navigation_interfaces/include/navigation_interfaces/navigation_interfaces/srv/detail/set_nav__rosidl_typesupport_introspection_cpp.hpp
-- Up-to-date: /home/isaac/Documents/D.A.V.E./ros2_ws/install/navigation_interfaces/include/navigation_interfaces/navigation_interfaces/srv/detail/get_set_nav__rosidl_typesupport_introspection_cpp.hpp
-- Installing: /home/isaac/Documents/D.A.V.E./ros2_ws/install/navigation_interfaces/include/navigation_interfaces/navigation_interfaces/srv/detail/get_nav__rosidl_typesupport_introspection_cpp.hpp
-- Installing: /home/isaac/Documents/D.A.V.E./ros2_ws/install/navigation_interfaces/lib/libnavigation_interfaces__rosidl_typesupport_introspection_cpp.so
-- Set runtime path of "/home/isaac/Documents/D.A.V.E./ros2_ws/install/navigation_interfaces/lib/libnavigation_interfaces__rosidl_typesupport_introspection_cpp.so" to ""
-- Installing: /home/isaac/Documents/D.A.V.E./ros2_ws/install/navigation_interfaces/lib/libnavigation_interfaces__rosidl_typesupport_cpp.so
-- Set runtime path of "/home/isaac/Documents/D.A.V.E./ros2_ws/install/navigation_interfaces/lib/libnavigation_interfaces__rosidl_typesupport_cpp.so" to ""
-- Up-to-date: /home/isaac/Documents/D.A.V.E./ros2_ws/install/navigation_interfaces/share/navigation_interfaces/environment/pythonpath.sh
-- Installing: /home/isaac/Documents/D.A.V.E./ros2_ws/install/navigation_interfaces/share/navigation_interfaces/environment/pythonpath.dsv
-- Up-to-date: /home/isaac/Documents/D.A.V.E./ros2_ws/install/navigation_interfaces/local/lib/python3.10/dist-packages/navigation_interfaces-0.0.0-py3.10.egg-info
-- Installing: /home/isaac/Documents/D.A.V.E./ros2_ws/install/navigation_interfaces/local/lib/python3.10/dist-packages/navigation_interfaces-0.0.0-py3.10.egg-info/SOURCES.txt
-- Installing: /home/isaac/Documents/D.A.V.E./ros2_ws/install/navigation_interfaces/local/lib/python3.10/dist-packages/navigation_interfaces-0.0.0-py3.10.egg-info/top_level.txt
-- Installing: /home/isaac/Documents/D.A.V.E./ros2_ws/install/navigation_interfaces/local/lib/python3.10/dist-packages/navigation_interfaces-0.0.0-py3.10.egg-info/dependency_links.txt
-- Installing: /home/isaac/Documents/D.A.V.E./ros2_ws/install/navigation_interfaces/local/lib/python3.10/dist-packages/navigation_interfaces-0.0.0-py3.10.egg-info/PKG-INFO
-- Up-to-date: /home/isaac/Documents/D.A.V.E./ros2_ws/install/navigation_interfaces/local/lib/python3.10/dist-packages/navigation_interfaces
-- Installing: /home/isaac/Documents/D.A.V.E./ros2_ws/install/navigation_interfaces/local/lib/python3.10/dist-packages/navigation_interfaces/_navigation_interfaces_s.ep.rosidl_typesupport_c.c
-- Installing: /home/isaac/Documents/D.A.V.E./ros2_ws/install/navigation_interfaces/local/lib/python3.10/dist-packages/navigation_interfaces/__init__.py
-- Installing: /home/isaac/Documents/D.A.V.E./ros2_ws/install/navigation_interfaces/local/lib/python3.10/dist-packages/navigation_interfaces/_navigation_interfaces_s.ep.rosidl_typesupport_introspection_c.c
-- Installing: /home/isaac/Documents/D.A.V.E./ros2_ws/install/navigation_interfaces/local/lib/python3.10/dist-packages/navigation_interfaces/_navigation_interfaces_s.ep.rosidl_typesupport_fastrtps_c.c
-- Up-to-date: /home/isaac/Documents/D.A.V.E./ros2_ws/install/navigation_interfaces/local/lib/python3.10/dist-packages/navigation_interfaces/msg
-- Installing: /home/isaac/Documents/D.A.V.E./ros2_ws/install/navigation_interfaces/local/lib/python3.10/dist-packages/navigation_interfaces/msg/__init__.py
-- Installing: /home/isaac/Documents/D.A.V.E./ros2_ws/install/navigation_interfaces/local/lib/python3.10/dist-packages/navigation_interfaces/msg/_bearing.py
-- Installing: /home/isaac/Documents/D.A.V.E./ros2_ws/install/navigation_interfaces/local/lib/python3.10/dist-packages/navigation_interfaces/msg/_position_s.c
-- Installing: /home/isaac/Documents/D.A.V.E./ros2_ws/install/navigation_interfaces/local/lib/python3.10/dist-packages/navigation_interfaces/msg/_bearing_s.c
-- Installing: /home/isaac/Documents/D.A.V.E./ros2_ws/install/navigation_interfaces/local/lib/python3.10/dist-packages/navigation_interfaces/msg/_position.py
-- Installing: /home/isaac/Documents/D.A.V.E./ros2_ws/install/navigation_interfaces/local/lib/python3.10/dist-packages/navigation_interfaces/navigation_interfaces_s__rosidl_typesupport_fastrtps_c.cpython-310-x86_64-linux-gnu.so
-- Up-to-date: /home/isaac/Documents/D.A.V.E./ros2_ws/install/navigation_interfaces/local/lib/python3.10/dist-packages/navigation_interfaces/srv
-- Installing: /home/isaac/Documents/D.A.V.E./ros2_ws/install/navigation_interfaces/local/lib/python3.10/dist-packages/navigation_interfaces/srv/__init__.py
-- Installing: /home/isaac/Documents/D.A.V.E./ros2_ws/install/navigation_interfaces/local/lib/python3.10/dist-packages/navigation_interfaces/srv/_get_nav_s.c
-- Installing: /home/isaac/Documents/D.A.V.E./ros2_ws/install/navigation_interfaces/local/lib/python3.10/dist-packages/navigation_interfaces/srv/_get_nav.py
-- Installing: /home/isaac/Documents/D.A.V.E./ros2_ws/install/navigation_interfaces/local/lib/python3.10/dist-packages/navigation_interfaces/srv/_set_nav.py
-- Up-to-date: /home/isaac/Documents/D.A.V.E./ros2_ws/install/navigation_interfaces/local/lib/python3.10/dist-packages/navigation_interfaces/srv/_get_set_nav.py
-- Installing: /home/isaac/Documents/D.A.V.E./ros2_ws/install/navigation_interfaces/local/lib/python3.10/dist-packages/navigation_interfaces/srv/_set_nav_s.c
-- Up-to-date: /home/isaac/Documents/D.A.V.E./ros2_ws/install/navigation_interfaces/local/lib/python3.10/dist-packages/navigation_interfaces/srv/_get_set_nav_s.c
-- Installing: /home/isaac/Documents/D.A.V.E./ros2_ws/install/navigation_interfaces/local/lib/python3.10/dist-packages/navigation_interfaces/libnavigation_interfaces__rosidl_generator_py.so
-- Installing: /home/isaac/Documents/D.A.V.E./ros2_ws/install/navigation_interfaces/local/lib/python3.10/dist-packages/navigation_interfaces/navigation_interfaces_s__rosidl_typesupport_introspection_c.cpython-310-x86_64-linux-gnu.so
-- Installing: /home/isaac/Documents/D.A.V.E./ros2_ws/install/navigation_interfaces/local/lib/python3.10/dist-packages/navigation_interfaces/navigation_interfaces_s__rosidl_typesupport_c.cpython-310-x86_64-linux-gnu.so
Listing '/home/isaac/Documents/D.A.V.E./ros2_ws/install/navigation_interfaces/local/lib/python3.10/dist-packages/navigation_interfaces'...
Compiling '/home/isaac/Documents/D.A.V.E./ros2_ws/install/navigation_interfaces/local/lib/python3.10/dist-packages/navigation_interfaces/__init__.py'...
Listing '/home/isaac/Documents/D.A.V.E./ros2_ws/install/navigation_interfaces/local/lib/python3.10/dist-packages/navigation_interfaces/msg'...
Compiling '/home/isaac/Documents/D.A.V.E./ros2_ws/install/navigation_interfaces/local/lib/python3.10/dist-packages/navigation_interfaces/msg/__init__.py'...
Compiling '/home/isaac/Documents/D.A.V.E./ros2_ws/install/navigation_interfaces/local/lib/python3.10/dist-packages/navigation_interfaces/msg/_bearing.py'...
Compiling '/home/isaac/Documents/D.A.V.E./ros2_ws/install/navigation_interfaces/local/lib/python3.10/dist-packages/navigation_interfaces/msg/_position.py'...
Listing '/home/isaac/Documents/D.A.V.E./ros2_ws/install/navigation_interfaces/local/lib/python3.10/dist-packages/navigation_interfaces/srv'...
Compiling '/home/isaac/Documents/D.A.V.E./ros2_ws/install/navigation_interfaces/local/lib/python3.10/dist-packages/navigation_interfaces/srv/__init__.py'...
Compiling '/home/isaac/Documents/D.A.V.E./ros2_ws/install/navigation_interfaces/local/lib/python3.10/dist-packages/navigation_interfaces/srv/_get_nav.py'...
Compiling '/home/isaac/Documents/D.A.V.E./ros2_ws/install/navigation_interfaces/local/lib/python3.10/dist-packages/navigation_interfaces/srv/_set_nav.py'...
-- Installing: /home/isaac/Documents/D.A.V.E./ros2_ws/install/navigation_interfaces/local/lib/python3.10/dist-packages/navigation_interfaces/navigation_interfaces_s__rosidl_typesupport_fastrtps_c.cpython-310-x86_64-linux-gnu.so
-- Set runtime path of "/home/isaac/Documents/D.A.V.E./ros2_ws/install/navigation_interfaces/local/lib/python3.10/dist-packages/navigation_interfaces/navigation_interfaces_s__rosidl_typesupport_fastrtps_c.cpython-310-x86_64-linux-gnu.so" to ""
-- Installing: /home/isaac/Documents/D.A.V.E./ros2_ws/install/navigation_interfaces/local/lib/python3.10/dist-packages/navigation_interfaces/navigation_interfaces_s__rosidl_typesupport_introspection_c.cpython-310-x86_64-linux-gnu.so
-- Set runtime path of "/home/isaac/Documents/D.A.V.E./ros2_ws/install/navigation_interfaces/local/lib/python3.10/dist-packages/navigation_interfaces/navigation_interfaces_s__rosidl_typesupport_introspection_c.cpython-310-x86_64-linux-gnu.so" to ""
-- Installing: /home/isaac/Documents/D.A.V.E./ros2_ws/install/navigation_interfaces/local/lib/python3.10/dist-packages/navigation_interfaces/navigation_interfaces_s__rosidl_typesupport_c.cpython-310-x86_64-linux-gnu.so
-- Set runtime path of "/home/isaac/Documents/D.A.V.E./ros2_ws/install/navigation_interfaces/local/lib/python3.10/dist-packages/navigation_interfaces/navigation_interfaces_s__rosidl_typesupport_c.cpython-310-x86_64-linux-gnu.so" to ""
-- Installing: /home/isaac/Documents/D.A.V.E./ros2_ws/install/navigation_interfaces/lib/libnavigation_interfaces__rosidl_generator_py.so
-- Set runtime path of "/home/isaac/Documents/D.A.V.E./ros2_ws/install/navigation_interfaces/lib/libnavigation_interfaces__rosidl_generator_py.so" to ""
-- Up-to-date: /home/isaac/Documents/D.A.V.E./ros2_ws/install/navigation_interfaces/share/navigation_interfaces/msg/Bearing.idl
-- Up-to-date: /home/isaac/Documents/D.A.V.E./ros2_ws/install/navigation_interfaces/share/navigation_interfaces/msg/Position.idl
-- Installing: /home/isaac/Documents/D.A.V.E./ros2_ws/install/navigation_interfaces/share/navigation_interfaces/srv/GetNav.idl
-- Installing: /home/isaac/Documents/D.A.V.E./ros2_ws/install/navigation_interfaces/share/navigation_interfaces/srv/SetNav.idl
-- Up-to-date: /home/isaac/Documents/D.A.V.E./ros2_ws/install/navigation_interfaces/share/navigation_interfaces/msg/Bearing.msg
-- Up-to-date: /home/isaac/Documents/D.A.V.E./ros2_ws/install/navigation_interfaces/share/navigation_interfaces/msg/Position.msg
-- Installing: /home/isaac/Documents/D.A.V.E./ros2_ws/install/navigation_interfaces/share/navigation_interfaces/srv/GetNav.srv
-- Installing: /home/isaac/Documents/D.A.V.E./ros2_ws/install/navigation_interfaces/share/navigation_interfaces/srv/GetNav_Request.msg
-- Installing: /home/isaac/Documents/D.A.V.E./ros2_ws/install/navigation_interfaces/share/navigation_interfaces/srv/GetNav_Response.msg
-- Installing: /home/isaac/Documents/D.A.V.E./ros2_ws/install/navigation_interfaces/share/navigation_interfaces/srv/SetNav.srv
-- Installing: /home/isaac/Documents/D.A.V.E./ros2_ws/install/navigation_interfaces/share/navigation_interfaces/srv/SetNav_Request.msg
-- Installing: /home/isaac/Documents/D.A.V.E./ros2_ws/install/navigation_interfaces/share/navigation_interfaces/srv/SetNav_Response.msg
-- Up-to-date: /home/isaac/Documents/D.A.V.E./ros2_ws/install/navigation_interfaces/share/ament_index/resource_index/package_run_dependencies/navigation_interfaces
-- Up-to-date: /home/isaac/Documents/D.A.V.E./ros2_ws/install/navigation_interfaces/share/ament_index/resource_index/parent_prefix_path/navigation_interfaces
-- Up-to-date: /home/isaac/Documents/D.A.V.E./ros2_ws/install/navigation_interfaces/share/navigation_interfaces/environment/ament_prefix_path.sh
-- Installing: /home/isaac/Documents/D.A.V.E./ros2_ws/install/navigation_interfaces/share/navigation_interfaces/environment/ament_prefix_path.dsv
-- Up-to-date: /home/isaac/Documents/D.A.V.E./ros2_ws/install/navigation_interfaces/share/navigation_interfaces/environment/path.sh
-- Installing: /home/isaac/Documents/D.A.V.E./ros2_ws/install/navigation_interfaces/share/navigation_interfaces/environment/path.dsv
-- Up-to-date: /home/isaac/Documents/D.A.V.E./ros2_ws/install/navigation_interfaces/share/navigation_interfaces/local_setup.bash
-- Up-to-date: /home/isaac/Documents/D.A.V.E./ros2_ws/install/navigation_interfaces/share/navigation_interfaces/local_setup.sh
-- Up-to-date: /home/isaac/Documents/D.A.V.E./ros2_ws/install/navigation_interfaces/share/navigation_interfaces/local_setup.zsh
-- Installing: /home/isaac/Documents/D.A.V.E./ros2_ws/install/navigation_interfaces/share/navigation_interfaces/local_setup.dsv
-- Installing: /home/isaac/Documents/D.A.V.E./ros2_ws/install/navigation_interfaces/share/navigation_interfaces/package.dsv
-- Up-to-date: /home/isaac/Documents/D.A.V.E./ros2_ws/install/navigation_interfaces/share/ament_index/resource_index/packages/navigation_interfaces
-- Up-to-date: /home/isaac/Documents/D.A.V.E./ros2_ws/install/navigation_interfaces/share/navigation_interfaces/cmake/export_navigation_interfaces__rosidl_generator_cExport.cmake
-- Up-to-date: /home/isaac/Documents/D.A.V.E./ros2_ws/install/navigation_interfaces/share/navigation_interfaces/cmake/export_navigation_interfaces__rosidl_generator_cExport-noconfig.cmake
-- Up-to-date: /home/isaac/Documents/D.A.V.E./ros2_ws/install/navigation_interfaces/share/navigation_interfaces/cmake/export_navigation_interfaces__rosidl_typesupport_fastrtps_cExport.cmake
-- Up-to-date: /home/isaac/Documents/D.A.V.E./ros2_ws/install/navigation_interfaces/share/navigation_interfaces/cmake/export_navigation_interfaces__rosidl_typesupport_fastrtps_cExport-noconfig.cmake
-- Up-to-date: /home/isaac/Documents/D.A.V.E./ros2_ws/install/navigation_interfaces/share/navigation_interfaces/cmake/navigation_interfaces__rosidl_typesupport_introspection_cExport.cmake
-- Up-to-date: /home/isaac/Documents/D.A.V.E./ros2_ws/install/navigation_interfaces/share/navigation_interfaces/cmake/navigation_interfaces__rosidl_typesupport_introspection_cExport-noconfig.cmake
-- Up-to-date: /home/isaac/Documents/D.A.V.E./ros2_ws/install/navigation_interfaces/share/navigation_interfaces/cmake/navigation_interfaces__rosidl_typesupport_cExport.cmake
-- Up-to-date: /home/isaac/Documents/D.A.V.E./ros2_ws/install/navigation_interfaces/share/navigation_interfaces/cmake/navigation_interfaces__rosidl_typesupport_cExport-noconfig.cmake
-- Up-to-date: /home/isaac/Documents/D.A.V.E./ros2_ws/install/navigation_interfaces/share/navigation_interfaces/cmake/export_navigation_interfaces__rosidl_generator_cppExport.cmake
-- Up-to-date: /home/isaac/Documents/D.A.V.E./ros2_ws/install/navigation_interfaces/share/navigation_interfaces/cmake/export_navigation_interfaces__rosidl_typesupport_fastrtps_cppExport.cmake
-- Up-to-date: /home/isaac/Documents/D.A.V.E./ros2_ws/install/navigation_interfaces/share/navigation_interfaces/cmake/export_navigation_interfaces__rosidl_typesupport_fastrtps_cppExport-noconfig.cmake
-- Up-to-date: /home/isaac/Documents/D.A.V.E./ros2_ws/install/navigation_interfaces/share/navigation_interfaces/cmake/navigation_interfaces__rosidl_typesupport_introspection_cppExport.cmake
-- Up-to-date: /home/isaac/Documents/D.A.V.E./ros2_ws/install/navigation_interfaces/share/navigation_interfaces/cmake/navigation_interfaces__rosidl_typesupport_introspection_cppExport-noconfig.cmake
-- Up-to-date: /home/isaac/Documents/D.A.V.E./ros2_ws/install/navigation_interfaces/share/navigation_interfaces/cmake/navigation_interfaces__rosidl_typesupport_cppExport.cmake
-- Up-to-date: /home/isaac/Documents/D.A.V.E./ros2_ws/install/navigation_interfaces/share/navigation_interfaces/cmake/navigation_interfaces__rosidl_typesupport_cppExport-noconfig.cmake
-- Up-to-date: /home/isaac/Documents/D.A.V.E./ros2_ws/install/navigation_interfaces/share/navigation_interfaces/cmake/export_navigation_interfaces__rosidl_generator_pyExport.cmake
-- Up-to-date: /home/isaac/Documents/D.A.V.E./ros2_ws/install/navigation_interfaces/share/navigation_interfaces/cmake/export_navigation_interfaces__rosidl_generator_pyExport-noconfig.cmake
-- Installing: /home/isaac/Documents/D.A.V.E./ros2_ws/install/navigation_interfaces/share/navigation_interfaces/cmake/rosidl_cmake-extras.cmake
-- Up-to-date: /home/isaac/Documents/D.A.V.E./ros2_ws/install/navigation_interfaces/share/navigation_interfaces/cmake/ament_cmake_export_include_directories-extras.cmake
-- Up-to-date: /home/isaac/Documents/D.A.V.E./ros2_ws/install/navigation_interfaces/share/navigation_interfaces/cmake/ament_cmake_export_libraries-extras.cmake
-- Up-to-date: /home/isaac/Documents/D.A.V.E./ros2_ws/install/navigation_interfaces/share/navigation_interfaces/cmake/ament_cmake_export_targets-extras.cmake
-- Up-to-date: /home/isaac/Documents/D.A.V.E./ros2_ws/install/navigation_interfaces/share/navigation_interfaces/cmake/rosidl_cmake_export_typesupport_targets-extras.cmake
-- Up-to-date: /home/isaac/Documents/D.A.V.E./ros2_ws/install/navigation_interfaces/share/navigation_interfaces/cmake/ament_cmake_export_dependencies-extras.cmake
-- Up-to-date: /home/isaac/Documents/D.A.V.E./ros2_ws/install/navigation_interfaces/share/navigation_interfaces/cmake/rosidl_cmake_export_typesupport_libraries-extras.cmake
-- Up-to-date: /home/isaac/Documents/D.A.V.E./ros2_ws/install/navigation_interfaces/share/navigation_interfaces/cmake/navigation_interfacesConfig.cmake
-- Up-to-date: /home/isaac/Documents/D.A.V.E./ros2_ws/install/navigation_interfaces/share/navigation_interfaces/cmake/navigation_interfacesConfig-version.cmake
-- Up-to-date: /home/isaac/Documents/D.A.V.E./ros2_ws/install/navigation_interfaces/share/navigation_interfaces/package.xml
