[0.010s] Invoking command in '/home/isaac/Documents/D.A.V.E./ros2_ws/build/navigation_interfaces': CMAKE_PREFIX_PATH=${CMAKE_PREFIX_PATH}:/opt/ros/humble /usr/bin/cmake --build /home/isaac/Documents/D.A.V.E./ros2_ws/build/navigation_interfaces -- -j16 -l16
[0.031s] -- Found ament_cmake: 1.3.13 (/opt/ros/humble/share/ament_cmake/cmake)
[0.118s] -- Found rosidl_default_generators: 1.2.0 (/opt/ros/humble/share/rosidl_default_generators/cmake)
[0.119s] -- Using all available rosidl_typesupport_c: rosidl_typesupport_fastrtps_c;rosidl_typesupport_introspection_c
[0.121s] -- Found rosidl_adapter: 3.1.8 (/opt/ros/humble/share/rosidl_adapter/cmake)
[0.142s] -- Using all available rosidl_typesupport_cpp: rosidl_typesupport_fastrtps_cpp;rosidl_typesupport_introspection_cpp
[0.351s] -- Found ament_cmake_ros: 0.10.0 (/opt/ros/humble/share/ament_cmake_ros/cmake)
[0.491s] -- Using all available rosidl_typesupport_c: rosidl_typesupport_fastrtps_c;rosidl_typesupport_introspection_c
[0.667s] -- Using all available rosidl_typesupport_cpp: rosidl_typesupport_fastrtps_cpp;rosidl_typesupport_introspection_cpp
[0.685s] -- Found python_cmake_module: 0.10.0 (/opt/ros/humble/share/python_cmake_module/cmake)
[0.702s] -- Using PYTHON_EXECUTABLE: /usr/bin/python3
[0.702s] -- Using PYTHON_INCLUDE_DIRS: /usr/include/python3.10
[0.702s] -- Using PYTHON_LIBRARIES: /usr/lib/x86_64-linux-gnu/libpython3.10.so
[0.713s] -- Configuring done
[0.740s] -- Generating done
[0.749s] -- Build files have been written to: /home/isaac/Documents/D.A.V.E./ros2_ws/build/navigation_interfaces
[0.775s] [  1%] [34m[1mGenerating C code for ROS interfaces[0m
[0.785s] [  3%] [34m[1mGenerating C++ code for ROS interfaces[0m
[0.796s] [  3%] Built target ament_cmake_python_copy_navigation_interfaces
[0.976s] running egg_info
[0.976s] writing navigation_interfaces.egg-info/PKG-INFO
[0.977s] writing dependency_links to navigation_interfaces.egg-info/dependency_links.txt
[0.977s] writing top-level names to navigation_interfaces.egg-info/top_level.txt
[0.978s] reading manifest file 'navigation_interfaces.egg-info/SOURCES.txt'
[0.979s] writing manifest file 'navigation_interfaces.egg-info/SOURCES.txt'
[1.009s] [  3%] Built target ament_cmake_python_build_navigation_interfaces_egg
[1.084s] [35m[1mConsolidate compiler generated dependencies of target navigation_interfaces__rosidl_generator_c[0m
[1.093s] [  3%] Built target navigation_interfaces__cpp
[1.096s] [  7%] [32mBuilding C object CMakeFiles/navigation_interfaces__rosidl_generator_c.dir/rosidl_generator_c/navigation_interfaces/srv/detail/set_nav__functions.c.o[0m
[1.096s] [  7%] [32mBuilding C object CMakeFiles/navigation_interfaces__rosidl_generator_c.dir/rosidl_generator_c/navigation_interfaces/msg/detail/bearing__functions.c.o[0m
[1.096s] [  9%] [32mBuilding C object CMakeFiles/navigation_interfaces__rosidl_generator_c.dir/rosidl_generator_c/navigation_interfaces/msg/detail/position__functions.c.o[0m
[1.096s] [ 10%] [32mBuilding C object CMakeFiles/navigation_interfaces__rosidl_generator_c.dir/rosidl_generator_c/navigation_interfaces/srv/detail/get_nav__functions.c.o[0m
[1.104s] [ 16%] [34m[1mGenerating C++ type support dispatch for ROS interfaces[0m
[1.104s] [ 16%] [34m[1mGenerating C++ introspection for ROS interfaces[0m
[1.105s] [ 16%] [34m[1mGenerating C++ type support for eProsima Fast-RTPS[0m
[1.144s] [ 18%] [32m[1mLinking C shared library libnavigation_interfaces__rosidl_generator_c.so[0m
[1.183s] [ 18%] Built target navigation_interfaces__rosidl_generator_c
[1.193s] [ 23%] [34m[1mGenerating C introspection for ROS interfaces[0m
[1.193s] [ 23%] [34m[1mGenerating C type support dispatch for ROS interfaces[0m
[1.193s] [ 23%] [34m[1mGenerating C type support for eProsima Fast-RTPS[0m
[1.318s] [35m[1mConsolidate compiler generated dependencies of target navigation_interfaces__rosidl_typesupport_cpp[0m
[1.332s] [ 29%] [32mBuilding CXX object CMakeFiles/navigation_interfaces__rosidl_typesupport_cpp.dir/rosidl_typesupport_cpp/navigation_interfaces/srv/set_nav__type_support.cpp.o[0m
[1.332s] [ 29%] [32mBuilding CXX object CMakeFiles/navigation_interfaces__rosidl_typesupport_cpp.dir/rosidl_typesupport_cpp/navigation_interfaces/msg/bearing__type_support.cpp.o[0m
[1.332s] [ 29%] [32mBuilding CXX object CMakeFiles/navigation_interfaces__rosidl_typesupport_cpp.dir/rosidl_typesupport_cpp/navigation_interfaces/srv/get_nav__type_support.cpp.o[0m
[1.333s] [ 30%] [32mBuilding CXX object CMakeFiles/navigation_interfaces__rosidl_typesupport_cpp.dir/rosidl_typesupport_cpp/navigation_interfaces/msg/position__type_support.cpp.o[0m
[1.358s] [35m[1mConsolidate compiler generated dependencies of target navigation_interfaces__rosidl_typesupport_introspection_cpp[0m
[1.376s] [ 38%] [32mBuilding CXX object CMakeFiles/navigation_interfaces__rosidl_typesupport_introspection_cpp.dir/rosidl_typesupport_introspection_cpp/navigation_interfaces/msg/detail/position__type_support.cpp.o[0m
[1.376s] [ 38%] [32mBuilding CXX object CMakeFiles/navigation_interfaces__rosidl_typesupport_introspection_cpp.dir/rosidl_typesupport_introspection_cpp/navigation_interfaces/srv/detail/get_nav__type_support.cpp.o[0m
[1.376s] [ 38%] [32mBuilding CXX object CMakeFiles/navigation_interfaces__rosidl_typesupport_introspection_cpp.dir/rosidl_typesupport_introspection_cpp/navigation_interfaces/msg/detail/bearing__type_support.cpp.o[0m
[1.376s] [ 38%] [32mBuilding CXX object CMakeFiles/navigation_interfaces__rosidl_typesupport_introspection_cpp.dir/rosidl_typesupport_introspection_cpp/navigation_interfaces/srv/detail/set_nav__type_support.cpp.o[0m
[1.430s] [35m[1mConsolidate compiler generated dependencies of target navigation_interfaces__rosidl_typesupport_fastrtps_cpp[0m
[1.443s] [35m[1mConsolidate compiler generated dependencies of target navigation_interfaces__rosidl_typesupport_c[0m
[1.449s] [ 43%] [32mBuilding CXX object CMakeFiles/navigation_interfaces__rosidl_typesupport_fastrtps_cpp.dir/rosidl_typesupport_fastrtps_cpp/navigation_interfaces/msg/detail/dds_fastrtps/bearing__type_support.cpp.o[0m
[1.449s] [ 43%] [32mBuilding CXX object CMakeFiles/navigation_interfaces__rosidl_typesupport_fastrtps_cpp.dir/rosidl_typesupport_fastrtps_cpp/navigation_interfaces/msg/detail/dds_fastrtps/position__type_support.cpp.o[0m
[1.450s] [ 45%] [32mBuilding CXX object CMakeFiles/navigation_interfaces__rosidl_typesupport_fastrtps_cpp.dir/rosidl_typesupport_fastrtps_cpp/navigation_interfaces/srv/detail/dds_fastrtps/get_nav__type_support.cpp.o[0m
[1.450s] [ 45%] [32mBuilding CXX object CMakeFiles/navigation_interfaces__rosidl_typesupport_fastrtps_cpp.dir/rosidl_typesupport_fastrtps_cpp/navigation_interfaces/srv/detail/dds_fastrtps/set_nav__type_support.cpp.o[0m
[1.463s] [ 49%] [32mBuilding CXX object CMakeFiles/navigation_interfaces__rosidl_typesupport_c.dir/rosidl_typesupport_c/navigation_interfaces/msg/position__type_support.cpp.o[0m
[1.463s] [ 49%] [32mBuilding CXX object CMakeFiles/navigation_interfaces__rosidl_typesupport_c.dir/rosidl_typesupport_c/navigation_interfaces/msg/bearing__type_support.cpp.o[0m
[1.511s] [ 50%] [32mBuilding CXX object CMakeFiles/navigation_interfaces__rosidl_typesupport_c.dir/rosidl_typesupport_c/navigation_interfaces/srv/get_nav__type_support.cpp.o[0m
[1.517s] [ 52%] [32mBuilding CXX object CMakeFiles/navigation_interfaces__rosidl_typesupport_c.dir/rosidl_typesupport_c/navigation_interfaces/srv/set_nav__type_support.cpp.o[0m
[1.565s] [ 54%] [32m[1mLinking CXX shared library libnavigation_interfaces__rosidl_typesupport_c.so[0m
[1.624s] [35m[1mConsolidate compiler generated dependencies of target navigation_interfaces__rosidl_typesupport_introspection_c[0m
[1.641s] [ 54%] Built target navigation_interfaces__rosidl_typesupport_c
[1.647s] [ 56%] [32mBuilding C object CMakeFiles/navigation_interfaces__rosidl_typesupport_introspection_c.dir/rosidl_typesupport_introspection_c/navigation_interfaces/msg/detail/bearing__type_support.c.o[0m
[1.649s] [ 58%] [32mBuilding C object CMakeFiles/navigation_interfaces__rosidl_typesupport_introspection_c.dir/rosidl_typesupport_introspection_c/navigation_interfaces/msg/detail/position__type_support.c.o[0m
[1.655s] [ 60%] [32mBuilding C object CMakeFiles/navigation_interfaces__rosidl_typesupport_introspection_c.dir/rosidl_typesupport_introspection_c/navigation_interfaces/srv/detail/get_nav__type_support.c.o[0m
[1.655s] [35m[1mConsolidate compiler generated dependencies of target navigation_interfaces__rosidl_typesupport_fastrtps_c[0m
[1.678s] [ 61%] [32mBuilding C object CMakeFiles/navigation_interfaces__rosidl_typesupport_introspection_c.dir/rosidl_typesupport_introspection_c/navigation_interfaces/srv/detail/set_nav__type_support.c.o[0m
[1.679s] [ 63%] [32mBuilding CXX object CMakeFiles/navigation_interfaces__rosidl_typesupport_fastrtps_c.dir/rosidl_typesupport_fastrtps_c/navigation_interfaces/msg/detail/position__type_support_c.cpp.o[0m
[1.681s] [ 65%] [32mBuilding CXX object CMakeFiles/navigation_interfaces__rosidl_typesupport_fastrtps_c.dir/rosidl_typesupport_fastrtps_c/navigation_interfaces/msg/detail/bearing__type_support_c.cpp.o[0m
[1.699s] [ 69%] [32mBuilding CXX object CMakeFiles/navigation_interfaces__rosidl_typesupport_fastrtps_c.dir/rosidl_typesupport_fastrtps_c/navigation_interfaces/srv/detail/get_nav__type_support_c.cpp.o[0m
[1.700s] [ 69%] [32mBuilding CXX object CMakeFiles/navigation_interfaces__rosidl_typesupport_fastrtps_c.dir/rosidl_typesupport_fastrtps_c/navigation_interfaces/srv/detail/set_nav__type_support_c.cpp.o[0m
[1.713s] [ 70%] [32m[1mLinking CXX shared library libnavigation_interfaces__rosidl_typesupport_cpp.so[0m
[1.732s] [ 72%] [32m[1mLinking C shared library libnavigation_interfaces__rosidl_typesupport_introspection_c.so[0m
[1.787s] [ 72%] Built target navigation_interfaces__rosidl_typesupport_introspection_c
[1.788s] [ 72%] Built target navigation_interfaces__rosidl_typesupport_cpp
[1.885s] [ 74%] [32m[1mLinking CXX shared library libnavigation_interfaces__rosidl_typesupport_introspection_cpp.so[0m
[1.942s] [ 74%] Built target navigation_interfaces__rosidl_typesupport_introspection_cpp
[1.989s] [ 76%] [32m[1mLinking CXX shared library libnavigation_interfaces__rosidl_typesupport_fastrtps_cpp.so[0m
[2.036s] [ 78%] [32m[1mLinking CXX shared library libnavigation_interfaces__rosidl_typesupport_fastrtps_c.so[0m
[2.048s] [ 78%] Built target navigation_interfaces__rosidl_typesupport_fastrtps_cpp
[2.093s] [ 78%] Built target navigation_interfaces__rosidl_typesupport_fastrtps_c
[2.111s] [ 78%] Built target navigation_interfaces
[2.130s] [ 80%] [34m[1mGenerating Python code for ROS interfaces[0m
[2.513s] [ 80%] Built target navigation_interfaces__py
[2.523s] [35m[1mConsolidate compiler generated dependencies of target navigation_interfaces__rosidl_generator_py[0m
[2.534s] [ 81%] [32mBuilding C object CMakeFiles/navigation_interfaces__rosidl_generator_py.dir/rosidl_generator_py/navigation_interfaces/msg/_bearing_s.c.o[0m
[2.534s] [ 83%] [32mBuilding C object CMakeFiles/navigation_interfaces__rosidl_generator_py.dir/rosidl_generator_py/navigation_interfaces/msg/_position_s.c.o[0m
[2.535s] [ 85%] [32mBuilding C object CMakeFiles/navigation_interfaces__rosidl_generator_py.dir/rosidl_generator_py/navigation_interfaces/srv/_get_nav_s.c.o[0m
[2.536s] [ 87%] [32mBuilding C object CMakeFiles/navigation_interfaces__rosidl_generator_py.dir/rosidl_generator_py/navigation_interfaces/srv/_set_nav_s.c.o[0m
[2.610s] [ 89%] [32m[1mLinking C shared library rosidl_generator_py/navigation_interfaces/libnavigation_interfaces__rosidl_generator_py.so[0m
[2.648s] [ 89%] Built target navigation_interfaces__rosidl_generator_py
[2.657s] [35m[1mConsolidate compiler generated dependencies of target navigation_interfaces__rosidl_typesupport_introspection_c__pyext[0m
[2.658s] [35m[1mConsolidate compiler generated dependencies of target navigation_interfaces__rosidl_typesupport_fastrtps_c__pyext[0m
[2.658s] [35m[1mConsolidate compiler generated dependencies of target navigation_interfaces__rosidl_typesupport_c__pyext[0m
[2.670s] [ 94%] [32mBuilding C object CMakeFiles/navigation_interfaces__rosidl_typesupport_introspection_c__pyext.dir/rosidl_generator_py/navigation_interfaces/_navigation_interfaces_s.ep.rosidl_typesupport_introspection_c.c.o[0m
[2.670s] [ 94%] [32mBuilding C object CMakeFiles/navigation_interfaces__rosidl_typesupport_c__pyext.dir/rosidl_generator_py/navigation_interfaces/_navigation_interfaces_s.ep.rosidl_typesupport_c.c.o[0m
[2.670s] [ 94%] [32mBuilding C object CMakeFiles/navigation_interfaces__rosidl_typesupport_fastrtps_c__pyext.dir/rosidl_generator_py/navigation_interfaces/_navigation_interfaces_s.ep.rosidl_typesupport_fastrtps_c.c.o[0m
[2.745s] [ 96%] [32m[1mLinking C shared library rosidl_generator_py/navigation_interfaces/navigation_interfaces_s__rosidl_typesupport_c.cpython-310-x86_64-linux-gnu.so[0m
[2.745s] [ 98%] [32m[1mLinking C shared library rosidl_generator_py/navigation_interfaces/navigation_interfaces_s__rosidl_typesupport_introspection_c.cpython-310-x86_64-linux-gnu.so[0m
[2.749s] [100%] [32m[1mLinking C shared library rosidl_generator_py/navigation_interfaces/navigation_interfaces_s__rosidl_typesupport_fastrtps_c.cpython-310-x86_64-linux-gnu.so[0m
[2.774s] [100%] Built target navigation_interfaces__rosidl_typesupport_c__pyext
[2.774s] [100%] Built target navigation_interfaces__rosidl_typesupport_introspection_c__pyext
[2.778s] [100%] Built target navigation_interfaces__rosidl_typesupport_fastrtps_c__pyext
[2.790s] Invoked command in '/home/isaac/Documents/D.A.V.E./ros2_ws/build/navigation_interfaces' returned '0': CMAKE_PREFIX_PATH=${CMAKE_PREFIX_PATH}:/opt/ros/humble /usr/bin/cmake --build /home/isaac/Documents/D.A.V.E./ros2_ws/build/navigation_interfaces -- -j16 -l16
[2.801s] Invoking command in '/home/isaac/Documents/D.A.V.E./ros2_ws/build/navigation_interfaces': CMAKE_PREFIX_PATH=${CMAKE_PREFIX_PATH}:/opt/ros/humble /usr/bin/cmake --install /home/isaac/Documents/D.A.V.E./ros2_ws/build/navigation_interfaces
[2.806s] -- Install configuration: ""
[2.806s] -- Installing: /home/isaac/Documents/D.A.V.E./ros2_ws/install/navigation_interfaces/share/ament_index/resource_index/rosidl_interfaces/navigation_interfaces
[2.807s] -- Up-to-date: /home/isaac/Documents/D.A.V.E./ros2_ws/install/navigation_interfaces/include/navigation_interfaces/navigation_interfaces
[2.807s] -- Up-to-date: /home/isaac/Documents/D.A.V.E./ros2_ws/install/navigation_interfaces/include/navigation_interfaces/navigation_interfaces/msg
[2.807s] -- Up-to-date: /home/isaac/Documents/D.A.V.E./ros2_ws/install/navigation_interfaces/include/navigation_interfaces/navigation_interfaces/msg/detail
[2.807s] -- Installing: /home/isaac/Documents/D.A.V.E./ros2_ws/install/navigation_interfaces/include/navigation_interfaces/navigation_interfaces/msg/detail/bearing__functions.h
[2.807s] -- Installing: /home/isaac/Documents/D.A.V.E./ros2_ws/install/navigation_interfaces/include/navigation_interfaces/navigation_interfaces/msg/detail/position__functions.h
[2.807s] -- Installing: /home/isaac/Documents/D.A.V.E./ros2_ws/install/navigation_interfaces/include/navigation_interfaces/navigation_interfaces/msg/detail/position__type_support.h
[2.807s] -- Installing: /home/isaac/Documents/D.A.V.E./ros2_ws/install/navigation_interfaces/include/navigation_interfaces/navigation_interfaces/msg/detail/position__functions.c
[2.807s] -- Installing: /home/isaac/Documents/D.A.V.E./ros2_ws/install/navigation_interfaces/include/navigation_interfaces/navigation_interfaces/msg/detail/bearing__type_support.h
[2.808s] -- Installing: /home/isaac/Documents/D.A.V.E./ros2_ws/install/navigation_interfaces/include/navigation_interfaces/navigation_interfaces/msg/detail/bearing__struct.h
[2.808s] -- Installing: /home/isaac/Documents/D.A.V.E./ros2_ws/install/navigation_interfaces/include/navigation_interfaces/navigation_interfaces/msg/detail/position__struct.h
[2.808s] -- Installing: /home/isaac/Documents/D.A.V.E./ros2_ws/install/navigation_interfaces/include/navigation_interfaces/navigation_interfaces/msg/detail/bearing__functions.c
[2.808s] -- Installing: /home/isaac/Documents/D.A.V.E./ros2_ws/install/navigation_interfaces/include/navigation_interfaces/navigation_interfaces/msg/bearing.h
[2.808s] -- Installing: /home/isaac/Documents/D.A.V.E./ros2_ws/install/navigation_interfaces/include/navigation_interfaces/navigation_interfaces/msg/position.h
[2.808s] -- Up-to-date: /home/isaac/Documents/D.A.V.E./ros2_ws/install/navigation_interfaces/include/navigation_interfaces/navigation_interfaces/msg/rosidl_generator_c__visibility_control.h
[2.808s] -- Up-to-date: /home/isaac/Documents/D.A.V.E./ros2_ws/install/navigation_interfaces/include/navigation_interfaces/navigation_interfaces/srv
[2.809s] -- Up-to-date: /home/isaac/Documents/D.A.V.E./ros2_ws/install/navigation_interfaces/include/navigation_interfaces/navigation_interfaces/srv/detail
[2.809s] -- Up-to-date: /home/isaac/Documents/D.A.V.E./ros2_ws/install/navigation_interfaces/include/navigation_interfaces/navigation_interfaces/srv/detail/get_set_nav__functions.c
[2.809s] -- Installing: /home/isaac/Documents/D.A.V.E./ros2_ws/install/navigation_interfaces/include/navigation_interfaces/navigation_interfaces/srv/detail/set_nav__functions.c
[2.809s] -- Installing: /home/isaac/Documents/D.A.V.E./ros2_ws/install/navigation_interfaces/include/navigation_interfaces/navigation_interfaces/srv/detail/get_nav__functions.h
[2.809s] -- Up-to-date: /home/isaac/Documents/D.A.V.E./ros2_ws/install/navigation_interfaces/include/navigation_interfaces/navigation_interfaces/srv/detail/get_set_nav__functions.h
[2.809s] -- Installing: /home/isaac/Documents/D.A.V.E./ros2_ws/install/navigation_interfaces/include/navigation_interfaces/navigation_interfaces/srv/detail/set_nav__struct.h
[2.809s] -- Installing: /home/isaac/Documents/D.A.V.E./ros2_ws/install/navigation_interfaces/include/navigation_interfaces/navigation_interfaces/srv/detail/set_nav__functions.h
[2.809s] -- Up-to-date: /home/isaac/Documents/D.A.V.E./ros2_ws/install/navigation_interfaces/include/navigation_interfaces/navigation_interfaces/srv/detail/get_set_nav__struct.h
[2.809s] -- Installing: /home/isaac/Documents/D.A.V.E./ros2_ws/install/navigation_interfaces/include/navigation_interfaces/navigation_interfaces/srv/detail/get_nav__struct.h
[2.809s] -- Installing: /home/isaac/Documents/D.A.V.E./ros2_ws/install/navigation_interfaces/include/navigation_interfaces/navigation_interfaces/srv/detail/get_nav__type_support.h
[2.809s] -- Up-to-date: /home/isaac/Documents/D.A.V.E./ros2_ws/install/navigation_interfaces/include/navigation_interfaces/navigation_interfaces/srv/detail/get_set_nav__type_support.h
[2.810s] -- Installing: /home/isaac/Documents/D.A.V.E./ros2_ws/install/navigation_interfaces/include/navigation_interfaces/navigation_interfaces/srv/detail/set_nav__type_support.h
[2.810s] -- Installing: /home/isaac/Documents/D.A.V.E./ros2_ws/install/navigation_interfaces/include/navigation_interfaces/navigation_interfaces/srv/detail/get_nav__functions.c
[2.810s] -- Up-to-date: /home/isaac/Documents/D.A.V.E./ros2_ws/install/navigation_interfaces/include/navigation_interfaces/navigation_interfaces/srv/get_set_nav.h
[2.810s] -- Installing: /home/isaac/Documents/D.A.V.E./ros2_ws/install/navigation_interfaces/include/navigation_interfaces/navigation_interfaces/srv/set_nav.h
[2.810s] -- Installing: /home/isaac/Documents/D.A.V.E./ros2_ws/install/navigation_interfaces/include/navigation_interfaces/navigation_interfaces/srv/get_nav.h
[2.810s] -- Up-to-date: /home/isaac/Documents/D.A.V.E./ros2_ws/install/navigation_interfaces/share/navigation_interfaces/environment/library_path.sh
[2.810s] -- Installing: /home/isaac/Documents/D.A.V.E./ros2_ws/install/navigation_interfaces/share/navigation_interfaces/environment/library_path.dsv
[2.810s] -- Installing: /home/isaac/Documents/D.A.V.E./ros2_ws/install/navigation_interfaces/lib/libnavigation_interfaces__rosidl_generator_c.so
[2.810s] -- Set runtime path of "/home/isaac/Documents/D.A.V.E./ros2_ws/install/navigation_interfaces/lib/libnavigation_interfaces__rosidl_generator_c.so" to ""
[2.810s] -- Up-to-date: /home/isaac/Documents/D.A.V.E./ros2_ws/install/navigation_interfaces/include/navigation_interfaces/navigation_interfaces
[2.810s] -- Up-to-date: /home/isaac/Documents/D.A.V.E./ros2_ws/install/navigation_interfaces/include/navigation_interfaces/navigation_interfaces/msg
[2.810s] -- Up-to-date: /home/isaac/Documents/D.A.V.E./ros2_ws/install/navigation_interfaces/include/navigation_interfaces/navigation_interfaces/msg/detail
[2.810s] -- Installing: /home/isaac/Documents/D.A.V.E./ros2_ws/install/navigation_interfaces/include/navigation_interfaces/navigation_interfaces/msg/detail/bearing__rosidl_typesupport_fastrtps_c.h
[2.810s] -- Installing: /home/isaac/Documents/D.A.V.E./ros2_ws/install/navigation_interfaces/include/navigation_interfaces/navigation_interfaces/msg/detail/position__rosidl_typesupport_fastrtps_c.h
[2.810s] -- Up-to-date: /home/isaac/Documents/D.A.V.E./ros2_ws/install/navigation_interfaces/include/navigation_interfaces/navigation_interfaces/msg/rosidl_typesupport_fastrtps_c__visibility_control.h
[2.810s] -- Up-to-date: /home/isaac/Documents/D.A.V.E./ros2_ws/install/navigation_interfaces/include/navigation_interfaces/navigation_interfaces/srv
[2.810s] -- Up-to-date: /home/isaac/Documents/D.A.V.E./ros2_ws/install/navigation_interfaces/include/navigation_interfaces/navigation_interfaces/srv/detail
[2.810s] -- Installing: /home/isaac/Documents/D.A.V.E./ros2_ws/install/navigation_interfaces/include/navigation_interfaces/navigation_interfaces/srv/detail/get_nav__rosidl_typesupport_fastrtps_c.h
[2.810s] -- Up-to-date: /home/isaac/Documents/D.A.V.E./ros2_ws/install/navigation_interfaces/include/navigation_interfaces/navigation_interfaces/srv/detail/get_set_nav__rosidl_typesupport_fastrtps_c.h
[2.811s] -- Installing: /home/isaac/Documents/D.A.V.E./ros2_ws/install/navigation_interfaces/include/navigation_interfaces/navigation_interfaces/srv/detail/set_nav__rosidl_typesupport_fastrtps_c.h
[2.811s] -- Installing: /home/isaac/Documents/D.A.V.E./ros2_ws/install/navigation_interfaces/lib/libnavigation_interfaces__rosidl_typesupport_fastrtps_c.so
[2.811s] -- Set runtime path of "/home/isaac/Documents/D.A.V.E./ros2_ws/install/navigation_interfaces/lib/libnavigation_interfaces__rosidl_typesupport_fastrtps_c.so" to ""
[2.811s] -- Up-to-date: /home/isaac/Documents/D.A.V.E./ros2_ws/install/navigation_interfaces/include/navigation_interfaces/navigation_interfaces
[2.811s] -- Up-to-date: /home/isaac/Documents/D.A.V.E./ros2_ws/install/navigation_interfaces/include/navigation_interfaces/navigation_interfaces/msg
[2.811s] -- Up-to-date: /home/isaac/Documents/D.A.V.E./ros2_ws/install/navigation_interfaces/include/navigation_interfaces/navigation_interfaces/msg/detail
[2.811s] -- Installing: /home/isaac/Documents/D.A.V.E./ros2_ws/install/navigation_interfaces/include/navigation_interfaces/navigation_interfaces/msg/detail/bearing__rosidl_typesupport_introspection_c.h
[2.811s] -- Installing: /home/isaac/Documents/D.A.V.E./ros2_ws/install/navigation_interfaces/include/navigation_interfaces/navigation_interfaces/msg/detail/position__type_support.c
[2.811s] -- Installing: /home/isaac/Documents/D.A.V.E./ros2_ws/install/navigation_interfaces/include/navigation_interfaces/navigation_interfaces/msg/detail/bearing__type_support.c
[2.811s] -- Installing: /home/isaac/Documents/D.A.V.E./ros2_ws/install/navigation_interfaces/include/navigation_interfaces/navigation_interfaces/msg/detail/position__rosidl_typesupport_introspection_c.h
[2.812s] -- Up-to-date: /home/isaac/Documents/D.A.V.E./ros2_ws/install/navigation_interfaces/include/navigation_interfaces/navigation_interfaces/msg/rosidl_typesupport_introspection_c__visibility_control.h
[2.812s] -- Up-to-date: /home/isaac/Documents/D.A.V.E./ros2_ws/install/navigation_interfaces/include/navigation_interfaces/navigation_interfaces/srv
[2.812s] -- Up-to-date: /home/isaac/Documents/D.A.V.E./ros2_ws/install/navigation_interfaces/include/navigation_interfaces/navigation_interfaces/srv/detail
[2.812s] -- Installing: /home/isaac/Documents/D.A.V.E./ros2_ws/install/navigation_interfaces/include/navigation_interfaces/navigation_interfaces/srv/detail/set_nav__rosidl_typesupport_introspection_c.h
[2.812s] -- Up-to-date: /home/isaac/Documents/D.A.V.E./ros2_ws/install/navigation_interfaces/include/navigation_interfaces/navigation_interfaces/srv/detail/get_set_nav__rosidl_typesupport_introspection_c.h
[2.812s] -- Installing: /home/isaac/Documents/D.A.V.E./ros2_ws/install/navigation_interfaces/include/navigation_interfaces/navigation_interfaces/srv/detail/get_nav__rosidl_typesupport_introspection_c.h
[2.812s] -- Up-to-date: /home/isaac/Documents/D.A.V.E./ros2_ws/install/navigation_interfaces/include/navigation_interfaces/navigation_interfaces/srv/detail/get_set_nav__type_support.c
[2.812s] -- Installing: /home/isaac/Documents/D.A.V.E./ros2_ws/install/navigation_interfaces/include/navigation_interfaces/navigation_interfaces/srv/detail/set_nav__type_support.c
[2.812s] -- Installing: /home/isaac/Documents/D.A.V.E./ros2_ws/install/navigation_interfaces/include/navigation_interfaces/navigation_interfaces/srv/detail/get_nav__type_support.c
[2.812s] -- Installing: /home/isaac/Documents/D.A.V.E./ros2_ws/install/navigation_interfaces/lib/libnavigation_interfaces__rosidl_typesupport_introspection_c.so
[2.813s] -- Set runtime path of "/home/isaac/Documents/D.A.V.E./ros2_ws/install/navigation_interfaces/lib/libnavigation_interfaces__rosidl_typesupport_introspection_c.so" to ""
[2.813s] -- Installing: /home/isaac/Documents/D.A.V.E./ros2_ws/install/navigation_interfaces/lib/libnavigation_interfaces__rosidl_typesupport_c.so
[2.813s] -- Set runtime path of "/home/isaac/Documents/D.A.V.E./ros2_ws/install/navigation_interfaces/lib/libnavigation_interfaces__rosidl_typesupport_c.so" to ""
[2.813s] -- Up-to-date: /home/isaac/Documents/D.A.V.E./ros2_ws/install/navigation_interfaces/include/navigation_interfaces/navigation_interfaces
[2.813s] -- Up-to-date: /home/isaac/Documents/D.A.V.E./ros2_ws/install/navigation_interfaces/include/navigation_interfaces/navigation_interfaces/msg
[2.813s] -- Up-to-date: /home/isaac/Documents/D.A.V.E./ros2_ws/install/navigation_interfaces/include/navigation_interfaces/navigation_interfaces/msg/detail
[2.813s] -- Installing: /home/isaac/Documents/D.A.V.E./ros2_ws/install/navigation_interfaces/include/navigation_interfaces/navigation_interfaces/msg/detail/position__struct.hpp
[2.813s] -- Installing: /home/isaac/Documents/D.A.V.E./ros2_ws/install/navigation_interfaces/include/navigation_interfaces/navigation_interfaces/msg/detail/bearing__struct.hpp
[2.813s] -- Installing: /home/isaac/Documents/D.A.V.E./ros2_ws/install/navigation_interfaces/include/navigation_interfaces/navigation_interfaces/msg/detail/position__traits.hpp
[2.814s] -- Installing: /home/isaac/Documents/D.A.V.E./ros2_ws/install/navigation_interfaces/include/navigation_interfaces/navigation_interfaces/msg/detail/bearing__type_support.hpp
[2.814s] -- Installing: /home/isaac/Documents/D.A.V.E./ros2_ws/install/navigation_interfaces/include/navigation_interfaces/navigation_interfaces/msg/detail/bearing__traits.hpp
[2.814s] -- Installing: /home/isaac/Documents/D.A.V.E./ros2_ws/install/navigation_interfaces/include/navigation_interfaces/navigation_interfaces/msg/detail/bearing__builder.hpp
[2.814s] -- Installing: /home/isaac/Documents/D.A.V.E./ros2_ws/install/navigation_interfaces/include/navigation_interfaces/navigation_interfaces/msg/detail/position__builder.hpp
[2.814s] -- Installing: /home/isaac/Documents/D.A.V.E./ros2_ws/install/navigation_interfaces/include/navigation_interfaces/navigation_interfaces/msg/detail/position__type_support.hpp
[2.814s] -- Installing: /home/isaac/Documents/D.A.V.E./ros2_ws/install/navigation_interfaces/include/navigation_interfaces/navigation_interfaces/msg/position.hpp
[2.814s] -- Installing: /home/isaac/Documents/D.A.V.E./ros2_ws/install/navigation_interfaces/include/navigation_interfaces/navigation_interfaces/msg/bearing.hpp
[2.814s] -- Up-to-date: /home/isaac/Documents/D.A.V.E./ros2_ws/install/navigation_interfaces/include/navigation_interfaces/navigation_interfaces/msg/rosidl_generator_cpp__visibility_control.hpp
[2.815s] -- Up-to-date: /home/isaac/Documents/D.A.V.E./ros2_ws/install/navigation_interfaces/include/navigation_interfaces/navigation_interfaces/srv
[2.815s] -- Up-to-date: /home/isaac/Documents/D.A.V.E./ros2_ws/install/navigation_interfaces/include/navigation_interfaces/navigation_interfaces/srv/detail
[2.815s] -- Up-to-date: /home/isaac/Documents/D.A.V.E./ros2_ws/install/navigation_interfaces/include/navigation_interfaces/navigation_interfaces/srv/detail/get_set_nav__builder.hpp
[2.815s] -- Installing: /home/isaac/Documents/D.A.V.E./ros2_ws/install/navigation_interfaces/include/navigation_interfaces/navigation_interfaces/srv/detail/get_nav__traits.hpp
[2.815s] -- Installing: /home/isaac/Documents/D.A.V.E./ros2_ws/install/navigation_interfaces/include/navigation_interfaces/navigation_interfaces/srv/detail/get_nav__struct.hpp
[2.815s] -- Up-to-date: /home/isaac/Documents/D.A.V.E./ros2_ws/install/navigation_interfaces/include/navigation_interfaces/navigation_interfaces/srv/detail/get_set_nav__struct.hpp
[2.815s] -- Installing: /home/isaac/Documents/D.A.V.E./ros2_ws/install/navigation_interfaces/include/navigation_interfaces/navigation_interfaces/srv/detail/get_nav__builder.hpp
[2.815s] -- Up-to-date: /home/isaac/Documents/D.A.V.E./ros2_ws/install/navigation_interfaces/include/navigation_interfaces/navigation_interfaces/srv/detail/get_set_nav__traits.hpp
[2.815s] -- Installing: /home/isaac/Documents/D.A.V.E./ros2_ws/install/navigation_interfaces/include/navigation_interfaces/navigation_interfaces/srv/detail/set_nav__struct.hpp
[2.815s] -- Installing: /home/isaac/Documents/D.A.V.E./ros2_ws/install/navigation_interfaces/include/navigation_interfaces/navigation_interfaces/srv/detail/get_nav__type_support.hpp
[2.815s] -- Installing: /home/isaac/Documents/D.A.V.E./ros2_ws/install/navigation_interfaces/include/navigation_interfaces/navigation_interfaces/srv/detail/set_nav__type_support.hpp
[2.815s] -- Installing: /home/isaac/Documents/D.A.V.E./ros2_ws/install/navigation_interfaces/include/navigation_interfaces/navigation_interfaces/srv/detail/set_nav__builder.hpp
[2.815s] -- Up-to-date: /home/isaac/Documents/D.A.V.E./ros2_ws/install/navigation_interfaces/include/navigation_interfaces/navigation_interfaces/srv/detail/get_set_nav__type_support.hpp
[2.815s] -- Installing: /home/isaac/Documents/D.A.V.E./ros2_ws/install/navigation_interfaces/include/navigation_interfaces/navigation_interfaces/srv/detail/set_nav__traits.hpp
[2.815s] -- Up-to-date: /home/isaac/Documents/D.A.V.E./ros2_ws/install/navigation_interfaces/include/navigation_interfaces/navigation_interfaces/srv/get_set_nav.hpp
[2.816s] -- Installing: /home/isaac/Documents/D.A.V.E./ros2_ws/install/navigation_interfaces/include/navigation_interfaces/navigation_interfaces/srv/get_nav.hpp
[2.816s] -- Installing: /home/isaac/Documents/D.A.V.E./ros2_ws/install/navigation_interfaces/include/navigation_interfaces/navigation_interfaces/srv/set_nav.hpp
[2.816s] -- Up-to-date: /home/isaac/Documents/D.A.V.E./ros2_ws/install/navigation_interfaces/include/navigation_interfaces/navigation_interfaces
[2.816s] -- Up-to-date: /home/isaac/Documents/D.A.V.E./ros2_ws/install/navigation_interfaces/include/navigation_interfaces/navigation_interfaces/msg
[2.816s] -- Up-to-date: /home/isaac/Documents/D.A.V.E./ros2_ws/install/navigation_interfaces/include/navigation_interfaces/navigation_interfaces/msg/detail
[2.816s] -- Installing: /home/isaac/Documents/D.A.V.E./ros2_ws/install/navigation_interfaces/include/navigation_interfaces/navigation_interfaces/msg/detail/position__rosidl_typesupport_fastrtps_cpp.hpp
[2.816s] -- Up-to-date: /home/isaac/Documents/D.A.V.E./ros2_ws/install/navigation_interfaces/include/navigation_interfaces/navigation_interfaces/msg/detail/dds_fastrtps
[2.816s] -- Installing: /home/isaac/Documents/D.A.V.E./ros2_ws/install/navigation_interfaces/include/navigation_interfaces/navigation_interfaces/msg/detail/bearing__rosidl_typesupport_fastrtps_cpp.hpp
[2.816s] -- Up-to-date: /home/isaac/Documents/D.A.V.E./ros2_ws/install/navigation_interfaces/include/navigation_interfaces/navigation_interfaces/msg/rosidl_typesupport_fastrtps_cpp__visibility_control.h
[2.816s] -- Up-to-date: /home/isaac/Documents/D.A.V.E./ros2_ws/install/navigation_interfaces/include/navigation_interfaces/navigation_interfaces/srv
[2.816s] -- Up-to-date: /home/isaac/Documents/D.A.V.E./ros2_ws/install/navigation_interfaces/include/navigation_interfaces/navigation_interfaces/srv/detail
[2.816s] -- Up-to-date: /home/isaac/Documents/D.A.V.E./ros2_ws/install/navigation_interfaces/include/navigation_interfaces/navigation_interfaces/srv/detail/dds_fastrtps
[2.816s] -- Up-to-date: /home/isaac/Documents/D.A.V.E./ros2_ws/install/navigation_interfaces/include/navigation_interfaces/navigation_interfaces/srv/detail/get_set_nav__rosidl_typesupport_fastrtps_cpp.hpp
[2.816s] -- Installing: /home/isaac/Documents/D.A.V.E./ros2_ws/install/navigation_interfaces/include/navigation_interfaces/navigation_interfaces/srv/detail/set_nav__rosidl_typesupport_fastrtps_cpp.hpp
[2.816s] -- Installing: /home/isaac/Documents/D.A.V.E./ros2_ws/install/navigation_interfaces/include/navigation_interfaces/navigation_interfaces/srv/detail/get_nav__rosidl_typesupport_fastrtps_cpp.hpp
[2.817s] -- Installing: /home/isaac/Documents/D.A.V.E./ros2_ws/install/navigation_interfaces/lib/libnavigation_interfaces__rosidl_typesupport_fastrtps_cpp.so
[2.817s] -- Set runtime path of "/home/isaac/Documents/D.A.V.E./ros2_ws/install/navigation_interfaces/lib/libnavigation_interfaces__rosidl_typesupport_fastrtps_cpp.so" to ""
[2.817s] -- Up-to-date: /home/isaac/Documents/D.A.V.E./ros2_ws/install/navigation_interfaces/include/navigation_interfaces/navigation_interfaces
[2.817s] -- Up-to-date: /home/isaac/Documents/D.A.V.E./ros2_ws/install/navigation_interfaces/include/navigation_interfaces/navigation_interfaces/msg
[2.817s] -- Up-to-date: /home/isaac/Documents/D.A.V.E./ros2_ws/install/navigation_interfaces/include/navigation_interfaces/navigation_interfaces/msg/detail
[2.817s] -- Installing: /home/isaac/Documents/D.A.V.E./ros2_ws/install/navigation_interfaces/include/navigation_interfaces/navigation_interfaces/msg/detail/bearing__rosidl_typesupport_introspection_cpp.hpp
[2.817s] -- Installing: /home/isaac/Documents/D.A.V.E./ros2_ws/install/navigation_interfaces/include/navigation_interfaces/navigation_interfaces/msg/detail/position__rosidl_typesupport_introspection_cpp.hpp
[2.817s] -- Installing: /home/isaac/Documents/D.A.V.E./ros2_ws/install/navigation_interfaces/include/navigation_interfaces/navigation_interfaces/msg/detail/position__type_support.cpp
[2.817s] -- Installing: /home/isaac/Documents/D.A.V.E./ros2_ws/install/navigation_interfaces/include/navigation_interfaces/navigation_interfaces/msg/detail/bearing__type_support.cpp
[2.818s] -- Up-to-date: /home/isaac/Documents/D.A.V.E./ros2_ws/install/navigation_interfaces/include/navigation_interfaces/navigation_interfaces/srv
[2.818s] -- Up-to-date: /home/isaac/Documents/D.A.V.E./ros2_ws/install/navigation_interfaces/include/navigation_interfaces/navigation_interfaces/srv/detail
[2.818s] -- Up-to-date: /home/isaac/Documents/D.A.V.E./ros2_ws/install/navigation_interfaces/include/navigation_interfaces/navigation_interfaces/srv/detail/get_set_nav__type_support.cpp
[2.818s] -- Installing: /home/isaac/Documents/D.A.V.E./ros2_ws/install/navigation_interfaces/include/navigation_interfaces/navigation_interfaces/srv/detail/set_nav__type_support.cpp
[2.818s] -- Installing: /home/isaac/Documents/D.A.V.E./ros2_ws/install/navigation_interfaces/include/navigation_interfaces/navigation_interfaces/srv/detail/get_nav__type_support.cpp
[2.818s] -- Installing: /home/isaac/Documents/D.A.V.E./ros2_ws/install/navigation_interfaces/include/navigation_interfaces/navigation_interfaces/srv/detail/set_nav__rosidl_typesupport_introspection_cpp.hpp
[2.818s] -- Up-to-date: /home/isaac/Documents/D.A.V.E./ros2_ws/install/navigation_interfaces/include/navigation_interfaces/navigation_interfaces/srv/detail/get_set_nav__rosidl_typesupport_introspection_cpp.hpp
[2.818s] -- Installing: /home/isaac/Documents/D.A.V.E./ros2_ws/install/navigation_interfaces/include/navigation_interfaces/navigation_interfaces/srv/detail/get_nav__rosidl_typesupport_introspection_cpp.hpp
[2.818s] -- Installing: /home/isaac/Documents/D.A.V.E./ros2_ws/install/navigation_interfaces/lib/libnavigation_interfaces__rosidl_typesupport_introspection_cpp.so
[2.819s] -- Set runtime path of "/home/isaac/Documents/D.A.V.E./ros2_ws/install/navigation_interfaces/lib/libnavigation_interfaces__rosidl_typesupport_introspection_cpp.so" to ""
[2.819s] -- Installing: /home/isaac/Documents/D.A.V.E./ros2_ws/install/navigation_interfaces/lib/libnavigation_interfaces__rosidl_typesupport_cpp.so
[2.819s] -- Set runtime path of "/home/isaac/Documents/D.A.V.E./ros2_ws/install/navigation_interfaces/lib/libnavigation_interfaces__rosidl_typesupport_cpp.so" to ""
[2.819s] -- Up-to-date: /home/isaac/Documents/D.A.V.E./ros2_ws/install/navigation_interfaces/share/navigation_interfaces/environment/pythonpath.sh
[2.819s] -- Installing: /home/isaac/Documents/D.A.V.E./ros2_ws/install/navigation_interfaces/share/navigation_interfaces/environment/pythonpath.dsv
[2.819s] -- Up-to-date: /home/isaac/Documents/D.A.V.E./ros2_ws/install/navigation_interfaces/local/lib/python3.10/dist-packages/navigation_interfaces-0.0.0-py3.10.egg-info
[2.819s] -- Installing: /home/isaac/Documents/D.A.V.E./ros2_ws/install/navigation_interfaces/local/lib/python3.10/dist-packages/navigation_interfaces-0.0.0-py3.10.egg-info/SOURCES.txt
[2.820s] -- Installing: /home/isaac/Documents/D.A.V.E./ros2_ws/install/navigation_interfaces/local/lib/python3.10/dist-packages/navigation_interfaces-0.0.0-py3.10.egg-info/top_level.txt
[2.820s] -- Installing: /home/isaac/Documents/D.A.V.E./ros2_ws/install/navigation_interfaces/local/lib/python3.10/dist-packages/navigation_interfaces-0.0.0-py3.10.egg-info/dependency_links.txt
[2.820s] -- Installing: /home/isaac/Documents/D.A.V.E./ros2_ws/install/navigation_interfaces/local/lib/python3.10/dist-packages/navigation_interfaces-0.0.0-py3.10.egg-info/PKG-INFO
[2.820s] -- Up-to-date: /home/isaac/Documents/D.A.V.E./ros2_ws/install/navigation_interfaces/local/lib/python3.10/dist-packages/navigation_interfaces
[2.820s] -- Installing: /home/isaac/Documents/D.A.V.E./ros2_ws/install/navigation_interfaces/local/lib/python3.10/dist-packages/navigation_interfaces/_navigation_interfaces_s.ep.rosidl_typesupport_c.c
[2.820s] -- Installing: /home/isaac/Documents/D.A.V.E./ros2_ws/install/navigation_interfaces/local/lib/python3.10/dist-packages/navigation_interfaces/__init__.py
[2.820s] -- Installing: /home/isaac/Documents/D.A.V.E./ros2_ws/install/navigation_interfaces/local/lib/python3.10/dist-packages/navigation_interfaces/_navigation_interfaces_s.ep.rosidl_typesupport_introspection_c.c
[2.820s] -- Installing: /home/isaac/Documents/D.A.V.E./ros2_ws/install/navigation_interfaces/local/lib/python3.10/dist-packages/navigation_interfaces/_navigation_interfaces_s.ep.rosidl_typesupport_fastrtps_c.c
[2.821s] -- Up-to-date: /home/isaac/Documents/D.A.V.E./ros2_ws/install/navigation_interfaces/local/lib/python3.10/dist-packages/navigation_interfaces/msg
[2.821s] -- Installing: /home/isaac/Documents/D.A.V.E./ros2_ws/install/navigation_interfaces/local/lib/python3.10/dist-packages/navigation_interfaces/msg/__init__.py
[2.821s] -- Installing: /home/isaac/Documents/D.A.V.E./ros2_ws/install/navigation_interfaces/local/lib/python3.10/dist-packages/navigation_interfaces/msg/_bearing.py
[2.821s] -- Installing: /home/isaac/Documents/D.A.V.E./ros2_ws/install/navigation_interfaces/local/lib/python3.10/dist-packages/navigation_interfaces/msg/_position_s.c
[2.821s] -- Installing: /home/isaac/Documents/D.A.V.E./ros2_ws/install/navigation_interfaces/local/lib/python3.10/dist-packages/navigation_interfaces/msg/_bearing_s.c
[2.821s] -- Installing: /home/isaac/Documents/D.A.V.E./ros2_ws/install/navigation_interfaces/local/lib/python3.10/dist-packages/navigation_interfaces/msg/_position.py
[2.821s] -- Installing: /home/isaac/Documents/D.A.V.E./ros2_ws/install/navigation_interfaces/local/lib/python3.10/dist-packages/navigation_interfaces/navigation_interfaces_s__rosidl_typesupport_fastrtps_c.cpython-310-x86_64-linux-gnu.so
[2.821s] -- Up-to-date: /home/isaac/Documents/D.A.V.E./ros2_ws/install/navigation_interfaces/local/lib/python3.10/dist-packages/navigation_interfaces/srv
[2.822s] -- Installing: /home/isaac/Documents/D.A.V.E./ros2_ws/install/navigation_interfaces/local/lib/python3.10/dist-packages/navigation_interfaces/srv/__init__.py
[2.822s] -- Installing: /home/isaac/Documents/D.A.V.E./ros2_ws/install/navigation_interfaces/local/lib/python3.10/dist-packages/navigation_interfaces/srv/_get_nav_s.c
[2.822s] -- Installing: /home/isaac/Documents/D.A.V.E./ros2_ws/install/navigation_interfaces/local/lib/python3.10/dist-packages/navigation_interfaces/srv/_get_nav.py
[2.822s] -- Installing: /home/isaac/Documents/D.A.V.E./ros2_ws/install/navigation_interfaces/local/lib/python3.10/dist-packages/navigation_interfaces/srv/_set_nav.py
[2.822s] -- Up-to-date: /home/isaac/Documents/D.A.V.E./ros2_ws/install/navigation_interfaces/local/lib/python3.10/dist-packages/navigation_interfaces/srv/_get_set_nav.py
[2.822s] -- Installing: /home/isaac/Documents/D.A.V.E./ros2_ws/install/navigation_interfaces/local/lib/python3.10/dist-packages/navigation_interfaces/srv/_set_nav_s.c
[2.822s] -- Up-to-date: /home/isaac/Documents/D.A.V.E./ros2_ws/install/navigation_interfaces/local/lib/python3.10/dist-packages/navigation_interfaces/srv/_get_set_nav_s.c
[2.822s] -- Installing: /home/isaac/Documents/D.A.V.E./ros2_ws/install/navigation_interfaces/local/lib/python3.10/dist-packages/navigation_interfaces/libnavigation_interfaces__rosidl_generator_py.so
[2.822s] -- Installing: /home/isaac/Documents/D.A.V.E./ros2_ws/install/navigation_interfaces/local/lib/python3.10/dist-packages/navigation_interfaces/navigation_interfaces_s__rosidl_typesupport_introspection_c.cpython-310-x86_64-linux-gnu.so
[2.822s] -- Installing: /home/isaac/Documents/D.A.V.E./ros2_ws/install/navigation_interfaces/local/lib/python3.10/dist-packages/navigation_interfaces/navigation_interfaces_s__rosidl_typesupport_c.cpython-310-x86_64-linux-gnu.so
[2.850s] Listing '/home/isaac/Documents/D.A.V.E./ros2_ws/install/navigation_interfaces/local/lib/python3.10/dist-packages/navigation_interfaces'...
[2.850s] Compiling '/home/isaac/Documents/D.A.V.E./ros2_ws/install/navigation_interfaces/local/lib/python3.10/dist-packages/navigation_interfaces/__init__.py'...
[2.850s] Listing '/home/isaac/Documents/D.A.V.E./ros2_ws/install/navigation_interfaces/local/lib/python3.10/dist-packages/navigation_interfaces/msg'...
[2.850s] Compiling '/home/isaac/Documents/D.A.V.E./ros2_ws/install/navigation_interfaces/local/lib/python3.10/dist-packages/navigation_interfaces/msg/__init__.py'...
[2.850s] Compiling '/home/isaac/Documents/D.A.V.E./ros2_ws/install/navigation_interfaces/local/lib/python3.10/dist-packages/navigation_interfaces/msg/_bearing.py'...
[2.850s] Compiling '/home/isaac/Documents/D.A.V.E./ros2_ws/install/navigation_interfaces/local/lib/python3.10/dist-packages/navigation_interfaces/msg/_position.py'...
[2.850s] Listing '/home/isaac/Documents/D.A.V.E./ros2_ws/install/navigation_interfaces/local/lib/python3.10/dist-packages/navigation_interfaces/srv'...
[2.850s] Compiling '/home/isaac/Documents/D.A.V.E./ros2_ws/install/navigation_interfaces/local/lib/python3.10/dist-packages/navigation_interfaces/srv/__init__.py'...
[2.850s] Compiling '/home/isaac/Documents/D.A.V.E./ros2_ws/install/navigation_interfaces/local/lib/python3.10/dist-packages/navigation_interfaces/srv/_get_nav.py'...
[2.850s] Compiling '/home/isaac/Documents/D.A.V.E./ros2_ws/install/navigation_interfaces/local/lib/python3.10/dist-packages/navigation_interfaces/srv/_set_nav.py'...
[2.853s] -- Installing: /home/isaac/Documents/D.A.V.E./ros2_ws/install/navigation_interfaces/local/lib/python3.10/dist-packages/navigation_interfaces/navigation_interfaces_s__rosidl_typesupport_fastrtps_c.cpython-310-x86_64-linux-gnu.so
[2.854s] -- Set runtime path of "/home/isaac/Documents/D.A.V.E./ros2_ws/install/navigation_interfaces/local/lib/python3.10/dist-packages/navigation_interfaces/navigation_interfaces_s__rosidl_typesupport_fastrtps_c.cpython-310-x86_64-linux-gnu.so" to ""
[2.854s] -- Installing: /home/isaac/Documents/D.A.V.E./ros2_ws/install/navigation_interfaces/local/lib/python3.10/dist-packages/navigation_interfaces/navigation_interfaces_s__rosidl_typesupport_introspection_c.cpython-310-x86_64-linux-gnu.so
[2.854s] -- Set runtime path of "/home/isaac/Documents/D.A.V.E./ros2_ws/install/navigation_interfaces/local/lib/python3.10/dist-packages/navigation_interfaces/navigation_interfaces_s__rosidl_typesupport_introspection_c.cpython-310-x86_64-linux-gnu.so" to ""
[2.855s] -- Installing: /home/isaac/Documents/D.A.V.E./ros2_ws/install/navigation_interfaces/local/lib/python3.10/dist-packages/navigation_interfaces/navigation_interfaces_s__rosidl_typesupport_c.cpython-310-x86_64-linux-gnu.so
[2.855s] -- Set runtime path of "/home/isaac/Documents/D.A.V.E./ros2_ws/install/navigation_interfaces/local/lib/python3.10/dist-packages/navigation_interfaces/navigation_interfaces_s__rosidl_typesupport_c.cpython-310-x86_64-linux-gnu.so" to ""
[2.855s] -- Installing: /home/isaac/Documents/D.A.V.E./ros2_ws/install/navigation_interfaces/lib/libnavigation_interfaces__rosidl_generator_py.so
[2.856s] -- Set runtime path of "/home/isaac/Documents/D.A.V.E./ros2_ws/install/navigation_interfaces/lib/libnavigation_interfaces__rosidl_generator_py.so" to ""
[2.856s] -- Up-to-date: /home/isaac/Documents/D.A.V.E./ros2_ws/install/navigation_interfaces/share/navigation_interfaces/msg/Bearing.idl
[2.856s] -- Up-to-date: /home/isaac/Documents/D.A.V.E./ros2_ws/install/navigation_interfaces/share/navigation_interfaces/msg/Position.idl
[2.856s] -- Installing: /home/isaac/Documents/D.A.V.E./ros2_ws/install/navigation_interfaces/share/navigation_interfaces/srv/GetNav.idl
[2.856s] -- Installing: /home/isaac/Documents/D.A.V.E./ros2_ws/install/navigation_interfaces/share/navigation_interfaces/srv/SetNav.idl
[2.856s] -- Up-to-date: /home/isaac/Documents/D.A.V.E./ros2_ws/install/navigation_interfaces/share/navigation_interfaces/msg/Bearing.msg
[2.856s] -- Up-to-date: /home/isaac/Documents/D.A.V.E./ros2_ws/install/navigation_interfaces/share/navigation_interfaces/msg/Position.msg
[2.857s] -- Installing: /home/isaac/Documents/D.A.V.E./ros2_ws/install/navigation_interfaces/share/navigation_interfaces/srv/GetNav.srv
[2.857s] -- Installing: /home/isaac/Documents/D.A.V.E./ros2_ws/install/navigation_interfaces/share/navigation_interfaces/srv/GetNav_Request.msg
[2.857s] -- Installing: /home/isaac/Documents/D.A.V.E./ros2_ws/install/navigation_interfaces/share/navigation_interfaces/srv/GetNav_Response.msg
[2.857s] -- Installing: /home/isaac/Documents/D.A.V.E./ros2_ws/install/navigation_interfaces/share/navigation_interfaces/srv/SetNav.srv
[2.857s] -- Installing: /home/isaac/Documents/D.A.V.E./ros2_ws/install/navigation_interfaces/share/navigation_interfaces/srv/SetNav_Request.msg
[2.857s] -- Installing: /home/isaac/Documents/D.A.V.E./ros2_ws/install/navigation_interfaces/share/navigation_interfaces/srv/SetNav_Response.msg
[2.857s] -- Up-to-date: /home/isaac/Documents/D.A.V.E./ros2_ws/install/navigation_interfaces/share/ament_index/resource_index/package_run_dependencies/navigation_interfaces
[2.857s] -- Up-to-date: /home/isaac/Documents/D.A.V.E./ros2_ws/install/navigation_interfaces/share/ament_index/resource_index/parent_prefix_path/navigation_interfaces
[2.857s] -- Up-to-date: /home/isaac/Documents/D.A.V.E./ros2_ws/install/navigation_interfaces/share/navigation_interfaces/environment/ament_prefix_path.sh
[2.857s] -- Installing: /home/isaac/Documents/D.A.V.E./ros2_ws/install/navigation_interfaces/share/navigation_interfaces/environment/ament_prefix_path.dsv
[2.858s] -- Up-to-date: /home/isaac/Documents/D.A.V.E./ros2_ws/install/navigation_interfaces/share/navigation_interfaces/environment/path.sh
[2.858s] -- Installing: /home/isaac/Documents/D.A.V.E./ros2_ws/install/navigation_interfaces/share/navigation_interfaces/environment/path.dsv
[2.858s] -- Up-to-date: /home/isaac/Documents/D.A.V.E./ros2_ws/install/navigation_interfaces/share/navigation_interfaces/local_setup.bash
[2.858s] -- Up-to-date: /home/isaac/Documents/D.A.V.E./ros2_ws/install/navigation_interfaces/share/navigation_interfaces/local_setup.sh
[2.858s] -- Up-to-date: /home/isaac/Documents/D.A.V.E./ros2_ws/install/navigation_interfaces/share/navigation_interfaces/local_setup.zsh
[2.858s] -- Installing: /home/isaac/Documents/D.A.V.E./ros2_ws/install/navigation_interfaces/share/navigation_interfaces/local_setup.dsv
[2.858s] -- Installing: /home/isaac/Documents/D.A.V.E./ros2_ws/install/navigation_interfaces/share/navigation_interfaces/package.dsv
[2.858s] -- Up-to-date: /home/isaac/Documents/D.A.V.E./ros2_ws/install/navigation_interfaces/share/ament_index/resource_index/packages/navigation_interfaces
[2.858s] -- Up-to-date: /home/isaac/Documents/D.A.V.E./ros2_ws/install/navigation_interfaces/share/navigation_interfaces/cmake/export_navigation_interfaces__rosidl_generator_cExport.cmake
[2.858s] -- Up-to-date: /home/isaac/Documents/D.A.V.E./ros2_ws/install/navigation_interfaces/share/navigation_interfaces/cmake/export_navigation_interfaces__rosidl_generator_cExport-noconfig.cmake
[2.858s] -- Up-to-date: /home/isaac/Documents/D.A.V.E./ros2_ws/install/navigation_interfaces/share/navigation_interfaces/cmake/export_navigation_interfaces__rosidl_typesupport_fastrtps_cExport.cmake
[2.858s] -- Up-to-date: /home/isaac/Documents/D.A.V.E./ros2_ws/install/navigation_interfaces/share/navigation_interfaces/cmake/export_navigation_interfaces__rosidl_typesupport_fastrtps_cExport-noconfig.cmake
[2.858s] -- Up-to-date: /home/isaac/Documents/D.A.V.E./ros2_ws/install/navigation_interfaces/share/navigation_interfaces/cmake/navigation_interfaces__rosidl_typesupport_introspection_cExport.cmake
[2.858s] -- Up-to-date: /home/isaac/Documents/D.A.V.E./ros2_ws/install/navigation_interfaces/share/navigation_interfaces/cmake/navigation_interfaces__rosidl_typesupport_introspection_cExport-noconfig.cmake
[2.858s] -- Up-to-date: /home/isaac/Documents/D.A.V.E./ros2_ws/install/navigation_interfaces/share/navigation_interfaces/cmake/navigation_interfaces__rosidl_typesupport_cExport.cmake
[2.858s] -- Up-to-date: /home/isaac/Documents/D.A.V.E./ros2_ws/install/navigation_interfaces/share/navigation_interfaces/cmake/navigation_interfaces__rosidl_typesupport_cExport-noconfig.cmake
[2.859s] -- Up-to-date: /home/isaac/Documents/D.A.V.E./ros2_ws/install/navigation_interfaces/share/navigation_interfaces/cmake/export_navigation_interfaces__rosidl_generator_cppExport.cmake
[2.859s] -- Up-to-date: /home/isaac/Documents/D.A.V.E./ros2_ws/install/navigation_interfaces/share/navigation_interfaces/cmake/export_navigation_interfaces__rosidl_typesupport_fastrtps_cppExport.cmake
[2.859s] -- Up-to-date: /home/isaac/Documents/D.A.V.E./ros2_ws/install/navigation_interfaces/share/navigation_interfaces/cmake/export_navigation_interfaces__rosidl_typesupport_fastrtps_cppExport-noconfig.cmake
[2.859s] -- Up-to-date: /home/isaac/Documents/D.A.V.E./ros2_ws/install/navigation_interfaces/share/navigation_interfaces/cmake/navigation_interfaces__rosidl_typesupport_introspection_cppExport.cmake
[2.859s] -- Up-to-date: /home/isaac/Documents/D.A.V.E./ros2_ws/install/navigation_interfaces/share/navigation_interfaces/cmake/navigation_interfaces__rosidl_typesupport_introspection_cppExport-noconfig.cmake
[2.859s] -- Up-to-date: /home/isaac/Documents/D.A.V.E./ros2_ws/install/navigation_interfaces/share/navigation_interfaces/cmake/navigation_interfaces__rosidl_typesupport_cppExport.cmake
[2.859s] -- Up-to-date: /home/isaac/Documents/D.A.V.E./ros2_ws/install/navigation_interfaces/share/navigation_interfaces/cmake/navigation_interfaces__rosidl_typesupport_cppExport-noconfig.cmake
[2.859s] -- Up-to-date: /home/isaac/Documents/D.A.V.E./ros2_ws/install/navigation_interfaces/share/navigation_interfaces/cmake/export_navigation_interfaces__rosidl_generator_pyExport.cmake
[2.859s] -- Up-to-date: /home/isaac/Documents/D.A.V.E./ros2_ws/install/navigation_interfaces/share/navigation_interfaces/cmake/export_navigation_interfaces__rosidl_generator_pyExport-noconfig.cmake
[2.859s] -- Installing: /home/isaac/Documents/D.A.V.E./ros2_ws/install/navigation_interfaces/share/navigation_interfaces/cmake/rosidl_cmake-extras.cmake
[2.859s] -- Up-to-date: /home/isaac/Documents/D.A.V.E./ros2_ws/install/navigation_interfaces/share/navigation_interfaces/cmake/ament_cmake_export_include_directories-extras.cmake
[2.859s] -- Up-to-date: /home/isaac/Documents/D.A.V.E./ros2_ws/install/navigation_interfaces/share/navigation_interfaces/cmake/ament_cmake_export_libraries-extras.cmake
[2.859s] -- Up-to-date: /home/isaac/Documents/D.A.V.E./ros2_ws/install/navigation_interfaces/share/navigation_interfaces/cmake/ament_cmake_export_targets-extras.cmake
[2.859s] -- Up-to-date: /home/isaac/Documents/D.A.V.E./ros2_ws/install/navigation_interfaces/share/navigation_interfaces/cmake/rosidl_cmake_export_typesupport_targets-extras.cmake
[2.859s] -- Up-to-date: /home/isaac/Documents/D.A.V.E./ros2_ws/install/navigation_interfaces/share/navigation_interfaces/cmake/ament_cmake_export_dependencies-extras.cmake
[2.859s] -- Up-to-date: /home/isaac/Documents/D.A.V.E./ros2_ws/install/navigation_interfaces/share/navigation_interfaces/cmake/rosidl_cmake_export_typesupport_libraries-extras.cmake
[2.859s] -- Up-to-date: /home/isaac/Documents/D.A.V.E./ros2_ws/install/navigation_interfaces/share/navigation_interfaces/cmake/navigation_interfacesConfig.cmake
[2.860s] -- Up-to-date: /home/isaac/Documents/D.A.V.E./ros2_ws/install/navigation_interfaces/share/navigation_interfaces/cmake/navigation_interfacesConfig-version.cmake
[2.860s] -- Up-to-date: /home/isaac/Documents/D.A.V.E./ros2_ws/install/navigation_interfaces/share/navigation_interfaces/package.xml
[2.862s] Invoked command in '/home/isaac/Documents/D.A.V.E./ros2_ws/build/navigation_interfaces' returned '0': CMAKE_PREFIX_PATH=${CMAKE_PREFIX_PATH}:/opt/ros/humble /usr/bin/cmake --install /home/isaac/Documents/D.A.V.E./ros2_ws/build/navigation_interfaces
