[35m[1mConsolidate compiler generated dependencies of target navigation_interfaces__rosidl_generator_c[0m
[  1%] Built target navigation_interfaces__cpp
[ 12%] Built target navigation_interfaces__rosidl_generator_c
[ 12%] Built target ament_cmake_python_copy_navigation_interfaces
[35m[1mConsolidate compiler generated dependencies of target navigation_interfaces__rosidl_typesupport_c[0m
[35m[1mConsolidate compiler generated dependencies of target navigation_interfaces__rosidl_typesupport_cpp[0m
[35m[1mConsolidate compiler generated dependencies of target navigation_interfaces__rosidl_typesupport_introspection_cpp[0m
[35m[1mConsolidate compiler generated dependencies of target navigation_interfaces__rosidl_typesupport_introspection_c[0m
[35m[1mConsolidate compiler generated dependencies of target navigation_interfaces__rosidl_typesupport_fastrtps_cpp[0m
[35m[1mConsolidate compiler generated dependencies of target navigation_interfaces__rosidl_typesupport_fastrtps_c[0m
[ 34%] Built target navigation_interfaces__rosidl_typesupport_c
[ 34%] Built target navigation_interfaces__rosidl_typesupport_introspection_c
[ 56%] Built target navigation_interfaces__rosidl_typesupport_cpp
[ 56%] Built target navigation_interfaces__rosidl_typesupport_introspection_cpp
[ 78%] Built target navigation_interfaces__rosidl_typesupport_fastrtps_c
[ 78%] Built target navigation_interfaces__rosidl_typesupport_fastrtps_cpp
[ 78%] Built target navigation_interfaces
[ 80%] Built target navigation_interfaces__py
[35m[1mConsolidate compiler generated dependencies of target navigation_interfaces__rosidl_generator_py[0m
[ 89%] Built target navigation_interfaces__rosidl_generator_py
[35m[1mConsolidate compiler generated dependencies of target navigation_interfaces__rosidl_typesupport_c__pyext[0m
[35m[1mConsolidate compiler generated dependencies of target navigation_interfaces__rosidl_typesupport_fastrtps_c__pyext[0m
[35m[1mConsolidate compiler generated dependencies of target navigation_interfaces__rosidl_typesupport_introspection_c__pyext[0m
[ 96%] Built target navigation_interfaces__rosidl_typesupport_c__pyext
[ 96%] Built target navigation_interfaces__rosidl_typesupport_fastrtps_c__pyext
[100%] Built target navigation_interfaces__rosidl_typesupport_introspection_c__pyext
running egg_info
writing navigation_interfaces.egg-info/PKG-INFO
writing dependency_links to navigation_interfaces.egg-info/dependency_links.txt
writing top-level names to navigation_interfaces.egg-info/top_level.txt
reading manifest file 'navigation_interfaces.egg-info/SOURCES.txt'
writing manifest file 'navigation_interfaces.egg-info/SOURCES.txt'
[100%] Built target ament_cmake_python_build_navigation_interfaces_egg
-- Install configuration: ""
-- Up-to-date: /home/isaac/Documents/D.A.V.E./ros2_ws/install/navigation_interfaces/share/ament_index/resource_index/rosidl_interfaces/navigation_interfaces
-- Up-to-date: /home/isaac/Documents/D.A.V.E./ros2_ws/install/navigation_interfaces/include/navigation_interfaces/navigation_interfaces
-- Up-to-date: /home/isaac/Documents/D.A.V.E./ros2_ws/install/navigation_interfaces/include/navigation_interfaces/navigation_interfaces/msg
-- Up-to-date: /home/isaac/Documents/D.A.V.E./ros2_ws/install/navigation_interfaces/include/navigation_interfaces/navigation_interfaces/msg/detail
-- Up-to-date: /home/isaac/Documents/D.A.V.E./ros2_ws/install/navigation_interfaces/include/navigation_interfaces/navigation_interfaces/msg/detail/bearing__functions.h
-- Up-to-date: /home/isaac/Documents/D.A.V.E./ros2_ws/install/navigation_interfaces/include/navigation_interfaces/navigation_interfaces/msg/detail/position__functions.h
-- Up-to-date: /home/isaac/Documents/D.A.V.E./ros2_ws/install/navigation_interfaces/include/navigation_interfaces/navigation_interfaces/msg/detail/position__type_support.h
-- Up-to-date: /home/isaac/Documents/D.A.V.E./ros2_ws/install/navigation_interfaces/include/navigation_interfaces/navigation_interfaces/msg/detail/position__functions.c
-- Up-to-date: /home/isaac/Documents/D.A.V.E./ros2_ws/install/navigation_interfaces/include/navigation_interfaces/navigation_interfaces/msg/detail/bearing__type_support.h
-- Up-to-date: /home/isaac/Documents/D.A.V.E./ros2_ws/install/navigation_interfaces/include/navigation_interfaces/navigation_interfaces/msg/detail/bearing__struct.h
-- Up-to-date: /home/isaac/Documents/D.A.V.E./ros2_ws/install/navigation_interfaces/include/navigation_interfaces/navigation_interfaces/msg/detail/position__struct.h
-- Up-to-date: /home/isaac/Documents/D.A.V.E./ros2_ws/install/navigation_interfaces/include/navigation_interfaces/navigation_interfaces/msg/detail/bearing__functions.c
-- Up-to-date: /home/isaac/Documents/D.A.V.E./ros2_ws/install/navigation_interfaces/include/navigation_interfaces/navigation_interfaces/msg/bearing.h
-- Up-to-date: /home/isaac/Documents/D.A.V.E./ros2_ws/install/navigation_interfaces/include/navigation_interfaces/navigation_interfaces/msg/position.h
-- Up-to-date: /home/isaac/Documents/D.A.V.E./ros2_ws/install/navigation_interfaces/include/navigation_interfaces/navigation_interfaces/msg/rosidl_generator_c__visibility_control.h
-- Up-to-date: /home/isaac/Documents/D.A.V.E./ros2_ws/install/navigation_interfaces/include/navigation_interfaces/navigation_interfaces/srv
-- Up-to-date: /home/isaac/Documents/D.A.V.E./ros2_ws/install/navigation_interfaces/include/navigation_interfaces/navigation_interfaces/srv/detail
-- Up-to-date: /home/isaac/Documents/D.A.V.E./ros2_ws/install/navigation_interfaces/include/navigation_interfaces/navigation_interfaces/srv/detail/get_set_nav__functions.c
-- Up-to-date: /home/isaac/Documents/D.A.V.E./ros2_ws/install/navigation_interfaces/include/navigation_interfaces/navigation_interfaces/srv/detail/set_nav__functions.c
-- Up-to-date: /home/isaac/Documents/D.A.V.E./ros2_ws/install/navigation_interfaces/include/navigation_interfaces/navigation_interfaces/srv/detail/get_nav__functions.h
-- Up-to-date: /home/isaac/Documents/D.A.V.E./ros2_ws/install/navigation_interfaces/include/navigation_interfaces/navigation_interfaces/srv/detail/get_set_nav__functions.h
-- Up-to-date: /home/isaac/Documents/D.A.V.E./ros2_ws/install/navigation_interfaces/include/navigation_interfaces/navigation_interfaces/srv/detail/set_nav__struct.h
-- Up-to-date: /home/isaac/Documents/D.A.V.E./ros2_ws/install/navigation_interfaces/include/navigation_interfaces/navigation_interfaces/srv/detail/set_nav__functions.h
-- Up-to-date: /home/isaac/Documents/D.A.V.E./ros2_ws/install/navigation_interfaces/include/navigation_interfaces/navigation_interfaces/srv/detail/get_set_nav__struct.h
-- Up-to-date: /home/isaac/Documents/D.A.V.E./ros2_ws/install/navigation_interfaces/include/navigation_interfaces/navigation_interfaces/srv/detail/get_nav__struct.h
-- Up-to-date: /home/isaac/Documents/D.A.V.E./ros2_ws/install/navigation_interfaces/include/navigation_interfaces/navigation_interfaces/srv/detail/get_nav__type_support.h
-- Up-to-date: /home/isaac/Documents/D.A.V.E./ros2_ws/install/navigation_interfaces/include/navigation_interfaces/navigation_interfaces/srv/detail/get_set_nav__type_support.h
-- Up-to-date: /home/isaac/Documents/D.A.V.E./ros2_ws/install/navigation_interfaces/include/navigation_interfaces/navigation_interfaces/srv/detail/set_nav__type_support.h
-- Up-to-date: /home/isaac/Documents/D.A.V.E./ros2_ws/install/navigation_interfaces/include/navigation_interfaces/navigation_interfaces/srv/detail/get_nav__functions.c
-- Up-to-date: /home/isaac/Documents/D.A.V.E./ros2_ws/install/navigation_interfaces/include/navigation_interfaces/navigation_interfaces/srv/get_set_nav.h
-- Up-to-date: /home/isaac/Documents/D.A.V.E./ros2_ws/install/navigation_interfaces/include/navigation_interfaces/navigation_interfaces/srv/set_nav.h
-- Up-to-date: /home/isaac/Documents/D.A.V.E./ros2_ws/install/navigation_interfaces/include/navigation_interfaces/navigation_interfaces/srv/get_nav.h
-- Up-to-date: /home/isaac/Documents/D.A.V.E./ros2_ws/install/navigation_interfaces/share/navigation_interfaces/environment/library_path.sh
-- Up-to-date: /home/isaac/Documents/D.A.V.E./ros2_ws/install/navigation_interfaces/share/navigation_interfaces/environment/library_path.dsv
-- Up-to-date: /home/isaac/Documents/D.A.V.E./ros2_ws/install/navigation_interfaces/lib/libnavigation_interfaces__rosidl_generator_c.so
-- Up-to-date: /home/isaac/Documents/D.A.V.E./ros2_ws/install/navigation_interfaces/include/navigation_interfaces/navigation_interfaces
-- Up-to-date: /home/isaac/Documents/D.A.V.E./ros2_ws/install/navigation_interfaces/include/navigation_interfaces/navigation_interfaces/msg
-- Up-to-date: /home/isaac/Documents/D.A.V.E./ros2_ws/install/navigation_interfaces/include/navigation_interfaces/navigation_interfaces/msg/detail
-- Up-to-date: /home/isaac/Documents/D.A.V.E./ros2_ws/install/navigation_interfaces/include/navigation_interfaces/navigation_interfaces/msg/detail/bearing__rosidl_typesupport_fastrtps_c.h
-- Up-to-date: /home/isaac/Documents/D.A.V.E./ros2_ws/install/navigation_interfaces/include/navigation_interfaces/navigation_interfaces/msg/detail/position__rosidl_typesupport_fastrtps_c.h
-- Up-to-date: /home/isaac/Documents/D.A.V.E./ros2_ws/install/navigation_interfaces/include/navigation_interfaces/navigation_interfaces/msg/rosidl_typesupport_fastrtps_c__visibility_control.h
-- Up-to-date: /home/isaac/Documents/D.A.V.E./ros2_ws/install/navigation_interfaces/include/navigation_interfaces/navigation_interfaces/srv
-- Up-to-date: /home/isaac/Documents/D.A.V.E./ros2_ws/install/navigation_interfaces/include/navigation_interfaces/navigation_interfaces/srv/detail
-- Up-to-date: /home/isaac/Documents/D.A.V.E./ros2_ws/install/navigation_interfaces/include/navigation_interfaces/navigation_interfaces/srv/detail/get_nav__rosidl_typesupport_fastrtps_c.h
-- Up-to-date: /home/isaac/Documents/D.A.V.E./ros2_ws/install/navigation_interfaces/include/navigation_interfaces/navigation_interfaces/srv/detail/get_set_nav__rosidl_typesupport_fastrtps_c.h
-- Up-to-date: /home/isaac/Documents/D.A.V.E./ros2_ws/install/navigation_interfaces/include/navigation_interfaces/navigation_interfaces/srv/detail/set_nav__rosidl_typesupport_fastrtps_c.h
-- Up-to-date: /home/isaac/Documents/D.A.V.E./ros2_ws/install/navigation_interfaces/lib/libnavigation_interfaces__rosidl_typesupport_fastrtps_c.so
-- Up-to-date: /home/isaac/Documents/D.A.V.E./ros2_ws/install/navigation_interfaces/include/navigation_interfaces/navigation_interfaces
-- Up-to-date: /home/isaac/Documents/D.A.V.E./ros2_ws/install/navigation_interfaces/include/navigation_interfaces/navigation_interfaces/msg
-- Up-to-date: /home/isaac/Documents/D.A.V.E./ros2_ws/install/navigation_interfaces/include/navigation_interfaces/navigation_interfaces/msg/detail
-- Up-to-date: /home/isaac/Documents/D.A.V.E./ros2_ws/install/navigation_interfaces/include/navigation_interfaces/navigation_interfaces/msg/detail/bearing__rosidl_typesupport_introspection_c.h
-- Up-to-date: /home/isaac/Documents/D.A.V.E./ros2_ws/install/navigation_interfaces/include/navigation_interfaces/navigation_interfaces/msg/detail/position__type_support.c
-- Up-to-date: /home/isaac/Documents/D.A.V.E./ros2_ws/install/navigation_interfaces/include/navigation_interfaces/navigation_interfaces/msg/detail/bearing__type_support.c
-- Up-to-date: /home/isaac/Documents/D.A.V.E./ros2_ws/install/navigation_interfaces/include/navigation_interfaces/navigation_interfaces/msg/detail/position__rosidl_typesupport_introspection_c.h
-- Up-to-date: /home/isaac/Documents/D.A.V.E./ros2_ws/install/navigation_interfaces/include/navigation_interfaces/navigation_interfaces/msg/rosidl_typesupport_introspection_c__visibility_control.h
-- Up-to-date: /home/isaac/Documents/D.A.V.E./ros2_ws/install/navigation_interfaces/include/navigation_interfaces/navigation_interfaces/srv
-- Up-to-date: /home/isaac/Documents/D.A.V.E./ros2_ws/install/navigation_interfaces/include/navigation_interfaces/navigation_interfaces/srv/detail
-- Up-to-date: /home/isaac/Documents/D.A.V.E./ros2_ws/install/navigation_interfaces/include/navigation_interfaces/navigation_interfaces/srv/detail/set_nav__rosidl_typesupport_introspection_c.h
-- Up-to-date: /home/isaac/Documents/D.A.V.E./ros2_ws/install/navigation_interfaces/include/navigation_interfaces/navigation_interfaces/srv/detail/get_set_nav__rosidl_typesupport_introspection_c.h
-- Up-to-date: /home/isaac/Documents/D.A.V.E./ros2_ws/install/navigation_interfaces/include/navigation_interfaces/navigation_interfaces/srv/detail/get_nav__rosidl_typesupport_introspection_c.h
-- Up-to-date: /home/isaac/Documents/D.A.V.E./ros2_ws/install/navigation_interfaces/include/navigation_interfaces/navigation_interfaces/srv/detail/get_set_nav__type_support.c
-- Up-to-date: /home/isaac/Documents/D.A.V.E./ros2_ws/install/navigation_interfaces/include/navigation_interfaces/navigation_interfaces/srv/detail/set_nav__type_support.c
-- Up-to-date: /home/isaac/Documents/D.A.V.E./ros2_ws/install/navigation_interfaces/include/navigation_interfaces/navigation_interfaces/srv/detail/get_nav__type_support.c
-- Up-to-date: /home/isaac/Documents/D.A.V.E./ros2_ws/install/navigation_interfaces/lib/libnavigation_interfaces__rosidl_typesupport_introspection_c.so
-- Up-to-date: /home/isaac/Documents/D.A.V.E./ros2_ws/install/navigation_interfaces/lib/libnavigation_interfaces__rosidl_typesupport_c.so
-- Up-to-date: /home/isaac/Documents/D.A.V.E./ros2_ws/install/navigation_interfaces/include/navigation_interfaces/navigation_interfaces
-- Up-to-date: /home/isaac/Documents/D.A.V.E./ros2_ws/install/navigation_interfaces/include/navigation_interfaces/navigation_interfaces/msg
-- Up-to-date: /home/isaac/Documents/D.A.V.E./ros2_ws/install/navigation_interfaces/include/navigation_interfaces/navigation_interfaces/msg/detail
-- Up-to-date: /home/isaac/Documents/D.A.V.E./ros2_ws/install/navigation_interfaces/include/navigation_interfaces/navigation_interfaces/msg/detail/position__struct.hpp
-- Up-to-date: /home/isaac/Documents/D.A.V.E./ros2_ws/install/navigation_interfaces/include/navigation_interfaces/navigation_interfaces/msg/detail/bearing__struct.hpp
-- Up-to-date: /home/isaac/Documents/D.A.V.E./ros2_ws/install/navigation_interfaces/include/navigation_interfaces/navigation_interfaces/msg/detail/position__traits.hpp
-- Up-to-date: /home/isaac/Documents/D.A.V.E./ros2_ws/install/navigation_interfaces/include/navigation_interfaces/navigation_interfaces/msg/detail/bearing__type_support.hpp
-- Up-to-date: /home/isaac/Documents/D.A.V.E./ros2_ws/install/navigation_interfaces/include/navigation_interfaces/navigation_interfaces/msg/detail/bearing__traits.hpp
-- Up-to-date: /home/isaac/Documents/D.A.V.E./ros2_ws/install/navigation_interfaces/include/navigation_interfaces/navigation_interfaces/msg/detail/bearing__builder.hpp
-- Up-to-date: /home/isaac/Documents/D.A.V.E./ros2_ws/install/navigation_interfaces/include/navigation_interfaces/navigation_interfaces/msg/detail/position__builder.hpp
-- Up-to-date: /home/isaac/Documents/D.A.V.E./ros2_ws/install/navigation_interfaces/include/navigation_interfaces/navigation_interfaces/msg/detail/position__type_support.hpp
-- Up-to-date: /home/isaac/Documents/D.A.V.E./ros2_ws/install/navigation_interfaces/include/navigation_interfaces/navigation_interfaces/msg/position.hpp
-- Up-to-date: /home/isaac/Documents/D.A.V.E./ros2_ws/install/navigation_interfaces/include/navigation_interfaces/navigation_interfaces/msg/bearing.hpp
-- Up-to-date: /home/isaac/Documents/D.A.V.E./ros2_ws/install/navigation_interfaces/include/navigation_interfaces/navigation_interfaces/msg/rosidl_generator_cpp__visibility_control.hpp
-- Up-to-date: /home/isaac/Documents/D.A.V.E./ros2_ws/install/navigation_interfaces/include/navigation_interfaces/navigation_interfaces/srv
-- Up-to-date: /home/isaac/Documents/D.A.V.E./ros2_ws/install/navigation_interfaces/include/navigation_interfaces/navigation_interfaces/srv/detail
-- Up-to-date: /home/isaac/Documents/D.A.V.E./ros2_ws/install/navigation_interfaces/include/navigation_interfaces/navigation_interfaces/srv/detail/get_set_nav__builder.hpp
-- Up-to-date: /home/isaac/Documents/D.A.V.E./ros2_ws/install/navigation_interfaces/include/navigation_interfaces/navigation_interfaces/srv/detail/get_nav__traits.hpp
-- Up-to-date: /home/isaac/Documents/D.A.V.E./ros2_ws/install/navigation_interfaces/include/navigation_interfaces/navigation_interfaces/srv/detail/get_nav__struct.hpp
-- Up-to-date: /home/isaac/Documents/D.A.V.E./ros2_ws/install/navigation_interfaces/include/navigation_interfaces/navigation_interfaces/srv/detail/get_set_nav__struct.hpp
-- Up-to-date: /home/isaac/Documents/D.A.V.E./ros2_ws/install/navigation_interfaces/include/navigation_interfaces/navigation_interfaces/srv/detail/get_nav__builder.hpp
-- Up-to-date: /home/isaac/Documents/D.A.V.E./ros2_ws/install/navigation_interfaces/include/navigation_interfaces/navigation_interfaces/srv/detail/get_set_nav__traits.hpp
-- Up-to-date: /home/isaac/Documents/D.A.V.E./ros2_ws/install/navigation_interfaces/include/navigation_interfaces/navigation_interfaces/srv/detail/set_nav__struct.hpp
-- Up-to-date: /home/isaac/Documents/D.A.V.E./ros2_ws/install/navigation_interfaces/include/navigation_interfaces/navigation_interfaces/srv/detail/get_nav__type_support.hpp
-- Up-to-date: /home/isaac/Documents/D.A.V.E./ros2_ws/install/navigation_interfaces/include/navigation_interfaces/navigation_interfaces/srv/detail/set_nav__type_support.hpp
-- Up-to-date: /home/isaac/Documents/D.A.V.E./ros2_ws/install/navigation_interfaces/include/navigation_interfaces/navigation_interfaces/srv/detail/set_nav__builder.hpp
-- Up-to-date: /home/isaac/Documents/D.A.V.E./ros2_ws/install/navigation_interfaces/include/navigation_interfaces/navigation_interfaces/srv/detail/get_set_nav__type_support.hpp
-- Up-to-date: /home/isaac/Documents/D.A.V.E./ros2_ws/install/navigation_interfaces/include/navigation_interfaces/navigation_interfaces/srv/detail/set_nav__traits.hpp
-- Up-to-date: /home/isaac/Documents/D.A.V.E./ros2_ws/install/navigation_interfaces/include/navigation_interfaces/navigation_interfaces/srv/get_set_nav.hpp
-- Up-to-date: /home/isaac/Documents/D.A.V.E./ros2_ws/install/navigation_interfaces/include/navigation_interfaces/navigation_interfaces/srv/get_nav.hpp
-- Up-to-date: /home/isaac/Documents/D.A.V.E./ros2_ws/install/navigation_interfaces/include/navigation_interfaces/navigation_interfaces/srv/set_nav.hpp
-- Up-to-date: /home/isaac/Documents/D.A.V.E./ros2_ws/install/navigation_interfaces/include/navigation_interfaces/navigation_interfaces
-- Up-to-date: /home/isaac/Documents/D.A.V.E./ros2_ws/install/navigation_interfaces/include/navigation_interfaces/navigation_interfaces/msg
-- Up-to-date: /home/isaac/Documents/D.A.V.E./ros2_ws/install/navigation_interfaces/include/navigation_interfaces/navigation_interfaces/msg/detail
-- Up-to-date: /home/isaac/Documents/D.A.V.E./ros2_ws/install/navigation_interfaces/include/navigation_interfaces/navigation_interfaces/msg/detail/position__rosidl_typesupport_fastrtps_cpp.hpp
-- Up-to-date: /home/isaac/Documents/D.A.V.E./ros2_ws/install/navigation_interfaces/include/navigation_interfaces/navigation_interfaces/msg/detail/dds_fastrtps
-- Up-to-date: /home/isaac/Documents/D.A.V.E./ros2_ws/install/navigation_interfaces/include/navigation_interfaces/navigation_interfaces/msg/detail/bearing__rosidl_typesupport_fastrtps_cpp.hpp
-- Up-to-date: /home/isaac/Documents/D.A.V.E./ros2_ws/install/navigation_interfaces/include/navigation_interfaces/navigation_interfaces/msg/rosidl_typesupport_fastrtps_cpp__visibility_control.h
-- Up-to-date: /home/isaac/Documents/D.A.V.E./ros2_ws/install/navigation_interfaces/include/navigation_interfaces/navigation_interfaces/srv
-- Up-to-date: /home/isaac/Documents/D.A.V.E./ros2_ws/install/navigation_interfaces/include/navigation_interfaces/navigation_interfaces/srv/detail
-- Up-to-date: /home/isaac/Documents/D.A.V.E./ros2_ws/install/navigation_interfaces/include/navigation_interfaces/navigation_interfaces/srv/detail/dds_fastrtps
-- Up-to-date: /home/isaac/Documents/D.A.V.E./ros2_ws/install/navigation_interfaces/include/navigation_interfaces/navigation_interfaces/srv/detail/get_set_nav__rosidl_typesupport_fastrtps_cpp.hpp
-- Up-to-date: /home/isaac/Documents/D.A.V.E./ros2_ws/install/navigation_interfaces/include/navigation_interfaces/navigation_interfaces/srv/detail/set_nav__rosidl_typesupport_fastrtps_cpp.hpp
-- Up-to-date: /home/isaac/Documents/D.A.V.E./ros2_ws/install/navigation_interfaces/include/navigation_interfaces/navigation_interfaces/srv/detail/get_nav__rosidl_typesupport_fastrtps_cpp.hpp
-- Up-to-date: /home/isaac/Documents/D.A.V.E./ros2_ws/install/navigation_interfaces/lib/libnavigation_interfaces__rosidl_typesupport_fastrtps_cpp.so
-- Up-to-date: /home/isaac/Documents/D.A.V.E./ros2_ws/install/navigation_interfaces/include/navigation_interfaces/navigation_interfaces
-- Up-to-date: /home/isaac/Documents/D.A.V.E./ros2_ws/install/navigation_interfaces/include/navigation_interfaces/navigation_interfaces/msg
-- Up-to-date: /home/isaac/Documents/D.A.V.E./ros2_ws/install/navigation_interfaces/include/navigation_interfaces/navigation_interfaces/msg/detail
-- Up-to-date: /home/isaac/Documents/D.A.V.E./ros2_ws/install/navigation_interfaces/include/navigation_interfaces/navigation_interfaces/msg/detail/bearing__rosidl_typesupport_introspection_cpp.hpp
-- Up-to-date: /home/isaac/Documents/D.A.V.E./ros2_ws/install/navigation_interfaces/include/navigation_interfaces/navigation_interfaces/msg/detail/position__rosidl_typesupport_introspection_cpp.hpp
-- Up-to-date: /home/isaac/Documents/D.A.V.E./ros2_ws/install/navigation_interfaces/include/navigation_interfaces/navigation_interfaces/msg/detail/position__type_support.cpp
-- Up-to-date: /home/isaac/Documents/D.A.V.E./ros2_ws/install/navigation_interfaces/include/navigation_interfaces/navigation_interfaces/msg/detail/bearing__type_support.cpp
-- Up-to-date: /home/isaac/Documents/D.A.V.E./ros2_ws/install/navigation_interfaces/include/navigation_interfaces/navigation_interfaces/srv
-- Up-to-date: /home/isaac/Documents/D.A.V.E./ros2_ws/install/navigation_interfaces/include/navigation_interfaces/navigation_interfaces/srv/detail
-- Up-to-date: /home/isaac/Documents/D.A.V.E./ros2_ws/install/navigation_interfaces/include/navigation_interfaces/navigation_interfaces/srv/detail/get_set_nav__type_support.cpp
-- Up-to-date: /home/isaac/Documents/D.A.V.E./ros2_ws/install/navigation_interfaces/include/navigation_interfaces/navigation_interfaces/srv/detail/set_nav__type_support.cpp
-- Up-to-date: /home/isaac/Documents/D.A.V.E./ros2_ws/install/navigation_interfaces/include/navigation_interfaces/navigation_interfaces/srv/detail/get_nav__type_support.cpp
-- Up-to-date: /home/isaac/Documents/D.A.V.E./ros2_ws/install/navigation_interfaces/include/navigation_interfaces/navigation_interfaces/srv/detail/set_nav__rosidl_typesupport_introspection_cpp.hpp
-- Up-to-date: /home/isaac/Documents/D.A.V.E./ros2_ws/install/navigation_interfaces/include/navigation_interfaces/navigation_interfaces/srv/detail/get_set_nav__rosidl_typesupport_introspection_cpp.hpp
-- Up-to-date: /home/isaac/Documents/D.A.V.E./ros2_ws/install/navigation_interfaces/include/navigation_interfaces/navigation_interfaces/srv/detail/get_nav__rosidl_typesupport_introspection_cpp.hpp
-- Up-to-date: /home/isaac/Documents/D.A.V.E./ros2_ws/install/navigation_interfaces/lib/libnavigation_interfaces__rosidl_typesupport_introspection_cpp.so
-- Up-to-date: /home/isaac/Documents/D.A.V.E./ros2_ws/install/navigation_interfaces/lib/libnavigation_interfaces__rosidl_typesupport_cpp.so
-- Up-to-date: /home/isaac/Documents/D.A.V.E./ros2_ws/install/navigation_interfaces/share/navigation_interfaces/environment/pythonpath.sh
-- Up-to-date: /home/isaac/Documents/D.A.V.E./ros2_ws/install/navigation_interfaces/share/navigation_interfaces/environment/pythonpath.dsv
-- Up-to-date: /home/isaac/Documents/D.A.V.E./ros2_ws/install/navigation_interfaces/local/lib/python3.10/dist-packages/navigation_interfaces-0.0.0-py3.10.egg-info
-- Installing: /home/isaac/Documents/D.A.V.E./ros2_ws/install/navigation_interfaces/local/lib/python3.10/dist-packages/navigation_interfaces-0.0.0-py3.10.egg-info/SOURCES.txt
-- Installing: /home/isaac/Documents/D.A.V.E./ros2_ws/install/navigation_interfaces/local/lib/python3.10/dist-packages/navigation_interfaces-0.0.0-py3.10.egg-info/top_level.txt
-- Installing: /home/isaac/Documents/D.A.V.E./ros2_ws/install/navigation_interfaces/local/lib/python3.10/dist-packages/navigation_interfaces-0.0.0-py3.10.egg-info/dependency_links.txt
-- Installing: /home/isaac/Documents/D.A.V.E./ros2_ws/install/navigation_interfaces/local/lib/python3.10/dist-packages/navigation_interfaces-0.0.0-py3.10.egg-info/PKG-INFO
-- Up-to-date: /home/isaac/Documents/D.A.V.E./ros2_ws/install/navigation_interfaces/local/lib/python3.10/dist-packages/navigation_interfaces
-- Up-to-date: /home/isaac/Documents/D.A.V.E./ros2_ws/install/navigation_interfaces/local/lib/python3.10/dist-packages/navigation_interfaces/_navigation_interfaces_s.ep.rosidl_typesupport_c.c
-- Up-to-date: /home/isaac/Documents/D.A.V.E./ros2_ws/install/navigation_interfaces/local/lib/python3.10/dist-packages/navigation_interfaces/__init__.py
-- Up-to-date: /home/isaac/Documents/D.A.V.E./ros2_ws/install/navigation_interfaces/local/lib/python3.10/dist-packages/navigation_interfaces/_navigation_interfaces_s.ep.rosidl_typesupport_introspection_c.c
-- Up-to-date: /home/isaac/Documents/D.A.V.E./ros2_ws/install/navigation_interfaces/local/lib/python3.10/dist-packages/navigation_interfaces/_navigation_interfaces_s.ep.rosidl_typesupport_fastrtps_c.c
-- Up-to-date: /home/isaac/Documents/D.A.V.E./ros2_ws/install/navigation_interfaces/local/lib/python3.10/dist-packages/navigation_interfaces/msg
-- Up-to-date: /home/isaac/Documents/D.A.V.E./ros2_ws/install/navigation_interfaces/local/lib/python3.10/dist-packages/navigation_interfaces/msg/__init__.py
-- Up-to-date: /home/isaac/Documents/D.A.V.E./ros2_ws/install/navigation_interfaces/local/lib/python3.10/dist-packages/navigation_interfaces/msg/_bearing.py
-- Up-to-date: /home/isaac/Documents/D.A.V.E./ros2_ws/install/navigation_interfaces/local/lib/python3.10/dist-packages/navigation_interfaces/msg/_position_s.c
-- Up-to-date: /home/isaac/Documents/D.A.V.E./ros2_ws/install/navigation_interfaces/local/lib/python3.10/dist-packages/navigation_interfaces/msg/_bearing_s.c
-- Up-to-date: /home/isaac/Documents/D.A.V.E./ros2_ws/install/navigation_interfaces/local/lib/python3.10/dist-packages/navigation_interfaces/msg/_position.py
-- Up-to-date: /home/isaac/Documents/D.A.V.E./ros2_ws/install/navigation_interfaces/local/lib/python3.10/dist-packages/navigation_interfaces/navigation_interfaces_s__rosidl_typesupport_fastrtps_c.cpython-310-x86_64-linux-gnu.so
-- Up-to-date: /home/isaac/Documents/D.A.V.E./ros2_ws/install/navigation_interfaces/local/lib/python3.10/dist-packages/navigation_interfaces/srv
-- Up-to-date: /home/isaac/Documents/D.A.V.E./ros2_ws/install/navigation_interfaces/local/lib/python3.10/dist-packages/navigation_interfaces/srv/__init__.py
-- Up-to-date: /home/isaac/Documents/D.A.V.E./ros2_ws/install/navigation_interfaces/local/lib/python3.10/dist-packages/navigation_interfaces/srv/_get_nav_s.c
-- Up-to-date: /home/isaac/Documents/D.A.V.E./ros2_ws/install/navigation_interfaces/local/lib/python3.10/dist-packages/navigation_interfaces/srv/_get_nav.py
-- Up-to-date: /home/isaac/Documents/D.A.V.E./ros2_ws/install/navigation_interfaces/local/lib/python3.10/dist-packages/navigation_interfaces/srv/_set_nav.py
-- Up-to-date: /home/isaac/Documents/D.A.V.E./ros2_ws/install/navigation_interfaces/local/lib/python3.10/dist-packages/navigation_interfaces/srv/_get_set_nav.py
-- Up-to-date: /home/isaac/Documents/D.A.V.E./ros2_ws/install/navigation_interfaces/local/lib/python3.10/dist-packages/navigation_interfaces/srv/_set_nav_s.c
-- Up-to-date: /home/isaac/Documents/D.A.V.E./ros2_ws/install/navigation_interfaces/local/lib/python3.10/dist-packages/navigation_interfaces/srv/_get_set_nav_s.c
-- Up-to-date: /home/isaac/Documents/D.A.V.E./ros2_ws/install/navigation_interfaces/local/lib/python3.10/dist-packages/navigation_interfaces/libnavigation_interfaces__rosidl_generator_py.so
-- Up-to-date: /home/isaac/Documents/D.A.V.E./ros2_ws/install/navigation_interfaces/local/lib/python3.10/dist-packages/navigation_interfaces/navigation_interfaces_s__rosidl_typesupport_introspection_c.cpython-310-x86_64-linux-gnu.so
-- Up-to-date: /home/isaac/Documents/D.A.V.E./ros2_ws/install/navigation_interfaces/local/lib/python3.10/dist-packages/navigation_interfaces/navigation_interfaces_s__rosidl_typesupport_c.cpython-310-x86_64-linux-gnu.so
Listing '/home/isaac/Documents/D.A.V.E./ros2_ws/install/navigation_interfaces/local/lib/python3.10/dist-packages/navigation_interfaces'...
Listing '/home/isaac/Documents/D.A.V.E./ros2_ws/install/navigation_interfaces/local/lib/python3.10/dist-packages/navigation_interfaces/msg'...
Listing '/home/isaac/Documents/D.A.V.E./ros2_ws/install/navigation_interfaces/local/lib/python3.10/dist-packages/navigation_interfaces/srv'...
-- Up-to-date: /home/isaac/Documents/D.A.V.E./ros2_ws/install/navigation_interfaces/local/lib/python3.10/dist-packages/navigation_interfaces/navigation_interfaces_s__rosidl_typesupport_fastrtps_c.cpython-310-x86_64-linux-gnu.so
-- Up-to-date: /home/isaac/Documents/D.A.V.E./ros2_ws/install/navigation_interfaces/local/lib/python3.10/dist-packages/navigation_interfaces/navigation_interfaces_s__rosidl_typesupport_introspection_c.cpython-310-x86_64-linux-gnu.so
-- Up-to-date: /home/isaac/Documents/D.A.V.E./ros2_ws/install/navigation_interfaces/local/lib/python3.10/dist-packages/navigation_interfaces/navigation_interfaces_s__rosidl_typesupport_c.cpython-310-x86_64-linux-gnu.so
-- Up-to-date: /home/isaac/Documents/D.A.V.E./ros2_ws/install/navigation_interfaces/lib/libnavigation_interfaces__rosidl_generator_py.so
-- Up-to-date: /home/isaac/Documents/D.A.V.E./ros2_ws/install/navigation_interfaces/share/navigation_interfaces/msg/Bearing.idl
-- Up-to-date: /home/isaac/Documents/D.A.V.E./ros2_ws/install/navigation_interfaces/share/navigation_interfaces/msg/Position.idl
-- Up-to-date: /home/isaac/Documents/D.A.V.E./ros2_ws/install/navigation_interfaces/share/navigation_interfaces/srv/GetNav.idl
-- Up-to-date: /home/isaac/Documents/D.A.V.E./ros2_ws/install/navigation_interfaces/share/navigation_interfaces/srv/SetNav.idl
-- Up-to-date: /home/isaac/Documents/D.A.V.E./ros2_ws/install/navigation_interfaces/share/navigation_interfaces/msg/Bearing.msg
-- Up-to-date: /home/isaac/Documents/D.A.V.E./ros2_ws/install/navigation_interfaces/share/navigation_interfaces/msg/Position.msg
-- Up-to-date: /home/isaac/Documents/D.A.V.E./ros2_ws/install/navigation_interfaces/share/navigation_interfaces/srv/GetNav.srv
-- Up-to-date: /home/isaac/Documents/D.A.V.E./ros2_ws/install/navigation_interfaces/share/navigation_interfaces/srv/GetNav_Request.msg
-- Up-to-date: /home/isaac/Documents/D.A.V.E./ros2_ws/install/navigation_interfaces/share/navigation_interfaces/srv/GetNav_Response.msg
-- Up-to-date: /home/isaac/Documents/D.A.V.E./ros2_ws/install/navigation_interfaces/share/navigation_interfaces/srv/SetNav.srv
-- Up-to-date: /home/isaac/Documents/D.A.V.E./ros2_ws/install/navigation_interfaces/share/navigation_interfaces/srv/SetNav_Request.msg
-- Up-to-date: /home/isaac/Documents/D.A.V.E./ros2_ws/install/navigation_interfaces/share/navigation_interfaces/srv/SetNav_Response.msg
-- Up-to-date: /home/isaac/Documents/D.A.V.E./ros2_ws/install/navigation_interfaces/share/ament_index/resource_index/package_run_dependencies/navigation_interfaces
-- Up-to-date: /home/isaac/Documents/D.A.V.E./ros2_ws/install/navigation_interfaces/share/ament_index/resource_index/parent_prefix_path/navigation_interfaces
-- Up-to-date: /home/isaac/Documents/D.A.V.E./ros2_ws/install/navigation_interfaces/share/navigation_interfaces/environment/ament_prefix_path.sh
-- Up-to-date: /home/isaac/Documents/D.A.V.E./ros2_ws/install/navigation_interfaces/share/navigation_interfaces/environment/ament_prefix_path.dsv
-- Up-to-date: /home/isaac/Documents/D.A.V.E./ros2_ws/install/navigation_interfaces/share/navigation_interfaces/environment/path.sh
-- Up-to-date: /home/isaac/Documents/D.A.V.E./ros2_ws/install/navigation_interfaces/share/navigation_interfaces/environment/path.dsv
-- Up-to-date: /home/isaac/Documents/D.A.V.E./ros2_ws/install/navigation_interfaces/share/navigation_interfaces/local_setup.bash
-- Up-to-date: /home/isaac/Documents/D.A.V.E./ros2_ws/install/navigation_interfaces/share/navigation_interfaces/local_setup.sh
-- Up-to-date: /home/isaac/Documents/D.A.V.E./ros2_ws/install/navigation_interfaces/share/navigation_interfaces/local_setup.zsh
-- Up-to-date: /home/isaac/Documents/D.A.V.E./ros2_ws/install/navigation_interfaces/share/navigation_interfaces/local_setup.dsv
-- Installing: /home/isaac/Documents/D.A.V.E./ros2_ws/install/navigation_interfaces/share/navigation_interfaces/package.dsv
-- Up-to-date: /home/isaac/Documents/D.A.V.E./ros2_ws/install/navigation_interfaces/share/ament_index/resource_index/packages/navigation_interfaces
-- Up-to-date: /home/isaac/Documents/D.A.V.E./ros2_ws/install/navigation_interfaces/share/navigation_interfaces/cmake/export_navigation_interfaces__rosidl_generator_cExport.cmake
-- Up-to-date: /home/isaac/Documents/D.A.V.E./ros2_ws/install/navigation_interfaces/share/navigation_interfaces/cmake/export_navigation_interfaces__rosidl_generator_cExport-noconfig.cmake
-- Up-to-date: /home/isaac/Documents/D.A.V.E./ros2_ws/install/navigation_interfaces/share/navigation_interfaces/cmake/export_navigation_interfaces__rosidl_typesupport_fastrtps_cExport.cmake
-- Up-to-date: /home/isaac/Documents/D.A.V.E./ros2_ws/install/navigation_interfaces/share/navigation_interfaces/cmake/export_navigation_interfaces__rosidl_typesupport_fastrtps_cExport-noconfig.cmake
-- Up-to-date: /home/isaac/Documents/D.A.V.E./ros2_ws/install/navigation_interfaces/share/navigation_interfaces/cmake/navigation_interfaces__rosidl_typesupport_introspection_cExport.cmake
-- Up-to-date: /home/isaac/Documents/D.A.V.E./ros2_ws/install/navigation_interfaces/share/navigation_interfaces/cmake/navigation_interfaces__rosidl_typesupport_introspection_cExport-noconfig.cmake
-- Up-to-date: /home/isaac/Documents/D.A.V.E./ros2_ws/install/navigation_interfaces/share/navigation_interfaces/cmake/navigation_interfaces__rosidl_typesupport_cExport.cmake
-- Up-to-date: /home/isaac/Documents/D.A.V.E./ros2_ws/install/navigation_interfaces/share/navigation_interfaces/cmake/navigation_interfaces__rosidl_typesupport_cExport-noconfig.cmake
-- Up-to-date: /home/isaac/Documents/D.A.V.E./ros2_ws/install/navigation_interfaces/share/navigation_interfaces/cmake/export_navigation_interfaces__rosidl_generator_cppExport.cmake
-- Up-to-date: /home/isaac/Documents/D.A.V.E./ros2_ws/install/navigation_interfaces/share/navigation_interfaces/cmake/export_navigation_interfaces__rosidl_typesupport_fastrtps_cppExport.cmake
-- Up-to-date: /home/isaac/Documents/D.A.V.E./ros2_ws/install/navigation_interfaces/share/navigation_interfaces/cmake/export_navigation_interfaces__rosidl_typesupport_fastrtps_cppExport-noconfig.cmake
-- Up-to-date: /home/isaac/Documents/D.A.V.E./ros2_ws/install/navigation_interfaces/share/navigation_interfaces/cmake/navigation_interfaces__rosidl_typesupport_introspection_cppExport.cmake
-- Up-to-date: /home/isaac/Documents/D.A.V.E./ros2_ws/install/navigation_interfaces/share/navigation_interfaces/cmake/navigation_interfaces__rosidl_typesupport_introspection_cppExport-noconfig.cmake
-- Up-to-date: /home/isaac/Documents/D.A.V.E./ros2_ws/install/navigation_interfaces/share/navigation_interfaces/cmake/navigation_interfaces__rosidl_typesupport_cppExport.cmake
-- Up-to-date: /home/isaac/Documents/D.A.V.E./ros2_ws/install/navigation_interfaces/share/navigation_interfaces/cmake/navigation_interfaces__rosidl_typesupport_cppExport-noconfig.cmake
-- Up-to-date: /home/isaac/Documents/D.A.V.E./ros2_ws/install/navigation_interfaces/share/navigation_interfaces/cmake/export_navigation_interfaces__rosidl_generator_pyExport.cmake
-- Up-to-date: /home/isaac/Documents/D.A.V.E./ros2_ws/install/navigation_interfaces/share/navigation_interfaces/cmake/export_navigation_interfaces__rosidl_generator_pyExport-noconfig.cmake
-- Up-to-date: /home/isaac/Documents/D.A.V.E./ros2_ws/install/navigation_interfaces/share/navigation_interfaces/cmake/rosidl_cmake-extras.cmake
-- Up-to-date: /home/isaac/Documents/D.A.V.E./ros2_ws/install/navigation_interfaces/share/navigation_interfaces/cmake/ament_cmake_export_include_directories-extras.cmake
-- Up-to-date: /home/isaac/Documents/D.A.V.E./ros2_ws/install/navigation_interfaces/share/navigation_interfaces/cmake/ament_cmake_export_libraries-extras.cmake
-- Up-to-date: /home/isaac/Documents/D.A.V.E./ros2_ws/install/navigation_interfaces/share/navigation_interfaces/cmake/ament_cmake_export_targets-extras.cmake
-- Up-to-date: /home/isaac/Documents/D.A.V.E./ros2_ws/install/navigation_interfaces/share/navigation_interfaces/cmake/rosidl_cmake_export_typesupport_targets-extras.cmake
-- Up-to-date: /home/isaac/Documents/D.A.V.E./ros2_ws/install/navigation_interfaces/share/navigation_interfaces/cmake/ament_cmake_export_dependencies-extras.cmake
-- Up-to-date: /home/isaac/Documents/D.A.V.E./ros2_ws/install/navigation_interfaces/share/navigation_interfaces/cmake/rosidl_cmake_export_typesupport_libraries-extras.cmake
-- Up-to-date: /home/isaac/Documents/D.A.V.E./ros2_ws/install/navigation_interfaces/share/navigation_interfaces/cmake/navigation_interfacesConfig.cmake
-- Up-to-date: /home/isaac/Documents/D.A.V.E./ros2_ws/install/navigation_interfaces/share/navigation_interfaces/cmake/navigation_interfacesConfig-version.cmake
-- Up-to-date: /home/isaac/Documents/D.A.V.E./ros2_ws/install/navigation_interfaces/share/navigation_interfaces/package.xml
