[0.009s] Invoking command in '/home/isaac/Documents/D.A.V.E./ros2_ws/build/navigation_interfaces': CMAKE_PREFIX_PATH=${CMAKE_PREFIX_PATH}:/opt/ros/humble /usr/bin/cmake --build /home/isaac/Documents/D.A.V.E./ros2_ws/build/navigation_interfaces -- -j16 -l16
[0.045s] [35m[1mConsolidate compiler generated dependencies of target navigation_interfaces__rosidl_generator_c[0m
[0.052s] [  1%] Built target navigation_interfaces__cpp
[0.055s] [ 12%] Built target navigation_interfaces__rosidl_generator_c
[0.062s] [ 12%] Built target ament_cmake_python_copy_navigation_interfaces
[0.062s] [35m[1mConsolidate compiler generated dependencies of target navigation_interfaces__rosidl_typesupport_c[0m
[0.062s] [35m[1mConsolidate compiler generated dependencies of target navigation_interfaces__rosidl_typesupport_cpp[0m
[0.062s] [35m[1mConsolidate compiler generated dependencies of target navigation_interfaces__rosidl_typesupport_introspection_cpp[0m
[0.063s] [35m[1mConsolidate compiler generated dependencies of target navigation_interfaces__rosidl_typesupport_introspection_c[0m
[0.063s] [35m[1mConsolidate compiler generated dependencies of target navigation_interfaces__rosidl_typesupport_fastrtps_cpp[0m
[0.063s] [35m[1mConsolidate compiler generated dependencies of target navigation_interfaces__rosidl_typesupport_fastrtps_c[0m
[0.072s] [ 34%] Built target navigation_interfaces__rosidl_typesupport_c
[0.073s] [ 34%] Built target navigation_interfaces__rosidl_typesupport_introspection_c
[0.074s] [ 56%] Built target navigation_interfaces__rosidl_typesupport_cpp
[0.074s] [ 56%] Built target navigation_interfaces__rosidl_typesupport_introspection_cpp
[0.076s] [ 78%] Built target navigation_interfaces__rosidl_typesupport_fastrtps_c
[0.076s] [ 78%] Built target navigation_interfaces__rosidl_typesupport_fastrtps_cpp
[0.093s] [ 78%] Built target navigation_interfaces
[0.111s] [ 80%] Built target navigation_interfaces__py
[0.121s] [35m[1mConsolidate compiler generated dependencies of target navigation_interfaces__rosidl_generator_py[0m
[0.136s] [ 89%] Built target navigation_interfaces__rosidl_generator_py
[0.146s] [35m[1mConsolidate compiler generated dependencies of target navigation_interfaces__rosidl_typesupport_c__pyext[0m
[0.146s] [35m[1mConsolidate compiler generated dependencies of target navigation_interfaces__rosidl_typesupport_fastrtps_c__pyext[0m
[0.146s] [35m[1mConsolidate compiler generated dependencies of target navigation_interfaces__rosidl_typesupport_introspection_c__pyext[0m
[0.156s] [ 96%] Built target navigation_interfaces__rosidl_typesupport_c__pyext
[0.156s] [ 96%] Built target navigation_interfaces__rosidl_typesupport_fastrtps_c__pyext
[0.157s] [100%] Built target navigation_interfaces__rosidl_typesupport_introspection_c__pyext
[0.228s] running egg_info
[0.228s] writing navigation_interfaces.egg-info/PKG-INFO
[0.228s] writing dependency_links to navigation_interfaces.egg-info/dependency_links.txt
[0.228s] writing top-level names to navigation_interfaces.egg-info/top_level.txt
[0.230s] reading manifest file 'navigation_interfaces.egg-info/SOURCES.txt'
[0.230s] writing manifest file 'navigation_interfaces.egg-info/SOURCES.txt'
[0.253s] [100%] Built target ament_cmake_python_build_navigation_interfaces_egg
[0.265s] Invoked command in '/home/isaac/Documents/D.A.V.E./ros2_ws/build/navigation_interfaces' returned '0': CMAKE_PREFIX_PATH=${CMAKE_PREFIX_PATH}:/opt/ros/humble /usr/bin/cmake --build /home/isaac/Documents/D.A.V.E./ros2_ws/build/navigation_interfaces -- -j16 -l16
[0.274s] Invoking command in '/home/isaac/Documents/D.A.V.E./ros2_ws/build/navigation_interfaces': CMAKE_PREFIX_PATH=${CMAKE_PREFIX_PATH}:/opt/ros/humble /usr/bin/cmake --install /home/isaac/Documents/D.A.V.E./ros2_ws/build/navigation_interfaces
[0.280s] -- Install configuration: ""
[0.281s] -- Up-to-date: /home/isaac/Documents/D.A.V.E./ros2_ws/install/navigation_interfaces/share/ament_index/resource_index/rosidl_interfaces/navigation_interfaces
[0.281s] -- Up-to-date: /home/isaac/Documents/D.A.V.E./ros2_ws/install/navigation_interfaces/include/navigation_interfaces/navigation_interfaces
[0.281s] -- Up-to-date: /home/isaac/Documents/D.A.V.E./ros2_ws/install/navigation_interfaces/include/navigation_interfaces/navigation_interfaces/msg
[0.281s] -- Up-to-date: /home/isaac/Documents/D.A.V.E./ros2_ws/install/navigation_interfaces/include/navigation_interfaces/navigation_interfaces/msg/detail
[0.281s] -- Up-to-date: /home/isaac/Documents/D.A.V.E./ros2_ws/install/navigation_interfaces/include/navigation_interfaces/navigation_interfaces/msg/detail/bearing__functions.h
[0.281s] -- Up-to-date: /home/isaac/Documents/D.A.V.E./ros2_ws/install/navigation_interfaces/include/navigation_interfaces/navigation_interfaces/msg/detail/position__functions.h
[0.281s] -- Up-to-date: /home/isaac/Documents/D.A.V.E./ros2_ws/install/navigation_interfaces/include/navigation_interfaces/navigation_interfaces/msg/detail/position__type_support.h
[0.281s] -- Up-to-date: /home/isaac/Documents/D.A.V.E./ros2_ws/install/navigation_interfaces/include/navigation_interfaces/navigation_interfaces/msg/detail/position__functions.c
[0.282s] -- Up-to-date: /home/isaac/Documents/D.A.V.E./ros2_ws/install/navigation_interfaces/include/navigation_interfaces/navigation_interfaces/msg/detail/bearing__type_support.h
[0.282s] -- Up-to-date: /home/isaac/Documents/D.A.V.E./ros2_ws/install/navigation_interfaces/include/navigation_interfaces/navigation_interfaces/msg/detail/bearing__struct.h
[0.282s] -- Up-to-date: /home/isaac/Documents/D.A.V.E./ros2_ws/install/navigation_interfaces/include/navigation_interfaces/navigation_interfaces/msg/detail/position__struct.h
[0.282s] -- Up-to-date: /home/isaac/Documents/D.A.V.E./ros2_ws/install/navigation_interfaces/include/navigation_interfaces/navigation_interfaces/msg/detail/bearing__functions.c
[0.282s] -- Up-to-date: /home/isaac/Documents/D.A.V.E./ros2_ws/install/navigation_interfaces/include/navigation_interfaces/navigation_interfaces/msg/bearing.h
[0.282s] -- Up-to-date: /home/isaac/Documents/D.A.V.E./ros2_ws/install/navigation_interfaces/include/navigation_interfaces/navigation_interfaces/msg/position.h
[0.282s] -- Up-to-date: /home/isaac/Documents/D.A.V.E./ros2_ws/install/navigation_interfaces/include/navigation_interfaces/navigation_interfaces/msg/rosidl_generator_c__visibility_control.h
[0.282s] -- Up-to-date: /home/isaac/Documents/D.A.V.E./ros2_ws/install/navigation_interfaces/include/navigation_interfaces/navigation_interfaces/srv
[0.282s] -- Up-to-date: /home/isaac/Documents/D.A.V.E./ros2_ws/install/navigation_interfaces/include/navigation_interfaces/navigation_interfaces/srv/detail
[0.282s] -- Up-to-date: /home/isaac/Documents/D.A.V.E./ros2_ws/install/navigation_interfaces/include/navigation_interfaces/navigation_interfaces/srv/detail/get_set_nav__functions.c
[0.282s] -- Up-to-date: /home/isaac/Documents/D.A.V.E./ros2_ws/install/navigation_interfaces/include/navigation_interfaces/navigation_interfaces/srv/detail/set_nav__functions.c
[0.282s] -- Up-to-date: /home/isaac/Documents/D.A.V.E./ros2_ws/install/navigation_interfaces/include/navigation_interfaces/navigation_interfaces/srv/detail/get_nav__functions.h
[0.282s] -- Up-to-date: /home/isaac/Documents/D.A.V.E./ros2_ws/install/navigation_interfaces/include/navigation_interfaces/navigation_interfaces/srv/detail/get_set_nav__functions.h
[0.282s] -- Up-to-date: /home/isaac/Documents/D.A.V.E./ros2_ws/install/navigation_interfaces/include/navigation_interfaces/navigation_interfaces/srv/detail/set_nav__struct.h
[0.282s] -- Up-to-date: /home/isaac/Documents/D.A.V.E./ros2_ws/install/navigation_interfaces/include/navigation_interfaces/navigation_interfaces/srv/detail/set_nav__functions.h
[0.282s] -- Up-to-date: /home/isaac/Documents/D.A.V.E./ros2_ws/install/navigation_interfaces/include/navigation_interfaces/navigation_interfaces/srv/detail/get_set_nav__struct.h
[0.282s] -- Up-to-date: /home/isaac/Documents/D.A.V.E./ros2_ws/install/navigation_interfaces/include/navigation_interfaces/navigation_interfaces/srv/detail/get_nav__struct.h
[0.282s] -- Up-to-date: /home/isaac/Documents/D.A.V.E./ros2_ws/install/navigation_interfaces/include/navigation_interfaces/navigation_interfaces/srv/detail/get_nav__type_support.h
[0.282s] -- Up-to-date: /home/isaac/Documents/D.A.V.E./ros2_ws/install/navigation_interfaces/include/navigation_interfaces/navigation_interfaces/srv/detail/get_set_nav__type_support.h
[0.282s] -- Up-to-date: /home/isaac/Documents/D.A.V.E./ros2_ws/install/navigation_interfaces/include/navigation_interfaces/navigation_interfaces/srv/detail/set_nav__type_support.h
[0.282s] -- Up-to-date: /home/isaac/Documents/D.A.V.E./ros2_ws/install/navigation_interfaces/include/navigation_interfaces/navigation_interfaces/srv/detail/get_nav__functions.c
[0.283s] -- Up-to-date: /home/isaac/Documents/D.A.V.E./ros2_ws/install/navigation_interfaces/include/navigation_interfaces/navigation_interfaces/srv/get_set_nav.h
[0.283s] -- Up-to-date: /home/isaac/Documents/D.A.V.E./ros2_ws/install/navigation_interfaces/include/navigation_interfaces/navigation_interfaces/srv/set_nav.h
[0.283s] -- Up-to-date: /home/isaac/Documents/D.A.V.E./ros2_ws/install/navigation_interfaces/include/navigation_interfaces/navigation_interfaces/srv/get_nav.h
[0.283s] -- Up-to-date: /home/isaac/Documents/D.A.V.E./ros2_ws/install/navigation_interfaces/share/navigation_interfaces/environment/library_path.sh
[0.283s] -- Up-to-date: /home/isaac/Documents/D.A.V.E./ros2_ws/install/navigation_interfaces/share/navigation_interfaces/environment/library_path.dsv
[0.283s] -- Up-to-date: /home/isaac/Documents/D.A.V.E./ros2_ws/install/navigation_interfaces/lib/libnavigation_interfaces__rosidl_generator_c.so
[0.283s] -- Up-to-date: /home/isaac/Documents/D.A.V.E./ros2_ws/install/navigation_interfaces/include/navigation_interfaces/navigation_interfaces
[0.283s] -- Up-to-date: /home/isaac/Documents/D.A.V.E./ros2_ws/install/navigation_interfaces/include/navigation_interfaces/navigation_interfaces/msg
[0.283s] -- Up-to-date: /home/isaac/Documents/D.A.V.E./ros2_ws/install/navigation_interfaces/include/navigation_interfaces/navigation_interfaces/msg/detail
[0.283s] -- Up-to-date: /home/isaac/Documents/D.A.V.E./ros2_ws/install/navigation_interfaces/include/navigation_interfaces/navigation_interfaces/msg/detail/bearing__rosidl_typesupport_fastrtps_c.h
[0.283s] -- Up-to-date: /home/isaac/Documents/D.A.V.E./ros2_ws/install/navigation_interfaces/include/navigation_interfaces/navigation_interfaces/msg/detail/position__rosidl_typesupport_fastrtps_c.h
[0.283s] -- Up-to-date: /home/isaac/Documents/D.A.V.E./ros2_ws/install/navigation_interfaces/include/navigation_interfaces/navigation_interfaces/msg/rosidl_typesupport_fastrtps_c__visibility_control.h
[0.283s] -- Up-to-date: /home/isaac/Documents/D.A.V.E./ros2_ws/install/navigation_interfaces/include/navigation_interfaces/navigation_interfaces/srv
[0.283s] -- Up-to-date: /home/isaac/Documents/D.A.V.E./ros2_ws/install/navigation_interfaces/include/navigation_interfaces/navigation_interfaces/srv/detail
[0.283s] -- Up-to-date: /home/isaac/Documents/D.A.V.E./ros2_ws/install/navigation_interfaces/include/navigation_interfaces/navigation_interfaces/srv/detail/get_nav__rosidl_typesupport_fastrtps_c.h
[0.283s] -- Up-to-date: /home/isaac/Documents/D.A.V.E./ros2_ws/install/navigation_interfaces/include/navigation_interfaces/navigation_interfaces/srv/detail/get_set_nav__rosidl_typesupport_fastrtps_c.h
[0.283s] -- Up-to-date: /home/isaac/Documents/D.A.V.E./ros2_ws/install/navigation_interfaces/include/navigation_interfaces/navigation_interfaces/srv/detail/set_nav__rosidl_typesupport_fastrtps_c.h
[0.283s] -- Up-to-date: /home/isaac/Documents/D.A.V.E./ros2_ws/install/navigation_interfaces/lib/libnavigation_interfaces__rosidl_typesupport_fastrtps_c.so
[0.283s] -- Up-to-date: /home/isaac/Documents/D.A.V.E./ros2_ws/install/navigation_interfaces/include/navigation_interfaces/navigation_interfaces
[0.284s] -- Up-to-date: /home/isaac/Documents/D.A.V.E./ros2_ws/install/navigation_interfaces/include/navigation_interfaces/navigation_interfaces/msg
[0.284s] -- Up-to-date: /home/isaac/Documents/D.A.V.E./ros2_ws/install/navigation_interfaces/include/navigation_interfaces/navigation_interfaces/msg/detail
[0.284s] -- Up-to-date: /home/isaac/Documents/D.A.V.E./ros2_ws/install/navigation_interfaces/include/navigation_interfaces/navigation_interfaces/msg/detail/bearing__rosidl_typesupport_introspection_c.h
[0.284s] -- Up-to-date: /home/isaac/Documents/D.A.V.E./ros2_ws/install/navigation_interfaces/include/navigation_interfaces/navigation_interfaces/msg/detail/position__type_support.c
[0.284s] -- Up-to-date: /home/isaac/Documents/D.A.V.E./ros2_ws/install/navigation_interfaces/include/navigation_interfaces/navigation_interfaces/msg/detail/bearing__type_support.c
[0.284s] -- Up-to-date: /home/isaac/Documents/D.A.V.E./ros2_ws/install/navigation_interfaces/include/navigation_interfaces/navigation_interfaces/msg/detail/position__rosidl_typesupport_introspection_c.h
[0.284s] -- Up-to-date: /home/isaac/Documents/D.A.V.E./ros2_ws/install/navigation_interfaces/include/navigation_interfaces/navigation_interfaces/msg/rosidl_typesupport_introspection_c__visibility_control.h
[0.284s] -- Up-to-date: /home/isaac/Documents/D.A.V.E./ros2_ws/install/navigation_interfaces/include/navigation_interfaces/navigation_interfaces/srv
[0.284s] -- Up-to-date: /home/isaac/Documents/D.A.V.E./ros2_ws/install/navigation_interfaces/include/navigation_interfaces/navigation_interfaces/srv/detail
[0.284s] -- Up-to-date: /home/isaac/Documents/D.A.V.E./ros2_ws/install/navigation_interfaces/include/navigation_interfaces/navigation_interfaces/srv/detail/set_nav__rosidl_typesupport_introspection_c.h
[0.284s] -- Up-to-date: /home/isaac/Documents/D.A.V.E./ros2_ws/install/navigation_interfaces/include/navigation_interfaces/navigation_interfaces/srv/detail/get_set_nav__rosidl_typesupport_introspection_c.h
[0.284s] -- Up-to-date: /home/isaac/Documents/D.A.V.E./ros2_ws/install/navigation_interfaces/include/navigation_interfaces/navigation_interfaces/srv/detail/get_nav__rosidl_typesupport_introspection_c.h
[0.284s] -- Up-to-date: /home/isaac/Documents/D.A.V.E./ros2_ws/install/navigation_interfaces/include/navigation_interfaces/navigation_interfaces/srv/detail/get_set_nav__type_support.c
[0.284s] -- Up-to-date: /home/isaac/Documents/D.A.V.E./ros2_ws/install/navigation_interfaces/include/navigation_interfaces/navigation_interfaces/srv/detail/set_nav__type_support.c
[0.284s] -- Up-to-date: /home/isaac/Documents/D.A.V.E./ros2_ws/install/navigation_interfaces/include/navigation_interfaces/navigation_interfaces/srv/detail/get_nav__type_support.c
[0.284s] -- Up-to-date: /home/isaac/Documents/D.A.V.E./ros2_ws/install/navigation_interfaces/lib/libnavigation_interfaces__rosidl_typesupport_introspection_c.so
[0.284s] -- Up-to-date: /home/isaac/Documents/D.A.V.E./ros2_ws/install/navigation_interfaces/lib/libnavigation_interfaces__rosidl_typesupport_c.so
[0.284s] -- Up-to-date: /home/isaac/Documents/D.A.V.E./ros2_ws/install/navigation_interfaces/include/navigation_interfaces/navigation_interfaces
[0.284s] -- Up-to-date: /home/isaac/Documents/D.A.V.E./ros2_ws/install/navigation_interfaces/include/navigation_interfaces/navigation_interfaces/msg
[0.284s] -- Up-to-date: /home/isaac/Documents/D.A.V.E./ros2_ws/install/navigation_interfaces/include/navigation_interfaces/navigation_interfaces/msg/detail
[0.284s] -- Up-to-date: /home/isaac/Documents/D.A.V.E./ros2_ws/install/navigation_interfaces/include/navigation_interfaces/navigation_interfaces/msg/detail/position__struct.hpp
[0.285s] -- Up-to-date: /home/isaac/Documents/D.A.V.E./ros2_ws/install/navigation_interfaces/include/navigation_interfaces/navigation_interfaces/msg/detail/bearing__struct.hpp
[0.285s] -- Up-to-date: /home/isaac/Documents/D.A.V.E./ros2_ws/install/navigation_interfaces/include/navigation_interfaces/navigation_interfaces/msg/detail/position__traits.hpp
[0.285s] -- Up-to-date: /home/isaac/Documents/D.A.V.E./ros2_ws/install/navigation_interfaces/include/navigation_interfaces/navigation_interfaces/msg/detail/bearing__type_support.hpp
[0.285s] -- Up-to-date: /home/isaac/Documents/D.A.V.E./ros2_ws/install/navigation_interfaces/include/navigation_interfaces/navigation_interfaces/msg/detail/bearing__traits.hpp
[0.285s] -- Up-to-date: /home/isaac/Documents/D.A.V.E./ros2_ws/install/navigation_interfaces/include/navigation_interfaces/navigation_interfaces/msg/detail/bearing__builder.hpp
[0.285s] -- Up-to-date: /home/isaac/Documents/D.A.V.E./ros2_ws/install/navigation_interfaces/include/navigation_interfaces/navigation_interfaces/msg/detail/position__builder.hpp
[0.285s] -- Up-to-date: /home/isaac/Documents/D.A.V.E./ros2_ws/install/navigation_interfaces/include/navigation_interfaces/navigation_interfaces/msg/detail/position__type_support.hpp
[0.285s] -- Up-to-date: /home/isaac/Documents/D.A.V.E./ros2_ws/install/navigation_interfaces/include/navigation_interfaces/navigation_interfaces/msg/position.hpp
[0.285s] -- Up-to-date: /home/isaac/Documents/D.A.V.E./ros2_ws/install/navigation_interfaces/include/navigation_interfaces/navigation_interfaces/msg/bearing.hpp
[0.286s] -- Up-to-date: /home/isaac/Documents/D.A.V.E./ros2_ws/install/navigation_interfaces/include/navigation_interfaces/navigation_interfaces/msg/rosidl_generator_cpp__visibility_control.hpp
[0.286s] -- Up-to-date: /home/isaac/Documents/D.A.V.E./ros2_ws/install/navigation_interfaces/include/navigation_interfaces/navigation_interfaces/srv
[0.286s] -- Up-to-date: /home/isaac/Documents/D.A.V.E./ros2_ws/install/navigation_interfaces/include/navigation_interfaces/navigation_interfaces/srv/detail
[0.286s] -- Up-to-date: /home/isaac/Documents/D.A.V.E./ros2_ws/install/navigation_interfaces/include/navigation_interfaces/navigation_interfaces/srv/detail/get_set_nav__builder.hpp
[0.286s] -- Up-to-date: /home/isaac/Documents/D.A.V.E./ros2_ws/install/navigation_interfaces/include/navigation_interfaces/navigation_interfaces/srv/detail/get_nav__traits.hpp
[0.286s] -- Up-to-date: /home/isaac/Documents/D.A.V.E./ros2_ws/install/navigation_interfaces/include/navigation_interfaces/navigation_interfaces/srv/detail/get_nav__struct.hpp
[0.286s] -- Up-to-date: /home/isaac/Documents/D.A.V.E./ros2_ws/install/navigation_interfaces/include/navigation_interfaces/navigation_interfaces/srv/detail/get_set_nav__struct.hpp
[0.286s] -- Up-to-date: /home/isaac/Documents/D.A.V.E./ros2_ws/install/navigation_interfaces/include/navigation_interfaces/navigation_interfaces/srv/detail/get_nav__builder.hpp
[0.286s] -- Up-to-date: /home/isaac/Documents/D.A.V.E./ros2_ws/install/navigation_interfaces/include/navigation_interfaces/navigation_interfaces/srv/detail/get_set_nav__traits.hpp
[0.286s] -- Up-to-date: /home/isaac/Documents/D.A.V.E./ros2_ws/install/navigation_interfaces/include/navigation_interfaces/navigation_interfaces/srv/detail/set_nav__struct.hpp
[0.286s] -- Up-to-date: /home/isaac/Documents/D.A.V.E./ros2_ws/install/navigation_interfaces/include/navigation_interfaces/navigation_interfaces/srv/detail/get_nav__type_support.hpp
[0.286s] -- Up-to-date: /home/isaac/Documents/D.A.V.E./ros2_ws/install/navigation_interfaces/include/navigation_interfaces/navigation_interfaces/srv/detail/set_nav__type_support.hpp
[0.286s] -- Up-to-date: /home/isaac/Documents/D.A.V.E./ros2_ws/install/navigation_interfaces/include/navigation_interfaces/navigation_interfaces/srv/detail/set_nav__builder.hpp
[0.286s] -- Up-to-date: /home/isaac/Documents/D.A.V.E./ros2_ws/install/navigation_interfaces/include/navigation_interfaces/navigation_interfaces/srv/detail/get_set_nav__type_support.hpp
[0.286s] -- Up-to-date: /home/isaac/Documents/D.A.V.E./ros2_ws/install/navigation_interfaces/include/navigation_interfaces/navigation_interfaces/srv/detail/set_nav__traits.hpp
[0.286s] -- Up-to-date: /home/isaac/Documents/D.A.V.E./ros2_ws/install/navigation_interfaces/include/navigation_interfaces/navigation_interfaces/srv/get_set_nav.hpp
[0.286s] -- Up-to-date: /home/isaac/Documents/D.A.V.E./ros2_ws/install/navigation_interfaces/include/navigation_interfaces/navigation_interfaces/srv/get_nav.hpp
[0.287s] -- Up-to-date: /home/isaac/Documents/D.A.V.E./ros2_ws/install/navigation_interfaces/include/navigation_interfaces/navigation_interfaces/srv/set_nav.hpp
[0.287s] -- Up-to-date: /home/isaac/Documents/D.A.V.E./ros2_ws/install/navigation_interfaces/include/navigation_interfaces/navigation_interfaces
[0.287s] -- Up-to-date: /home/isaac/Documents/D.A.V.E./ros2_ws/install/navigation_interfaces/include/navigation_interfaces/navigation_interfaces/msg
[0.287s] -- Up-to-date: /home/isaac/Documents/D.A.V.E./ros2_ws/install/navigation_interfaces/include/navigation_interfaces/navigation_interfaces/msg/detail
[0.287s] -- Up-to-date: /home/isaac/Documents/D.A.V.E./ros2_ws/install/navigation_interfaces/include/navigation_interfaces/navigation_interfaces/msg/detail/position__rosidl_typesupport_fastrtps_cpp.hpp
[0.287s] -- Up-to-date: /home/isaac/Documents/D.A.V.E./ros2_ws/install/navigation_interfaces/include/navigation_interfaces/navigation_interfaces/msg/detail/dds_fastrtps
[0.287s] -- Up-to-date: /home/isaac/Documents/D.A.V.E./ros2_ws/install/navigation_interfaces/include/navigation_interfaces/navigation_interfaces/msg/detail/bearing__rosidl_typesupport_fastrtps_cpp.hpp
[0.287s] -- Up-to-date: /home/isaac/Documents/D.A.V.E./ros2_ws/install/navigation_interfaces/include/navigation_interfaces/navigation_interfaces/msg/rosidl_typesupport_fastrtps_cpp__visibility_control.h
[0.287s] -- Up-to-date: /home/isaac/Documents/D.A.V.E./ros2_ws/install/navigation_interfaces/include/navigation_interfaces/navigation_interfaces/srv
[0.287s] -- Up-to-date: /home/isaac/Documents/D.A.V.E./ros2_ws/install/navigation_interfaces/include/navigation_interfaces/navigation_interfaces/srv/detail
[0.287s] -- Up-to-date: /home/isaac/Documents/D.A.V.E./ros2_ws/install/navigation_interfaces/include/navigation_interfaces/navigation_interfaces/srv/detail/dds_fastrtps
[0.287s] -- Up-to-date: /home/isaac/Documents/D.A.V.E./ros2_ws/install/navigation_interfaces/include/navigation_interfaces/navigation_interfaces/srv/detail/get_set_nav__rosidl_typesupport_fastrtps_cpp.hpp
[0.287s] -- Up-to-date: /home/isaac/Documents/D.A.V.E./ros2_ws/install/navigation_interfaces/include/navigation_interfaces/navigation_interfaces/srv/detail/set_nav__rosidl_typesupport_fastrtps_cpp.hpp
[0.287s] -- Up-to-date: /home/isaac/Documents/D.A.V.E./ros2_ws/install/navigation_interfaces/include/navigation_interfaces/navigation_interfaces/srv/detail/get_nav__rosidl_typesupport_fastrtps_cpp.hpp
[0.287s] -- Up-to-date: /home/isaac/Documents/D.A.V.E./ros2_ws/install/navigation_interfaces/lib/libnavigation_interfaces__rosidl_typesupport_fastrtps_cpp.so
[0.287s] -- Up-to-date: /home/isaac/Documents/D.A.V.E./ros2_ws/install/navigation_interfaces/include/navigation_interfaces/navigation_interfaces
[0.287s] -- Up-to-date: /home/isaac/Documents/D.A.V.E./ros2_ws/install/navigation_interfaces/include/navigation_interfaces/navigation_interfaces/msg
[0.287s] -- Up-to-date: /home/isaac/Documents/D.A.V.E./ros2_ws/install/navigation_interfaces/include/navigation_interfaces/navigation_interfaces/msg/detail
[0.287s] -- Up-to-date: /home/isaac/Documents/D.A.V.E./ros2_ws/install/navigation_interfaces/include/navigation_interfaces/navigation_interfaces/msg/detail/bearing__rosidl_typesupport_introspection_cpp.hpp
[0.287s] -- Up-to-date: /home/isaac/Documents/D.A.V.E./ros2_ws/install/navigation_interfaces/include/navigation_interfaces/navigation_interfaces/msg/detail/position__rosidl_typesupport_introspection_cpp.hpp
[0.287s] -- Up-to-date: /home/isaac/Documents/D.A.V.E./ros2_ws/install/navigation_interfaces/include/navigation_interfaces/navigation_interfaces/msg/detail/position__type_support.cpp
[0.287s] -- Up-to-date: /home/isaac/Documents/D.A.V.E./ros2_ws/install/navigation_interfaces/include/navigation_interfaces/navigation_interfaces/msg/detail/bearing__type_support.cpp
[0.287s] -- Up-to-date: /home/isaac/Documents/D.A.V.E./ros2_ws/install/navigation_interfaces/include/navigation_interfaces/navigation_interfaces/srv
[0.287s] -- Up-to-date: /home/isaac/Documents/D.A.V.E./ros2_ws/install/navigation_interfaces/include/navigation_interfaces/navigation_interfaces/srv/detail
[0.287s] -- Up-to-date: /home/isaac/Documents/D.A.V.E./ros2_ws/install/navigation_interfaces/include/navigation_interfaces/navigation_interfaces/srv/detail/get_set_nav__type_support.cpp
[0.287s] -- Up-to-date: /home/isaac/Documents/D.A.V.E./ros2_ws/install/navigation_interfaces/include/navigation_interfaces/navigation_interfaces/srv/detail/set_nav__type_support.cpp
[0.287s] -- Up-to-date: /home/isaac/Documents/D.A.V.E./ros2_ws/install/navigation_interfaces/include/navigation_interfaces/navigation_interfaces/srv/detail/get_nav__type_support.cpp
[0.287s] -- Up-to-date: /home/isaac/Documents/D.A.V.E./ros2_ws/install/navigation_interfaces/include/navigation_interfaces/navigation_interfaces/srv/detail/set_nav__rosidl_typesupport_introspection_cpp.hpp
[0.288s] -- Up-to-date: /home/isaac/Documents/D.A.V.E./ros2_ws/install/navigation_interfaces/include/navigation_interfaces/navigation_interfaces/srv/detail/get_set_nav__rosidl_typesupport_introspection_cpp.hpp
[0.288s] -- Up-to-date: /home/isaac/Documents/D.A.V.E./ros2_ws/install/navigation_interfaces/include/navigation_interfaces/navigation_interfaces/srv/detail/get_nav__rosidl_typesupport_introspection_cpp.hpp
[0.288s] -- Up-to-date: /home/isaac/Documents/D.A.V.E./ros2_ws/install/navigation_interfaces/lib/libnavigation_interfaces__rosidl_typesupport_introspection_cpp.so
[0.288s] -- Up-to-date: /home/isaac/Documents/D.A.V.E./ros2_ws/install/navigation_interfaces/lib/libnavigation_interfaces__rosidl_typesupport_cpp.so
[0.288s] -- Up-to-date: /home/isaac/Documents/D.A.V.E./ros2_ws/install/navigation_interfaces/share/navigation_interfaces/environment/pythonpath.sh
[0.288s] -- Up-to-date: /home/isaac/Documents/D.A.V.E./ros2_ws/install/navigation_interfaces/share/navigation_interfaces/environment/pythonpath.dsv
[0.288s] -- Up-to-date: /home/isaac/Documents/D.A.V.E./ros2_ws/install/navigation_interfaces/local/lib/python3.10/dist-packages/navigation_interfaces-0.0.0-py3.10.egg-info
[0.288s] -- Installing: /home/isaac/Documents/D.A.V.E./ros2_ws/install/navigation_interfaces/local/lib/python3.10/dist-packages/navigation_interfaces-0.0.0-py3.10.egg-info/SOURCES.txt
[0.288s] -- Installing: /home/isaac/Documents/D.A.V.E./ros2_ws/install/navigation_interfaces/local/lib/python3.10/dist-packages/navigation_interfaces-0.0.0-py3.10.egg-info/top_level.txt
[0.288s] -- Installing: /home/isaac/Documents/D.A.V.E./ros2_ws/install/navigation_interfaces/local/lib/python3.10/dist-packages/navigation_interfaces-0.0.0-py3.10.egg-info/dependency_links.txt
[0.288s] -- Installing: /home/isaac/Documents/D.A.V.E./ros2_ws/install/navigation_interfaces/local/lib/python3.10/dist-packages/navigation_interfaces-0.0.0-py3.10.egg-info/PKG-INFO
[0.288s] -- Up-to-date: /home/isaac/Documents/D.A.V.E./ros2_ws/install/navigation_interfaces/local/lib/python3.10/dist-packages/navigation_interfaces
[0.288s] -- Up-to-date: /home/isaac/Documents/D.A.V.E./ros2_ws/install/navigation_interfaces/local/lib/python3.10/dist-packages/navigation_interfaces/_navigation_interfaces_s.ep.rosidl_typesupport_c.c
[0.288s] -- Up-to-date: /home/isaac/Documents/D.A.V.E./ros2_ws/install/navigation_interfaces/local/lib/python3.10/dist-packages/navigation_interfaces/__init__.py
[0.288s] -- Up-to-date: /home/isaac/Documents/D.A.V.E./ros2_ws/install/navigation_interfaces/local/lib/python3.10/dist-packages/navigation_interfaces/_navigation_interfaces_s.ep.rosidl_typesupport_introspection_c.c
[0.288s] -- Up-to-date: /home/isaac/Documents/D.A.V.E./ros2_ws/install/navigation_interfaces/local/lib/python3.10/dist-packages/navigation_interfaces/_navigation_interfaces_s.ep.rosidl_typesupport_fastrtps_c.c
[0.288s] -- Up-to-date: /home/isaac/Documents/D.A.V.E./ros2_ws/install/navigation_interfaces/local/lib/python3.10/dist-packages/navigation_interfaces/msg
[0.288s] -- Up-to-date: /home/isaac/Documents/D.A.V.E./ros2_ws/install/navigation_interfaces/local/lib/python3.10/dist-packages/navigation_interfaces/msg/__init__.py
[0.288s] -- Up-to-date: /home/isaac/Documents/D.A.V.E./ros2_ws/install/navigation_interfaces/local/lib/python3.10/dist-packages/navigation_interfaces/msg/_bearing.py
[0.288s] -- Up-to-date: /home/isaac/Documents/D.A.V.E./ros2_ws/install/navigation_interfaces/local/lib/python3.10/dist-packages/navigation_interfaces/msg/_position_s.c
[0.288s] -- Up-to-date: /home/isaac/Documents/D.A.V.E./ros2_ws/install/navigation_interfaces/local/lib/python3.10/dist-packages/navigation_interfaces/msg/_bearing_s.c
[0.288s] -- Up-to-date: /home/isaac/Documents/D.A.V.E./ros2_ws/install/navigation_interfaces/local/lib/python3.10/dist-packages/navigation_interfaces/msg/_position.py
[0.288s] -- Up-to-date: /home/isaac/Documents/D.A.V.E./ros2_ws/install/navigation_interfaces/local/lib/python3.10/dist-packages/navigation_interfaces/navigation_interfaces_s__rosidl_typesupport_fastrtps_c.cpython-310-x86_64-linux-gnu.so
[0.288s] -- Up-to-date: /home/isaac/Documents/D.A.V.E./ros2_ws/install/navigation_interfaces/local/lib/python3.10/dist-packages/navigation_interfaces/srv
[0.288s] -- Up-to-date: /home/isaac/Documents/D.A.V.E./ros2_ws/install/navigation_interfaces/local/lib/python3.10/dist-packages/navigation_interfaces/srv/__init__.py
[0.288s] -- Up-to-date: /home/isaac/Documents/D.A.V.E./ros2_ws/install/navigation_interfaces/local/lib/python3.10/dist-packages/navigation_interfaces/srv/_get_nav_s.c
[0.288s] -- Up-to-date: /home/isaac/Documents/D.A.V.E./ros2_ws/install/navigation_interfaces/local/lib/python3.10/dist-packages/navigation_interfaces/srv/_get_nav.py
[0.288s] -- Up-to-date: /home/isaac/Documents/D.A.V.E./ros2_ws/install/navigation_interfaces/local/lib/python3.10/dist-packages/navigation_interfaces/srv/_set_nav.py
[0.289s] -- Up-to-date: /home/isaac/Documents/D.A.V.E./ros2_ws/install/navigation_interfaces/local/lib/python3.10/dist-packages/navigation_interfaces/srv/_get_set_nav.py
[0.289s] -- Up-to-date: /home/isaac/Documents/D.A.V.E./ros2_ws/install/navigation_interfaces/local/lib/python3.10/dist-packages/navigation_interfaces/srv/_set_nav_s.c
[0.289s] -- Up-to-date: /home/isaac/Documents/D.A.V.E./ros2_ws/install/navigation_interfaces/local/lib/python3.10/dist-packages/navigation_interfaces/srv/_get_set_nav_s.c
[0.289s] -- Up-to-date: /home/isaac/Documents/D.A.V.E./ros2_ws/install/navigation_interfaces/local/lib/python3.10/dist-packages/navigation_interfaces/libnavigation_interfaces__rosidl_generator_py.so
[0.289s] -- Up-to-date: /home/isaac/Documents/D.A.V.E./ros2_ws/install/navigation_interfaces/local/lib/python3.10/dist-packages/navigation_interfaces/navigation_interfaces_s__rosidl_typesupport_introspection_c.cpython-310-x86_64-linux-gnu.so
[0.289s] -- Up-to-date: /home/isaac/Documents/D.A.V.E./ros2_ws/install/navigation_interfaces/local/lib/python3.10/dist-packages/navigation_interfaces/navigation_interfaces_s__rosidl_typesupport_c.cpython-310-x86_64-linux-gnu.so
[0.309s] Listing '/home/isaac/Documents/D.A.V.E./ros2_ws/install/navigation_interfaces/local/lib/python3.10/dist-packages/navigation_interfaces'...
[0.309s] Listing '/home/isaac/Documents/D.A.V.E./ros2_ws/install/navigation_interfaces/local/lib/python3.10/dist-packages/navigation_interfaces/msg'...
[0.309s] Listing '/home/isaac/Documents/D.A.V.E./ros2_ws/install/navigation_interfaces/local/lib/python3.10/dist-packages/navigation_interfaces/srv'...
[0.311s] -- Up-to-date: /home/isaac/Documents/D.A.V.E./ros2_ws/install/navigation_interfaces/local/lib/python3.10/dist-packages/navigation_interfaces/navigation_interfaces_s__rosidl_typesupport_fastrtps_c.cpython-310-x86_64-linux-gnu.so
[0.312s] -- Up-to-date: /home/isaac/Documents/D.A.V.E./ros2_ws/install/navigation_interfaces/local/lib/python3.10/dist-packages/navigation_interfaces/navigation_interfaces_s__rosidl_typesupport_introspection_c.cpython-310-x86_64-linux-gnu.so
[0.312s] -- Up-to-date: /home/isaac/Documents/D.A.V.E./ros2_ws/install/navigation_interfaces/local/lib/python3.10/dist-packages/navigation_interfaces/navigation_interfaces_s__rosidl_typesupport_c.cpython-310-x86_64-linux-gnu.so
[0.312s] -- Up-to-date: /home/isaac/Documents/D.A.V.E./ros2_ws/install/navigation_interfaces/lib/libnavigation_interfaces__rosidl_generator_py.so
[0.312s] -- Up-to-date: /home/isaac/Documents/D.A.V.E./ros2_ws/install/navigation_interfaces/share/navigation_interfaces/msg/Bearing.idl
[0.312s] -- Up-to-date: /home/isaac/Documents/D.A.V.E./ros2_ws/install/navigation_interfaces/share/navigation_interfaces/msg/Position.idl
[0.312s] -- Up-to-date: /home/isaac/Documents/D.A.V.E./ros2_ws/install/navigation_interfaces/share/navigation_interfaces/srv/GetNav.idl
[0.313s] -- Up-to-date: /home/isaac/Documents/D.A.V.E./ros2_ws/install/navigation_interfaces/share/navigation_interfaces/srv/SetNav.idl
[0.313s] -- Up-to-date: /home/isaac/Documents/D.A.V.E./ros2_ws/install/navigation_interfaces/share/navigation_interfaces/msg/Bearing.msg
[0.313s] -- Up-to-date: /home/isaac/Documents/D.A.V.E./ros2_ws/install/navigation_interfaces/share/navigation_interfaces/msg/Position.msg
[0.313s] -- Up-to-date: /home/isaac/Documents/D.A.V.E./ros2_ws/install/navigation_interfaces/share/navigation_interfaces/srv/GetNav.srv
[0.313s] -- Up-to-date: /home/isaac/Documents/D.A.V.E./ros2_ws/install/navigation_interfaces/share/navigation_interfaces/srv/GetNav_Request.msg
[0.313s] -- Up-to-date: /home/isaac/Documents/D.A.V.E./ros2_ws/install/navigation_interfaces/share/navigation_interfaces/srv/GetNav_Response.msg
[0.313s] -- Up-to-date: /home/isaac/Documents/D.A.V.E./ros2_ws/install/navigation_interfaces/share/navigation_interfaces/srv/SetNav.srv
[0.313s] -- Up-to-date: /home/isaac/Documents/D.A.V.E./ros2_ws/install/navigation_interfaces/share/navigation_interfaces/srv/SetNav_Request.msg
[0.313s] -- Up-to-date: /home/isaac/Documents/D.A.V.E./ros2_ws/install/navigation_interfaces/share/navigation_interfaces/srv/SetNav_Response.msg
[0.313s] -- Up-to-date: /home/isaac/Documents/D.A.V.E./ros2_ws/install/navigation_interfaces/share/ament_index/resource_index/package_run_dependencies/navigation_interfaces
[0.313s] -- Up-to-date: /home/isaac/Documents/D.A.V.E./ros2_ws/install/navigation_interfaces/share/ament_index/resource_index/parent_prefix_path/navigation_interfaces
[0.313s] -- Up-to-date: /home/isaac/Documents/D.A.V.E./ros2_ws/install/navigation_interfaces/share/navigation_interfaces/environment/ament_prefix_path.sh
[0.313s] -- Up-to-date: /home/isaac/Documents/D.A.V.E./ros2_ws/install/navigation_interfaces/share/navigation_interfaces/environment/ament_prefix_path.dsv
[0.313s] -- Up-to-date: /home/isaac/Documents/D.A.V.E./ros2_ws/install/navigation_interfaces/share/navigation_interfaces/environment/path.sh
[0.313s] -- Up-to-date: /home/isaac/Documents/D.A.V.E./ros2_ws/install/navigation_interfaces/share/navigation_interfaces/environment/path.dsv
[0.313s] -- Up-to-date: /home/isaac/Documents/D.A.V.E./ros2_ws/install/navigation_interfaces/share/navigation_interfaces/local_setup.bash
[0.313s] -- Up-to-date: /home/isaac/Documents/D.A.V.E./ros2_ws/install/navigation_interfaces/share/navigation_interfaces/local_setup.sh
[0.313s] -- Up-to-date: /home/isaac/Documents/D.A.V.E./ros2_ws/install/navigation_interfaces/share/navigation_interfaces/local_setup.zsh
[0.313s] -- Up-to-date: /home/isaac/Documents/D.A.V.E./ros2_ws/install/navigation_interfaces/share/navigation_interfaces/local_setup.dsv
[0.313s] -- Installing: /home/isaac/Documents/D.A.V.E./ros2_ws/install/navigation_interfaces/share/navigation_interfaces/package.dsv
[0.314s] -- Up-to-date: /home/isaac/Documents/D.A.V.E./ros2_ws/install/navigation_interfaces/share/ament_index/resource_index/packages/navigation_interfaces
[0.314s] -- Up-to-date: /home/isaac/Documents/D.A.V.E./ros2_ws/install/navigation_interfaces/share/navigation_interfaces/cmake/export_navigation_interfaces__rosidl_generator_cExport.cmake
[0.314s] -- Up-to-date: /home/isaac/Documents/D.A.V.E./ros2_ws/install/navigation_interfaces/share/navigation_interfaces/cmake/export_navigation_interfaces__rosidl_generator_cExport-noconfig.cmake
[0.314s] -- Up-to-date: /home/isaac/Documents/D.A.V.E./ros2_ws/install/navigation_interfaces/share/navigation_interfaces/cmake/export_navigation_interfaces__rosidl_typesupport_fastrtps_cExport.cmake
[0.314s] -- Up-to-date: /home/isaac/Documents/D.A.V.E./ros2_ws/install/navigation_interfaces/share/navigation_interfaces/cmake/export_navigation_interfaces__rosidl_typesupport_fastrtps_cExport-noconfig.cmake
[0.314s] -- Up-to-date: /home/isaac/Documents/D.A.V.E./ros2_ws/install/navigation_interfaces/share/navigation_interfaces/cmake/navigation_interfaces__rosidl_typesupport_introspection_cExport.cmake
[0.314s] -- Up-to-date: /home/isaac/Documents/D.A.V.E./ros2_ws/install/navigation_interfaces/share/navigation_interfaces/cmake/navigation_interfaces__rosidl_typesupport_introspection_cExport-noconfig.cmake
[0.314s] -- Up-to-date: /home/isaac/Documents/D.A.V.E./ros2_ws/install/navigation_interfaces/share/navigation_interfaces/cmake/navigation_interfaces__rosidl_typesupport_cExport.cmake
[0.314s] -- Up-to-date: /home/isaac/Documents/D.A.V.E./ros2_ws/install/navigation_interfaces/share/navigation_interfaces/cmake/navigation_interfaces__rosidl_typesupport_cExport-noconfig.cmake
[0.314s] -- Up-to-date: /home/isaac/Documents/D.A.V.E./ros2_ws/install/navigation_interfaces/share/navigation_interfaces/cmake/export_navigation_interfaces__rosidl_generator_cppExport.cmake
[0.314s] -- Up-to-date: /home/isaac/Documents/D.A.V.E./ros2_ws/install/navigation_interfaces/share/navigation_interfaces/cmake/export_navigation_interfaces__rosidl_typesupport_fastrtps_cppExport.cmake
[0.314s] -- Up-to-date: /home/isaac/Documents/D.A.V.E./ros2_ws/install/navigation_interfaces/share/navigation_interfaces/cmake/export_navigation_interfaces__rosidl_typesupport_fastrtps_cppExport-noconfig.cmake
[0.314s] -- Up-to-date: /home/isaac/Documents/D.A.V.E./ros2_ws/install/navigation_interfaces/share/navigation_interfaces/cmake/navigation_interfaces__rosidl_typesupport_introspection_cppExport.cmake
[0.314s] -- Up-to-date: /home/isaac/Documents/D.A.V.E./ros2_ws/install/navigation_interfaces/share/navigation_interfaces/cmake/navigation_interfaces__rosidl_typesupport_introspection_cppExport-noconfig.cmake
[0.314s] -- Up-to-date: /home/isaac/Documents/D.A.V.E./ros2_ws/install/navigation_interfaces/share/navigation_interfaces/cmake/navigation_interfaces__rosidl_typesupport_cppExport.cmake
[0.314s] -- Up-to-date: /home/isaac/Documents/D.A.V.E./ros2_ws/install/navigation_interfaces/share/navigation_interfaces/cmake/navigation_interfaces__rosidl_typesupport_cppExport-noconfig.cmake
[0.314s] -- Up-to-date: /home/isaac/Documents/D.A.V.E./ros2_ws/install/navigation_interfaces/share/navigation_interfaces/cmake/export_navigation_interfaces__rosidl_generator_pyExport.cmake
[0.314s] -- Up-to-date: /home/isaac/Documents/D.A.V.E./ros2_ws/install/navigation_interfaces/share/navigation_interfaces/cmake/export_navigation_interfaces__rosidl_generator_pyExport-noconfig.cmake
[0.314s] -- Up-to-date: /home/isaac/Documents/D.A.V.E./ros2_ws/install/navigation_interfaces/share/navigation_interfaces/cmake/rosidl_cmake-extras.cmake
[0.314s] -- Up-to-date: /home/isaac/Documents/D.A.V.E./ros2_ws/install/navigation_interfaces/share/navigation_interfaces/cmake/ament_cmake_export_include_directories-extras.cmake
[0.314s] -- Up-to-date: /home/isaac/Documents/D.A.V.E./ros2_ws/install/navigation_interfaces/share/navigation_interfaces/cmake/ament_cmake_export_libraries-extras.cmake
[0.314s] -- Up-to-date: /home/isaac/Documents/D.A.V.E./ros2_ws/install/navigation_interfaces/share/navigation_interfaces/cmake/ament_cmake_export_targets-extras.cmake
[0.314s] -- Up-to-date: /home/isaac/Documents/D.A.V.E./ros2_ws/install/navigation_interfaces/share/navigation_interfaces/cmake/rosidl_cmake_export_typesupport_targets-extras.cmake
[0.314s] -- Up-to-date: /home/isaac/Documents/D.A.V.E./ros2_ws/install/navigation_interfaces/share/navigation_interfaces/cmake/ament_cmake_export_dependencies-extras.cmake
[0.315s] -- Up-to-date: /home/isaac/Documents/D.A.V.E./ros2_ws/install/navigation_interfaces/share/navigation_interfaces/cmake/rosidl_cmake_export_typesupport_libraries-extras.cmake
[0.315s] -- Up-to-date: /home/isaac/Documents/D.A.V.E./ros2_ws/install/navigation_interfaces/share/navigation_interfaces/cmake/navigation_interfacesConfig.cmake
[0.315s] -- Up-to-date: /home/isaac/Documents/D.A.V.E./ros2_ws/install/navigation_interfaces/share/navigation_interfaces/cmake/navigation_interfacesConfig-version.cmake
[0.315s] -- Up-to-date: /home/isaac/Documents/D.A.V.E./ros2_ws/install/navigation_interfaces/share/navigation_interfaces/package.xml
[0.317s] Invoked command in '/home/isaac/Documents/D.A.V.E./ros2_ws/build/navigation_interfaces' returned '0': CMAKE_PREFIX_PATH=${CMAKE_PREFIX_PATH}:/opt/ros/humble /usr/bin/cmake --install /home/isaac/Documents/D.A.V.E./ros2_ws/build/navigation_interfaces
