[ 50%] [32mBuilding CXX object CMakeFiles/GPSnode.dir/src/GPSnode.cpp.o[0m
[100%] [32m[1mLinking CXX executable GPSnode[0m
[100%] Built target GPSnode
-- Install configuration: ""
-- Installing: /home/isaac/Documents/D.A.V.E./ros2_ws/install/navsystem/lib/navsystem/GPSnode
-- Set runtime path of "/home/isaac/Documents/D.A.V.E./ros2_ws/install/navsystem/lib/navsystem/GPSnode" to ""
-- Installing: /home/isaac/Documents/D.A.V.E./ros2_ws/install/navsystem/share/ament_index/resource_index/package_run_dependencies/navsystem
-- Installing: /home/isaac/Documents/D.A.V.E./ros2_ws/install/navsystem/share/ament_index/resource_index/parent_prefix_path/navsystem
-- Installing: /home/isaac/Documents/D.A.V.E./ros2_ws/install/navsystem/share/navsystem/environment/ament_prefix_path.sh
-- Installing: /home/isaac/Documents/D.A.V.E./ros2_ws/install/navsystem/share/navsystem/environment/ament_prefix_path.dsv
-- Installing: /home/isaac/Documents/D.A.V.E./ros2_ws/install/navsystem/share/navsystem/environment/path.sh
-- Installing: /home/isaac/Documents/D.A.V.E./ros2_ws/install/navsystem/share/navsystem/environment/path.dsv
-- Installing: /home/isaac/Documents/D.A.V.E./ros2_ws/install/navsystem/share/navsystem/local_setup.bash
-- Installing: /home/isaac/Documents/D.A.V.E./ros2_ws/install/navsystem/share/navsystem/local_setup.sh
-- Installing: /home/isaac/Documents/D.A.V.E./ros2_ws/install/navsystem/share/navsystem/local_setup.zsh
-- Installing: /home/isaac/Documents/D.A.V.E./ros2_ws/install/navsystem/share/navsystem/local_setup.dsv
-- Installing: /home/isaac/Documents/D.A.V.E./ros2_ws/install/navsystem/share/navsystem/package.dsv
-- Installing: /home/isaac/Documents/D.A.V.E./ros2_ws/install/navsystem/share/ament_index/resource_index/packages/navsystem
-- Installing: /home/isaac/Documents/D.A.V.E./ros2_ws/install/navsystem/share/navsystem/cmake/navsystemConfig.cmake
-- Installing: /home/isaac/Documents/D.A.V.E./ros2_ws/install/navsystem/share/navsystem/cmake/navsystemConfig-version.cmake
-- Installing: /home/isaac/Documents/D.A.V.E./ros2_ws/install/navsystem/share/navsystem/package.xml
