Built target ament_cmake_python_copy_enigma_machine
running egg_info
writing enigma_machine.egg-info/PKG-INFO
writing dependency_links to enigma_machine.egg-info/dependency_links.txt
writing top-level names to enigma_machine.egg-info/top_level.txt
reading manifest file 'enigma_machine.egg-info/SOURCES.txt'
writing manifest file 'enigma_machine.egg-info/SOURCES.txt'
Built target ament_cmake_python_build_enigma_machine_egg
-- Install configuration: ""
-- Up-to-date: /home/isaac/D.A.V.E./ros2_ws/install/enigma_machine/share/enigma_machine/environment/pythonpath.sh
-- Up-to-date: /home/isaac/D.A.V.E./ros2_ws/install/enigma_machine/share/enigma_machine/environment/pythonpath.dsv
-- Up-to-date: /home/isaac/D.A.V.E./ros2_ws/install/enigma_machine/local/lib/python3.10/dist-packages/enigma_machine-0.0.0-py3.10.egg-info
-- Installing: /home/isaac/D.A.V.E./ros2_ws/install/enigma_machine/local/lib/python3.10/dist-packages/enigma_machine-0.0.0-py3.10.egg-info/PKG-INFO
-- Installing: /home/isaac/D.A.V.E./ros2_ws/install/enigma_machine/local/lib/python3.10/dist-packages/enigma_machine-0.0.0-py3.10.egg-info/top_level.txt
-- Installing: /home/isaac/D.A.V.E./ros2_ws/install/enigma_machine/local/lib/python3.10/dist-packages/enigma_machine-0.0.0-py3.10.egg-info/dependency_links.txt
-- Installing: /home/isaac/D.A.V.E./ros2_ws/install/enigma_machine/local/lib/python3.10/dist-packages/enigma_machine-0.0.0-py3.10.egg-info/SOURCES.txt
-- Up-to-date: /home/isaac/D.A.V.E./ros2_ws/install/enigma_machine/local/lib/python3.10/dist-packages/enigma_machine
-- Up-to-date: /home/isaac/D.A.V.E./ros2_ws/install/enigma_machine/local/lib/python3.10/dist-packages/enigma_machine/module_to_import.py
-- Up-to-date: /home/isaac/D.A.V.E./ros2_ws/install/enigma_machine/local/lib/python3.10/dist-packages/enigma_machine/__init__.py
Listing '/home/isaac/D.A.V.E./ros2_ws/install/enigma_machine/local/lib/python3.10/dist-packages/enigma_machine'...
-- Installing: /home/isaac/D.A.V.E./ros2_ws/install/enigma_machine/lib/enigma_machine/py_node.py
-- Up-to-date: /home/isaac/D.A.V.E./ros2_ws/install/enigma_machine/share/ament_index/resource_index/package_run_dependencies/enigma_machine
-- Up-to-date: /home/isaac/D.A.V.E./ros2_ws/install/enigma_machine/share/ament_index/resource_index/parent_prefix_path/enigma_machine
-- Up-to-date: /home/isaac/D.A.V.E./ros2_ws/install/enigma_machine/share/enigma_machine/environment/ament_prefix_path.dsv
-- Up-to-date: /home/isaac/D.A.V.E./ros2_ws/install/enigma_machine/share/enigma_machine/environment/path.dsv
-- Up-to-date: /home/isaac/D.A.V.E./ros2_ws/install/enigma_machine/share/enigma_machine/local_setup.bash
-- Up-to-date: /home/isaac/D.A.V.E./ros2_ws/install/enigma_machine/share/enigma_machine/local_setup.sh
-- Up-to-date: /home/isaac/D.A.V.E./ros2_ws/install/enigma_machine/share/enigma_machine/local_setup.zsh
-- Up-to-date: /home/isaac/D.A.V.E./ros2_ws/install/enigma_machine/share/enigma_machine/local_setup.dsv
-- Up-to-date: /home/isaac/D.A.V.E./ros2_ws/install/enigma_machine/share/enigma_machine/package.dsv
-- Up-to-date: /home/isaac/D.A.V.E./ros2_ws/install/enigma_machine/share/ament_index/resource_index/packages/enigma_machine
-- Up-to-date: /home/isaac/D.A.V.E./ros2_ws/install/enigma_machine/share/enigma_machine/cmake/enigma_machineConfig.cmake
-- Up-to-date: /home/isaac/D.A.V.E./ros2_ws/install/enigma_machine/share/enigma_machine/cmake/enigma_machineConfig-version.cmake
-- Up-to-date: /home/isaac/D.A.V.E./ros2_ws/install/enigma_machine/share/enigma_machine/package.xml
