[0.010s] Invoking command in '/home/isaac/Documents/D.A.V.E./ros2_ws/build/custom_interfaces': CMAKE_PREFIX_PATH=/opt/ros/humble /usr/bin/cmake /home/isaac/Documents/D.A.V.E./ros2_ws/src/custom_interfaces -DCMAKE_INSTALL_PREFIX=/home/isaac/Documents/D.A.V.E./ros2_ws/install/custom_interfaces
[0.092s] -- The C compiler identification is GNU 11.4.0
[0.156s] -- The CXX compiler identification is GNU 11.4.0
[0.165s] -- Detecting C compiler ABI info
[0.229s] -- Detecting C compiler ABI info - done
[0.234s] -- Check for working C compiler: /usr/bin/cc - skipped
[0.234s] -- Detecting C compile features
[0.235s] -- Detecting C compile features - done
[0.238s] -- Detecting CXX compiler ABI info
[0.307s] -- Detecting CXX compiler ABI info - done
[0.312s] -- Check for working CXX compiler: /usr/bin/c++ - skipped
[0.313s] -- Detecting CXX compile features
[0.313s] -- Detecting CXX compile features - done
[0.316s] -- Found ament_cmake: 1.3.13 (/opt/ros/humble/share/ament_cmake/cmake)
[0.433s] -- Found Python3: /usr/bin/python3 (found version "3.10.12") found components: Interpreter 
[0.504s] -- Found ament_lint_auto: 0.12.15 (/opt/ros/humble/share/ament_lint_auto/cmake)
[0.560s] -- Added test 'lint_cmake' to check CMake code style
[0.561s] -- Added test 'xmllint' to check XML markup files
[0.563s] -- Configuring done
[0.565s] -- Generating done
[0.567s] -- Build files have been written to: /home/isaac/Documents/D.A.V.E./ros2_ws/build/custom_interfaces
[0.571s] Invoked command in '/home/isaac/Documents/D.A.V.E./ros2_ws/build/custom_interfaces' returned '0': CMAKE_PREFIX_PATH=/opt/ros/humble /usr/bin/cmake /home/isaac/Documents/D.A.V.E./ros2_ws/src/custom_interfaces -DCMAKE_INSTALL_PREFIX=/home/isaac/Documents/D.A.V.E./ros2_ws/install/custom_interfaces
[0.572s] Invoking command in '/home/isaac/Documents/D.A.V.E./ros2_ws/build/custom_interfaces': CMAKE_PREFIX_PATH=/opt/ros/humble /usr/bin/cmake --build /home/isaac/Documents/D.A.V.E./ros2_ws/build/custom_interfaces -- -j16 -l16
[0.607s] Invoked command in '/home/isaac/Documents/D.A.V.E./ros2_ws/build/custom_interfaces' returned '0': CMAKE_PREFIX_PATH=/opt/ros/humble /usr/bin/cmake --build /home/isaac/Documents/D.A.V.E./ros2_ws/build/custom_interfaces -- -j16 -l16
[0.616s] Invoking command in '/home/isaac/Documents/D.A.V.E./ros2_ws/build/custom_interfaces': CMAKE_PREFIX_PATH=/opt/ros/humble /usr/bin/cmake --install /home/isaac/Documents/D.A.V.E./ros2_ws/build/custom_interfaces
[0.623s] -- Install configuration: ""
[0.623s] -- Installing: /home/isaac/Documents/D.A.V.E./ros2_ws/install/custom_interfaces/share/ament_index/resource_index/package_run_dependencies/custom_interfaces
[0.624s] -- Installing: /home/isaac/Documents/D.A.V.E./ros2_ws/install/custom_interfaces/share/ament_index/resource_index/parent_prefix_path/custom_interfaces
[0.624s] -- Installing: /home/isaac/Documents/D.A.V.E./ros2_ws/install/custom_interfaces/share/custom_interfaces/environment/ament_prefix_path.sh
[0.624s] -- Installing: /home/isaac/Documents/D.A.V.E./ros2_ws/install/custom_interfaces/share/custom_interfaces/environment/ament_prefix_path.dsv
[0.624s] -- Installing: /home/isaac/Documents/D.A.V.E./ros2_ws/install/custom_interfaces/share/custom_interfaces/environment/path.sh
[0.624s] -- Installing: /home/isaac/Documents/D.A.V.E./ros2_ws/install/custom_interfaces/share/custom_interfaces/environment/path.dsv
[0.624s] -- Installing: /home/isaac/Documents/D.A.V.E./ros2_ws/install/custom_interfaces/share/custom_interfaces/local_setup.bash
[0.624s] -- Installing: /home/isaac/Documents/D.A.V.E./ros2_ws/install/custom_interfaces/share/custom_interfaces/local_setup.sh
[0.624s] -- Installing: /home/isaac/Documents/D.A.V.E./ros2_ws/install/custom_interfaces/share/custom_interfaces/local_setup.zsh
[0.625s] -- Installing: /home/isaac/Documents/D.A.V.E./ros2_ws/install/custom_interfaces/share/custom_interfaces/local_setup.dsv
[0.625s] -- Installing: /home/isaac/Documents/D.A.V.E./ros2_ws/install/custom_interfaces/share/custom_interfaces/package.dsv
[0.625s] -- Installing: /home/isaac/Documents/D.A.V.E./ros2_ws/install/custom_interfaces/share/ament_index/resource_index/packages/custom_interfaces
[0.625s] -- Installing: /home/isaac/Documents/D.A.V.E./ros2_ws/install/custom_interfaces/share/custom_interfaces/cmake/custom_interfacesConfig.cmake
[0.625s] -- Installing: /home/isaac/Documents/D.A.V.E./ros2_ws/install/custom_interfaces/share/custom_interfaces/cmake/custom_interfacesConfig-version.cmake
[0.625s] -- Installing: /home/isaac/Documents/D.A.V.E./ros2_ws/install/custom_interfaces/share/custom_interfaces/package.xml
[0.627s] Invoked command in '/home/isaac/Documents/D.A.V.E./ros2_ws/build/custom_interfaces' returned '0': CMAKE_PREFIX_PATH=/opt/ros/humble /usr/bin/cmake --install /home/isaac/Documents/D.A.V.E./ros2_ws/build/custom_interfaces
