[35m[1mConsolidate compiler generated dependencies of target listener[0m
[35m[1mConsolidate compiler generated dependencies of target talker[0m
[ 75%] [32mBuilding CXX object CMakeFiles/talker.dir/src/publisher_member_function.cpp.o[0m
[ 75%] Built target listener
[100%] [32m[1mLinking CXX executable talker[0m
[100%] Built target talker
-- Install configuration: ""
-- Installing: /home/isaac/Documents/D.A.V.E./ros2_ws/install/NAVsystem/lib/NAVsystem/talker
-- Set runtime path of "/home/isaac/Documents/D.A.V.E./ros2_ws/install/NAVsystem/lib/NAVsystem/talker" to ""
-- Up-to-date: /home/isaac/Documents/D.A.V.E./ros2_ws/install/NAVsystem/lib/NAVsystem/listener
-- Up-to-date: /home/isaac/Documents/D.A.V.E./ros2_ws/install/NAVsystem/share/ament_index/resource_index/package_run_dependencies/NAVsystem
-- Up-to-date: /home/isaac/Documents/D.A.V.E./ros2_ws/install/NAVsystem/share/ament_index/resource_index/parent_prefix_path/NAVsystem
-- Up-to-date: /home/isaac/Documents/D.A.V.E./ros2_ws/install/NAVsystem/share/NAVsystem/environment/ament_prefix_path.sh
-- Up-to-date: /home/isaac/Documents/D.A.V.E./ros2_ws/install/NAVsystem/share/NAVsystem/environment/ament_prefix_path.dsv
-- Up-to-date: /home/isaac/Documents/D.A.V.E./ros2_ws/install/NAVsystem/share/NAVsystem/environment/path.sh
-- Up-to-date: /home/isaac/Documents/D.A.V.E./ros2_ws/install/NAVsystem/share/NAVsystem/environment/path.dsv
-- Up-to-date: /home/isaac/Documents/D.A.V.E./ros2_ws/install/NAVsystem/share/NAVsystem/local_setup.bash
-- Up-to-date: /home/isaac/Documents/D.A.V.E./ros2_ws/install/NAVsystem/share/NAVsystem/local_setup.sh
-- Up-to-date: /home/isaac/Documents/D.A.V.E./ros2_ws/install/NAVsystem/share/NAVsystem/local_setup.zsh
-- Up-to-date: /home/isaac/Documents/D.A.V.E./ros2_ws/install/NAVsystem/share/NAVsystem/local_setup.dsv
-- Installing: /home/isaac/Documents/D.A.V.E./ros2_ws/install/NAVsystem/share/NAVsystem/package.dsv
-- Up-to-date: /home/isaac/Documents/D.A.V.E./ros2_ws/install/NAVsystem/share/ament_index/resource_index/packages/NAVsystem
-- Up-to-date: /home/isaac/Documents/D.A.V.E./ros2_ws/install/NAVsystem/share/NAVsystem/cmake/NAVsystemConfig.cmake
-- Up-to-date: /home/isaac/Documents/D.A.V.E./ros2_ws/install/NAVsystem/share/NAVsystem/cmake/NAVsystemConfig-version.cmake
-- Up-to-date: /home/isaac/Documents/D.A.V.E./ros2_ws/install/NAVsystem/share/NAVsystem/package.xml
