[0.010s] Invoking command in '/home/isaac/Documents/D.A.V.E./ros2_ws/build/NAVsystem': CMAKE_PREFIX_PATH=${CMAKE_PREFIX_PATH}:/opt/ros/humble /usr/bin/cmake --build /home/isaac/Documents/D.A.V.E./ros2_ws/build/NAVsystem -- -j16 -l16
[0.051s] [35m[1mConsolidate compiler generated dependencies of target listener[0m
[0.051s] [35m[1mConsolidate compiler generated dependencies of target talker[0m
[0.069s] [ 75%] [32mBuilding CXX object CMakeFiles/talker.dir/src/publisher_member_function.cpp.o[0m
[0.070s] [ 75%] Built target listener
[3.404s] [100%] [32m[1mLinking CXX executable talker[0m
[3.536s] [100%] Built target talker
[3.548s] Invoked command in '/home/isaac/Documents/D.A.V.E./ros2_ws/build/NAVsystem' returned '0': CMAKE_PREFIX_PATH=${CMAKE_PREFIX_PATH}:/opt/ros/humble /usr/bin/cmake --build /home/isaac/Documents/D.A.V.E./ros2_ws/build/NAVsystem -- -j16 -l16
[3.558s] Invoking command in '/home/isaac/Documents/D.A.V.E./ros2_ws/build/NAVsystem': CMAKE_PREFIX_PATH=${CMAKE_PREFIX_PATH}:/opt/ros/humble /usr/bin/cmake --install /home/isaac/Documents/D.A.V.E./ros2_ws/build/NAVsystem
[3.564s] -- Install configuration: ""
[3.564s] -- Installing: /home/isaac/Documents/D.A.V.E./ros2_ws/install/NAVsystem/lib/NAVsystem/talker
[3.565s] -- Set runtime path of "/home/isaac/Documents/D.A.V.E./ros2_ws/install/NAVsystem/lib/NAVsystem/talker" to ""
[3.565s] -- Up-to-date: /home/isaac/Documents/D.A.V.E./ros2_ws/install/NAVsystem/lib/NAVsystem/listener
[3.565s] -- Up-to-date: /home/isaac/Documents/D.A.V.E./ros2_ws/install/NAVsystem/share/ament_index/resource_index/package_run_dependencies/NAVsystem
[3.566s] -- Up-to-date: /home/isaac/Documents/D.A.V.E./ros2_ws/install/NAVsystem/share/ament_index/resource_index/parent_prefix_path/NAVsystem
[3.566s] -- Up-to-date: /home/isaac/Documents/D.A.V.E./ros2_ws/install/NAVsystem/share/NAVsystem/environment/ament_prefix_path.sh
[3.566s] -- Up-to-date: /home/isaac/Documents/D.A.V.E./ros2_ws/install/NAVsystem/share/NAVsystem/environment/ament_prefix_path.dsv
[3.566s] -- Up-to-date: /home/isaac/Documents/D.A.V.E./ros2_ws/install/NAVsystem/share/NAVsystem/environment/path.sh
[3.566s] -- Up-to-date: /home/isaac/Documents/D.A.V.E./ros2_ws/install/NAVsystem/share/NAVsystem/environment/path.dsv
[3.566s] -- Up-to-date: /home/isaac/Documents/D.A.V.E./ros2_ws/install/NAVsystem/share/NAVsystem/local_setup.bash
[3.566s] -- Up-to-date: /home/isaac/Documents/D.A.V.E./ros2_ws/install/NAVsystem/share/NAVsystem/local_setup.sh
[3.566s] -- Up-to-date: /home/isaac/Documents/D.A.V.E./ros2_ws/install/NAVsystem/share/NAVsystem/local_setup.zsh
[3.566s] -- Up-to-date: /home/isaac/Documents/D.A.V.E./ros2_ws/install/NAVsystem/share/NAVsystem/local_setup.dsv
[3.566s] -- Installing: /home/isaac/Documents/D.A.V.E./ros2_ws/install/NAVsystem/share/NAVsystem/package.dsv
[3.566s] -- Up-to-date: /home/isaac/Documents/D.A.V.E./ros2_ws/install/NAVsystem/share/ament_index/resource_index/packages/NAVsystem
[3.566s] -- Up-to-date: /home/isaac/Documents/D.A.V.E./ros2_ws/install/NAVsystem/share/NAVsystem/cmake/NAVsystemConfig.cmake
[3.566s] -- Up-to-date: /home/isaac/Documents/D.A.V.E./ros2_ws/install/NAVsystem/share/NAVsystem/cmake/NAVsystemConfig-version.cmake
[3.566s] -- Up-to-date: /home/isaac/Documents/D.A.V.E./ros2_ws/install/NAVsystem/share/NAVsystem/package.xml
[3.568s] Invoked command in '/home/isaac/Documents/D.A.V.E./ros2_ws/build/NAVsystem' returned '0': CMAKE_PREFIX_PATH=${CMAKE_PREFIX_PATH}:/opt/ros/humble /usr/bin/cmake --install /home/isaac/Documents/D.A.V.E./ros2_ws/build/NAVsystem
